<?xml version="1.0" encoding="UTF-8"?>
<!-- Generated by org.testng.reporters.JUnitXMLReporter -->
<testsuite ignored="6" hostname="DESKTOP-HU52OQ2" failures="1" tests="9" name="Test3" time="233.706" errors="0" timestamp="2024-06-16T10:59:57 IST">
  <testcase classname="com.qa.testcases.ts003.TS003_TC001" name="TS003_TC001" time="23.63"/>
  <testcase classname="com.qa.testcases.ts003.TS003_TC002" name="TS003_TC002" time="16.248"/>
  <testcase classname="com.qa.testcases.ts003.TS003_TC002" name="TS003_TC002" time="17.542">
    <failure type="java.lang.AssertionError" message="The following asserts failed:
	expected [true] but found [false]">
      <![CDATA[java.lang.AssertionError: The following asserts failed:
expected [true] but found [false]
at com.qa.testcases.ts003.TS003_TC002.TS003_TC002(TS003_TC002.java:78)
at java.base/java.util.ArrayList.forEach(ArrayList.java:1596)
... Removed 27 stack frames]]>
    </failure>
  </testcase> <!-- TS003_TC002 -->
  <testcase classname="com.qa.testcases.ts003.TS003_TC003" name="TS003_TC003" time="13.519"/>
  <testcase classname="com.qa.testcases.ts003.TS003_TC003" name="TS003_TC003" time="10.541"/>
  <testcase classname="com.qa.testcases.ts003.TS003_TC003" name="TS003_TC003" time="10.199"/>
  <testcase classname="com.qa.testcases.ts003.TS003_TC003" name="TS003_TC003" time="10.502"/>
  <testcase classname="com.qa.testcases.ts003.TS003_TC004" name="TS003_TC004" time="24.557"/>
  <testcase classname="com.qa.testcases.ts003.TS003_TC004" name="TS003_TC004" time="16.834"/>
  <testcase classname="com.qa.util.ReportUtil" name="@BeforeSuite Suite_StartUp" time="0.0">
    <ignored/>
  </testcase> <!-- @BeforeSuite Suite_StartUp -->
  <testcase classname="com.qa.util.ReportUtil" name="@BeforeSuite Suite_StartUp" time="0.0">
    <ignored/>
  </testcase> <!-- @BeforeSuite Suite_StartUp -->
  <testcase classname="com.qa.util.ReportUtil" name="@BeforeSuite Suite_StartUp" time="0.0">
    <ignored/>
  </testcase> <!-- @BeforeSuite Suite_StartUp -->
  <testcase classname="com.qa.util.ReportUtil" name="@AfterSuite Suite_TearDown" time="0.0">
    <ignored/>
  </testcase> <!-- @AfterSuite Suite_TearDown -->
  <testcase classname="com.qa.util.ReportUtil" name="@AfterSuite Suite_TearDown" time="0.0">
    <ignored/>
  </testcase> <!-- @AfterSuite Suite_TearDown -->
  <testcase classname="com.qa.util.ReportUtil" name="@AfterSuite Suite_TearDown" time="0.0">
    <ignored/>
  </testcase> <!-- @AfterSuite Suite_TearDown -->
</testsuite> <!-- Test3 -->
