<?xml version="1.0" encoding="UTF-8"?>
<!-- Generated by org.testng.reporters.JUnitXMLReporter -->
<testsuite ignored="4" hostname="DESKTOP-HU52OQ2" failures="5" tests="10" name="Test2" time="249.552" errors="0" timestamp="2024-06-16T10:56:03 IST">
  <testcase classname="com.qa.testcases.ts002.TS002_TC001" name="TS002_TC001" time="10.584"/>
  <testcase classname="com.qa.testcases.ts002.TS002_TC001" name="TS002_TC001" time="4.301">
    <failure type="java.lang.AssertionError" message="The following asserts failed:
	expected [true] but found [false]">
      <![CDATA[java.lang.AssertionError: The following asserts failed:
expected [true] but found [false]
at com.qa.testcases.ts002.TS002_TC001.TS002_TC001(TS002_TC001.java:121)
at java.base/java.util.ArrayList.forEach(ArrayList.java:1596)
... Removed 27 stack frames]]>
    </failure>
  </testcase> <!-- TS002_TC001 -->
  <testcase classname="com.qa.testcases.ts002.TS002_TC001" name="TS002_TC001" time="4.214">
    <failure type="java.lang.AssertionError" message="The following asserts failed:
	expected [true] but found [false]">
      <![CDATA[java.lang.AssertionError: The following asserts failed:
expected [true] but found [false]
at com.qa.testcases.ts002.TS002_TC001.TS002_TC001(TS002_TC001.java:121)
at java.base/java.util.ArrayList.forEach(ArrayList.java:1596)
... Removed 27 stack frames]]>
    </failure>
  </testcase> <!-- TS002_TC001 -->
  <testcase classname="com.qa.testcases.ts002.TS002_TC001" name="TS002_TC001" time="4.368">
    <failure type="java.lang.AssertionError" message="The following asserts failed:
	expected [true] but found [false],
	expected [true] but found [false]">
      <![CDATA[java.lang.AssertionError: The following asserts failed:
expected [true] but found [false],
expected [true] but found [false]
at com.qa.testcases.ts002.TS002_TC001.TS002_TC001(TS002_TC001.java:121)
at java.base/java.util.ArrayList.forEach(ArrayList.java:1596)
... Removed 27 stack frames]]>
    </failure>
  </testcase> <!-- TS002_TC001 -->
  <testcase classname="com.qa.testcases.ts002.TS002_TC002" name="TS002_TC002" time="25.067"/>
  <testcase classname="com.qa.testcases.ts002.TS002_TC002" name="TS002_TC002" time="16.004"/>
  <testcase classname="com.qa.testcases.ts002.TS002_TC002" name="TS002_TC002" time="15.85"/>
  <testcase classname="com.qa.testcases.ts002.TS002_TC003" name="TS002_TC003" time="19.641">
    <failure type="java.lang.AssertionError" message="The following asserts failed:
	expected [true] but found [false]">
      <![CDATA[java.lang.AssertionError: The following asserts failed:
expected [true] but found [false]
at com.qa.testcases.ts002.TS002_TC003.TS002_TC003(TS002_TC003.java:74)
at java.base/java.util.ArrayList.forEach(ArrayList.java:1596)
... Removed 27 stack frames]]>
    </failure>
  </testcase> <!-- TS002_TC003 -->
  <testcase classname="com.qa.testcases.ts002.TS002_TC003" name="TS002_TC003" time="20.281">
    <failure type="java.lang.AssertionError" message="The following asserts failed:
	expected [true] but found [false]">
      <![CDATA[java.lang.AssertionError: The following asserts failed:
expected [true] but found [false]
at com.qa.testcases.ts002.TS002_TC003.TS002_TC003(TS002_TC003.java:74)
at java.base/java.util.ArrayList.forEach(ArrayList.java:1596)
... Removed 27 stack frames]]>
    </failure>
  </testcase> <!-- TS002_TC003 -->
  <testcase classname="com.qa.testcases.ts002.TS002_TC003" name="TS002_TC003" time="37.257"/>
  <testcase classname="com.qa.util.ReportUtil" name="@BeforeSuite Suite_StartUp" time="0.0">
    <ignored/>
  </testcase> <!-- @BeforeSuite Suite_StartUp -->
  <testcase classname="com.qa.util.ReportUtil" name="@BeforeSuite Suite_StartUp" time="0.0">
    <ignored/>
  </testcase> <!-- @BeforeSuite Suite_StartUp -->
  <testcase classname="com.qa.util.ReportUtil" name="@AfterSuite Suite_TearDown" time="0.0">
    <ignored/>
  </testcase> <!-- @AfterSuite Suite_TearDown -->
  <testcase classname="com.qa.util.ReportUtil" name="@AfterSuite Suite_TearDown" time="0.0">
    <ignored/>
  </testcase> <!-- @AfterSuite Suite_TearDown -->
</testsuite> <!-- Test2 -->
