<?xml version="1.0" encoding="UTF-8"?>
<!-- Generated by org.testng.reporters.JUnitXMLReporter -->
<testsuite ignored="8" hostname="DESKTOP-HU52OQ2" failures="2" tests="10" name="Test4" time="932.949" errors="0" timestamp="2024-06-16T11:15:30 IST">
  <testcase classname="com.qa.testcases.ts004.TS004_TC001" name="TS004_TC001" time="104.14"/>
  <testcase classname="com.qa.testcases.ts004.TS004_TC001" name="TS004_TC001" time="99.512"/>
  <testcase classname="com.qa.testcases.ts004.TS004_TC002" name="TS004_TC002" time="186.382"/>
  <testcase classname="com.qa.testcases.ts004.TS004_TC002" name="TS004_TC002" time="179.382"/>
  <testcase classname="com.qa.testcases.ts004.TS004_TC003" name="TS004_TC003" time="65.132"/>
  <testcase classname="com.qa.testcases.ts004.TS004_TC003" name="TS004_TC003" time="50.178"/>
  <testcase classname="com.qa.testcases.ts004.TS004_TC004" name="TS004_TC004" time="97.497">
    <failure type="org.openqa.selenium.ElementNotInteractableException" message="element not interactable
  (Session info: chrome=125.0.6422.142)
Build info: version: &amp;apos;4.20.0&amp;apos;, revision: &amp;apos;866c76ca80&amp;apos;
System info: os.name: &amp;apos;Windows 10&amp;apos;, os.arch: &amp;apos;amd64&amp;apos;, os.version: &amp;apos;10.0&amp;apos;, java.version: &amp;apos;21.0.1&amp;apos;
Driver info: org.openqa.selenium.chrome.ChromeDriver
Command: [d347f0e137bc8e32fa63c71b0f1029ba, clickElement {id=f.EBB4C748F22DC0CFB157EA180FCE52EE.d.01E0FE4811EA498C8F2CF28AF9E51131.e.1454}]
Capabilities {acceptInsecureCerts: false, browserName: chrome, browserVersion: 125.0.6422.142, chrome: {chromedriverVersion: 125.0.6422.141 (4b1e8393712..., userDataDir: C:\Users\razda\AppData\Loca...}, fedcm:accounts: true, goog:chromeOptions: {debuggerAddress: localhost:49684}, networkConnectionEnabled: false, pageLoadStrategy: normal, platformName: windows, proxy: Proxy(), se:cdp: ws://localhost:49684/devtoo..., se:cdpVersion: 125.0.6422.142, setWindowRect: true, strictFileInteractability: false, timeouts: {implicit: 0, pageLoad: 300000, script: 30000}, unhandledPromptBehavior: dismiss and notify, webauthn:extension:credBlob: true, webauthn:extension:largeBlob: true, webauthn:extension:minPinLength: true, webauthn:extension:prf: true, webauthn:virtualAuthenticators: true}
Element: [[ChromeDriver: chrome on windows (d347f0e137bc8e32fa63c71b0f1029ba)] -&amp;gt; xpath: /html/body/div[2]/header/div[1]/div/ul/li[2]/div/ul/li[3]/a]
Session ID: d347f0e137bc8e32fa63c71b0f1029ba">
      <![CDATA[org.openqa.selenium.ElementNotInteractableException: element not interactable
  (Session info: chrome=125.0.6422.142)
Build info: version: '4.20.0', revision: '866c76ca80'
System info: os.name: 'Windows 10', os.arch: 'amd64', os.version: '10.0', java.version: '21.0.1'
Driver info: org.openqa.selenium.chrome.ChromeDriver
Command: [d347f0e137bc8e32fa63c71b0f1029ba, clickElement {id=f.EBB4C748F22DC0CFB157EA180FCE52EE.d.01E0FE4811EA498C8F2CF28AF9E51131.e.1454}]
Capabilities {acceptInsecureCerts: false, browserName: chrome, browserVersion: 125.0.6422.142, chrome: {chromedriverVersion: 125.0.6422.141 (4b1e8393712..., userDataDir: C:\Users\razda\AppData\Loca...}, fedcm:accounts: true, goog:chromeOptions: {debuggerAddress: localhost:49684}, networkConnectionEnabled: false, pageLoadStrategy: normal, platformName: windows, proxy: Proxy(), se:cdp: ws://localhost:49684/devtoo..., se:cdpVersion: 125.0.6422.142, setWindowRect: true, strictFileInteractability: false, timeouts: {implicit: 0, pageLoad: 300000, script: 30000}, unhandledPromptBehavior: dismiss and notify, webauthn:extension:credBlob: true, webauthn:extension:largeBlob: true, webauthn:extension:minPinLength: true, webauthn:extension:prf: true, webauthn:virtualAuthenticators: true}
Element: [[ChromeDriver: chrome on windows (d347f0e137bc8e32fa63c71b0f1029ba)] -> xpath: /html/body/div[2]/header/div[1]/div/ul/li[2]/div/ul/li[3]/a]
Session ID: d347f0e137bc8e32fa63c71b0f1029ba
at org.openqa.selenium.remote.ErrorCodec.decode(ErrorCodec.java:167)
at org.openqa.selenium.remote.codec.w3c.W3CHttpResponseCodec.decode(W3CHttpResponseCodec.java:138)
at org.openqa.selenium.remote.codec.w3c.W3CHttpResponseCodec.decode(W3CHttpResponseCodec.java:50)
at org.openqa.selenium.remote.HttpCommandExecutor.execute(HttpCommandExecutor.java:190)
at org.openqa.selenium.remote.service.DriverCommandExecutor.invokeExecute(DriverCommandExecutor.java:216)
at org.openqa.selenium.remote.service.DriverCommandExecutor.execute(DriverCommandExecutor.java:174)
at org.openqa.selenium.remote.RemoteWebDriver.execute(RemoteWebDriver.java:518)
at org.openqa.selenium.remote.RemoteWebElement.execute(RemoteWebElement.java:223)
at org.openqa.selenium.remote.RemoteWebElement.click(RemoteWebElement.java:76)
at org.openqa.selenium.support.pagefactory.internal.LocatingElementHandler.invoke(LocatingElementHandler.java:51)
at jdk.proxy2/jdk.proxy2.$Proxy20.click(Unknown Source)
at com.qa.pages.HomePage.ClickSignoutButton(HomePage.java:147)
at com.qa.testcases.ts004.TS004_TC004.TS004_TC004(TS004_TC004.java:692)
at java.base/java.util.ArrayList.forEach(ArrayList.java:1596)
... Removed 30 stack frames]]>
    </failure>
  </testcase> <!-- TS004_TC004 -->
  <testcase classname="com.qa.testcases.ts004.TS004_TC004" name="TS004_TC004" time="22.387">
    <failure type="org.openqa.selenium.NoSuchElementException" message="no such element: Unable to locate element: {&amp;quot;method&amp;quot;:&amp;quot;xpath&amp;quot;,&amp;quot;selector&amp;quot;:&amp;quot;//*[@id=&amp;quot;email&amp;quot;]&amp;quot;}
  (Session info: chrome=125.0.6422.142)
For documentation on this error, please visit: https://www.selenium.dev/documentation/webdriver/troubleshooting/errors#no-such-element-exception
Build info: version: &amp;apos;4.20.0&amp;apos;, revision: &amp;apos;866c76ca80&amp;apos;
System info: os.name: &amp;apos;Windows 10&amp;apos;, os.arch: &amp;apos;amd64&amp;apos;, os.version: &amp;apos;10.0&amp;apos;, java.version: &amp;apos;21.0.1&amp;apos;
Driver info: org.openqa.selenium.chrome.ChromeDriver
Command: [d347f0e137bc8e32fa63c71b0f1029ba, findElement {using=xpath, value=//*[@id=&amp;quot;email&amp;quot;]}]
Capabilities {acceptInsecureCerts: false, browserName: chrome, browserVersion: 125.0.6422.142, chrome: {chromedriverVersion: 125.0.6422.141 (4b1e8393712..., userDataDir: C:\Users\razda\AppData\Loca...}, fedcm:accounts: true, goog:chromeOptions: {debuggerAddress: localhost:49684}, networkConnectionEnabled: false, pageLoadStrategy: normal, platformName: windows, proxy: Proxy(), se:cdp: ws://localhost:49684/devtoo..., se:cdpVersion: 125.0.6422.142, setWindowRect: true, strictFileInteractability: false, timeouts: {implicit: 0, pageLoad: 300000, script: 30000}, unhandledPromptBehavior: dismiss and notify, webauthn:extension:credBlob: true, webauthn:extension:largeBlob: true, webauthn:extension:minPinLength: true, webauthn:extension:prf: true, webauthn:virtualAuthenticators: true}
Session ID: d347f0e137bc8e32fa63c71b0f1029ba">
      <![CDATA[org.openqa.selenium.NoSuchElementException: no such element: Unable to locate element: {"method":"xpath","selector":"//*[@id="email"]"}
  (Session info: chrome=125.0.6422.142)
For documentation on this error, please visit: https://www.selenium.dev/documentation/webdriver/troubleshooting/errors#no-such-element-exception
Build info: version: '4.20.0', revision: '866c76ca80'
System info: os.name: 'Windows 10', os.arch: 'amd64', os.version: '10.0', java.version: '21.0.1'
Driver info: org.openqa.selenium.chrome.ChromeDriver
Command: [d347f0e137bc8e32fa63c71b0f1029ba, findElement {using=xpath, value=//*[@id="email"]}]
Capabilities {acceptInsecureCerts: false, browserName: chrome, browserVersion: 125.0.6422.142, chrome: {chromedriverVersion: 125.0.6422.141 (4b1e8393712..., userDataDir: C:\Users\razda\AppData\Loca...}, fedcm:accounts: true, goog:chromeOptions: {debuggerAddress: localhost:49684}, networkConnectionEnabled: false, pageLoadStrategy: normal, platformName: windows, proxy: Proxy(), se:cdp: ws://localhost:49684/devtoo..., se:cdpVersion: 125.0.6422.142, setWindowRect: true, strictFileInteractability: false, timeouts: {implicit: 0, pageLoad: 300000, script: 30000}, unhandledPromptBehavior: dismiss and notify, webauthn:extension:credBlob: true, webauthn:extension:largeBlob: true, webauthn:extension:minPinLength: true, webauthn:extension:prf: true, webauthn:virtualAuthenticators: true}
Session ID: d347f0e137bc8e32fa63c71b0f1029ba
at org.openqa.selenium.remote.ErrorCodec.decode(ErrorCodec.java:167)
at org.openqa.selenium.remote.codec.w3c.W3CHttpResponseCodec.decode(W3CHttpResponseCodec.java:138)
at org.openqa.selenium.remote.codec.w3c.W3CHttpResponseCodec.decode(W3CHttpResponseCodec.java:50)
at org.openqa.selenium.remote.HttpCommandExecutor.execute(HttpCommandExecutor.java:190)
at org.openqa.selenium.remote.service.DriverCommandExecutor.invokeExecute(DriverCommandExecutor.java:216)
at org.openqa.selenium.remote.service.DriverCommandExecutor.execute(DriverCommandExecutor.java:174)
at org.openqa.selenium.remote.RemoteWebDriver.execute(RemoteWebDriver.java:518)
at org.openqa.selenium.remote.ElementLocation$ElementFinder$2.findElement(ElementLocation.java:165)
at org.openqa.selenium.remote.ElementLocation.findElement(ElementLocation.java:59)
at org.openqa.selenium.remote.RemoteWebDriver.findElement(RemoteWebDriver.java:355)
at org.openqa.selenium.remote.RemoteWebDriver.findElement(RemoteWebDriver.java:349)
at org.openqa.selenium.support.pagefactory.DefaultElementLocator.findElement(DefaultElementLocator.java:68)
at org.openqa.selenium.support.pagefactory.internal.LocatingElementHandler.invoke(LocatingElementHandler.java:38)
at jdk.proxy2/jdk.proxy2.$Proxy20.sendKeys(Unknown Source)
at com.qa.pages.SignInPage.SetEmail(SignInPage.java:82)
at com.qa.testcases.ts004.TS004_TC004.TS004_TC004(TS004_TC004.java:77)
at java.base/java.util.ArrayList.forEach(ArrayList.java:1596)
... Removed 28 stack frames]]>
    </failure>
  </testcase> <!-- TS004_TC004 -->
  <testcase classname="com.qa.testcases.ts004.TS004_TC005" name="TS004_TC005" time="17.759"/>
  <testcase classname="com.qa.testcases.ts004.TS004_TC005" name="TS004_TC005" time="11.462"/>
  <testcase classname="com.qa.util.ReportUtil" name="@BeforeSuite Suite_StartUp" time="0.0">
    <ignored/>
  </testcase> <!-- @BeforeSuite Suite_StartUp -->
  <testcase classname="com.qa.util.ReportUtil" name="@AfterSuite Suite_TearDown" time="0.0">
    <ignored/>
  </testcase> <!-- @AfterSuite Suite_TearDown -->
  <testcase classname="com.qa.util.ReportUtil" name="@AfterSuite Suite_TearDown" time="0.0">
    <ignored/>
  </testcase> <!-- @AfterSuite Suite_TearDown -->
  <testcase classname="com.qa.util.ReportUtil" name="@BeforeSuite Suite_StartUp" time="0.0">
    <ignored/>
  </testcase> <!-- @BeforeSuite Suite_StartUp -->
  <testcase classname="com.qa.util.ReportUtil" name="@BeforeSuite Suite_StartUp" time="0.0">
    <ignored/>
  </testcase> <!-- @BeforeSuite Suite_StartUp -->
  <testcase classname="com.qa.util.ReportUtil" name="@AfterSuite Suite_TearDown" time="0.0">
    <ignored/>
  </testcase> <!-- @AfterSuite Suite_TearDown -->
  <testcase classname="com.qa.util.ReportUtil" name="@AfterSuite Suite_TearDown" time="0.0">
    <ignored/>
  </testcase> <!-- @AfterSuite Suite_TearDown -->
  <testcase classname="com.qa.util.ReportUtil" name="@BeforeSuite Suite_StartUp" time="0.0">
    <ignored/>
  </testcase> <!-- @BeforeSuite Suite_StartUp -->
</testsuite> <!-- Test4 -->
