<?xml version="1.0" encoding="UTF-8"?>
<!-- Generated by org.testng.reporters.JUnitXMLReporter -->
<testsuite ignored="6" hostname="DESKTOP-HU52OQ2" failures="1" tests="9" name="Test3" time="264.73" errors="0" timestamp="2024-06-16T17:03:17 IST">
  <testcase classname="com.qa.testcases.ts003.TS003_TC001" name="TS003_TC001" time="13.097"/>
  <testcase classname="com.qa.testcases.ts003.TS003_TC002" name="TS003_TC002" time="18.754"/>
  <testcase classname="com.qa.testcases.ts003.TS003_TC002" name="TS003_TC002" time="18.303">
    <failure type="java.lang.AssertionError" message="The following asserts failed:
	expected [true] but found [false]">
      <![CDATA[java.lang.AssertionError: The following asserts failed:
expected [true] but found [false]
at com.qa.testcases.ts003.TS003_TC002.TS003_TC002(TS003_TC002.java:78)
at java.base/java.util.ArrayList.forEach(ArrayList.java:1596)
... Removed 31 stack frames]]>
    </failure>
  </testcase> <!-- TS003_TC002 -->
  <testcase classname="com.qa.testcases.ts003.TS003_TC003" name="TS003_TC003" time="17.125"/>
  <testcase classname="com.qa.testcases.ts003.TS003_TC003" name="TS003_TC003" time="10.377"/>
  <testcase classname="com.qa.testcases.ts003.TS003_TC003" name="TS003_TC003" time="11.573"/>
  <testcase classname="com.qa.testcases.ts003.TS003_TC003" name="TS003_TC003" time="10.306"/>
  <testcase classname="com.qa.testcases.ts003.TS003_TC004" name="TS003_TC004" time="24.686"/>
  <testcase classname="com.qa.testcases.ts003.TS003_TC004" name="TS003_TC004" time="17.738"/>
  <testcase classname="com.qa.util.ReportUtil" name="@BeforeSuite Suite_StartUp" time="0.0">
    <ignored/>
  </testcase> <!-- @BeforeSuite Suite_StartUp -->
  <testcase classname="com.qa.util.ReportUtil" name="@BeforeSuite Suite_StartUp" time="0.0">
    <ignored/>
  </testcase> <!-- @BeforeSuite Suite_StartUp -->
  <testcase classname="com.qa.util.ReportUtil" name="@AfterSuite Suite_TearDown" time="0.0">
    <ignored/>
  </testcase> <!-- @AfterSuite Suite_TearDown -->
  <testcase classname="com.qa.util.ReportUtil" name="@AfterSuite Suite_TearDown" time="0.0">
    <ignored/>
  </testcase> <!-- @AfterSuite Suite_TearDown -->
  <testcase classname="com.qa.util.ReportUtil" name="@BeforeSuite Suite_StartUp" time="0.0">
    <ignored/>
  </testcase> <!-- @BeforeSuite Suite_StartUp -->
  <testcase classname="com.qa.util.ReportUtil" name="@AfterSuite Suite_TearDown" time="0.0">
    <ignored/>
  </testcase> <!-- @AfterSuite Suite_TearDown -->
</testsuite> <!-- Test3 -->
