<?xml version="1.0" encoding="UTF-8"?>
<!-- Generated by org.testng.reporters.JUnitXMLReporter -->
<testsuite ignored="8" hostname="DESKTOP-HU52OQ2" failures="2" tests="9" name="Test5" time="1047.849" errors="0" timestamp="2024-06-16T14:23:24 IST">
  <testcase classname="com.qa.testcases.ts005.TS005_TC001" name="TS005_TC001" time="75.82"/>
  <testcase classname="com.qa.testcases.ts005.TS005_TC002" name="TS005_TC002" time="155.934">
    <failure type="org.openqa.selenium.ElementClickInterceptedException" message="element click intercepted: Element &amp;lt;button type=&amp;quot;submit&amp;quot; title=&amp;quot;Add to Cart&amp;quot; class=&amp;quot;action tocart primary&amp;quot;&amp;gt;...&amp;lt;/button&amp;gt; is not clickable at point (139, 669). Other element would receive the click: &amp;lt;div class=&amp;quot;columns&amp;quot;&amp;gt;...&amp;lt;/div&amp;gt;
  (Session info: chrome=125.0.6422.142)
Build info: version: &amp;apos;4.20.0&amp;apos;, revision: &amp;apos;866c76ca80&amp;apos;
System info: os.name: &amp;apos;Windows 10&amp;apos;, os.arch: &amp;apos;amd64&amp;apos;, os.version: &amp;apos;10.0&amp;apos;, java.version: &amp;apos;21.0.1&amp;apos;
Driver info: org.openqa.selenium.chrome.ChromeDriver
Command: [4296599977e075c8c82c36df4dae8664, clickElement {id=f.DDF9525A911FD78949F10DCA0983C5CE.d.8ABE174DE7951E7F4682BD77F1D1E7BD.e.365}]
Capabilities {acceptInsecureCerts: false, browserName: chrome, browserVersion: 125.0.6422.142, chrome: {chromedriverVersion: 125.0.6422.141 (4b1e8393712..., userDataDir: C:\Users\razda\AppData\Loca...}, fedcm:accounts: true, goog:chromeOptions: {debuggerAddress: localhost:54188}, networkConnectionEnabled: false, pageLoadStrategy: normal, platformName: windows, proxy: Proxy(), se:cdp: ws://localhost:54188/devtoo..., se:cdpVersion: 125.0.6422.142, setWindowRect: true, strictFileInteractability: false, timeouts: {implicit: 0, pageLoad: 300000, script: 30000}, unhandledPromptBehavior: dismiss and notify, webauthn:extension:credBlob: true, webauthn:extension:largeBlob: true, webauthn:extension:minPinLength: true, webauthn:extension:prf: true, webauthn:virtualAuthenticators: true}
Element: [[ChromeDriver: chrome on windows (4296599977e075c8c82c36df4dae8664)] -&amp;gt; xpath: //*[@id=&amp;quot;maincontent&amp;quot;]/div[4]/div[1]/div[1]/div[3]/div/div/ol/li[1]/div/div/div[3]/div/div[1]/form/button]
Session ID: 4296599977e075c8c82c36df4dae8664">
      <![CDATA[org.openqa.selenium.ElementClickInterceptedException: element click intercepted: Element <button type="submit" title="Add to Cart" class="action tocart primary">...</button> is not clickable at point (139, 669). Other element would receive the click: <div class="columns">...</div>
  (Session info: chrome=125.0.6422.142)
Build info: version: '4.20.0', revision: '866c76ca80'
System info: os.name: 'Windows 10', os.arch: 'amd64', os.version: '10.0', java.version: '21.0.1'
Driver info: org.openqa.selenium.chrome.ChromeDriver
Command: [4296599977e075c8c82c36df4dae8664, clickElement {id=f.DDF9525A911FD78949F10DCA0983C5CE.d.8ABE174DE7951E7F4682BD77F1D1E7BD.e.365}]
Capabilities {acceptInsecureCerts: false, browserName: chrome, browserVersion: 125.0.6422.142, chrome: {chromedriverVersion: 125.0.6422.141 (4b1e8393712..., userDataDir: C:\Users\razda\AppData\Loca...}, fedcm:accounts: true, goog:chromeOptions: {debuggerAddress: localhost:54188}, networkConnectionEnabled: false, pageLoadStrategy: normal, platformName: windows, proxy: Proxy(), se:cdp: ws://localhost:54188/devtoo..., se:cdpVersion: 125.0.6422.142, setWindowRect: true, strictFileInteractability: false, timeouts: {implicit: 0, pageLoad: 300000, script: 30000}, unhandledPromptBehavior: dismiss and notify, webauthn:extension:credBlob: true, webauthn:extension:largeBlob: true, webauthn:extension:minPinLength: true, webauthn:extension:prf: true, webauthn:virtualAuthenticators: true}
Element: [[ChromeDriver: chrome on windows (4296599977e075c8c82c36df4dae8664)] -> xpath: //*[@id="maincontent"]/div[4]/div[1]/div[1]/div[3]/div/div/ol/li[1]/div/div/div[3]/div/div[1]/form/button]
Session ID: 4296599977e075c8c82c36df4dae8664
at org.openqa.selenium.remote.ErrorCodec.decode(ErrorCodec.java:167)
at org.openqa.selenium.remote.codec.w3c.W3CHttpResponseCodec.decode(W3CHttpResponseCodec.java:138)
at org.openqa.selenium.remote.codec.w3c.W3CHttpResponseCodec.decode(W3CHttpResponseCodec.java:50)
at org.openqa.selenium.remote.HttpCommandExecutor.execute(HttpCommandExecutor.java:190)
at org.openqa.selenium.remote.service.DriverCommandExecutor.invokeExecute(DriverCommandExecutor.java:216)
at org.openqa.selenium.remote.service.DriverCommandExecutor.execute(DriverCommandExecutor.java:174)
at org.openqa.selenium.remote.RemoteWebDriver.execute(RemoteWebDriver.java:518)
at org.openqa.selenium.remote.RemoteWebElement.execute(RemoteWebElement.java:223)
at org.openqa.selenium.remote.RemoteWebElement.click(RemoteWebElement.java:76)
at org.openqa.selenium.support.pagefactory.internal.LocatingElementHandler.invoke(LocatingElementHandler.java:51)
at jdk.proxy2/jdk.proxy2.$Proxy17.click(Unknown Source)
at com.qa.pages.WhatsNewPage.ClickAddToCartElement1Button(WhatsNewPage.java:95)
at com.qa.testcases.ts005.TS005_TC002.TS005_TC002(TS005_TC002.java:518)
at java.base/java.util.ArrayList.forEach(ArrayList.java:1596)
... Removed 34 stack frames]]>
    </failure>
  </testcase> <!-- TS005_TC002 -->
  <testcase classname="com.qa.testcases.ts005.TS005_TC002" name="TS005_TC002" time="173.171"/>
  <testcase classname="com.qa.testcases.ts005.TS005_TC003" name="TS005_TC003" time="73.411"/>
  <testcase classname="com.qa.testcases.ts005.TS005_TC003" name="TS005_TC003" time="57.099"/>
  <testcase classname="com.qa.testcases.ts005.TS005_TC004" name="TS005_TC004" time="105.888">
    <failure type="java.lang.AssertionError" message="The following asserts failed:
	expected [true] but found [false],
	expected [true] but found [false],
	expected [true] but found [false],
	expected [true] but found [false],
	expected [true] but found [false],
	expected [true] but found [false],
	expected [true] but found [false],
	expected [true] but found [false],
	expected [true] but found [false]">
      <![CDATA[java.lang.AssertionError: The following asserts failed:
expected [true] but found [false],
expected [true] but found [false],
expected [true] but found [false],
expected [true] but found [false],
expected [true] but found [false],
expected [true] but found [false],
expected [true] but found [false],
expected [true] but found [false],
expected [true] but found [false]
at com.qa.testcases.ts005.TS005_TC004.TS005_TC004(TS005_TC004.java:657)
at java.base/java.util.ArrayList.forEach(ArrayList.java:1596)
... Removed 31 stack frames]]>
    </failure>
  </testcase> <!-- TS005_TC004 -->
  <testcase classname="com.qa.testcases.ts005.TS005_TC004" name="TS005_TC004" time="120.223"/>
  <testcase classname="com.qa.testcases.ts005.TS005_TC005" name="TS005_TC005" time="79.543"/>
  <testcase classname="com.qa.testcases.ts005.TS005_TC005" name="TS005_TC005" time="73.773"/>
  <testcase classname="com.qa.util.ReportUtil" name="@BeforeSuite Suite_StartUp" time="0.0">
    <ignored/>
  </testcase> <!-- @BeforeSuite Suite_StartUp -->
  <testcase classname="com.qa.util.ReportUtil" name="@AfterSuite Suite_TearDown" time="0.0">
    <ignored/>
  </testcase> <!-- @AfterSuite Suite_TearDown -->
  <testcase classname="com.qa.util.ReportUtil" name="@AfterSuite Suite_TearDown" time="0.0">
    <ignored/>
  </testcase> <!-- @AfterSuite Suite_TearDown -->
  <testcase classname="com.qa.util.ReportUtil" name="@BeforeSuite Suite_StartUp" time="0.0">
    <ignored/>
  </testcase> <!-- @BeforeSuite Suite_StartUp -->
  <testcase classname="com.qa.util.ReportUtil" name="@BeforeSuite Suite_StartUp" time="0.0">
    <ignored/>
  </testcase> <!-- @BeforeSuite Suite_StartUp -->
  <testcase classname="com.qa.util.ReportUtil" name="@BeforeSuite Suite_StartUp" time="0.0">
    <ignored/>
  </testcase> <!-- @BeforeSuite Suite_StartUp -->
  <testcase classname="com.qa.util.ReportUtil" name="@AfterSuite Suite_TearDown" time="0.0">
    <ignored/>
  </testcase> <!-- @AfterSuite Suite_TearDown -->
  <testcase classname="com.qa.util.ReportUtil" name="@AfterSuite Suite_TearDown" time="0.0">
    <ignored/>
  </testcase> <!-- @AfterSuite Suite_TearDown -->
</testsuite> <!-- Test5 -->
