<!DOCTYPE html>

<html>
  <head>
  <meta charset='utf-8'>
  <title>TestNG reports</title>

    <link type="text/css" href="testng-reports1.css" rel="stylesheet" id="ultra" />
    <link type="text/css" href="testng-reports.css" rel="stylesheet" id="retro" disabled="false"/>
    <script type="text/javascript" src="jquery-3.6.0.min.js"></script>
    <script type="text/javascript" src="testng-reports.js"></script>
    <script type="text/javascript" src="https://www.google.com/jsapi"></script>
    <script type='text/javascript'>
      google.load('visualization', '1', {packages:['table']});
      google.setOnLoadCallback(drawTable);
      var suiteTableInitFunctions = new Array();
      var suiteTableData = new Array();
    </script>
    <!--
      <script type="text/javascript" src="jquery-ui/js/jquery-ui-1.8.16.custom.min.js"></script>
     -->
  </head>

  <body>    <div class="top-banner-root">
      <span class="top-banner-title-font">Test results</span>
      <button id="button" class="button">Switch Retro Theme</button> <!-- button -->
      <br/>
      <span class="top-banner-font-1">1 suite, 17 failed tests</span>
    </div> <!-- top-banner-root -->
    <div class="navigator-root">
      <div class="navigator-suite-header">
        <span>All suites</span>
        <a href="#" title="Collapse/expand all the suites" class="collapse-all-link">
          <img src="collapseall.gif" class="collapse-all-icon">
          </img> <!-- collapse-all-icon -->
        </a> <!-- collapse-all-link -->
      </div> <!-- navigator-suite-header -->
      <div class="suite">
        <div class="rounded-window">
          <div class="suite-header light-rounded-window-top">
            <a href="#" panel-name="suite-Suite" class="navigator-link">
              <span class="suite-name border-failed">Suite</span>
            </a> <!-- navigator-link -->
          </div> <!-- suite-header light-rounded-window-top -->
          <div class="navigator-suite-content">
            <div class="suite-section-title">
              <span>Info</span>
            </div> <!-- suite-section-title -->
            <div class="suite-section-content">
              <ul>
                <li>
                  <a href="#" panel-name="test-xml-Suite" class="navigator-link ">
                    <span>C:\Users\razda\eclipse-workspace\Projects\Project3_DataDriven\testng.xml</span>
                  </a> <!-- navigator-link  -->
                </li>
                <li>
                  <a href="#" panel-name="testlist-Suite" class="navigator-link ">
                    <span class="test-stats">5 tests</span>
                  </a> <!-- navigator-link  -->
                </li>
                <li>
                  <a href="#" panel-name="group-Suite" class="navigator-link ">
                    <span>4 groups</span>
                  </a> <!-- navigator-link  -->
                </li>
                <li>
                  <a href="#" panel-name="times-Suite" class="navigator-link ">
                    <span>Times</span>
                  </a> <!-- navigator-link  -->
                </li>
                <li>
                  <a href="#" panel-name="reporter-Suite" class="navigator-link ">
                    <span>Reporter output</span>
                  </a> <!-- navigator-link  -->
                </li>
                <li>
                  <a href="#" panel-name="ignored-methods-Suite" class="navigator-link ">
                    <span>Ignored methods</span>
                  </a> <!-- navigator-link  -->
                </li>
                <li>
                  <a href="#" panel-name="chronological-Suite" class="navigator-link ">
                    <span>Chronological view</span>
                  </a> <!-- navigator-link  -->
                </li>
              </ul>
            </div> <!-- suite-section-content -->
            <div class="result-section">
              <div class="suite-section-title">
                <span>Results</span>
              </div> <!-- suite-section-title -->
              <div class="suite-section-content">
                <ul>
                  <li>
                    <span class="method-stats">59 methods, 17 failed,  10 skipped,  32 passed</span>
                  </li>
                  <li>
                    <span class="method-list-title failed">Failed methods</span>
                    <span class="show-or-hide-methods failed">
                      <a href="#" panel-name="suite-Suite" class="hide-methods failed suite-Suite"> (hide)</a> <!-- hide-methods failed suite-Suite -->
                      <a href="#" panel-name="suite-Suite" class="show-methods failed suite-Suite"> (show)</a> <!-- show-methods failed suite-Suite -->
                    </span>
                    <div class="method-list-content failed suite-Suite">
                      <span>
                        <img src="failed.png" width="3%"/>
                        <a href="#" panel-name="suite-Suite" title="com.qa.testcases.ts001.TS001_TC004" class="method navigator-link" hash-for-method="TS001_TC004(Demo , Demo , Demo , Demo ,  , This is a required field., This is a required field., This is a requi...)">TS001_TC004(Demo , Demo , Demo , Demo ,  , This is a required field., This is a required field., This is a requi...)</a> <!-- method navigator-link -->
                      </span>
                      <br/>
                      <span>
                        <img src="failed.png" width="3%"/>
                        <a href="#" panel-name="suite-Suite" title="com.qa.testcases.ts001.TS001_TC004" class="method navigator-link" hash-for-method="TS001_TC004(Demo , Demo ,  ,  ,  , This is a required field., This is a required field., This is a required fiel...)">TS001_TC004(Demo , Demo ,  ,  ,  , This is a required field., This is a required field., This is a required fiel...)</a> <!-- method navigator-link -->
                      </span>
                      <br/>
                      <span>
                        <img src="failed.png" width="3%"/>
                        <a href="#" panel-name="suite-Suite" title="com.qa.testcases.ts001.TS001_TC004" class="method navigator-link" hash-for-method="TS001_TC004(Demo , Demo , Demo ,  ,  , This is a required field., This is a required field., This is a required ...)">TS001_TC004(Demo , Demo , Demo ,  ,  , This is a required field., This is a required field., This is a required ...)</a> <!-- method navigator-link -->
                      </span>
                      <br/>
                      <span>
                        <img src="failed.png" width="3%"/>
                        <a href="#" panel-name="suite-Suite" title="com.qa.testcases.ts001.TS001_TC004" class="method navigator-link" hash-for-method="TS001_TC004(Demo ,  ,  ,  ,  , This is a required field., This is a required field., This is a required field., ...)">TS001_TC004(Demo ,  ,  ,  ,  , This is a required field., This is a required field., This is a required field., ...)</a> <!-- method navigator-link -->
                      </span>
                      <br/>
                      <span>
                        <img src="failed.png" width="3%"/>
                        <a href="#" panel-name="suite-Suite" title="com.qa.testcases.ts001.TS001_TC004" class="method navigator-link" hash-for-method="TS001_TC004(Demo , Demo , Demo , Demo , Demo , This is a required field., This is a required field., This is a r...)">TS001_TC004(Demo , Demo , Demo , Demo , Demo , This is a required field., This is a required field., This is a r...)</a> <!-- method navigator-link -->
                      </span>
                      <br/>
                      <span>
                        <img src="failed.png" width="3%"/>
                        <a href="#" panel-name="suite-Suite" title="com.qa.testcases.ts001.TS001_TC005" class="method navigator-link" hash-for-method="TS001_TC005(11234)">TS001_TC005(11234)</a> <!-- method navigator-link -->
                      </span>
                      <br/>
                      <span>
                        <img src="failed.png" width="3%"/>
                        <a href="#" panel-name="suite-Suite" title="com.qa.testcases.ts001.TS001_TC005" class="method navigator-link" hash-for-method="TS001_TC005(demo23234)">TS001_TC005(demo23234)</a> <!-- method navigator-link -->
                      </span>
                      <br/>
                      <span>
                        <img src="failed.png" width="3%"/>
                        <a href="#" panel-name="suite-Suite" title="com.qa.testcases.ts002.TS002_TC001" class="method navigator-link" hash-for-method="TS002_TC001(Email, Password2)">TS002_TC001(Email, Password2)</a> <!-- method navigator-link -->
                      </span>
                      <br/>
                      <span>
                        <img src="failed.png" width="3%"/>
                        <a href="#" panel-name="suite-Suite" title="com.qa.testcases.ts002.TS002_TC001" class="method navigator-link" hash-for-method="TS002_TC001(Email2, Password)">TS002_TC001(Email2, Password)</a> <!-- method navigator-link -->
                      </span>
                      <br/>
                      <span>
                        <img src="failed.png" width="3%"/>
                        <a href="#" panel-name="suite-Suite" title="com.qa.testcases.ts002.TS002_TC001" class="method navigator-link" hash-for-method="TS002_TC001(Email3, Password3)">TS002_TC001(Email3, Password3)</a> <!-- method navigator-link -->
                      </span>
                      <br/>
                      <span>
                        <img src="failed.png" width="3%"/>
                        <a href="#" panel-name="suite-Suite" title="com.qa.testcases.ts002.TS002_TC003" class="method navigator-link" hash-for-method="TS002_TC003(razdanamit51@gmail.com, )">TS002_TC003(razdanamit51@gmail.com, )</a> <!-- method navigator-link -->
                      </span>
                      <br/>
                      <span>
                        <img src="failed.png" width="3%"/>
                        <a href="#" panel-name="suite-Suite" title="com.qa.testcases.ts002.TS002_TC003" class="method navigator-link" hash-for-method="TS002_TC003(, Chericof1#)">TS002_TC003(, Chericof1#)</a> <!-- method navigator-link -->
                      </span>
                      <br/>
                      <span>
                        <img src="failed.png" width="3%"/>
                        <a href="#" panel-name="suite-Suite" title="com.qa.testcases.ts003.TS003_TC002" class="method navigator-link" hash-for-method="TS003_TC002(razdanamit51@gmail.com, )">TS003_TC002(razdanamit51@gmail.com, )</a> <!-- method navigator-link -->
                      </span>
                      <br/>
                      <span>
                        <img src="failed.png" width="3%"/>
                        <a href="#" panel-name="suite-Suite" title="com.qa.testcases.ts004.TS004_TC004" class="method navigator-link" hash-for-method="TS004_TC004(razdanamit51@gmail.com, Chericof1#, Jacket, 11)">TS004_TC004(razdanamit51@gmail.com, Chericof1#, Jacket, 11)</a> <!-- method navigator-link -->
                      </span>
                      <br/>
                      <span>
                        <img src="failed.png" width="3%"/>
                        <a href="#" panel-name="suite-Suite" title="com.qa.testcases.ts004.TS004_TC005" class="method navigator-link" hash-for-method="TS004_TC005(razdanamit51@gmail.com, Chericof1#, @3244, Your search returned no results.)">TS004_TC005(razdanamit51@gmail.com, Chericof1#, @3244, Your search returned no results.)</a> <!-- method navigator-link -->
                      </span>
                      <br/>
                      <span>
                        <img src="failed.png" width="3%"/>
                        <a href="#" panel-name="suite-Suite" title="com.qa.testcases.ts005.TS005_TC002" class="method navigator-link" hash-for-method="TS005_TC002(demo1)">TS005_TC002(demo1)</a> <!-- method navigator-link -->
                      </span>
                      <br/>
                      <span>
                        <img src="failed.png" width="3%"/>
                        <a href="#" panel-name="suite-Suite" title="com.qa.testcases.ts005.TS005_TC004" class="method navigator-link" hash-for-method="TS005_TC004(Jacket, 11)">TS005_TC004(Jacket, 11)</a> <!-- method navigator-link -->
                      </span>
                      <br/>
                    </div> <!-- method-list-content failed suite-Suite -->
                  </li>
                  <li>
                    <span class="method-list-title skipped">Skipped methods</span>
                    <span class="show-or-hide-methods skipped">
                      <a href="#" panel-name="suite-Suite" class="hide-methods skipped suite-Suite"> (hide)</a> <!-- hide-methods skipped suite-Suite -->
                      <a href="#" panel-name="suite-Suite" class="show-methods skipped suite-Suite"> (show)</a> <!-- show-methods skipped suite-Suite -->
                    </span>
                    <div class="method-list-content skipped suite-Suite">
                      <span>
                        <img src="skipped.png" width="3%"/>
                        <a href="#" panel-name="suite-Suite" title="com.qa.testcases.ts001.TS001_TC001" class="method navigator-link" hash-for-method="TS001_TC001(Email, Password)">TS001_TC001(Email, Password)</a> <!-- method navigator-link -->
                      </span>
                      <br/>
                      <span>
                        <img src="skipped.png" width="3%"/>
                        <a href="#" panel-name="suite-Suite" title="com.qa.testcases.ts001.TS001_TC001" class="method navigator-link" hash-for-method="TS001_TC001(Email3, Password3)">TS001_TC001(Email3, Password3)</a> <!-- method navigator-link -->
                      </span>
                      <br/>
                      <span>
                        <img src="skipped.png" width="3%"/>
                        <a href="#" panel-name="suite-Suite" title="com.qa.testcases.ts001.TS001_TC001" class="method navigator-link" hash-for-method="TS001_TC001(Email, Password2)">TS001_TC001(Email, Password2)</a> <!-- method navigator-link -->
                      </span>
                      <br/>
                      <span>
                        <img src="skipped.png" width="3%"/>
                        <a href="#" panel-name="suite-Suite" title="com.qa.testcases.ts001.TS001_TC001" class="method navigator-link" hash-for-method="TS001_TC001(, )">TS001_TC001(, )</a> <!-- method navigator-link -->
                      </span>
                      <br/>
                      <span>
                        <img src="skipped.png" width="3%"/>
                        <a href="#" panel-name="suite-Suite" title="com.qa.testcases.ts001.TS001_TC001" class="method navigator-link" hash-for-method="TS001_TC001(Email2, Password)">TS001_TC001(Email2, Password)</a> <!-- method navigator-link -->
                      </span>
                      <br/>
                      <span>
                        <img src="skipped.png" width="3%"/>
                        <a href="#" panel-name="suite-Suite" title="com.qa.testcases.ts001.TS001_TC001" class="method navigator-link" hash-for-method="TS001_TC001(, )">TS001_TC001(, )</a> <!-- method navigator-link -->
                      </span>
                      <br/>
                      <span>
                        <img src="skipped.png" width="3%"/>
                        <a href="#" panel-name="suite-Suite" title="com.qa.testcases.ts001.TS001_TC002" class="method navigator-link" hash-for-method="TS001_TC002(Demo, Minimum length of this field must be equal or greater than 8 symbols. Leading and trailing spa...)">TS001_TC002(Demo, Minimum length of this field must be equal or greater than 8 symbols. Leading and trailing spa...)</a> <!-- method navigator-link -->
                      </span>
                      <br/>
                      <span>
                        <img src="skipped.png" width="3%"/>
                        <a href="#" panel-name="suite-Suite" title="com.qa.testcases.ts001.TS001_TC002" class="method navigator-link" hash-for-method="TS001_TC002(Demo1, Minimum length of this field must be equal or greater than 8 symbols. Leading and trailing sp...)">TS001_TC002(Demo1, Minimum length of this field must be equal or greater than 8 symbols. Leading and trailing sp...)</a> <!-- method navigator-link -->
                      </span>
                      <br/>
                      <span>
                        <img src="skipped.png" width="3%"/>
                        <a href="#" panel-name="suite-Suite" title="com.qa.testcases.ts001.TS001_TC002" class="method navigator-link" hash-for-method="TS001_TC002(122344, Minimum length of this field must be equal or greater than 8 symbols. Leading and trailing s...)">TS001_TC002(122344, Minimum length of this field must be equal or greater than 8 symbols. Leading and trailing s...)</a> <!-- method navigator-link -->
                      </span>
                      <br/>
                      <span>
                        <img src="skipped.png" width="3%"/>
                        <a href="#" panel-name="suite-Suite" title="com.qa.testcases.ts001.TS001_TC002" class="method navigator-link" hash-for-method="TS001_TC002(@233434#, Minimum length of this field must be equal or greater than 8 symbols. Leading and trailing...)">TS001_TC002(@233434#, Minimum length of this field must be equal or greater than 8 symbols. Leading and trailing...)</a> <!-- method navigator-link -->
                      </span>
                      <br/>
                    </div> <!-- method-list-content skipped suite-Suite -->
                  </li>
                  <li>
                    <span class="method-list-title passed">Passed methods</span>
                    <span class="show-or-hide-methods passed">
                      <a href="#" panel-name="suite-Suite" class="hide-methods passed suite-Suite"> (hide)</a> <!-- hide-methods passed suite-Suite -->
                      <a href="#" panel-name="suite-Suite" class="show-methods passed suite-Suite"> (show)</a> <!-- show-methods passed suite-Suite -->
                    </span>
                    <div class="method-list-content passed suite-Suite">
                      <span>
                        <img src="passed.png" width="3%"/>
                        <a href="#" panel-name="suite-Suite" title="com.qa.testcases.ts001.TS001_TC003" class="method navigator-link" hash-for-method="TS001_TC003(This is a required field., This is a required field., This is a required field., This is a required ...)">TS001_TC003(This is a required field., This is a required field., This is a required field., This is a required ...)</a> <!-- method navigator-link -->
                      </span>
                      <br/>
                      <span>
                        <img src="passed.png" width="3%"/>
                        <a href="#" panel-name="suite-Suite" title="com.qa.testcases.ts001.TS001_TC004" class="method navigator-link" hash-for-method="TS001_TC004( ,  ,  ,  ,  , This is a required field., This is a required field., This is a required field., This...)">TS001_TC004( ,  ,  ,  ,  , This is a required field., This is a required field., This is a required field., This...)</a> <!-- method navigator-link -->
                      </span>
                      <br/>
                      <span>
                        <img src="passed.png" width="3%"/>
                        <a href="#" panel-name="suite-Suite" title="com.qa.testcases.ts001.TS001_TC005" class="method navigator-link" hash-for-method="TS001_TC005(demo)">TS001_TC005(demo)</a> <!-- method navigator-link -->
                      </span>
                      <br/>
                      <span>
                        <img src="passed.png" width="3%"/>
                        <a href="#" panel-name="suite-Suite" title="com.qa.testcases.ts001.TS001_TC005" class="method navigator-link" hash-for-method="TS001_TC005(@33435##$2)">TS001_TC005(@33435##$2)</a> <!-- method navigator-link -->
                      </span>
                      <br/>
                      <span>
                        <img src="passed.png" width="3%"/>
                        <a href="#" panel-name="suite-Suite" title="com.qa.testcases.ts002.TS002_TC001" class="method navigator-link" hash-for-method="TS002_TC001(Email, Password)">TS002_TC001(Email, Password)</a> <!-- method navigator-link -->
                      </span>
                      <br/>
                      <span>
                        <img src="passed.png" width="3%"/>
                        <a href="#" panel-name="suite-Suite" title="com.qa.testcases.ts002.TS002_TC002" class="method navigator-link" hash-for-method="TS002_TC002(, Chericof1#, This is a required field., NA)">TS002_TC002(, Chericof1#, This is a required field., NA)</a> <!-- method navigator-link -->
                      </span>
                      <br/>
                      <span>
                        <img src="passed.png" width="3%"/>
                        <a href="#" panel-name="suite-Suite" title="com.qa.testcases.ts002.TS002_TC002" class="method navigator-link" hash-for-method="TS002_TC002(razdanamit51@gmail.com, , NA, This is a required field.)">TS002_TC002(razdanamit51@gmail.com, , NA, This is a required field.)</a> <!-- method navigator-link -->
                      </span>
                      <br/>
                      <span>
                        <img src="passed.png" width="3%"/>
                        <a href="#" panel-name="suite-Suite" title="com.qa.testcases.ts002.TS002_TC002" class="method navigator-link" hash-for-method="TS002_TC002(, , This is a required field., This is a required field.)">TS002_TC002(, , This is a required field., This is a required field.)</a> <!-- method navigator-link -->
                      </span>
                      <br/>
                      <span>
                        <img src="passed.png" width="3%"/>
                        <a href="#" panel-name="suite-Suite" title="com.qa.testcases.ts002.TS002_TC003" class="method navigator-link" hash-for-method="TS002_TC003(razdanamit51@gmail.com, Chericof1#)">TS002_TC003(razdanamit51@gmail.com, Chericof1#)</a> <!-- method navigator-link -->
                      </span>
                      <br/>
                      <span>
                        <img src="passed.png" width="3%"/>
                        <a href="#" panel-name="suite-Suite" title="com.qa.testcases.ts003.TS003_TC001" class="method navigator-link" hash-for-method="TS003_TC001(Forgot Your Password?, Please enter your email address below to receive a password reset link., Emai...)">TS003_TC001(Forgot Your Password?, Please enter your email address below to receive a password reset link., Emai...)</a> <!-- method navigator-link -->
                      </span>
                      <br/>
                      <span>
                        <img src="passed.png" width="3%"/>
                        <a href="#" panel-name="suite-Suite" title="com.qa.testcases.ts003.TS003_TC002" class="method navigator-link" hash-for-method="TS003_TC002(, This is a required field.)">TS003_TC002(, This is a required field.)</a> <!-- method navigator-link -->
                      </span>
                      <br/>
                      <span>
                        <img src="passed.png" width="3%"/>
                        <a href="#" panel-name="suite-Suite" title="com.qa.testcases.ts003.TS003_TC003" class="method navigator-link" hash-for-method="TS003_TC003(@3234534##$2, Please enter a valid email address (Ex: johndoe@domain.com).)">TS003_TC003(@3234534##$2, Please enter a valid email address (Ex: johndoe@domain.com).)</a> <!-- method navigator-link -->
                      </span>
                      <br/>
                      <span>
                        <img src="passed.png" width="3%"/>
                        <a href="#" panel-name="suite-Suite" title="com.qa.testcases.ts003.TS003_TC003" class="method navigator-link" hash-for-method="TS003_TC003(yash@gsjh, Please enter a valid email address (Ex: johndoe@domain.com).)">TS003_TC003(yash@gsjh, Please enter a valid email address (Ex: johndoe@domain.com).)</a> <!-- method navigator-link -->
                      </span>
                      <br/>
                      <span>
                        <img src="passed.png" width="3%"/>
                        <a href="#" panel-name="suite-Suite" title="com.qa.testcases.ts003.TS003_TC003" class="method navigator-link" hash-for-method="TS003_TC003(12345, Please enter a valid email address (Ex: johndoe@domain.com).)">TS003_TC003(12345, Please enter a valid email address (Ex: johndoe@domain.com).)</a> <!-- method navigator-link -->
                      </span>
                      <br/>
                      <span>
                        <img src="passed.png" width="3%"/>
                        <a href="#" panel-name="suite-Suite" title="com.qa.testcases.ts003.TS003_TC003" class="method navigator-link" hash-for-method="TS003_TC003(razdanamit, Please enter a valid email address (Ex: johndoe@domain.com).)">TS003_TC003(razdanamit, Please enter a valid email address (Ex: johndoe@domain.com).)</a> <!-- method navigator-link -->
                      </span>
                      <br/>
                      <span>
                        <img src="passed.png" width="3%"/>
                        <a href="#" panel-name="suite-Suite" title="com.qa.testcases.ts003.TS003_TC004" class="method navigator-link" hash-for-method="TS003_TC004(razdanamit51@gmail.com, If there is an account associated with test2@gmail.com you will receive an e...)">TS003_TC004(razdanamit51@gmail.com, If there is an account associated with test2@gmail.com you will receive an e...)</a> <!-- method navigator-link -->
                      </span>
                      <br/>
                      <span>
                        <img src="passed.png" width="3%"/>
                        <a href="#" panel-name="suite-Suite" title="com.qa.testcases.ts003.TS003_TC004" class="method navigator-link" hash-for-method="TS003_TC004(test2@gmail.com, If there is an account associated with test2@gmail.com you will receive an email wi...)">TS003_TC004(test2@gmail.com, If there is an account associated with test2@gmail.com you will receive an email wi...)</a> <!-- method navigator-link -->
                      </span>
                      <br/>
                      <span>
                        <img src="passed.png" width="3%"/>
                        <a href="#" panel-name="suite-Suite" title="com.qa.testcases.ts004.TS004_TC001" class="method navigator-link" hash-for-method="TS004_TC001(razdanamit51@gmail.com, Chericof1#)">TS004_TC001(razdanamit51@gmail.com, Chericof1#)</a> <!-- method navigator-link -->
                      </span>
                      <br/>
                      <span>
                        <img src="passed.png" width="3%"/>
                        <a href="#" panel-name="suite-Suite" title="com.qa.testcases.ts004.TS004_TC001" class="method navigator-link" hash-for-method="TS004_TC001(razdanamit51@gmail.com, Chericof1#)">TS004_TC001(razdanamit51@gmail.com, Chericof1#)</a> <!-- method navigator-link -->
                      </span>
                      <br/>
                      <span>
                        <img src="passed.png" width="3%"/>
                        <a href="#" panel-name="suite-Suite" title="com.qa.testcases.ts004.TS004_TC002" class="method navigator-link" hash-for-method="TS004_TC002(razdanamit51@gmail.com, Chericof1#)">TS004_TC002(razdanamit51@gmail.com, Chericof1#)</a> <!-- method navigator-link -->
                      </span>
                      <br/>
                      <span>
                        <img src="passed.png" width="3%"/>
                        <a href="#" panel-name="suite-Suite" title="com.qa.testcases.ts004.TS004_TC002" class="method navigator-link" hash-for-method="TS004_TC002(razdanamit51@gmail.com, Chericof1#)">TS004_TC002(razdanamit51@gmail.com, Chericof1#)</a> <!-- method navigator-link -->
                      </span>
                      <br/>
                      <span>
                        <img src="passed.png" width="3%"/>
                        <a href="#" panel-name="suite-Suite" title="com.qa.testcases.ts004.TS004_TC003" class="method navigator-link" hash-for-method="TS004_TC003(razdanamit51@gmail.com, Chericof1#, demo)">TS004_TC003(razdanamit51@gmail.com, Chericof1#, demo)</a> <!-- method navigator-link -->
                      </span>
                      <br/>
                      <span>
                        <img src="passed.png" width="3%"/>
                        <a href="#" panel-name="suite-Suite" title="com.qa.testcases.ts004.TS004_TC003" class="method navigator-link" hash-for-method="TS004_TC003(razdanamit51@gmail.com, Chericof1#, demo)">TS004_TC003(razdanamit51@gmail.com, Chericof1#, demo)</a> <!-- method navigator-link -->
                      </span>
                      <br/>
                      <span>
                        <img src="passed.png" width="3%"/>
                        <a href="#" panel-name="suite-Suite" title="com.qa.testcases.ts004.TS004_TC004" class="method navigator-link" hash-for-method="TS004_TC004(razdanamit51@gmail.com, Chericof1#, Jacket, 12)">TS004_TC004(razdanamit51@gmail.com, Chericof1#, Jacket, 12)</a> <!-- method navigator-link -->
                      </span>
                      <br/>
                      <span>
                        <img src="passed.png" width="3%"/>
                        <a href="#" panel-name="suite-Suite" title="com.qa.testcases.ts004.TS004_TC005" class="method navigator-link" hash-for-method="TS004_TC005(razdanamit51@gmail.com, Chericof1#, @3244, Your search returned no results.)">TS004_TC005(razdanamit51@gmail.com, Chericof1#, @3244, Your search returned no results.)</a> <!-- method navigator-link -->
                      </span>
                      <br/>
                      <span>
                        <img src="passed.png" width="3%"/>
                        <a href="#" panel-name="suite-Suite" title="com.qa.testcases.ts005.TS005_TC001" class="method navigator-link" hash-for-method="TS005_TC001(1)">TS005_TC001(1)</a> <!-- method navigator-link -->
                      </span>
                      <br/>
                      <span>
                        <img src="passed.png" width="3%"/>
                        <a href="#" panel-name="suite-Suite" title="com.qa.testcases.ts005.TS005_TC002" class="method navigator-link" hash-for-method="TS005_TC002(demo2)">TS005_TC002(demo2)</a> <!-- method navigator-link -->
                      </span>
                      <br/>
                      <span>
                        <img src="passed.png" width="3%"/>
                        <a href="#" panel-name="suite-Suite" title="com.qa.testcases.ts005.TS005_TC003" class="method navigator-link" hash-for-method="TS005_TC003(demo1)">TS005_TC003(demo1)</a> <!-- method navigator-link -->
                      </span>
                      <br/>
                      <span>
                        <img src="passed.png" width="3%"/>
                        <a href="#" panel-name="suite-Suite" title="com.qa.testcases.ts005.TS005_TC003" class="method navigator-link" hash-for-method="TS005_TC003(demo2)">TS005_TC003(demo2)</a> <!-- method navigator-link -->
                      </span>
                      <br/>
                      <span>
                        <img src="passed.png" width="3%"/>
                        <a href="#" panel-name="suite-Suite" title="com.qa.testcases.ts005.TS005_TC004" class="method navigator-link" hash-for-method="TS005_TC004(Jacket, 12)">TS005_TC004(Jacket, 12)</a> <!-- method navigator-link -->
                      </span>
                      <br/>
                      <span>
                        <img src="passed.png" width="3%"/>
                        <a href="#" panel-name="suite-Suite" title="com.qa.testcases.ts005.TS005_TC005" class="method navigator-link" hash-for-method="TS005_TC005(@3244, Your search returned no results.)">TS005_TC005(@3244, Your search returned no results.)</a> <!-- method navigator-link -->
                      </span>
                      <br/>
                      <span>
                        <img src="passed.png" width="3%"/>
                        <a href="#" panel-name="suite-Suite" title="com.qa.testcases.ts005.TS005_TC005" class="method navigator-link" hash-for-method="TS005_TC005(@3244, Your search returned no results.)">TS005_TC005(@3244, Your search returned no results.)</a> <!-- method navigator-link -->
                      </span>
                      <br/>
                    </div> <!-- method-list-content passed suite-Suite -->
                  </li>
                </ul>
              </div> <!-- suite-section-content -->
            </div> <!-- result-section -->
          </div> <!-- navigator-suite-content -->
        </div> <!-- rounded-window -->
      </div> <!-- suite -->
    </div> <!-- navigator-root -->
    <div class="wrapper">
      <div class="main-panel-root">
        <div panel-name="suite-Suite" class="panel Suite">
          <div class="suite-Suite-class-failed">
            <div class="main-panel-header rounded-window-top">
              <img src="failed.png"/>
              <span class="class-name">com.qa.testcases.ts002.TS002_TC001</span>
            </div> <!-- main-panel-header rounded-window-top -->
            <div class="main-panel-content rounded-window-bottom">
              <div class="method">
                <div class="method-content">
                  <a name="TS002_TC001(Email, Password2)">
                  </a> <!-- TS002_TC001(Email, Password2) -->
                  <span class="method-name">TS002_TC001</span>
                  <span class="parameters">(Email,Password2)</span>
                  <div class="stack-trace">java.lang.AssertionError: The following asserts failed:
	expected [true] but found [false]
	at com.qa.testcases.ts002.TS002_TC001.TS002_TC001(TS002_TC001.java:121)
	at java.base/java.util.ArrayList.forEach(ArrayList.java:1596)
... Removed 31 stack frames
</div> <!-- stack-trace -->
                  <em>
(Verify that the Sign In form contains fields as per requirement 2)                  </em>
                </div> <!-- method-content -->
              </div> <!-- method -->
              <div class="method">
                <div class="method-content">
                  <a name="TS002_TC001(Email2, Password)">
                  </a> <!-- TS002_TC001(Email2, Password) -->
                  <span class="method-name">TS002_TC001</span>
                  <span class="parameters">(Email2,Password)</span>
                  <div class="stack-trace">java.lang.AssertionError: The following asserts failed:
	expected [true] but found [false]
	at com.qa.testcases.ts002.TS002_TC001.TS002_TC001(TS002_TC001.java:121)
	at java.base/java.util.ArrayList.forEach(ArrayList.java:1596)
... Removed 31 stack frames
</div> <!-- stack-trace -->
                  <em>
(Verify that the Sign In form contains fields as per requirement 2)                  </em>
                </div> <!-- method-content -->
              </div> <!-- method -->
              <div class="method">
                <div class="method-content">
                  <a name="TS002_TC001(Email3, Password3)">
                  </a> <!-- TS002_TC001(Email3, Password3) -->
                  <span class="method-name">TS002_TC001</span>
                  <span class="parameters">(Email3,Password3)</span>
                  <div class="stack-trace">java.lang.AssertionError: The following asserts failed:
	expected [true] but found [false],
	expected [true] but found [false]
	at com.qa.testcases.ts002.TS002_TC001.TS002_TC001(TS002_TC001.java:121)
	at java.base/java.util.ArrayList.forEach(ArrayList.java:1596)
... Removed 31 stack frames
</div> <!-- stack-trace -->
                  <em>
(Verify that the Sign In form contains fields as per requirement 2)                  </em>
                </div> <!-- method-content -->
              </div> <!-- method -->
            </div> <!-- main-panel-content rounded-window-bottom -->
          </div> <!-- suite-Suite-class-failed -->
          <div class="suite-Suite-class-failed">
            <div class="main-panel-header rounded-window-top">
              <img src="failed.png"/>
              <span class="class-name">com.qa.testcases.ts002.TS002_TC003</span>
            </div> <!-- main-panel-header rounded-window-top -->
            <div class="main-panel-content rounded-window-bottom">
              <div class="method">
                <div class="method-content">
                  <a name="TS002_TC003(razdanamit51@gmail.com, )">
                  </a> <!-- TS002_TC003(razdanamit51@gmail.com, ) -->
                  <span class="method-name">TS002_TC003</span>
                  <span class="parameters">(razdanamit51@gmail.com,)</span>
                  <div class="stack-trace">java.lang.AssertionError: The following asserts failed:
	expected [true] but found [false]
	at com.qa.testcases.ts002.TS002_TC003.TS002_TC003(TS002_TC003.java:74)
	at java.base/java.util.ArrayList.forEach(ArrayList.java:1596)
... Removed 31 stack frames
</div> <!-- stack-trace -->
                  <em>
(Verify that user is able to Sign in successfully provided user enters correct username and password in username and password textboxes followed by click on Sign In button)                  </em>
                </div> <!-- method-content -->
              </div> <!-- method -->
              <div class="method">
                <div class="method-content">
                  <a name="TS002_TC003(, Chericof1#)">
                  </a> <!-- TS002_TC003(, Chericof1#) -->
                  <span class="method-name">TS002_TC003</span>
                  <span class="parameters">(,Chericof1#)</span>
                  <div class="stack-trace">java.lang.AssertionError: The following asserts failed:
	expected [true] but found [false]
	at com.qa.testcases.ts002.TS002_TC003.TS002_TC003(TS002_TC003.java:74)
	at java.base/java.util.ArrayList.forEach(ArrayList.java:1596)
... Removed 31 stack frames
</div> <!-- stack-trace -->
                  <em>
(Verify that user is able to Sign in successfully provided user enters correct username and password in username and password textboxes followed by click on Sign In button)                  </em>
                </div> <!-- method-content -->
              </div> <!-- method -->
            </div> <!-- main-panel-content rounded-window-bottom -->
          </div> <!-- suite-Suite-class-failed -->
          <div class="suite-Suite-class-failed">
            <div class="main-panel-header rounded-window-top">
              <img src="failed.png"/>
              <span class="class-name">com.qa.testcases.ts003.TS003_TC002</span>
            </div> <!-- main-panel-header rounded-window-top -->
            <div class="main-panel-content rounded-window-bottom">
              <div class="method">
                <div class="method-content">
                  <a name="TS003_TC002(razdanamit51@gmail.com, )">
                  </a> <!-- TS003_TC002(razdanamit51@gmail.com, ) -->
                  <span class="method-name">TS003_TC002</span>
                  <span class="parameters">(razdanamit51@gmail.com,)</span>
                  <div class="stack-trace">java.lang.AssertionError: The following asserts failed:
	expected [true] but found [false]
	at com.qa.testcases.ts003.TS003_TC002.TS003_TC002(TS003_TC002.java:78)
	at java.base/java.util.ArrayList.forEach(ArrayList.java:1596)
... Removed 31 stack frames
</div> <!-- stack-trace -->
                  <em>
(Verify that 'Required field' error message is displayed under all Mandatory fields provded user clicks on 'Reset my password' button without entering any value in Mandatory field textbox.)                  </em>
                </div> <!-- method-content -->
              </div> <!-- method -->
            </div> <!-- main-panel-content rounded-window-bottom -->
          </div> <!-- suite-Suite-class-failed -->
          <div class="suite-Suite-class-failed">
            <div class="main-panel-header rounded-window-top">
              <img src="failed.png"/>
              <span class="class-name">com.qa.testcases.ts005.TS005_TC002</span>
            </div> <!-- main-panel-header rounded-window-top -->
            <div class="main-panel-content rounded-window-bottom">
              <div class="method">
                <div class="method-content">
                  <a name="TS005_TC002(demo1)">
                  </a> <!-- TS005_TC002(demo1) -->
                  <span class="method-name">TS005_TC002</span>
                  <span class="parameters">(demo1)</span>
                  <div class="stack-trace">org.openqa.selenium.ElementClickInterceptedException: element click intercepted: Element &lt;button type=&quot;submit&quot; title=&quot;Add to Cart&quot; class=&quot;action tocart primary&quot;&gt;...&lt;/button&gt; is not clickable at point (139, 669). Other element would receive the click: &lt;div class=&quot;columns&quot;&gt;...&lt;/div&gt;
  (Session info: chrome=125.0.6422.142)
Build info: version: &apos;4.20.0&apos;, revision: &apos;866c76ca80&apos;
System info: os.name: &apos;Windows 10&apos;, os.arch: &apos;amd64&apos;, os.version: &apos;10.0&apos;, java.version: &apos;21.0.1&apos;
Driver info: org.openqa.selenium.chrome.ChromeDriver
Command: [4296599977e075c8c82c36df4dae8664, clickElement {id=f.DDF9525A911FD78949F10DCA0983C5CE.d.8ABE174DE7951E7F4682BD77F1D1E7BD.e.365}]
Capabilities {acceptInsecureCerts: false, browserName: chrome, browserVersion: 125.0.6422.142, chrome: {chromedriverVersion: 125.0.6422.141 (4b1e8393712..., userDataDir: C:\Users\razda\AppData\Loca...}, fedcm:accounts: true, goog:chromeOptions: {debuggerAddress: localhost:54188}, networkConnectionEnabled: false, pageLoadStrategy: normal, platformName: windows, proxy: Proxy(), se:cdp: ws://localhost:54188/devtoo..., se:cdpVersion: 125.0.6422.142, setWindowRect: true, strictFileInteractability: false, timeouts: {implicit: 0, pageLoad: 300000, script: 30000}, unhandledPromptBehavior: dismiss and notify, webauthn:extension:credBlob: true, webauthn:extension:largeBlob: true, webauthn:extension:minPinLength: true, webauthn:extension:prf: true, webauthn:virtualAuthenticators: true}
Element: [[ChromeDriver: chrome on windows (4296599977e075c8c82c36df4dae8664)] -&gt; xpath: //*[@id=&quot;maincontent&quot;]/div[4]/div[1]/div[1]/div[3]/div/div/ol/li[1]/div/div/div[3]/div/div[1]/form/button]
Session ID: 4296599977e075c8c82c36df4dae8664
	at org.openqa.selenium.remote.ErrorCodec.decode(ErrorCodec.java:167)
	at org.openqa.selenium.remote.codec.w3c.W3CHttpResponseCodec.decode(W3CHttpResponseCodec.java:138)
	at org.openqa.selenium.remote.codec.w3c.W3CHttpResponseCodec.decode(W3CHttpResponseCodec.java:50)
	at org.openqa.selenium.remote.HttpCommandExecutor.execute(HttpCommandExecutor.java:190)
	at org.openqa.selenium.remote.service.DriverCommandExecutor.invokeExecute(DriverCommandExecutor.java:216)
	at org.openqa.selenium.remote.service.DriverCommandExecutor.execute(DriverCommandExecutor.java:174)
	at org.openqa.selenium.remote.RemoteWebDriver.execute(RemoteWebDriver.java:518)
	at org.openqa.selenium.remote.RemoteWebElement.execute(RemoteWebElement.java:223)
	at org.openqa.selenium.remote.RemoteWebElement.click(RemoteWebElement.java:76)
	at org.openqa.selenium.support.pagefactory.internal.LocatingElementHandler.invoke(LocatingElementHandler.java:51)
	at jdk.proxy2/jdk.proxy2.$Proxy17.click(Unknown Source)
	at com.qa.pages.WhatsNewPage.ClickAddToCartElement1Button(WhatsNewPage.java:95)
	at com.qa.testcases.ts005.TS005_TC002.TS005_TC002(TS005_TC002.java:518)
	at java.base/java.util.ArrayList.forEach(ArrayList.java:1596)
... Removed 34 stack frames
</div> <!-- stack-trace -->
                  <em>
(Verify that the search textbox is empty and enabled by default with search icon disabled by default)                  </em>
                </div> <!-- method-content -->
              </div> <!-- method -->
            </div> <!-- main-panel-content rounded-window-bottom -->
          </div> <!-- suite-Suite-class-failed -->
          <div class="suite-Suite-class-failed">
            <div class="main-panel-header rounded-window-top">
              <img src="failed.png"/>
              <span class="class-name">com.qa.testcases.ts004.TS004_TC005</span>
            </div> <!-- main-panel-header rounded-window-top -->
            <div class="main-panel-content rounded-window-bottom">
              <div class="method">
                <div class="method-content">
                  <a name="TS004_TC005(razdanamit51@gmail.com, Chericof1#, @3244, Your search returned no results.)">
                  </a> <!-- TS004_TC005(razdanamit51@gmail.com, Chericof1#, @3244, Your search returned no results.) -->
                  <span class="method-name">TS004_TC005</span>
                  <span class="parameters">(razdanamit51@gmail.com,Chericof1#,@3244,Your search returned no results.)</span>
                  <div class="stack-trace">java.lang.AssertionError: The following asserts failed:
	expected [true] but found [false]
	at com.qa.testcases.ts004.TS004_TC005.TS004_TC005(TS004_TC005.java:152)
	at java.base/java.util.ArrayList.forEach(ArrayList.java:1596)
... Removed 31 stack frames
</div> <!-- stack-trace -->
                  <em>
(Verify that user gets an error message as part of result outcome as follows provided user enters any inappropriate search keyword

Error message: "Your search returned no results.")                  </em>
                </div> <!-- method-content -->
              </div> <!-- method -->
            </div> <!-- main-panel-content rounded-window-bottom -->
          </div> <!-- suite-Suite-class-failed -->
          <div class="suite-Suite-class-failed">
            <div class="main-panel-header rounded-window-top">
              <img src="failed.png"/>
              <span class="class-name">com.qa.testcases.ts001.TS001_TC005</span>
            </div> <!-- main-panel-header rounded-window-top -->
            <div class="main-panel-content rounded-window-bottom">
              <div class="method">
                <div class="method-content">
                  <a name="TS001_TC005(11234)">
                  </a> <!-- TS001_TC005(11234) -->
                  <span class="method-name">TS001_TC005</span>
                  <span class="parameters">(11234)</span>
                  <div class="stack-trace">org.openqa.selenium.WebDriverException: unknown error: failed to change window state to &apos;normal&apos;, current state is &apos;maximized&apos;
  (Session info: chrome=125.0.6422.142)
Build info: version: &apos;4.20.0&apos;, revision: &apos;866c76ca80&apos;
System info: os.name: &apos;Windows 10&apos;, os.arch: &apos;amd64&apos;, os.version: &apos;10.0&apos;, java.version: &apos;21.0.1&apos;
Driver info: org.openqa.selenium.chrome.ChromeDriver
Command: [0edbb10ba8fe10a82b464c9480201327, maximizeCurrentWindow {}]
Capabilities {acceptInsecureCerts: false, browserName: chrome, browserVersion: 125.0.6422.142, chrome: {chromedriverVersion: 125.0.6422.141 (4b1e8393712..., userDataDir: C:\Users\razda\AppData\Loca...}, fedcm:accounts: true, goog:chromeOptions: {debuggerAddress: localhost:53417}, networkConnectionEnabled: false, pageLoadStrategy: normal, platformName: windows, proxy: Proxy(), se:cdp: ws://localhost:53417/devtoo..., se:cdpVersion: 125.0.6422.142, setWindowRect: true, strictFileInteractability: false, timeouts: {implicit: 0, pageLoad: 300000, script: 30000}, unhandledPromptBehavior: dismiss and notify, webauthn:extension:credBlob: true, webauthn:extension:largeBlob: true, webauthn:extension:minPinLength: true, webauthn:extension:prf: true, webauthn:virtualAuthenticators: true}
Session ID: 0edbb10ba8fe10a82b464c9480201327
	at org.openqa.selenium.remote.ErrorCodec.decode(ErrorCodec.java:167)
	at org.openqa.selenium.remote.codec.w3c.W3CHttpResponseCodec.decode(W3CHttpResponseCodec.java:138)
	at org.openqa.selenium.remote.codec.w3c.W3CHttpResponseCodec.decode(W3CHttpResponseCodec.java:50)
	at org.openqa.selenium.remote.HttpCommandExecutor.execute(HttpCommandExecutor.java:190)
	at org.openqa.selenium.remote.service.DriverCommandExecutor.invokeExecute(DriverCommandExecutor.java:216)
	at org.openqa.selenium.remote.service.DriverCommandExecutor.execute(DriverCommandExecutor.java:174)
	at org.openqa.selenium.remote.RemoteWebDriver.execute(RemoteWebDriver.java:518)
	at org.openqa.selenium.remote.RemoteWebDriver.execute(RemoteWebDriver.java:591)
	at org.openqa.selenium.remote.RemoteWebDriver.execute(RemoteWebDriver.java:595)
	at org.openqa.selenium.remote.RemoteWebDriver$RemoteWebDriverOptions$RemoteWindow.maximize(RemoteWebDriver.java:1034)
	at com.qa.testcases.ts001.TS001_TC005.TS001_TC005(TS001_TC005.java:26)
	at java.base/java.util.ArrayList.forEach(ArrayList.java:1596)
... Removed 32 stack frames
</div> <!-- stack-trace -->
                  <em>
(Verify that the password is in encrypted form when entered)                  </em>
                </div> <!-- method-content -->
              </div> <!-- method -->
              <div class="method">
                <div class="method-content">
                  <a name="TS001_TC005(demo23234)">
                  </a> <!-- TS001_TC005(demo23234) -->
                  <span class="method-name">TS001_TC005</span>
                  <span class="parameters">(demo23234)</span>
                  <div class="stack-trace">org.openqa.selenium.WebDriverException: unknown error: failed to change window state to &apos;normal&apos;, current state is &apos;maximized&apos;
  (Session info: chrome=125.0.6422.142)
Build info: version: &apos;4.20.0&apos;, revision: &apos;866c76ca80&apos;
System info: os.name: &apos;Windows 10&apos;, os.arch: &apos;amd64&apos;, os.version: &apos;10.0&apos;, java.version: &apos;21.0.1&apos;
Driver info: org.openqa.selenium.chrome.ChromeDriver
Command: [0edbb10ba8fe10a82b464c9480201327, maximizeCurrentWindow {}]
Capabilities {acceptInsecureCerts: false, browserName: chrome, browserVersion: 125.0.6422.142, chrome: {chromedriverVersion: 125.0.6422.141 (4b1e8393712..., userDataDir: C:\Users\razda\AppData\Loca...}, fedcm:accounts: true, goog:chromeOptions: {debuggerAddress: localhost:53417}, networkConnectionEnabled: false, pageLoadStrategy: normal, platformName: windows, proxy: Proxy(), se:cdp: ws://localhost:53417/devtoo..., se:cdpVersion: 125.0.6422.142, setWindowRect: true, strictFileInteractability: false, timeouts: {implicit: 0, pageLoad: 300000, script: 30000}, unhandledPromptBehavior: dismiss and notify, webauthn:extension:credBlob: true, webauthn:extension:largeBlob: true, webauthn:extension:minPinLength: true, webauthn:extension:prf: true, webauthn:virtualAuthenticators: true}
Session ID: 0edbb10ba8fe10a82b464c9480201327
	at org.openqa.selenium.remote.ErrorCodec.decode(ErrorCodec.java:167)
	at org.openqa.selenium.remote.codec.w3c.W3CHttpResponseCodec.decode(W3CHttpResponseCodec.java:138)
	at org.openqa.selenium.remote.codec.w3c.W3CHttpResponseCodec.decode(W3CHttpResponseCodec.java:50)
	at org.openqa.selenium.remote.HttpCommandExecutor.execute(HttpCommandExecutor.java:190)
	at org.openqa.selenium.remote.service.DriverCommandExecutor.invokeExecute(DriverCommandExecutor.java:216)
	at org.openqa.selenium.remote.service.DriverCommandExecutor.execute(DriverCommandExecutor.java:174)
	at org.openqa.selenium.remote.RemoteWebDriver.execute(RemoteWebDriver.java:518)
	at org.openqa.selenium.remote.RemoteWebDriver.execute(RemoteWebDriver.java:591)
	at org.openqa.selenium.remote.RemoteWebDriver.execute(RemoteWebDriver.java:595)
	at org.openqa.selenium.remote.RemoteWebDriver$RemoteWebDriverOptions$RemoteWindow.maximize(RemoteWebDriver.java:1034)
	at com.qa.testcases.ts001.TS001_TC005.TS001_TC005(TS001_TC005.java:26)
	at java.base/java.util.ArrayList.forEach(ArrayList.java:1596)
... Removed 32 stack frames
</div> <!-- stack-trace -->
                  <em>
(Verify that the password is in encrypted form when entered)                  </em>
                </div> <!-- method-content -->
              </div> <!-- method -->
            </div> <!-- main-panel-content rounded-window-bottom -->
          </div> <!-- suite-Suite-class-failed -->
          <div class="suite-Suite-class-failed">
            <div class="main-panel-header rounded-window-top">
              <img src="failed.png"/>
              <span class="class-name">com.qa.testcases.ts004.TS004_TC004</span>
            </div> <!-- main-panel-header rounded-window-top -->
            <div class="main-panel-content rounded-window-bottom">
              <div class="method">
                <div class="method-content">
                  <a name="TS004_TC004(razdanamit51@gmail.com, Chericof1#, Jacket, 11)">
                  </a> <!-- TS004_TC004(razdanamit51@gmail.com, Chericof1#, Jacket, 11) -->
                  <span class="method-name">TS004_TC004</span>
                  <span class="parameters">(razdanamit51@gmail.com,Chericof1#,Jacket,11)</span>
                  <div class="stack-trace">java.lang.AssertionError: The following asserts failed:
	expected [true] but found [false],
	expected [true] but found [false],
	expected [true] but found [false],
	expected [true] but found [false],
	expected [true] but found [false],
	expected [true] but found [false],
	expected [true] but found [false],
	expected [true] but found [false],
	expected [true] but found [false]
	at com.qa.testcases.ts004.TS004_TC004.TS004_TC004(TS004_TC004.java:696)
	at java.base/java.util.ArrayList.forEach(ArrayList.java:1596)
... Removed 31 stack frames
</div> <!-- stack-trace -->
                  <em>
(Verify that user is able to get products as part of searched results based on the keyword been entered by user in search textbox followed by click on search icon and a label as follows :-Search results for: '<entered keyword>')                  </em>
                </div> <!-- method-content -->
              </div> <!-- method -->
            </div> <!-- main-panel-content rounded-window-bottom -->
          </div> <!-- suite-Suite-class-failed -->
          <div class="suite-Suite-class-failed">
            <div class="main-panel-header rounded-window-top">
              <img src="failed.png"/>
              <span class="class-name">com.qa.testcases.ts005.TS005_TC004</span>
            </div> <!-- main-panel-header rounded-window-top -->
            <div class="main-panel-content rounded-window-bottom">
              <div class="method">
                <div class="method-content">
                  <a name="TS005_TC004(Jacket, 11)">
                  </a> <!-- TS005_TC004(Jacket, 11) -->
                  <span class="method-name">TS005_TC004</span>
                  <span class="parameters">(Jacket,11)</span>
                  <div class="stack-trace">java.lang.AssertionError: The following asserts failed:
	expected [true] but found [false],
	expected [true] but found [false],
	expected [true] but found [false],
	expected [true] but found [false],
	expected [true] but found [false],
	expected [true] but found [false],
	expected [true] but found [false],
	expected [true] but found [false],
	expected [true] but found [false]
	at com.qa.testcases.ts005.TS005_TC004.TS005_TC004(TS005_TC004.java:657)
	at java.base/java.util.ArrayList.forEach(ArrayList.java:1596)
... Removed 31 stack frames
</div> <!-- stack-trace -->
                  <em>
(Verify that user is able to get products as part of searched results based on the keyword been entered by user in search textbox followed by click on search icon and a label as follows :-Search results for: '<entered keyword>' Pre-login)                  </em>
                </div> <!-- method-content -->
              </div> <!-- method -->
            </div> <!-- main-panel-content rounded-window-bottom -->
          </div> <!-- suite-Suite-class-failed -->
          <div class="suite-Suite-class-failed">
            <div class="main-panel-header rounded-window-top">
              <img src="failed.png"/>
              <span class="class-name">com.qa.testcases.ts001.TS001_TC004</span>
            </div> <!-- main-panel-header rounded-window-top -->
            <div class="main-panel-content rounded-window-bottom">
              <div class="method">
                <div class="method-content">
                  <a name="TS001_TC004(Demo , Demo , Demo , Demo ,  , This is a required field., This is a required field., This is a requi...)">
                  </a> <!-- TS001_TC004(Demo , Demo , Demo , Demo ,  , This is a required field., This is a required field., This is a requi...) -->
                  <span class="method-name">TS001_TC004</span>
                  <span class="parameters">(Demo ,Demo ,Demo ,Demo , ,This is a required field.,This is a required field.,This is a required field.,This is a required field.,This is a required field.)</span>
                  <div class="stack-trace">org.openqa.selenium.NoSuchElementException: no such element: Unable to locate element: {&quot;method&quot;:&quot;xpath&quot;,&quot;selector&quot;:&quot;//*[@id=&quot;firstname-error&quot;]&quot;}
  (Session info: chrome=125.0.6422.142)
For documentation on this error, please visit: https://www.selenium.dev/documentation/webdriver/troubleshooting/errors#no-such-element-exception
Build info: version: &apos;4.20.0&apos;, revision: &apos;866c76ca80&apos;
System info: os.name: &apos;Windows 10&apos;, os.arch: &apos;amd64&apos;, os.version: &apos;10.0&apos;, java.version: &apos;21.0.1&apos;
Driver info: org.openqa.selenium.chrome.ChromeDriver
Command: [f26b0f7c3ec9f73cef7ca1664229b1f4, findElement {value=//*[@id=&quot;firstname-error&quot;], using=xpath}]
Capabilities {acceptInsecureCerts: false, browserName: chrome, browserVersion: 125.0.6422.142, chrome: {chromedriverVersion: 125.0.6422.141 (4b1e8393712..., userDataDir: C:\Users\razda\AppData\Loca...}, fedcm:accounts: true, goog:chromeOptions: {debuggerAddress: localhost:53304}, networkConnectionEnabled: false, pageLoadStrategy: normal, platformName: windows, proxy: Proxy(), se:cdp: ws://localhost:53304/devtoo..., se:cdpVersion: 125.0.6422.142, setWindowRect: true, strictFileInteractability: false, timeouts: {implicit: 0, pageLoad: 300000, script: 30000}, unhandledPromptBehavior: dismiss and notify, webauthn:extension:credBlob: true, webauthn:extension:largeBlob: true, webauthn:extension:minPinLength: true, webauthn:extension:prf: true, webauthn:virtualAuthenticators: true}
Session ID: f26b0f7c3ec9f73cef7ca1664229b1f4
	at org.openqa.selenium.remote.ErrorCodec.decode(ErrorCodec.java:167)
	at org.openqa.selenium.remote.codec.w3c.W3CHttpResponseCodec.decode(W3CHttpResponseCodec.java:138)
	at org.openqa.selenium.remote.codec.w3c.W3CHttpResponseCodec.decode(W3CHttpResponseCodec.java:50)
	at org.openqa.selenium.remote.HttpCommandExecutor.execute(HttpCommandExecutor.java:190)
	at org.openqa.selenium.remote.service.DriverCommandExecutor.invokeExecute(DriverCommandExecutor.java:216)
	at org.openqa.selenium.remote.service.DriverCommandExecutor.execute(DriverCommandExecutor.java:174)
	at org.openqa.selenium.remote.RemoteWebDriver.execute(RemoteWebDriver.java:518)
	at org.openqa.selenium.remote.ElementLocation$ElementFinder$2.findElement(ElementLocation.java:165)
	at org.openqa.selenium.remote.ElementLocation.findElement(ElementLocation.java:59)
	at org.openqa.selenium.remote.RemoteWebDriver.findElement(RemoteWebDriver.java:355)
	at org.openqa.selenium.remote.RemoteWebDriver.findElement(RemoteWebDriver.java:349)
	at org.openqa.selenium.support.pagefactory.DefaultElementLocator.findElement(DefaultElementLocator.java:68)
	at org.openqa.selenium.support.pagefactory.internal.LocatingElementHandler.invoke(LocatingElementHandler.java:38)
	at jdk.proxy2/jdk.proxy2.$Proxy17.getText(Unknown Source)
	at com.qa.pages.CreateAnAccountPage.GetMandatoryErrorFirstName(CreateAnAccountPage.java:197)
	at com.qa.testcases.ts001.TS001_TC004.TS001_TC004(TS001_TC004.java:118)
	at java.base/java.util.ArrayList.forEach(ArrayList.java:1596)
... Removed 32 stack frames
</div> <!-- stack-trace -->
                  <em>
(Verify that entering blank spaces on mandatory fields lead to validation error)                  </em>
                </div> <!-- method-content -->
              </div> <!-- method -->
              <div class="method">
                <div class="method-content">
                  <a name="TS001_TC004(Demo , Demo ,  ,  ,  , This is a required field., This is a required field., This is a required fiel...)">
                  </a> <!-- TS001_TC004(Demo , Demo ,  ,  ,  , This is a required field., This is a required field., This is a required fiel...) -->
                  <span class="method-name">TS001_TC004</span>
                  <span class="parameters">(Demo ,Demo , , , ,This is a required field.,This is a required field.,This is a required field.,This is a required field.,This is a required field.)</span>
                  <div class="stack-trace">java.lang.AssertionError: The following asserts failed:
	expected [true] but found [false],
	expected [true] but found [false]
	at com.qa.testcases.ts001.TS001_TC004.TS001_TC004(TS001_TC004.java:154)
	at java.base/java.util.ArrayList.forEach(ArrayList.java:1596)
... Removed 31 stack frames
</div> <!-- stack-trace -->
                  <em>
(Verify that entering blank spaces on mandatory fields lead to validation error)                  </em>
                </div> <!-- method-content -->
              </div> <!-- method -->
              <div class="method">
                <div class="method-content">
                  <a name="TS001_TC004(Demo , Demo , Demo ,  ,  , This is a required field., This is a required field., This is a required ...)">
                  </a> <!-- TS001_TC004(Demo , Demo , Demo ,  ,  , This is a required field., This is a required field., This is a required ...) -->
                  <span class="method-name">TS001_TC004</span>
                  <span class="parameters">(Demo ,Demo ,Demo , , ,This is a required field.,This is a required field.,This is a required field.,This is a required field.,This is a required field.)</span>
                  <div class="stack-trace">org.openqa.selenium.NoSuchElementException: no such element: Unable to locate element: {&quot;method&quot;:&quot;xpath&quot;,&quot;selector&quot;:&quot;//*[@id=&quot;firstname-error&quot;]&quot;}
  (Session info: chrome=125.0.6422.142)
For documentation on this error, please visit: https://www.selenium.dev/documentation/webdriver/troubleshooting/errors#no-such-element-exception
Build info: version: &apos;4.20.0&apos;, revision: &apos;866c76ca80&apos;
System info: os.name: &apos;Windows 10&apos;, os.arch: &apos;amd64&apos;, os.version: &apos;10.0&apos;, java.version: &apos;21.0.1&apos;
Driver info: org.openqa.selenium.chrome.ChromeDriver
Command: [f26b0f7c3ec9f73cef7ca1664229b1f4, findElement {value=//*[@id=&quot;firstname-error&quot;], using=xpath}]
Capabilities {acceptInsecureCerts: false, browserName: chrome, browserVersion: 125.0.6422.142, chrome: {chromedriverVersion: 125.0.6422.141 (4b1e8393712..., userDataDir: C:\Users\razda\AppData\Loca...}, fedcm:accounts: true, goog:chromeOptions: {debuggerAddress: localhost:53304}, networkConnectionEnabled: false, pageLoadStrategy: normal, platformName: windows, proxy: Proxy(), se:cdp: ws://localhost:53304/devtoo..., se:cdpVersion: 125.0.6422.142, setWindowRect: true, strictFileInteractability: false, timeouts: {implicit: 0, pageLoad: 300000, script: 30000}, unhandledPromptBehavior: dismiss and notify, webauthn:extension:credBlob: true, webauthn:extension:largeBlob: true, webauthn:extension:minPinLength: true, webauthn:extension:prf: true, webauthn:virtualAuthenticators: true}
Session ID: f26b0f7c3ec9f73cef7ca1664229b1f4
	at org.openqa.selenium.remote.ErrorCodec.decode(ErrorCodec.java:167)
	at org.openqa.selenium.remote.codec.w3c.W3CHttpResponseCodec.decode(W3CHttpResponseCodec.java:138)
	at org.openqa.selenium.remote.codec.w3c.W3CHttpResponseCodec.decode(W3CHttpResponseCodec.java:50)
	at org.openqa.selenium.remote.HttpCommandExecutor.execute(HttpCommandExecutor.java:190)
	at org.openqa.selenium.remote.service.DriverCommandExecutor.invokeExecute(DriverCommandExecutor.java:216)
	at org.openqa.selenium.remote.service.DriverCommandExecutor.execute(DriverCommandExecutor.java:174)
	at org.openqa.selenium.remote.RemoteWebDriver.execute(RemoteWebDriver.java:518)
	at org.openqa.selenium.remote.ElementLocation$ElementFinder$2.findElement(ElementLocation.java:165)
	at org.openqa.selenium.remote.ElementLocation.findElement(ElementLocation.java:59)
	at org.openqa.selenium.remote.RemoteWebDriver.findElement(RemoteWebDriver.java:355)
	at org.openqa.selenium.remote.RemoteWebDriver.findElement(RemoteWebDriver.java:349)
	at org.openqa.selenium.support.pagefactory.DefaultElementLocator.findElement(DefaultElementLocator.java:68)
	at org.openqa.selenium.support.pagefactory.internal.LocatingElementHandler.invoke(LocatingElementHandler.java:38)
	at jdk.proxy2/jdk.proxy2.$Proxy17.getText(Unknown Source)
	at com.qa.pages.CreateAnAccountPage.GetMandatoryErrorFirstName(CreateAnAccountPage.java:197)
	at com.qa.testcases.ts001.TS001_TC004.TS001_TC004(TS001_TC004.java:118)
	at java.base/java.util.ArrayList.forEach(ArrayList.java:1596)
... Removed 32 stack frames
</div> <!-- stack-trace -->
                  <em>
(Verify that entering blank spaces on mandatory fields lead to validation error)                  </em>
                </div> <!-- method-content -->
              </div> <!-- method -->
              <div class="method">
                <div class="method-content">
                  <a name="TS001_TC004(Demo ,  ,  ,  ,  , This is a required field., This is a required field., This is a required field., ...)">
                  </a> <!-- TS001_TC004(Demo ,  ,  ,  ,  , This is a required field., This is a required field., This is a required field., ...) -->
                  <span class="method-name">TS001_TC004</span>
                  <span class="parameters">(Demo , , , , ,This is a required field.,This is a required field.,This is a required field.,This is a required field.,This is a required field.)</span>
                  <div class="stack-trace">java.lang.AssertionError: The following asserts failed:
	expected [true] but found [false],
	expected [true] but found [false]
	at com.qa.testcases.ts001.TS001_TC004.TS001_TC004(TS001_TC004.java:154)
	at java.base/java.util.ArrayList.forEach(ArrayList.java:1596)
... Removed 31 stack frames
</div> <!-- stack-trace -->
                  <em>
(Verify that entering blank spaces on mandatory fields lead to validation error)                  </em>
                </div> <!-- method-content -->
              </div> <!-- method -->
              <div class="method">
                <div class="method-content">
                  <a name="TS001_TC004(Demo , Demo , Demo , Demo , Demo , This is a required field., This is a required field., This is a r...)">
                  </a> <!-- TS001_TC004(Demo , Demo , Demo , Demo , Demo , This is a required field., This is a required field., This is a r...) -->
                  <span class="method-name">TS001_TC004</span>
                  <span class="parameters">(Demo ,Demo ,Demo ,Demo ,Demo ,This is a required field.,This is a required field.,This is a required field.,This is a required field.,This is a required field.)</span>
                  <div class="stack-trace">org.openqa.selenium.NoSuchElementException: no such element: Unable to locate element: {&quot;method&quot;:&quot;xpath&quot;,&quot;selector&quot;:&quot;//*[@id=&quot;firstname-error&quot;]&quot;}
  (Session info: chrome=125.0.6422.142)
For documentation on this error, please visit: https://www.selenium.dev/documentation/webdriver/troubleshooting/errors#no-such-element-exception
Build info: version: &apos;4.20.0&apos;, revision: &apos;866c76ca80&apos;
System info: os.name: &apos;Windows 10&apos;, os.arch: &apos;amd64&apos;, os.version: &apos;10.0&apos;, java.version: &apos;21.0.1&apos;
Driver info: org.openqa.selenium.chrome.ChromeDriver
Command: [f26b0f7c3ec9f73cef7ca1664229b1f4, findElement {value=//*[@id=&quot;firstname-error&quot;], using=xpath}]
Capabilities {acceptInsecureCerts: false, browserName: chrome, browserVersion: 125.0.6422.142, chrome: {chromedriverVersion: 125.0.6422.141 (4b1e8393712..., userDataDir: C:\Users\razda\AppData\Loca...}, fedcm:accounts: true, goog:chromeOptions: {debuggerAddress: localhost:53304}, networkConnectionEnabled: false, pageLoadStrategy: normal, platformName: windows, proxy: Proxy(), se:cdp: ws://localhost:53304/devtoo..., se:cdpVersion: 125.0.6422.142, setWindowRect: true, strictFileInteractability: false, timeouts: {implicit: 0, pageLoad: 300000, script: 30000}, unhandledPromptBehavior: dismiss and notify, webauthn:extension:credBlob: true, webauthn:extension:largeBlob: true, webauthn:extension:minPinLength: true, webauthn:extension:prf: true, webauthn:virtualAuthenticators: true}
Session ID: f26b0f7c3ec9f73cef7ca1664229b1f4
	at org.openqa.selenium.remote.ErrorCodec.decode(ErrorCodec.java:167)
	at org.openqa.selenium.remote.codec.w3c.W3CHttpResponseCodec.decode(W3CHttpResponseCodec.java:138)
	at org.openqa.selenium.remote.codec.w3c.W3CHttpResponseCodec.decode(W3CHttpResponseCodec.java:50)
	at org.openqa.selenium.remote.HttpCommandExecutor.execute(HttpCommandExecutor.java:190)
	at org.openqa.selenium.remote.service.DriverCommandExecutor.invokeExecute(DriverCommandExecutor.java:216)
	at org.openqa.selenium.remote.service.DriverCommandExecutor.execute(DriverCommandExecutor.java:174)
	at org.openqa.selenium.remote.RemoteWebDriver.execute(RemoteWebDriver.java:518)
	at org.openqa.selenium.remote.ElementLocation$ElementFinder$2.findElement(ElementLocation.java:165)
	at org.openqa.selenium.remote.ElementLocation.findElement(ElementLocation.java:59)
	at org.openqa.selenium.remote.RemoteWebDriver.findElement(RemoteWebDriver.java:355)
	at org.openqa.selenium.remote.RemoteWebDriver.findElement(RemoteWebDriver.java:349)
	at org.openqa.selenium.support.pagefactory.DefaultElementLocator.findElement(DefaultElementLocator.java:68)
	at org.openqa.selenium.support.pagefactory.internal.LocatingElementHandler.invoke(LocatingElementHandler.java:38)
	at jdk.proxy2/jdk.proxy2.$Proxy17.getText(Unknown Source)
	at com.qa.pages.CreateAnAccountPage.GetMandatoryErrorFirstName(CreateAnAccountPage.java:197)
	at com.qa.testcases.ts001.TS001_TC004.TS001_TC004(TS001_TC004.java:118)
	at java.base/java.util.ArrayList.forEach(ArrayList.java:1596)
... Removed 32 stack frames
</div> <!-- stack-trace -->
                  <em>
(Verify that entering blank spaces on mandatory fields lead to validation error)                  </em>
                </div> <!-- method-content -->
              </div> <!-- method -->
            </div> <!-- main-panel-content rounded-window-bottom -->
          </div> <!-- suite-Suite-class-failed -->
          <div class="suite-Suite-class-skipped">
            <div class="main-panel-header rounded-window-top">
              <img src="skipped.png"/>
              <span class="class-name">com.qa.testcases.ts001.TS001_TC001</span>
            </div> <!-- main-panel-header rounded-window-top -->
            <div class="main-panel-content rounded-window-bottom">
              <div class="method">
                <div class="method-content">
                  <a name="TS001_TC001(Email, Password)">
                  </a> <!-- TS001_TC001(Email, Password) -->
                  <span class="method-name">TS001_TC001</span>
                  <span class="parameters">(Email,Password)</span>
                  <div class="stack-trace">org.openqa.selenium.SessionNotCreatedException: Could not start a new session. Response code 500. Message: chrome not reachable 
Host info: host: &apos;DESKTOP-HU52OQ2&apos;, ip: &apos;192.168.56.1&apos;
Build info: version: &apos;4.20.0&apos;, revision: &apos;866c76ca80&apos;
System info: os.name: &apos;Windows 10&apos;, os.arch: &apos;amd64&apos;, os.version: &apos;10.0&apos;, java.version: &apos;21.0.1&apos;
Driver info: org.openqa.selenium.chrome.ChromeDriver
Command: [null, newSession {capabilities=[Capabilities {browserName: chrome, goog:chromeOptions: {args: [], binary: C:\Program Files\Google\Chr..., extensions: []}}]}]
	at org.openqa.selenium.remote.ProtocolHandshake.createSession(ProtocolHandshake.java:114)
	at org.openqa.selenium.remote.ProtocolHandshake.createSession(ProtocolHandshake.java:75)
	at org.openqa.selenium.remote.ProtocolHandshake.createSession(ProtocolHandshake.java:61)
	at org.openqa.selenium.remote.HttpCommandExecutor.execute(HttpCommandExecutor.java:162)
	at org.openqa.selenium.remote.service.DriverCommandExecutor.invokeExecute(DriverCommandExecutor.java:216)
	at org.openqa.selenium.remote.service.DriverCommandExecutor.execute(DriverCommandExecutor.java:174)
	at org.openqa.selenium.remote.RemoteWebDriver.execute(RemoteWebDriver.java:518)
	at org.openqa.selenium.remote.RemoteWebDriver.startSession(RemoteWebDriver.java:232)
	at org.openqa.selenium.remote.RemoteWebDriver.&lt;init&gt;(RemoteWebDriver.java:161)
	at org.openqa.selenium.chromium.ChromiumDriver.&lt;init&gt;(ChromiumDriver.java:114)
	at org.openqa.selenium.chrome.ChromeDriver.&lt;init&gt;(ChromeDriver.java:88)
	at org.openqa.selenium.chrome.ChromeDriver.&lt;init&gt;(ChromeDriver.java:83)
	at org.openqa.selenium.chrome.ChromeDriver.&lt;init&gt;(ChromeDriver.java:51)
	at com.qa.base.BaseTest.setup(BaseTest.java:45)
	at java.base/java.util.ArrayList.forEach(ArrayList.java:1596)
... Removed 27 stack frames
</div> <!-- stack-trace -->
                  <em>
(Verify that the Create an Account form contains below mentioned fields : -)                  </em>
                </div> <!-- method-content -->
              </div> <!-- method -->
              <div class="method">
                <div class="method-content">
                  <a name="TS001_TC001(Email3, Password3)">
                  </a> <!-- TS001_TC001(Email3, Password3) -->
                  <span class="method-name">TS001_TC001</span>
                  <span class="parameters">(Email3,Password3)</span>
                  <div class="stack-trace">org.openqa.selenium.SessionNotCreatedException: Could not start a new session. Response code 500. Message: chrome not reachable 
Host info: host: &apos;DESKTOP-HU52OQ2&apos;, ip: &apos;192.168.56.1&apos;
Build info: version: &apos;4.20.0&apos;, revision: &apos;866c76ca80&apos;
System info: os.name: &apos;Windows 10&apos;, os.arch: &apos;amd64&apos;, os.version: &apos;10.0&apos;, java.version: &apos;21.0.1&apos;
Driver info: org.openqa.selenium.chrome.ChromeDriver
Command: [null, newSession {capabilities=[Capabilities {browserName: chrome, goog:chromeOptions: {args: [], binary: C:\Program Files\Google\Chr..., extensions: []}}]}]
	at org.openqa.selenium.remote.ProtocolHandshake.createSession(ProtocolHandshake.java:114)
	at org.openqa.selenium.remote.ProtocolHandshake.createSession(ProtocolHandshake.java:75)
	at org.openqa.selenium.remote.ProtocolHandshake.createSession(ProtocolHandshake.java:61)
	at org.openqa.selenium.remote.HttpCommandExecutor.execute(HttpCommandExecutor.java:162)
	at org.openqa.selenium.remote.service.DriverCommandExecutor.invokeExecute(DriverCommandExecutor.java:216)
	at org.openqa.selenium.remote.service.DriverCommandExecutor.execute(DriverCommandExecutor.java:174)
	at org.openqa.selenium.remote.RemoteWebDriver.execute(RemoteWebDriver.java:518)
	at org.openqa.selenium.remote.RemoteWebDriver.startSession(RemoteWebDriver.java:232)
	at org.openqa.selenium.remote.RemoteWebDriver.&lt;init&gt;(RemoteWebDriver.java:161)
	at org.openqa.selenium.chromium.ChromiumDriver.&lt;init&gt;(ChromiumDriver.java:114)
	at org.openqa.selenium.chrome.ChromeDriver.&lt;init&gt;(ChromeDriver.java:88)
	at org.openqa.selenium.chrome.ChromeDriver.&lt;init&gt;(ChromeDriver.java:83)
	at org.openqa.selenium.chrome.ChromeDriver.&lt;init&gt;(ChromeDriver.java:51)
	at com.qa.base.BaseTest.setup(BaseTest.java:45)
	at java.base/java.util.ArrayList.forEach(ArrayList.java:1596)
... Removed 27 stack frames
</div> <!-- stack-trace -->
                  <em>
(Verify that the Create an Account form contains below mentioned fields : -)                  </em>
                </div> <!-- method-content -->
              </div> <!-- method -->
              <div class="method">
                <div class="method-content">
                  <a name="TS001_TC001(Email, Password2)">
                  </a> <!-- TS001_TC001(Email, Password2) -->
                  <span class="method-name">TS001_TC001</span>
                  <span class="parameters">(Email,Password2)</span>
                  <div class="stack-trace">org.openqa.selenium.SessionNotCreatedException: Could not start a new session. Response code 500. Message: chrome not reachable 
Host info: host: &apos;DESKTOP-HU52OQ2&apos;, ip: &apos;192.168.56.1&apos;
Build info: version: &apos;4.20.0&apos;, revision: &apos;866c76ca80&apos;
System info: os.name: &apos;Windows 10&apos;, os.arch: &apos;amd64&apos;, os.version: &apos;10.0&apos;, java.version: &apos;21.0.1&apos;
Driver info: org.openqa.selenium.chrome.ChromeDriver
Command: [null, newSession {capabilities=[Capabilities {browserName: chrome, goog:chromeOptions: {args: [], binary: C:\Program Files\Google\Chr..., extensions: []}}]}]
	at org.openqa.selenium.remote.ProtocolHandshake.createSession(ProtocolHandshake.java:114)
	at org.openqa.selenium.remote.ProtocolHandshake.createSession(ProtocolHandshake.java:75)
	at org.openqa.selenium.remote.ProtocolHandshake.createSession(ProtocolHandshake.java:61)
	at org.openqa.selenium.remote.HttpCommandExecutor.execute(HttpCommandExecutor.java:162)
	at org.openqa.selenium.remote.service.DriverCommandExecutor.invokeExecute(DriverCommandExecutor.java:216)
	at org.openqa.selenium.remote.service.DriverCommandExecutor.execute(DriverCommandExecutor.java:174)
	at org.openqa.selenium.remote.RemoteWebDriver.execute(RemoteWebDriver.java:518)
	at org.openqa.selenium.remote.RemoteWebDriver.startSession(RemoteWebDriver.java:232)
	at org.openqa.selenium.remote.RemoteWebDriver.&lt;init&gt;(RemoteWebDriver.java:161)
	at org.openqa.selenium.chromium.ChromiumDriver.&lt;init&gt;(ChromiumDriver.java:114)
	at org.openqa.selenium.chrome.ChromeDriver.&lt;init&gt;(ChromeDriver.java:88)
	at org.openqa.selenium.chrome.ChromeDriver.&lt;init&gt;(ChromeDriver.java:83)
	at org.openqa.selenium.chrome.ChromeDriver.&lt;init&gt;(ChromeDriver.java:51)
	at com.qa.base.BaseTest.setup(BaseTest.java:45)
	at java.base/java.util.ArrayList.forEach(ArrayList.java:1596)
... Removed 27 stack frames
</div> <!-- stack-trace -->
                  <em>
(Verify that the Create an Account form contains below mentioned fields : -)                  </em>
                </div> <!-- method-content -->
              </div> <!-- method -->
              <div class="method">
                <div class="method-content">
                  <a name="TS001_TC001(, )">
                  </a> <!-- TS001_TC001(, ) -->
                  <span class="method-name">TS001_TC001</span>
                  <span class="parameters">(,)</span>
                  <div class="stack-trace">org.openqa.selenium.SessionNotCreatedException: Could not start a new session. Response code 500. Message: chrome not reachable 
Host info: host: &apos;DESKTOP-HU52OQ2&apos;, ip: &apos;192.168.56.1&apos;
Build info: version: &apos;4.20.0&apos;, revision: &apos;866c76ca80&apos;
System info: os.name: &apos;Windows 10&apos;, os.arch: &apos;amd64&apos;, os.version: &apos;10.0&apos;, java.version: &apos;21.0.1&apos;
Driver info: org.openqa.selenium.chrome.ChromeDriver
Command: [null, newSession {capabilities=[Capabilities {browserName: chrome, goog:chromeOptions: {args: [], binary: C:\Program Files\Google\Chr..., extensions: []}}]}]
	at org.openqa.selenium.remote.ProtocolHandshake.createSession(ProtocolHandshake.java:114)
	at org.openqa.selenium.remote.ProtocolHandshake.createSession(ProtocolHandshake.java:75)
	at org.openqa.selenium.remote.ProtocolHandshake.createSession(ProtocolHandshake.java:61)
	at org.openqa.selenium.remote.HttpCommandExecutor.execute(HttpCommandExecutor.java:162)
	at org.openqa.selenium.remote.service.DriverCommandExecutor.invokeExecute(DriverCommandExecutor.java:216)
	at org.openqa.selenium.remote.service.DriverCommandExecutor.execute(DriverCommandExecutor.java:174)
	at org.openqa.selenium.remote.RemoteWebDriver.execute(RemoteWebDriver.java:518)
	at org.openqa.selenium.remote.RemoteWebDriver.startSession(RemoteWebDriver.java:232)
	at org.openqa.selenium.remote.RemoteWebDriver.&lt;init&gt;(RemoteWebDriver.java:161)
	at org.openqa.selenium.chromium.ChromiumDriver.&lt;init&gt;(ChromiumDriver.java:114)
	at org.openqa.selenium.chrome.ChromeDriver.&lt;init&gt;(ChromeDriver.java:88)
	at org.openqa.selenium.chrome.ChromeDriver.&lt;init&gt;(ChromeDriver.java:83)
	at org.openqa.selenium.chrome.ChromeDriver.&lt;init&gt;(ChromeDriver.java:51)
	at com.qa.base.BaseTest.setup(BaseTest.java:45)
	at java.base/java.util.ArrayList.forEach(ArrayList.java:1596)
... Removed 27 stack frames
</div> <!-- stack-trace -->
                  <em>
(Verify that the Create an Account form contains below mentioned fields : -)                  </em>
                </div> <!-- method-content -->
              </div> <!-- method -->
              <div class="method">
                <div class="method-content">
                  <a name="TS001_TC001(Email2, Password)">
                  </a> <!-- TS001_TC001(Email2, Password) -->
                  <span class="method-name">TS001_TC001</span>
                  <span class="parameters">(Email2,Password)</span>
                  <div class="stack-trace">org.openqa.selenium.SessionNotCreatedException: Could not start a new session. Response code 500. Message: chrome not reachable 
Host info: host: &apos;DESKTOP-HU52OQ2&apos;, ip: &apos;192.168.56.1&apos;
Build info: version: &apos;4.20.0&apos;, revision: &apos;866c76ca80&apos;
System info: os.name: &apos;Windows 10&apos;, os.arch: &apos;amd64&apos;, os.version: &apos;10.0&apos;, java.version: &apos;21.0.1&apos;
Driver info: org.openqa.selenium.chrome.ChromeDriver
Command: [null, newSession {capabilities=[Capabilities {browserName: chrome, goog:chromeOptions: {args: [], binary: C:\Program Files\Google\Chr..., extensions: []}}]}]
	at org.openqa.selenium.remote.ProtocolHandshake.createSession(ProtocolHandshake.java:114)
	at org.openqa.selenium.remote.ProtocolHandshake.createSession(ProtocolHandshake.java:75)
	at org.openqa.selenium.remote.ProtocolHandshake.createSession(ProtocolHandshake.java:61)
	at org.openqa.selenium.remote.HttpCommandExecutor.execute(HttpCommandExecutor.java:162)
	at org.openqa.selenium.remote.service.DriverCommandExecutor.invokeExecute(DriverCommandExecutor.java:216)
	at org.openqa.selenium.remote.service.DriverCommandExecutor.execute(DriverCommandExecutor.java:174)
	at org.openqa.selenium.remote.RemoteWebDriver.execute(RemoteWebDriver.java:518)
	at org.openqa.selenium.remote.RemoteWebDriver.startSession(RemoteWebDriver.java:232)
	at org.openqa.selenium.remote.RemoteWebDriver.&lt;init&gt;(RemoteWebDriver.java:161)
	at org.openqa.selenium.chromium.ChromiumDriver.&lt;init&gt;(ChromiumDriver.java:114)
	at org.openqa.selenium.chrome.ChromeDriver.&lt;init&gt;(ChromeDriver.java:88)
	at org.openqa.selenium.chrome.ChromeDriver.&lt;init&gt;(ChromeDriver.java:83)
	at org.openqa.selenium.chrome.ChromeDriver.&lt;init&gt;(ChromeDriver.java:51)
	at com.qa.base.BaseTest.setup(BaseTest.java:45)
	at java.base/java.util.ArrayList.forEach(ArrayList.java:1596)
... Removed 27 stack frames
</div> <!-- stack-trace -->
                  <em>
(Verify that the Create an Account form contains below mentioned fields : -)                  </em>
                </div> <!-- method-content -->
              </div> <!-- method -->
              <div class="method">
                <div class="method-content">
                  <a name="TS001_TC001(, )">
                  </a> <!-- TS001_TC001(, ) -->
                  <span class="method-name">TS001_TC001</span>
                  <span class="parameters">(,)</span>
                  <div class="stack-trace">org.openqa.selenium.SessionNotCreatedException: Could not start a new session. Response code 500. Message: chrome not reachable 
Host info: host: &apos;DESKTOP-HU52OQ2&apos;, ip: &apos;192.168.56.1&apos;
Build info: version: &apos;4.20.0&apos;, revision: &apos;866c76ca80&apos;
System info: os.name: &apos;Windows 10&apos;, os.arch: &apos;amd64&apos;, os.version: &apos;10.0&apos;, java.version: &apos;21.0.1&apos;
Driver info: org.openqa.selenium.chrome.ChromeDriver
Command: [null, newSession {capabilities=[Capabilities {browserName: chrome, goog:chromeOptions: {args: [], binary: C:\Program Files\Google\Chr..., extensions: []}}]}]
	at org.openqa.selenium.remote.ProtocolHandshake.createSession(ProtocolHandshake.java:114)
	at org.openqa.selenium.remote.ProtocolHandshake.createSession(ProtocolHandshake.java:75)
	at org.openqa.selenium.remote.ProtocolHandshake.createSession(ProtocolHandshake.java:61)
	at org.openqa.selenium.remote.HttpCommandExecutor.execute(HttpCommandExecutor.java:162)
	at org.openqa.selenium.remote.service.DriverCommandExecutor.invokeExecute(DriverCommandExecutor.java:216)
	at org.openqa.selenium.remote.service.DriverCommandExecutor.execute(DriverCommandExecutor.java:174)
	at org.openqa.selenium.remote.RemoteWebDriver.execute(RemoteWebDriver.java:518)
	at org.openqa.selenium.remote.RemoteWebDriver.startSession(RemoteWebDriver.java:232)
	at org.openqa.selenium.remote.RemoteWebDriver.&lt;init&gt;(RemoteWebDriver.java:161)
	at org.openqa.selenium.chromium.ChromiumDriver.&lt;init&gt;(ChromiumDriver.java:114)
	at org.openqa.selenium.chrome.ChromeDriver.&lt;init&gt;(ChromeDriver.java:88)
	at org.openqa.selenium.chrome.ChromeDriver.&lt;init&gt;(ChromeDriver.java:83)
	at org.openqa.selenium.chrome.ChromeDriver.&lt;init&gt;(ChromeDriver.java:51)
	at com.qa.base.BaseTest.setup(BaseTest.java:45)
	at java.base/java.util.ArrayList.forEach(ArrayList.java:1596)
... Removed 27 stack frames
</div> <!-- stack-trace -->
                  <em>
(Verify that the Create an Account form contains below mentioned fields : -)                  </em>
                </div> <!-- method-content -->
              </div> <!-- method -->
            </div> <!-- main-panel-content rounded-window-bottom -->
          </div> <!-- suite-Suite-class-skipped -->
          <div class="suite-Suite-class-skipped">
            <div class="main-panel-header rounded-window-top">
              <img src="skipped.png"/>
              <span class="class-name">com.qa.testcases.ts001.TS001_TC002</span>
            </div> <!-- main-panel-header rounded-window-top -->
            <div class="main-panel-content rounded-window-bottom">
              <div class="method">
                <div class="method-content">
                  <a name="TS001_TC002(Demo, Minimum length of this field must be equal or greater than 8 symbols. Leading and trailing spa...)">
                  </a> <!-- TS001_TC002(Demo, Minimum length of this field must be equal or greater than 8 symbols. Leading and trailing spa...) -->
                  <span class="method-name">TS001_TC002</span>
                  <span class="parameters">(Demo,Minimum length of this field must be equal or greater than 8 symbols. Leading and trailing spaces will be ignored.)</span>
                  <div class="stack-trace">org.openqa.selenium.TimeoutException: java.util.concurrent.TimeoutException
Build info: version: &apos;4.20.0&apos;, revision: &apos;866c76ca80&apos;
System info: os.name: &apos;Windows 10&apos;, os.arch: &apos;amd64&apos;, os.version: &apos;10.0&apos;, java.version: &apos;21.0.1&apos;
Driver info: org.openqa.selenium.chrome.ChromeDriver
Command: [2f86b7c93009cca5fc37a9997fc9c183, get {url=https://magento.softwaretestingboard.com/}]
Capabilities {acceptInsecureCerts: false, browserName: chrome, browserVersion: 125.0.6422.142, chrome: {chromedriverVersion: 125.0.6422.141 (4b1e8393712..., userDataDir: C:\Users\razda\AppData\Loca...}, fedcm:accounts: true, goog:chromeOptions: {debuggerAddress: localhost:53097}, networkConnectionEnabled: false, pageLoadStrategy: normal, platformName: windows, proxy: Proxy(), se:cdp: ws://localhost:53097/devtoo..., se:cdpVersion: 125.0.6422.142, setWindowRect: true, strictFileInteractability: false, timeouts: {implicit: 0, pageLoad: 300000, script: 30000}, unhandledPromptBehavior: dismiss and notify, webauthn:extension:credBlob: true, webauthn:extension:largeBlob: true, webauthn:extension:minPinLength: true, webauthn:extension:prf: true, webauthn:virtualAuthenticators: true}
Session ID: 2f86b7c93009cca5fc37a9997fc9c183
	at org.openqa.selenium.remote.http.jdk.JdkHttpClient.execute0(JdkHttpClient.java:396)
	at org.openqa.selenium.remote.http.AddSeleniumUserAgent.lambda$apply$0(AddSeleniumUserAgent.java:42)
	at org.openqa.selenium.remote.http.Filter.lambda$andFinally$1(Filter.java:55)
	at org.openqa.selenium.remote.http.jdk.JdkHttpClient.execute(JdkHttpClient.java:352)
	at org.openqa.selenium.remote.HttpCommandExecutor.execute(HttpCommandExecutor.java:187)
	at org.openqa.selenium.remote.service.DriverCommandExecutor.invokeExecute(DriverCommandExecutor.java:216)
	at org.openqa.selenium.remote.service.DriverCommandExecutor.execute(DriverCommandExecutor.java:174)
	at org.openqa.selenium.remote.RemoteWebDriver.execute(RemoteWebDriver.java:518)
	at org.openqa.selenium.remote.RemoteWebDriver.get(RemoteWebDriver.java:300)
	at com.qa.base.BaseTest.setup(BaseTest.java:48)
	at java.base/java.util.ArrayList.forEach(ArrayList.java:1596)
Caused by: java.util.concurrent.TimeoutException
	at java.base/java.util.concurrent.CompletableFuture.timedGet(CompletableFuture.java:1960)
	at java.base/java.util.concurrent.CompletableFuture.get(CompletableFuture.java:2095)
	at org.openqa.selenium.remote.http.jdk.JdkHttpClient.execute0(JdkHttpClient.java:379)
	... 37 more
... Removed 27 stack frames
</div> <!-- stack-trace -->
                  <em>
(Verify presence of valid placeholder under Password label Testbox 'Minimum length of this field must be equal or greater than 8 symbols. Leading and trailing spaces will be ignored.')                  </em>
                </div> <!-- method-content -->
              </div> <!-- method -->
              <div class="method">
                <div class="method-content">
                  <a name="TS001_TC002(Demo1, Minimum length of this field must be equal or greater than 8 symbols. Leading and trailing sp...)">
                  </a> <!-- TS001_TC002(Demo1, Minimum length of this field must be equal or greater than 8 symbols. Leading and trailing sp...) -->
                  <span class="method-name">TS001_TC002</span>
                  <span class="parameters">(Demo1,Minimum length of this field must be equal or greater than 8 symbols. Leading and trailing spaces will be ignored.)</span>
                  <div class="stack-trace">org.openqa.selenium.TimeoutException: java.util.concurrent.TimeoutException
Build info: version: &apos;4.20.0&apos;, revision: &apos;866c76ca80&apos;
System info: os.name: &apos;Windows 10&apos;, os.arch: &apos;amd64&apos;, os.version: &apos;10.0&apos;, java.version: &apos;21.0.1&apos;
Driver info: org.openqa.selenium.chrome.ChromeDriver
Command: [2f86b7c93009cca5fc37a9997fc9c183, get {url=https://magento.softwaretestingboard.com/}]
Capabilities {acceptInsecureCerts: false, browserName: chrome, browserVersion: 125.0.6422.142, chrome: {chromedriverVersion: 125.0.6422.141 (4b1e8393712..., userDataDir: C:\Users\razda\AppData\Loca...}, fedcm:accounts: true, goog:chromeOptions: {debuggerAddress: localhost:53097}, networkConnectionEnabled: false, pageLoadStrategy: normal, platformName: windows, proxy: Proxy(), se:cdp: ws://localhost:53097/devtoo..., se:cdpVersion: 125.0.6422.142, setWindowRect: true, strictFileInteractability: false, timeouts: {implicit: 0, pageLoad: 300000, script: 30000}, unhandledPromptBehavior: dismiss and notify, webauthn:extension:credBlob: true, webauthn:extension:largeBlob: true, webauthn:extension:minPinLength: true, webauthn:extension:prf: true, webauthn:virtualAuthenticators: true}
Session ID: 2f86b7c93009cca5fc37a9997fc9c183
	at org.openqa.selenium.remote.http.jdk.JdkHttpClient.execute0(JdkHttpClient.java:396)
	at org.openqa.selenium.remote.http.AddSeleniumUserAgent.lambda$apply$0(AddSeleniumUserAgent.java:42)
	at org.openqa.selenium.remote.http.Filter.lambda$andFinally$1(Filter.java:55)
	at org.openqa.selenium.remote.http.jdk.JdkHttpClient.execute(JdkHttpClient.java:352)
	at org.openqa.selenium.remote.HttpCommandExecutor.execute(HttpCommandExecutor.java:187)
	at org.openqa.selenium.remote.service.DriverCommandExecutor.invokeExecute(DriverCommandExecutor.java:216)
	at org.openqa.selenium.remote.service.DriverCommandExecutor.execute(DriverCommandExecutor.java:174)
	at org.openqa.selenium.remote.RemoteWebDriver.execute(RemoteWebDriver.java:518)
	at org.openqa.selenium.remote.RemoteWebDriver.get(RemoteWebDriver.java:300)
	at com.qa.base.BaseTest.setup(BaseTest.java:48)
	at java.base/java.util.ArrayList.forEach(ArrayList.java:1596)
Caused by: java.util.concurrent.TimeoutException
	at java.base/java.util.concurrent.CompletableFuture.timedGet(CompletableFuture.java:1960)
	at java.base/java.util.concurrent.CompletableFuture.get(CompletableFuture.java:2095)
	at org.openqa.selenium.remote.http.jdk.JdkHttpClient.execute0(JdkHttpClient.java:379)
	... 37 more
... Removed 27 stack frames
</div> <!-- stack-trace -->
                  <em>
(Verify presence of valid placeholder under Password label Testbox 'Minimum length of this field must be equal or greater than 8 symbols. Leading and trailing spaces will be ignored.')                  </em>
                </div> <!-- method-content -->
              </div> <!-- method -->
              <div class="method">
                <div class="method-content">
                  <a name="TS001_TC002(122344, Minimum length of this field must be equal or greater than 8 symbols. Leading and trailing s...)">
                  </a> <!-- TS001_TC002(122344, Minimum length of this field must be equal or greater than 8 symbols. Leading and trailing s...) -->
                  <span class="method-name">TS001_TC002</span>
                  <span class="parameters">(122344,Minimum length of this field must be equal or greater than 8 symbols. Leading and trailing spaces will be ignored.)</span>
                  <div class="stack-trace">org.openqa.selenium.TimeoutException: java.util.concurrent.TimeoutException
Build info: version: &apos;4.20.0&apos;, revision: &apos;866c76ca80&apos;
System info: os.name: &apos;Windows 10&apos;, os.arch: &apos;amd64&apos;, os.version: &apos;10.0&apos;, java.version: &apos;21.0.1&apos;
Driver info: org.openqa.selenium.chrome.ChromeDriver
Command: [2f86b7c93009cca5fc37a9997fc9c183, get {url=https://magento.softwaretestingboard.com/}]
Capabilities {acceptInsecureCerts: false, browserName: chrome, browserVersion: 125.0.6422.142, chrome: {chromedriverVersion: 125.0.6422.141 (4b1e8393712..., userDataDir: C:\Users\razda\AppData\Loca...}, fedcm:accounts: true, goog:chromeOptions: {debuggerAddress: localhost:53097}, networkConnectionEnabled: false, pageLoadStrategy: normal, platformName: windows, proxy: Proxy(), se:cdp: ws://localhost:53097/devtoo..., se:cdpVersion: 125.0.6422.142, setWindowRect: true, strictFileInteractability: false, timeouts: {implicit: 0, pageLoad: 300000, script: 30000}, unhandledPromptBehavior: dismiss and notify, webauthn:extension:credBlob: true, webauthn:extension:largeBlob: true, webauthn:extension:minPinLength: true, webauthn:extension:prf: true, webauthn:virtualAuthenticators: true}
Session ID: 2f86b7c93009cca5fc37a9997fc9c183
	at org.openqa.selenium.remote.http.jdk.JdkHttpClient.execute0(JdkHttpClient.java:396)
	at org.openqa.selenium.remote.http.AddSeleniumUserAgent.lambda$apply$0(AddSeleniumUserAgent.java:42)
	at org.openqa.selenium.remote.http.Filter.lambda$andFinally$1(Filter.java:55)
	at org.openqa.selenium.remote.http.jdk.JdkHttpClient.execute(JdkHttpClient.java:352)
	at org.openqa.selenium.remote.HttpCommandExecutor.execute(HttpCommandExecutor.java:187)
	at org.openqa.selenium.remote.service.DriverCommandExecutor.invokeExecute(DriverCommandExecutor.java:216)
	at org.openqa.selenium.remote.service.DriverCommandExecutor.execute(DriverCommandExecutor.java:174)
	at org.openqa.selenium.remote.RemoteWebDriver.execute(RemoteWebDriver.java:518)
	at org.openqa.selenium.remote.RemoteWebDriver.get(RemoteWebDriver.java:300)
	at com.qa.base.BaseTest.setup(BaseTest.java:48)
	at java.base/java.util.ArrayList.forEach(ArrayList.java:1596)
Caused by: java.util.concurrent.TimeoutException
	at java.base/java.util.concurrent.CompletableFuture.timedGet(CompletableFuture.java:1960)
	at java.base/java.util.concurrent.CompletableFuture.get(CompletableFuture.java:2095)
	at org.openqa.selenium.remote.http.jdk.JdkHttpClient.execute0(JdkHttpClient.java:379)
	... 37 more
... Removed 27 stack frames
</div> <!-- stack-trace -->
                  <em>
(Verify presence of valid placeholder under Password label Testbox 'Minimum length of this field must be equal or greater than 8 symbols. Leading and trailing spaces will be ignored.')                  </em>
                </div> <!-- method-content -->
              </div> <!-- method -->
              <div class="method">
                <div class="method-content">
                  <a name="TS001_TC002(@233434#, Minimum length of this field must be equal or greater than 8 symbols. Leading and trailing...)">
                  </a> <!-- TS001_TC002(@233434#, Minimum length of this field must be equal or greater than 8 symbols. Leading and trailing...) -->
                  <span class="method-name">TS001_TC002</span>
                  <span class="parameters">(@233434#,Minimum length of this field must be equal or greater than 8 symbols. Leading and trailing spaces will be ignored.)</span>
                  <div class="stack-trace">org.openqa.selenium.TimeoutException: java.util.concurrent.TimeoutException
Build info: version: &apos;4.20.0&apos;, revision: &apos;866c76ca80&apos;
System info: os.name: &apos;Windows 10&apos;, os.arch: &apos;amd64&apos;, os.version: &apos;10.0&apos;, java.version: &apos;21.0.1&apos;
Driver info: org.openqa.selenium.chrome.ChromeDriver
Command: [2f86b7c93009cca5fc37a9997fc9c183, get {url=https://magento.softwaretestingboard.com/}]
Capabilities {acceptInsecureCerts: false, browserName: chrome, browserVersion: 125.0.6422.142, chrome: {chromedriverVersion: 125.0.6422.141 (4b1e8393712..., userDataDir: C:\Users\razda\AppData\Loca...}, fedcm:accounts: true, goog:chromeOptions: {debuggerAddress: localhost:53097}, networkConnectionEnabled: false, pageLoadStrategy: normal, platformName: windows, proxy: Proxy(), se:cdp: ws://localhost:53097/devtoo..., se:cdpVersion: 125.0.6422.142, setWindowRect: true, strictFileInteractability: false, timeouts: {implicit: 0, pageLoad: 300000, script: 30000}, unhandledPromptBehavior: dismiss and notify, webauthn:extension:credBlob: true, webauthn:extension:largeBlob: true, webauthn:extension:minPinLength: true, webauthn:extension:prf: true, webauthn:virtualAuthenticators: true}
Session ID: 2f86b7c93009cca5fc37a9997fc9c183
	at org.openqa.selenium.remote.http.jdk.JdkHttpClient.execute0(JdkHttpClient.java:396)
	at org.openqa.selenium.remote.http.AddSeleniumUserAgent.lambda$apply$0(AddSeleniumUserAgent.java:42)
	at org.openqa.selenium.remote.http.Filter.lambda$andFinally$1(Filter.java:55)
	at org.openqa.selenium.remote.http.jdk.JdkHttpClient.execute(JdkHttpClient.java:352)
	at org.openqa.selenium.remote.HttpCommandExecutor.execute(HttpCommandExecutor.java:187)
	at org.openqa.selenium.remote.service.DriverCommandExecutor.invokeExecute(DriverCommandExecutor.java:216)
	at org.openqa.selenium.remote.service.DriverCommandExecutor.execute(DriverCommandExecutor.java:174)
	at org.openqa.selenium.remote.RemoteWebDriver.execute(RemoteWebDriver.java:518)
	at org.openqa.selenium.remote.RemoteWebDriver.get(RemoteWebDriver.java:300)
	at com.qa.base.BaseTest.setup(BaseTest.java:48)
	at java.base/java.util.ArrayList.forEach(ArrayList.java:1596)
Caused by: java.util.concurrent.TimeoutException
	at java.base/java.util.concurrent.CompletableFuture.timedGet(CompletableFuture.java:1960)
	at java.base/java.util.concurrent.CompletableFuture.get(CompletableFuture.java:2095)
	at org.openqa.selenium.remote.http.jdk.JdkHttpClient.execute0(JdkHttpClient.java:379)
	... 37 more
... Removed 27 stack frames
</div> <!-- stack-trace -->
                  <em>
(Verify presence of valid placeholder under Password label Testbox 'Minimum length of this field must be equal or greater than 8 symbols. Leading and trailing spaces will be ignored.')                  </em>
                </div> <!-- method-content -->
              </div> <!-- method -->
            </div> <!-- main-panel-content rounded-window-bottom -->
          </div> <!-- suite-Suite-class-skipped -->
          <div class="suite-Suite-class-passed">
            <div class="main-panel-header rounded-window-top">
              <img src="passed.png"/>
              <span class="class-name">com.qa.testcases.ts002.TS002_TC003</span>
            </div> <!-- main-panel-header rounded-window-top -->
            <div class="main-panel-content rounded-window-bottom">
              <div class="method">
                <div class="method-content">
                  <a name="TS002_TC003(razdanamit51@gmail.com, Chericof1#)">
                  </a> <!-- TS002_TC003(razdanamit51@gmail.com, Chericof1#) -->
                  <span class="method-name">TS002_TC003</span>
                  <span class="parameters">(razdanamit51@gmail.com,Chericof1#)</span>
                  <em>
(Verify that user is able to Sign in successfully provided user enters correct username and password in username and password textboxes followed by click on Sign In button)                  </em>
                </div> <!-- method-content -->
              </div> <!-- method -->
            </div> <!-- main-panel-content rounded-window-bottom -->
          </div> <!-- suite-Suite-class-passed -->
          <div class="suite-Suite-class-passed">
            <div class="main-panel-header rounded-window-top">
              <img src="passed.png"/>
              <span class="class-name">com.qa.testcases.ts002.TS002_TC002</span>
            </div> <!-- main-panel-header rounded-window-top -->
            <div class="main-panel-content rounded-window-bottom">
              <div class="method">
                <div class="method-content">
                  <a name="TS002_TC002(, Chericof1#, This is a required field., NA)">
                  </a> <!-- TS002_TC002(, Chericof1#, This is a required field., NA) -->
                  <span class="method-name">TS002_TC002</span>
                  <span class="parameters">(,Chericof1#,This is a required field.,NA)</span>
                  <em>
(Verify that user gets an error message as 'This is required' under Email/Password textbox provided enters do not enter any value and clicks on SignIn button)                  </em>
                </div> <!-- method-content -->
              </div> <!-- method -->
              <div class="method">
                <div class="method-content">
                  <a name="TS002_TC002(razdanamit51@gmail.com, , NA, This is a required field.)">
                  </a> <!-- TS002_TC002(razdanamit51@gmail.com, , NA, This is a required field.) -->
                  <span class="method-name">TS002_TC002</span>
                  <span class="parameters">(razdanamit51@gmail.com,,NA,This is a required field.)</span>
                  <em>
(Verify that user gets an error message as 'This is required' under Email/Password textbox provided enters do not enter any value and clicks on SignIn button)                  </em>
                </div> <!-- method-content -->
              </div> <!-- method -->
              <div class="method">
                <div class="method-content">
                  <a name="TS002_TC002(, , This is a required field., This is a required field.)">
                  </a> <!-- TS002_TC002(, , This is a required field., This is a required field.) -->
                  <span class="method-name">TS002_TC002</span>
                  <span class="parameters">(,,This is a required field.,This is a required field.)</span>
                  <em>
(Verify that user gets an error message as 'This is required' under Email/Password textbox provided enters do not enter any value and clicks on SignIn button)                  </em>
                </div> <!-- method-content -->
              </div> <!-- method -->
            </div> <!-- main-panel-content rounded-window-bottom -->
          </div> <!-- suite-Suite-class-passed -->
          <div class="suite-Suite-class-passed">
            <div class="main-panel-header rounded-window-top">
              <img src="passed.png"/>
              <span class="class-name">com.qa.testcases.ts005.TS005_TC003</span>
            </div> <!-- main-panel-header rounded-window-top -->
            <div class="main-panel-content rounded-window-bottom">
              <div class="method">
                <div class="method-content">
                  <a name="TS005_TC003(demo1)">
                  </a> <!-- TS005_TC003(demo1) -->
                  <span class="method-name">TS005_TC003</span>
                  <span class="parameters">(demo1)</span>
                  <em>
(Verify that search icon with search textbox gets enabled as soon as user enters any string/char in search textbox)                  </em>
                </div> <!-- method-content -->
              </div> <!-- method -->
              <div class="method">
                <div class="method-content">
                  <a name="TS005_TC003(demo2)">
                  </a> <!-- TS005_TC003(demo2) -->
                  <span class="method-name">TS005_TC003</span>
                  <span class="parameters">(demo2)</span>
                  <em>
(Verify that search icon with search textbox gets enabled as soon as user enters any string/char in search textbox)                  </em>
                </div> <!-- method-content -->
              </div> <!-- method -->
            </div> <!-- main-panel-content rounded-window-bottom -->
          </div> <!-- suite-Suite-class-passed -->
          <div class="suite-Suite-class-passed">
            <div class="main-panel-header rounded-window-top">
              <img src="passed.png"/>
              <span class="class-name">com.qa.testcases.ts003.TS003_TC002</span>
            </div> <!-- main-panel-header rounded-window-top -->
            <div class="main-panel-content rounded-window-bottom">
              <div class="method">
                <div class="method-content">
                  <a name="TS003_TC002(, This is a required field.)">
                  </a> <!-- TS003_TC002(, This is a required field.) -->
                  <span class="method-name">TS003_TC002</span>
                  <span class="parameters">(,This is a required field.)</span>
                  <em>
(Verify that 'Required field' error message is displayed under all Mandatory fields provded user clicks on 'Reset my password' button without entering any value in Mandatory field textbox.)                  </em>
                </div> <!-- method-content -->
              </div> <!-- method -->
            </div> <!-- main-panel-content rounded-window-bottom -->
          </div> <!-- suite-Suite-class-passed -->
          <div class="suite-Suite-class-passed">
            <div class="main-panel-header rounded-window-top">
              <img src="passed.png"/>
              <span class="class-name">com.qa.testcases.ts001.TS001_TC003</span>
            </div> <!-- main-panel-header rounded-window-top -->
            <div class="main-panel-content rounded-window-bottom">
              <div class="method">
                <div class="method-content">
                  <a name="TS001_TC003(This is a required field., This is a required field., This is a required field., This is a required ...)">
                  </a> <!-- TS001_TC003(This is a required field., This is a required field., This is a required field., This is a required ...) -->
                  <span class="method-name">TS001_TC003</span>
                  <span class="parameters">(This is a required field.,This is a required field.,This is a required field.,This is a required field.,This is a required field.)</span>
                  <em>
(Verify that system generates a validation message when clicking on submit button without filling all the mandatory fields.)                  </em>
                </div> <!-- method-content -->
              </div> <!-- method -->
            </div> <!-- main-panel-content rounded-window-bottom -->
          </div> <!-- suite-Suite-class-passed -->
          <div class="suite-Suite-class-passed">
            <div class="main-panel-header rounded-window-top">
              <img src="passed.png"/>
              <span class="class-name">com.qa.testcases.ts005.TS005_TC002</span>
            </div> <!-- main-panel-header rounded-window-top -->
            <div class="main-panel-content rounded-window-bottom">
              <div class="method">
                <div class="method-content">
                  <a name="TS005_TC002(demo2)">
                  </a> <!-- TS005_TC002(demo2) -->
                  <span class="method-name">TS005_TC002</span>
                  <span class="parameters">(demo2)</span>
                  <em>
(Verify that the search textbox is empty and enabled by default with search icon disabled by default)                  </em>
                </div> <!-- method-content -->
              </div> <!-- method -->
            </div> <!-- main-panel-content rounded-window-bottom -->
          </div> <!-- suite-Suite-class-passed -->
          <div class="suite-Suite-class-passed">
            <div class="main-panel-header rounded-window-top">
              <img src="passed.png"/>
              <span class="class-name">com.qa.testcases.ts004.TS004_TC005</span>
            </div> <!-- main-panel-header rounded-window-top -->
            <div class="main-panel-content rounded-window-bottom">
              <div class="method">
                <div class="method-content">
                  <a name="TS004_TC005(razdanamit51@gmail.com, Chericof1#, @3244, Your search returned no results.)">
                  </a> <!-- TS004_TC005(razdanamit51@gmail.com, Chericof1#, @3244, Your search returned no results.) -->
                  <span class="method-name">TS004_TC005</span>
                  <span class="parameters">(razdanamit51@gmail.com,Chericof1#,@3244,Your search returned no results.)</span>
                  <em>
(Verify that user gets an error message as part of result outcome as follows provided user enters any inappropriate search keyword

Error message: "Your search returned no results.")                  </em>
                </div> <!-- method-content -->
              </div> <!-- method -->
            </div> <!-- main-panel-content rounded-window-bottom -->
          </div> <!-- suite-Suite-class-passed -->
          <div class="suite-Suite-class-passed">
            <div class="main-panel-header rounded-window-top">
              <img src="passed.png"/>
              <span class="class-name">com.qa.testcases.ts001.TS001_TC005</span>
            </div> <!-- main-panel-header rounded-window-top -->
            <div class="main-panel-content rounded-window-bottom">
              <div class="method">
                <div class="method-content">
                  <a name="TS001_TC005(demo)">
                  </a> <!-- TS001_TC005(demo) -->
                  <span class="method-name">TS001_TC005</span>
                  <span class="parameters">(demo)</span>
                  <em>
(Verify that the password is in encrypted form when entered)                  </em>
                </div> <!-- method-content -->
              </div> <!-- method -->
              <div class="method">
                <div class="method-content">
                  <a name="TS001_TC005(@33435##$2)">
                  </a> <!-- TS001_TC005(@33435##$2) -->
                  <span class="method-name">TS001_TC005</span>
                  <span class="parameters">(@33435##$2)</span>
                  <em>
(Verify that the password is in encrypted form when entered)                  </em>
                </div> <!-- method-content -->
              </div> <!-- method -->
            </div> <!-- main-panel-content rounded-window-bottom -->
          </div> <!-- suite-Suite-class-passed -->
          <div class="suite-Suite-class-passed">
            <div class="main-panel-header rounded-window-top">
              <img src="passed.png"/>
              <span class="class-name">com.qa.testcases.ts005.TS005_TC001</span>
            </div> <!-- main-panel-header rounded-window-top -->
            <div class="main-panel-content rounded-window-bottom">
              <div class="method">
                <div class="method-content">
                  <a name="TS005_TC001(1)">
                  </a> <!-- TS005_TC001(1) -->
                  <span class="method-name">TS005_TC001</span>
                  <span class="parameters">(1)</span>
                  <em>
(Ensure that the search textbox is present on below mentioned pages pre-login: -Home PageWhat's New pageWomen's pageMens's pageGear's pageTrainings pageSale's pageShopping Cart page, Sign In pageand Not on below mentioned page :-
Checkout's Shipping page
Checkout's Payment page)                  </em>
                </div> <!-- method-content -->
              </div> <!-- method -->
            </div> <!-- main-panel-content rounded-window-bottom -->
          </div> <!-- suite-Suite-class-passed -->
          <div class="suite-Suite-class-passed">
            <div class="main-panel-header rounded-window-top">
              <img src="passed.png"/>
              <span class="class-name">com.qa.testcases.ts005.TS005_TC005</span>
            </div> <!-- main-panel-header rounded-window-top -->
            <div class="main-panel-content rounded-window-bottom">
              <div class="method">
                <div class="method-content">
                  <a name="TS005_TC005(@3244, Your search returned no results.)">
                  </a> <!-- TS005_TC005(@3244, Your search returned no results.) -->
                  <span class="method-name">TS005_TC005</span>
                  <span class="parameters">(@3244,Your search returned no results.)</span>
                  <em>
(Verify that user gets an error message as part of result outcome as follows provided user enters any inappropriate search keyword

Error message: "Your search returned no results.")                  </em>
                </div> <!-- method-content -->
              </div> <!-- method -->
              <div class="method">
                <div class="method-content">
                  <a name="TS005_TC005(@3244, Your search returned no results.)">
                  </a> <!-- TS005_TC005(@3244, Your search returned no results.) -->
                  <span class="method-name">TS005_TC005</span>
                  <span class="parameters">(@3244,Your search returned no results.)</span>
                  <em>
(Verify that user gets an error message as part of result outcome as follows provided user enters any inappropriate search keyword

Error message: "Your search returned no results.")                  </em>
                </div> <!-- method-content -->
              </div> <!-- method -->
            </div> <!-- main-panel-content rounded-window-bottom -->
          </div> <!-- suite-Suite-class-passed -->
          <div class="suite-Suite-class-passed">
            <div class="main-panel-header rounded-window-top">
              <img src="passed.png"/>
              <span class="class-name">com.qa.testcases.ts004.TS004_TC001</span>
            </div> <!-- main-panel-header rounded-window-top -->
            <div class="main-panel-content rounded-window-bottom">
              <div class="method">
                <div class="method-content">
                  <a name="TS004_TC001(razdanamit51@gmail.com, Chericof1#)">
                  </a> <!-- TS004_TC001(razdanamit51@gmail.com, Chericof1#) -->
                  <span class="method-name">TS004_TC001</span>
                  <span class="parameters">(razdanamit51@gmail.com,Chericof1#)</span>
                  <em>
(Ensure that the search textbox is present on below mentioned pages post login: -Home PageWhat's New pageWomen's pageMens's pageGear's pageTrainings pageSale's pageShopping Cart pageMy Account pageMy Wishlist page)                  </em>
                </div> <!-- method-content -->
              </div> <!-- method -->
              <div class="method">
                <div class="method-content">
                  <a name="TS004_TC001(razdanamit51@gmail.com, Chericof1#)">
                  </a> <!-- TS004_TC001(razdanamit51@gmail.com, Chericof1#) -->
                  <span class="method-name">TS004_TC001</span>
                  <span class="parameters">(razdanamit51@gmail.com,Chericof1#)</span>
                  <em>
(Ensure that the search textbox is present on below mentioned pages post login: -Home PageWhat's New pageWomen's pageMens's pageGear's pageTrainings pageSale's pageShopping Cart pageMy Account pageMy Wishlist page)                  </em>
                </div> <!-- method-content -->
              </div> <!-- method -->
            </div> <!-- main-panel-content rounded-window-bottom -->
          </div> <!-- suite-Suite-class-passed -->
          <div class="suite-Suite-class-passed">
            <div class="main-panel-header rounded-window-top">
              <img src="passed.png"/>
              <span class="class-name">com.qa.testcases.ts004.TS004_TC004</span>
            </div> <!-- main-panel-header rounded-window-top -->
            <div class="main-panel-content rounded-window-bottom">
              <div class="method">
                <div class="method-content">
                  <a name="TS004_TC004(razdanamit51@gmail.com, Chericof1#, Jacket, 12)">
                  </a> <!-- TS004_TC004(razdanamit51@gmail.com, Chericof1#, Jacket, 12) -->
                  <span class="method-name">TS004_TC004</span>
                  <span class="parameters">(razdanamit51@gmail.com,Chericof1#,Jacket,12)</span>
                  <em>
(Verify that user is able to get products as part of searched results based on the keyword been entered by user in search textbox followed by click on search icon and a label as follows :-Search results for: '<entered keyword>')                  </em>
                </div> <!-- method-content -->
              </div> <!-- method -->
            </div> <!-- main-panel-content rounded-window-bottom -->
          </div> <!-- suite-Suite-class-passed -->
          <div class="suite-Suite-class-passed">
            <div class="main-panel-header rounded-window-top">
              <img src="passed.png"/>
              <span class="class-name">com.qa.testcases.ts001.TS001_TC004</span>
            </div> <!-- main-panel-header rounded-window-top -->
            <div class="main-panel-content rounded-window-bottom">
              <div class="method">
                <div class="method-content">
                  <a name="TS001_TC004( ,  ,  ,  ,  , This is a required field., This is a required field., This is a required field., This...)">
                  </a> <!-- TS001_TC004( ,  ,  ,  ,  , This is a required field., This is a required field., This is a required field., This...) -->
                  <span class="method-name">TS001_TC004</span>
                  <span class="parameters">( , , , , ,This is a required field.,This is a required field.,This is a required field.,This is a required field.,This is a required field.)</span>
                  <em>
(Verify that entering blank spaces on mandatory fields lead to validation error)                  </em>
                </div> <!-- method-content -->
              </div> <!-- method -->
            </div> <!-- main-panel-content rounded-window-bottom -->
          </div> <!-- suite-Suite-class-passed -->
          <div class="suite-Suite-class-passed">
            <div class="main-panel-header rounded-window-top">
              <img src="passed.png"/>
              <span class="class-name">com.qa.testcases.ts002.TS002_TC001</span>
            </div> <!-- main-panel-header rounded-window-top -->
            <div class="main-panel-content rounded-window-bottom">
              <div class="method">
                <div class="method-content">
                  <a name="TS002_TC001(Email, Password)">
                  </a> <!-- TS002_TC001(Email, Password) -->
                  <span class="method-name">TS002_TC001</span>
                  <span class="parameters">(Email,Password)</span>
                  <em>
(Verify that the Sign In form contains fields as per requirement 2)                  </em>
                </div> <!-- method-content -->
              </div> <!-- method -->
            </div> <!-- main-panel-content rounded-window-bottom -->
          </div> <!-- suite-Suite-class-passed -->
          <div class="suite-Suite-class-passed">
            <div class="main-panel-header rounded-window-top">
              <img src="passed.png"/>
              <span class="class-name">com.qa.testcases.ts004.TS004_TC003</span>
            </div> <!-- main-panel-header rounded-window-top -->
            <div class="main-panel-content rounded-window-bottom">
              <div class="method">
                <div class="method-content">
                  <a name="TS004_TC003(razdanamit51@gmail.com, Chericof1#, demo)">
                  </a> <!-- TS004_TC003(razdanamit51@gmail.com, Chericof1#, demo) -->
                  <span class="method-name">TS004_TC003</span>
                  <span class="parameters">(razdanamit51@gmail.com,Chericof1#,demo)</span>
                  <em>
(Verify that search icon with search textbox gets enabled as soon as user enters any string/char in search textbox)                  </em>
                </div> <!-- method-content -->
              </div> <!-- method -->
              <div class="method">
                <div class="method-content">
                  <a name="TS004_TC003(razdanamit51@gmail.com, Chericof1#, demo)">
                  </a> <!-- TS004_TC003(razdanamit51@gmail.com, Chericof1#, demo) -->
                  <span class="method-name">TS004_TC003</span>
                  <span class="parameters">(razdanamit51@gmail.com,Chericof1#,demo)</span>
                  <em>
(Verify that search icon with search textbox gets enabled as soon as user enters any string/char in search textbox)                  </em>
                </div> <!-- method-content -->
              </div> <!-- method -->
            </div> <!-- main-panel-content rounded-window-bottom -->
          </div> <!-- suite-Suite-class-passed -->
          <div class="suite-Suite-class-passed">
            <div class="main-panel-header rounded-window-top">
              <img src="passed.png"/>
              <span class="class-name">com.qa.testcases.ts003.TS003_TC001</span>
            </div> <!-- main-panel-header rounded-window-top -->
            <div class="main-panel-content rounded-window-bottom">
              <div class="method">
                <div class="method-content">
                  <a name="TS003_TC001(Forgot Your Password?, Please enter your email address below to receive a password reset link., Emai...)">
                  </a> <!-- TS003_TC001(Forgot Your Password?, Please enter your email address below to receive a password reset link., Emai...) -->
                  <span class="method-name">TS003_TC001</span>
                  <span class="parameters">(Forgot Your Password?,Please enter your email address below to receive a password reset link.,Email)</span>
                  <em>
(Verify that user gets below mentioned labels/Fields on "Forgot Password' webpage : -

Labels: -
"Forgot Password"
"Please enter your email address below to receive a password reset link."
'Email" ( with *)
"Required * fields"

Buttons: -
"Reset my Password")                  </em>
                </div> <!-- method-content -->
              </div> <!-- method -->
            </div> <!-- main-panel-content rounded-window-bottom -->
          </div> <!-- suite-Suite-class-passed -->
          <div class="suite-Suite-class-passed">
            <div class="main-panel-header rounded-window-top">
              <img src="passed.png"/>
              <span class="class-name">com.qa.testcases.ts003.TS003_TC003</span>
            </div> <!-- main-panel-header rounded-window-top -->
            <div class="main-panel-content rounded-window-bottom">
              <div class="method">
                <div class="method-content">
                  <a name="TS003_TC003(@3234534##$2, Please enter a valid email address (Ex: johndoe@domain.com).)">
                  </a> <!-- TS003_TC003(@3234534##$2, Please enter a valid email address (Ex: johndoe@domain.com).) -->
                  <span class="method-name">TS003_TC003</span>
                  <span class="parameters">(@3234534##$2,Please enter a valid email address (Ex: johndoe@domain.com).)</span>
                  <em>
(Verify that "Please enter a valid email address (Ex: johndoe@domain.com)." error message is displayed under Email textbox provided user enters Invalid email address in email textbox and clicks on SignIn button)                  </em>
                </div> <!-- method-content -->
              </div> <!-- method -->
              <div class="method">
                <div class="method-content">
                  <a name="TS003_TC003(yash@gsjh, Please enter a valid email address (Ex: johndoe@domain.com).)">
                  </a> <!-- TS003_TC003(yash@gsjh, Please enter a valid email address (Ex: johndoe@domain.com).) -->
                  <span class="method-name">TS003_TC003</span>
                  <span class="parameters">(yash@gsjh,Please enter a valid email address (Ex: johndoe@domain.com).)</span>
                  <em>
(Verify that "Please enter a valid email address (Ex: johndoe@domain.com)." error message is displayed under Email textbox provided user enters Invalid email address in email textbox and clicks on SignIn button)                  </em>
                </div> <!-- method-content -->
              </div> <!-- method -->
              <div class="method">
                <div class="method-content">
                  <a name="TS003_TC003(12345, Please enter a valid email address (Ex: johndoe@domain.com).)">
                  </a> <!-- TS003_TC003(12345, Please enter a valid email address (Ex: johndoe@domain.com).) -->
                  <span class="method-name">TS003_TC003</span>
                  <span class="parameters">(12345,Please enter a valid email address (Ex: johndoe@domain.com).)</span>
                  <em>
(Verify that "Please enter a valid email address (Ex: johndoe@domain.com)." error message is displayed under Email textbox provided user enters Invalid email address in email textbox and clicks on SignIn button)                  </em>
                </div> <!-- method-content -->
              </div> <!-- method -->
              <div class="method">
                <div class="method-content">
                  <a name="TS003_TC003(razdanamit, Please enter a valid email address (Ex: johndoe@domain.com).)">
                  </a> <!-- TS003_TC003(razdanamit, Please enter a valid email address (Ex: johndoe@domain.com).) -->
                  <span class="method-name">TS003_TC003</span>
                  <span class="parameters">(razdanamit,Please enter a valid email address (Ex: johndoe@domain.com).)</span>
                  <em>
(Verify that "Please enter a valid email address (Ex: johndoe@domain.com)." error message is displayed under Email textbox provided user enters Invalid email address in email textbox and clicks on SignIn button)                  </em>
                </div> <!-- method-content -->
              </div> <!-- method -->
            </div> <!-- main-panel-content rounded-window-bottom -->
          </div> <!-- suite-Suite-class-passed -->
          <div class="suite-Suite-class-passed">
            <div class="main-panel-header rounded-window-top">
              <img src="passed.png"/>
              <span class="class-name">com.qa.testcases.ts003.TS003_TC004</span>
            </div> <!-- main-panel-header rounded-window-top -->
            <div class="main-panel-content rounded-window-bottom">
              <div class="method">
                <div class="method-content">
                  <a name="TS003_TC004(razdanamit51@gmail.com, If there is an account associated with test2@gmail.com you will receive an e...)">
                  </a> <!-- TS003_TC004(razdanamit51@gmail.com, If there is an account associated with test2@gmail.com you will receive an e...) -->
                  <span class="method-name">TS003_TC004</span>
                  <span class="parameters">(razdanamit51@gmail.com,If there is an account associated with test2@gmail.com you will receive an email with a link to reset your password.)</span>
                  <em>
(Verify that 'If there is an account associated with <email id> you will receive an email with a link to reset your password.' message is displayed provided user enters valid email address in email address textbox followed by click on Rest my account button)                  </em>
                </div> <!-- method-content -->
              </div> <!-- method -->
              <div class="method">
                <div class="method-content">
                  <a name="TS003_TC004(test2@gmail.com, If there is an account associated with test2@gmail.com you will receive an email wi...)">
                  </a> <!-- TS003_TC004(test2@gmail.com, If there is an account associated with test2@gmail.com you will receive an email wi...) -->
                  <span class="method-name">TS003_TC004</span>
                  <span class="parameters">(test2@gmail.com,If there is an account associated with test2@gmail.com you will receive an email with a link to reset your password.)</span>
                  <em>
(Verify that 'If there is an account associated with <email id> you will receive an email with a link to reset your password.' message is displayed provided user enters valid email address in email address textbox followed by click on Rest my account button)                  </em>
                </div> <!-- method-content -->
              </div> <!-- method -->
            </div> <!-- main-panel-content rounded-window-bottom -->
          </div> <!-- suite-Suite-class-passed -->
          <div class="suite-Suite-class-passed">
            <div class="main-panel-header rounded-window-top">
              <img src="passed.png"/>
              <span class="class-name">com.qa.testcases.ts005.TS005_TC004</span>
            </div> <!-- main-panel-header rounded-window-top -->
            <div class="main-panel-content rounded-window-bottom">
              <div class="method">
                <div class="method-content">
                  <a name="TS005_TC004(Jacket, 12)">
                  </a> <!-- TS005_TC004(Jacket, 12) -->
                  <span class="method-name">TS005_TC004</span>
                  <span class="parameters">(Jacket,12)</span>
                  <em>
(Verify that user is able to get products as part of searched results based on the keyword been entered by user in search textbox followed by click on search icon and a label as follows :-Search results for: '<entered keyword>' Pre-login)                  </em>
                </div> <!-- method-content -->
              </div> <!-- method -->
            </div> <!-- main-panel-content rounded-window-bottom -->
          </div> <!-- suite-Suite-class-passed -->
          <div class="suite-Suite-class-passed">
            <div class="main-panel-header rounded-window-top">
              <img src="passed.png"/>
              <span class="class-name">com.qa.testcases.ts004.TS004_TC002</span>
            </div> <!-- main-panel-header rounded-window-top -->
            <div class="main-panel-content rounded-window-bottom">
              <div class="method">
                <div class="method-content">
                  <a name="TS004_TC002(razdanamit51@gmail.com, Chericof1#)">
                  </a> <!-- TS004_TC002(razdanamit51@gmail.com, Chericof1#) -->
                  <span class="method-name">TS004_TC002</span>
                  <span class="parameters">(razdanamit51@gmail.com,Chericof1#)</span>
                  <em>
(Verify that the search textbox is empty and enabled by default with search icon disabled by default)                  </em>
                </div> <!-- method-content -->
              </div> <!-- method -->
              <div class="method">
                <div class="method-content">
                  <a name="TS004_TC002(razdanamit51@gmail.com, Chericof1#)">
                  </a> <!-- TS004_TC002(razdanamit51@gmail.com, Chericof1#) -->
                  <span class="method-name">TS004_TC002</span>
                  <span class="parameters">(razdanamit51@gmail.com,Chericof1#)</span>
                  <em>
(Verify that the search textbox is empty and enabled by default with search icon disabled by default)                  </em>
                </div> <!-- method-content -->
              </div> <!-- method -->
            </div> <!-- main-panel-content rounded-window-bottom -->
          </div> <!-- suite-Suite-class-passed -->
        </div> <!-- panel Suite -->
        <div panel-name="test-xml-Suite" class="panel">
          <div class="main-panel-header rounded-window-top">
            <span class="header-content">C:\Users\razda\eclipse-workspace\Projects\Project3_DataDriven\testng.xml</span>
          </div> <!-- main-panel-header rounded-window-top -->
          <div class="main-panel-content rounded-window-bottom">
            <pre>
&lt;?xml version=&quot;1.0&quot; encoding=&quot;UTF-8&quot;?&gt;
&lt;!DOCTYPE suite SYSTEM &quot;https://testng.org/testng-1.0.dtd&quot;&gt;
&lt;suite name=&quot;Suite&quot; guice-stage=&quot;DEVELOPMENT&quot; verbose=&quot;0&quot;&gt;
  &lt;parameter name=&quot;author1&quot; value=&quot;Amit&quot;/&gt;
  &lt;parameter name=&quot;device1&quot; value=&quot;Windows 10&quot;/&gt;
  &lt;parameter name=&quot;browser&quot; value=&quot;chrome&quot;/&gt;
  &lt;test thread-count=&quot;5&quot; name=&quot;Test1&quot; verbose=&quot;0&quot;&gt;
    &lt;classes&gt;
      &lt;class name=&quot;com.qa.testcases.ts001.TS001_TC001&quot;/&gt;
      &lt;class name=&quot;com.qa.testcases.ts001.TS001_TC002&quot;/&gt;
      &lt;class name=&quot;com.qa.testcases.ts001.TS001_TC003&quot;/&gt;
      &lt;class name=&quot;com.qa.testcases.ts001.TS001_TC004&quot;/&gt;
      &lt;class name=&quot;com.qa.testcases.ts001.TS001_TC005&quot;/&gt;
    &lt;/classes&gt;
  &lt;/test&gt; &lt;!-- Test1 --&gt;
  &lt;test thread-count=&quot;5&quot; name=&quot;Test2&quot; verbose=&quot;0&quot;&gt;
    &lt;classes&gt;
      &lt;class name=&quot;com.qa.testcases.ts002.TS002_TC001&quot;/&gt;
      &lt;class name=&quot;com.qa.testcases.ts002.TS002_TC002&quot;/&gt;
      &lt;class name=&quot;com.qa.testcases.ts002.TS002_TC003&quot;/&gt;
    &lt;/classes&gt;
  &lt;/test&gt; &lt;!-- Test2 --&gt;
  &lt;test thread-count=&quot;5&quot; name=&quot;Test3&quot; verbose=&quot;0&quot;&gt;
    &lt;classes&gt;
      &lt;class name=&quot;com.qa.testcases.ts003.TS003_TC001&quot;/&gt;
      &lt;class name=&quot;com.qa.testcases.ts003.TS003_TC002&quot;/&gt;
      &lt;class name=&quot;com.qa.testcases.ts003.TS003_TC003&quot;/&gt;
      &lt;class name=&quot;com.qa.testcases.ts003.TS003_TC004&quot;/&gt;
    &lt;/classes&gt;
  &lt;/test&gt; &lt;!-- Test3 --&gt;
  &lt;test thread-count=&quot;5&quot; name=&quot;Test4&quot; verbose=&quot;0&quot;&gt;
    &lt;classes&gt;
      &lt;class name=&quot;com.qa.testcases.ts004.TS004_TC001&quot;/&gt;
      &lt;class name=&quot;com.qa.testcases.ts004.TS004_TC002&quot;/&gt;
      &lt;class name=&quot;com.qa.testcases.ts004.TS004_TC003&quot;/&gt;
      &lt;class name=&quot;com.qa.testcases.ts004.TS004_TC004&quot;/&gt;
      &lt;class name=&quot;com.qa.testcases.ts004.TS004_TC005&quot;/&gt;
    &lt;/classes&gt;
  &lt;/test&gt; &lt;!-- Test4 --&gt;
  &lt;test thread-count=&quot;5&quot; name=&quot;Test5&quot; verbose=&quot;0&quot;&gt;
    &lt;classes&gt;
      &lt;class name=&quot;com.qa.testcases.ts005.TS005_TC001&quot;/&gt;
      &lt;class name=&quot;com.qa.testcases.ts005.TS005_TC002&quot;/&gt;
      &lt;class name=&quot;com.qa.testcases.ts005.TS005_TC003&quot;/&gt;
      &lt;class name=&quot;com.qa.testcases.ts005.TS005_TC004&quot;/&gt;
      &lt;class name=&quot;com.qa.testcases.ts005.TS005_TC005&quot;/&gt;
    &lt;/classes&gt;
  &lt;/test&gt; &lt;!-- Test5 --&gt;
&lt;/suite&gt; &lt;!-- Suite --&gt;
            </pre>
          </div> <!-- main-panel-content rounded-window-bottom -->
        </div> <!-- panel -->
        <div panel-name="testlist-Suite" class="panel">
          <div class="main-panel-header rounded-window-top">
            <span class="header-content">Tests for Suite</span>
          </div> <!-- main-panel-header rounded-window-top -->
          <div class="main-panel-content rounded-window-bottom">
            <ul>
              <li>
                <span class="test-name">Test1 (5 classes)</span>
              </li>
              <li>
                <span class="test-name">Test2 (3 classes)</span>
              </li>
              <li>
                <span class="test-name">Test3 (4 classes)</span>
              </li>
              <li>
                <span class="test-name">Test4 (5 classes)</span>
              </li>
              <li>
                <span class="test-name">Test5 (5 classes)</span>
              </li>
            </ul>
          </div> <!-- main-panel-content rounded-window-bottom -->
        </div> <!-- panel -->
        <div panel-name="group-Suite" class="panel">
          <div class="main-panel-header rounded-window-top">
            <span class="header-content">Groups for Suite</span>
          </div> <!-- main-panel-header rounded-window-top -->
          <div class="main-panel-content rounded-window-bottom">
            <div class="test-group">
              <span class="test-group-name">Functional</span>
              <br/>
              <div class="method-in-group">
                <span class="method-in-group-name">TS001_TC004</span>
                <br/>
              </div> <!-- method-in-group -->
              <div class="method-in-group">
                <span class="method-in-group-name">TS001_TC005</span>
                <br/>
              </div> <!-- method-in-group -->
              <div class="method-in-group">
                <span class="method-in-group-name">TS002_TC003</span>
                <br/>
              </div> <!-- method-in-group -->
              <div class="method-in-group">
                <span class="method-in-group-name">TS003_TC002</span>
                <br/>
              </div> <!-- method-in-group -->
              <div class="method-in-group">
                <span class="method-in-group-name">TS003_TC003</span>
                <br/>
              </div> <!-- method-in-group -->
              <div class="method-in-group">
                <span class="method-in-group-name">TS003_TC004</span>
                <br/>
              </div> <!-- method-in-group -->
              <div class="method-in-group">
                <span class="method-in-group-name">TS004_TC003</span>
                <br/>
              </div> <!-- method-in-group -->
              <div class="method-in-group">
                <span class="method-in-group-name">TS004_TC004</span>
                <br/>
              </div> <!-- method-in-group -->
              <div class="method-in-group">
                <span class="method-in-group-name">TS005_TC003</span>
                <br/>
              </div> <!-- method-in-group -->
              <div class="method-in-group">
                <span class="method-in-group-name">TS005_TC004</span>
                <br/>
              </div> <!-- method-in-group -->
              <div class="method-in-group">
                <span class="method-in-group-name">TS005_TC005</span>
                <br/>
              </div> <!-- method-in-group -->
            </div> <!-- test-group -->
            <div class="test-group">
              <span class="test-group-name">Regression</span>
              <br/>
              <div class="method-in-group">
                <span class="method-in-group-name">TS001_TC002</span>
                <br/>
              </div> <!-- method-in-group -->
              <div class="method-in-group">
                <span class="method-in-group-name">TS001_TC003</span>
                <br/>
              </div> <!-- method-in-group -->
              <div class="method-in-group">
                <span class="method-in-group-name">TS002_TC001</span>
                <br/>
              </div> <!-- method-in-group -->
              <div class="method-in-group">
                <span class="method-in-group-name">TS003_TC001</span>
                <br/>
              </div> <!-- method-in-group -->
              <div class="method-in-group">
                <span class="method-in-group-name">TS004_TC001</span>
                <br/>
              </div> <!-- method-in-group -->
              <div class="method-in-group">
                <span class="method-in-group-name">TS004_TC002</span>
                <br/>
              </div> <!-- method-in-group -->
              <div class="method-in-group">
                <span class="method-in-group-name">TS004_TC003</span>
                <br/>
              </div> <!-- method-in-group -->
              <div class="method-in-group">
                <span class="method-in-group-name">TS005_TC001</span>
                <br/>
              </div> <!-- method-in-group -->
              <div class="method-in-group">
                <span class="method-in-group-name">TS005_TC002</span>
                <br/>
              </div> <!-- method-in-group -->
              <div class="method-in-group">
                <span class="method-in-group-name">TS005_TC003</span>
                <br/>
              </div> <!-- method-in-group -->
            </div> <!-- test-group -->
            <div class="test-group">
              <span class="test-group-name">Sanity</span>
              <br/>
              <div class="method-in-group">
                <span class="method-in-group-name">TS001_TC002</span>
                <br/>
              </div> <!-- method-in-group -->
              <div class="method-in-group">
                <span class="method-in-group-name">TS002_TC002</span>
                <br/>
              </div> <!-- method-in-group -->
              <div class="method-in-group">
                <span class="method-in-group-name">TS002_TC003</span>
                <br/>
              </div> <!-- method-in-group -->
              <div class="method-in-group">
                <span class="method-in-group-name">TS003_TC002</span>
                <br/>
              </div> <!-- method-in-group -->
              <div class="method-in-group">
                <span class="method-in-group-name">TS003_TC004</span>
                <br/>
              </div> <!-- method-in-group -->
              <div class="method-in-group">
                <span class="method-in-group-name">TS004_TC001</span>
                <br/>
              </div> <!-- method-in-group -->
              <div class="method-in-group">
                <span class="method-in-group-name">TS004_TC002</span>
                <br/>
              </div> <!-- method-in-group -->
              <div class="method-in-group">
                <span class="method-in-group-name">TS004_TC003</span>
                <br/>
              </div> <!-- method-in-group -->
              <div class="method-in-group">
                <span class="method-in-group-name">TS004_TC004</span>
                <br/>
              </div> <!-- method-in-group -->
              <div class="method-in-group">
                <span class="method-in-group-name">TS004_TC005</span>
                <br/>
              </div> <!-- method-in-group -->
              <div class="method-in-group">
                <span class="method-in-group-name">TS005_TC002</span>
                <br/>
              </div> <!-- method-in-group -->
              <div class="method-in-group">
                <span class="method-in-group-name">TS005_TC004</span>
                <br/>
              </div> <!-- method-in-group -->
              <div class="method-in-group">
                <span class="method-in-group-name">TS005_TC005</span>
                <br/>
              </div> <!-- method-in-group -->
            </div> <!-- test-group -->
            <div class="test-group">
              <span class="test-group-name">Smoke</span>
              <br/>
              <div class="method-in-group">
                <span class="method-in-group-name">TS001_TC003</span>
                <br/>
              </div> <!-- method-in-group -->
              <div class="method-in-group">
                <span class="method-in-group-name">TS001_TC004</span>
                <br/>
              </div> <!-- method-in-group -->
              <div class="method-in-group">
                <span class="method-in-group-name">TS001_TC005</span>
                <br/>
              </div> <!-- method-in-group -->
              <div class="method-in-group">
                <span class="method-in-group-name">TS002_TC001</span>
                <br/>
              </div> <!-- method-in-group -->
              <div class="method-in-group">
                <span class="method-in-group-name">TS002_TC002</span>
                <br/>
              </div> <!-- method-in-group -->
              <div class="method-in-group">
                <span class="method-in-group-name">TS003_TC001</span>
                <br/>
              </div> <!-- method-in-group -->
              <div class="method-in-group">
                <span class="method-in-group-name">TS003_TC002</span>
                <br/>
              </div> <!-- method-in-group -->
              <div class="method-in-group">
                <span class="method-in-group-name">TS003_TC003</span>
                <br/>
              </div> <!-- method-in-group -->
              <div class="method-in-group">
                <span class="method-in-group-name">TS004_TC003</span>
                <br/>
              </div> <!-- method-in-group -->
              <div class="method-in-group">
                <span class="method-in-group-name">TS004_TC005</span>
                <br/>
              </div> <!-- method-in-group -->
              <div class="method-in-group">
                <span class="method-in-group-name">TS005_TC001</span>
                <br/>
              </div> <!-- method-in-group -->
            </div> <!-- test-group -->
          </div> <!-- main-panel-content rounded-window-bottom -->
        </div> <!-- panel -->
        <div panel-name="times-Suite" class="panel">
          <div class="main-panel-header rounded-window-top">
            <span class="header-content">Times for Suite</span>
          </div> <!-- main-panel-header rounded-window-top -->
          <div class="main-panel-content rounded-window-bottom">
            <div class="times-div">
              <script type="text/javascript">
suiteTableInitFunctions.push('tableData_Suite');
function tableData_Suite() {
var data = new google.visualization.DataTable();
data.addColumn('number', 'Number');
data.addColumn('string', 'Method');
data.addColumn('string', 'Class');
data.addColumn('number', 'Time (ms)');
data.addRows(59);
data.setCell(0, 0, 0)
data.setCell(0, 1, 'TS004_TC002')
data.setCell(0, 2, 'com.qa.testcases.ts004.TS004_TC002')
data.setCell(0, 3, 212988);
data.setCell(1, 0, 1)
data.setCell(1, 1, 'TS004_TC002')
data.setCell(1, 2, 'com.qa.testcases.ts004.TS004_TC002')
data.setCell(1, 3, 199455);
data.setCell(2, 0, 2)
data.setCell(2, 1, 'TS005_TC002')
data.setCell(2, 2, 'com.qa.testcases.ts005.TS005_TC002')
data.setCell(2, 3, 173171);
data.setCell(3, 0, 3)
data.setCell(3, 1, 'TS005_TC002')
data.setCell(3, 2, 'com.qa.testcases.ts005.TS005_TC002')
data.setCell(3, 3, 155934);
data.setCell(4, 0, 4)
data.setCell(4, 1, 'TS004_TC001')
data.setCell(4, 2, 'com.qa.testcases.ts004.TS004_TC001')
data.setCell(4, 3, 136799);
data.setCell(5, 0, 5)
data.setCell(5, 1, 'TS004_TC004')
data.setCell(5, 2, 'com.qa.testcases.ts004.TS004_TC004')
data.setCell(5, 3, 129601);
data.setCell(6, 0, 6)
data.setCell(6, 1, 'TS004_TC004')
data.setCell(6, 2, 'com.qa.testcases.ts004.TS004_TC004')
data.setCell(6, 3, 128757);
data.setCell(7, 0, 7)
data.setCell(7, 1, 'TS004_TC001')
data.setCell(7, 2, 'com.qa.testcases.ts004.TS004_TC001')
data.setCell(7, 3, 124044);
data.setCell(8, 0, 8)
data.setCell(8, 1, 'TS005_TC004')
data.setCell(8, 2, 'com.qa.testcases.ts005.TS005_TC004')
data.setCell(8, 3, 120223);
data.setCell(9, 0, 9)
data.setCell(9, 1, 'TS005_TC004')
data.setCell(9, 2, 'com.qa.testcases.ts005.TS005_TC004')
data.setCell(9, 3, 105888);
data.setCell(10, 0, 10)
data.setCell(10, 1, 'TS004_TC003')
data.setCell(10, 2, 'com.qa.testcases.ts004.TS004_TC003')
data.setCell(10, 3, 92999);
data.setCell(11, 0, 11)
data.setCell(11, 1, 'TS004_TC003')
data.setCell(11, 2, 'com.qa.testcases.ts004.TS004_TC003')
data.setCell(11, 3, 82007);
data.setCell(12, 0, 12)
data.setCell(12, 1, 'TS005_TC005')
data.setCell(12, 2, 'com.qa.testcases.ts005.TS005_TC005')
data.setCell(12, 3, 79543);
data.setCell(13, 0, 13)
data.setCell(13, 1, 'TS005_TC001')
data.setCell(13, 2, 'com.qa.testcases.ts005.TS005_TC001')
data.setCell(13, 3, 75820);
data.setCell(14, 0, 14)
data.setCell(14, 1, 'TS005_TC005')
data.setCell(14, 2, 'com.qa.testcases.ts005.TS005_TC005')
data.setCell(14, 3, 73773);
data.setCell(15, 0, 15)
data.setCell(15, 1, 'TS005_TC003')
data.setCell(15, 2, 'com.qa.testcases.ts005.TS005_TC003')
data.setCell(15, 3, 73411);
data.setCell(16, 0, 16)
data.setCell(16, 1, 'TS005_TC003')
data.setCell(16, 2, 'com.qa.testcases.ts005.TS005_TC003')
data.setCell(16, 3, 57099);
data.setCell(17, 0, 17)
data.setCell(17, 1, 'TS001_TC004')
data.setCell(17, 2, 'com.qa.testcases.ts001.TS001_TC004')
data.setCell(17, 3, 34899);
data.setCell(18, 0, 18)
data.setCell(18, 1, 'TS003_TC004')
data.setCell(18, 2, 'com.qa.testcases.ts003.TS003_TC004')
data.setCell(18, 3, 32175);
data.setCell(19, 0, 19)
data.setCell(19, 1, 'TS001_TC004')
data.setCell(19, 2, 'com.qa.testcases.ts001.TS001_TC004')
data.setCell(19, 3, 27728);
data.setCell(20, 0, 20)
data.setCell(20, 1, 'TS001_TC004')
data.setCell(20, 2, 'com.qa.testcases.ts001.TS001_TC004')
data.setCell(20, 3, 27597);
data.setCell(21, 0, 21)
data.setCell(21, 1, 'TS001_TC004')
data.setCell(21, 2, 'com.qa.testcases.ts001.TS001_TC004')
data.setCell(21, 3, 27489);
data.setCell(22, 0, 22)
data.setCell(22, 1, 'TS001_TC004')
data.setCell(22, 2, 'com.qa.testcases.ts001.TS001_TC004')
data.setCell(22, 3, 26756);
data.setCell(23, 0, 23)
data.setCell(23, 1, 'TS001_TC004')
data.setCell(23, 2, 'com.qa.testcases.ts001.TS001_TC004')
data.setCell(23, 3, 26635);
data.setCell(24, 0, 24)
data.setCell(24, 1, 'TS002_TC002')
data.setCell(24, 2, 'com.qa.testcases.ts002.TS002_TC002')
data.setCell(24, 3, 22733);
data.setCell(25, 0, 25)
data.setCell(25, 1, 'TS003_TC002')
data.setCell(25, 2, 'com.qa.testcases.ts003.TS003_TC002')
data.setCell(25, 3, 21567);
data.setCell(26, 0, 26)
data.setCell(26, 1, 'TS004_TC005')
data.setCell(26, 2, 'com.qa.testcases.ts004.TS004_TC005')
data.setCell(26, 3, 21362);
data.setCell(27, 0, 27)
data.setCell(27, 1, 'TS003_TC004')
data.setCell(27, 2, 'com.qa.testcases.ts003.TS003_TC004')
data.setCell(27, 3, 20460);
data.setCell(28, 0, 28)
data.setCell(28, 1, 'TS002_TC002')
data.setCell(28, 2, 'com.qa.testcases.ts002.TS002_TC002')
data.setCell(28, 3, 19442);
data.setCell(29, 0, 29)
data.setCell(29, 1, 'TS004_TC005')
data.setCell(29, 2, 'com.qa.testcases.ts004.TS004_TC005')
data.setCell(29, 3, 19015);
data.setCell(30, 0, 30)
data.setCell(30, 1, 'TS003_TC002')
data.setCell(30, 2, 'com.qa.testcases.ts003.TS003_TC002')
data.setCell(30, 3, 18609);
data.setCell(31, 0, 31)
data.setCell(31, 1, 'TS003_TC001')
data.setCell(31, 2, 'com.qa.testcases.ts003.TS003_TC001')
data.setCell(31, 3, 18532);
data.setCell(32, 0, 32)
data.setCell(32, 1, 'TS002_TC003')
data.setCell(32, 2, 'com.qa.testcases.ts002.TS002_TC003')
data.setCell(32, 3, 18058);
data.setCell(33, 0, 33)
data.setCell(33, 1, 'TS001_TC005')
data.setCell(33, 2, 'com.qa.testcases.ts001.TS001_TC005')
data.setCell(33, 3, 16721);
data.setCell(34, 0, 34)
data.setCell(34, 1, 'TS002_TC002')
data.setCell(34, 2, 'com.qa.testcases.ts002.TS002_TC002')
data.setCell(34, 3, 16606);
data.setCell(35, 0, 35)
data.setCell(35, 1, 'TS002_TC003')
data.setCell(35, 2, 'com.qa.testcases.ts002.TS002_TC003')
data.setCell(35, 3, 16395);
data.setCell(36, 0, 36)
data.setCell(36, 1, 'TS003_TC003')
data.setCell(36, 2, 'com.qa.testcases.ts003.TS003_TC003')
data.setCell(36, 3, 16214);
data.setCell(37, 0, 37)
data.setCell(37, 1, 'TS002_TC003')
data.setCell(37, 2, 'com.qa.testcases.ts002.TS002_TC003')
data.setCell(37, 3, 11374);
data.setCell(38, 0, 38)
data.setCell(38, 1, 'TS001_TC005')
data.setCell(38, 2, 'com.qa.testcases.ts001.TS001_TC005')
data.setCell(38, 3, 11004);
data.setCell(39, 0, 39)
data.setCell(39, 1, 'TS003_TC003')
data.setCell(39, 2, 'com.qa.testcases.ts003.TS003_TC003')
data.setCell(39, 3, 10923);
data.setCell(40, 0, 40)
data.setCell(40, 1, 'TS003_TC003')
data.setCell(40, 2, 'com.qa.testcases.ts003.TS003_TC003')
data.setCell(40, 3, 10715);
data.setCell(41, 0, 41)
data.setCell(41, 1, 'TS003_TC003')
data.setCell(41, 2, 'com.qa.testcases.ts003.TS003_TC003')
data.setCell(41, 3, 10713);
data.setCell(42, 0, 42)
data.setCell(42, 1, 'TS002_TC001')
data.setCell(42, 2, 'com.qa.testcases.ts002.TS002_TC001')
data.setCell(42, 3, 9988);
data.setCell(43, 0, 43)
data.setCell(43, 1, 'TS001_TC003')
data.setCell(43, 2, 'com.qa.testcases.ts001.TS001_TC003')
data.setCell(43, 3, 9818);
data.setCell(44, 0, 44)
data.setCell(44, 1, 'TS002_TC001')
data.setCell(44, 2, 'com.qa.testcases.ts002.TS002_TC001')
data.setCell(44, 3, 5452);
data.setCell(45, 0, 45)
data.setCell(45, 1, 'TS002_TC001')
data.setCell(45, 2, 'com.qa.testcases.ts002.TS002_TC001')
data.setCell(45, 3, 4469);
data.setCell(46, 0, 46)
data.setCell(46, 1, 'TS002_TC001')
data.setCell(46, 2, 'com.qa.testcases.ts002.TS002_TC001')
data.setCell(46, 3, 4288);
data.setCell(47, 0, 47)
data.setCell(47, 1, 'TS001_TC005')
data.setCell(47, 2, 'com.qa.testcases.ts001.TS001_TC005')
data.setCell(47, 3, 493);
data.setCell(48, 0, 48)
data.setCell(48, 1, 'TS001_TC005')
data.setCell(48, 2, 'com.qa.testcases.ts001.TS001_TC005')
data.setCell(48, 3, 462);
data.setCell(49, 0, 49)
data.setCell(49, 1, 'TS001_TC001')
data.setCell(49, 2, 'com.qa.testcases.ts001.TS001_TC001')
data.setCell(49, 3, 1);
data.setCell(50, 0, 50)
data.setCell(50, 1, 'TS001_TC001')
data.setCell(50, 2, 'com.qa.testcases.ts001.TS001_TC001')
data.setCell(50, 3, 1);
data.setCell(51, 0, 51)
data.setCell(51, 1, 'TS001_TC002')
data.setCell(51, 2, 'com.qa.testcases.ts001.TS001_TC002')
data.setCell(51, 3, 1);
data.setCell(52, 0, 52)
data.setCell(52, 1, 'TS001_TC001')
data.setCell(52, 2, 'com.qa.testcases.ts001.TS001_TC001')
data.setCell(52, 3, 1);
data.setCell(53, 0, 53)
data.setCell(53, 1, 'TS001_TC002')
data.setCell(53, 2, 'com.qa.testcases.ts001.TS001_TC002')
data.setCell(53, 3, 0);
data.setCell(54, 0, 54)
data.setCell(54, 1, 'TS001_TC001')
data.setCell(54, 2, 'com.qa.testcases.ts001.TS001_TC001')
data.setCell(54, 3, 0);
data.setCell(55, 0, 55)
data.setCell(55, 1, 'TS001_TC002')
data.setCell(55, 2, 'com.qa.testcases.ts001.TS001_TC002')
data.setCell(55, 3, 0);
data.setCell(56, 0, 56)
data.setCell(56, 1, 'TS001_TC002')
data.setCell(56, 2, 'com.qa.testcases.ts001.TS001_TC002')
data.setCell(56, 3, 0);
data.setCell(57, 0, 57)
data.setCell(57, 1, 'TS001_TC001')
data.setCell(57, 2, 'com.qa.testcases.ts001.TS001_TC001')
data.setCell(57, 3, 0);
data.setCell(58, 0, 58)
data.setCell(58, 1, 'TS001_TC001')
data.setCell(58, 2, 'com.qa.testcases.ts001.TS001_TC001')
data.setCell(58, 3, 0);
window.suiteTableData['Suite']= { tableData: data, tableDiv: 'times-div-Suite'}
return data;
}
              </script>
              <span class="suite-total-time">Total running time: 42 minutes</span>
              <div id="times-div-Suite">
              </div> <!-- times-div-Suite -->
            </div> <!-- times-div -->
          </div> <!-- main-panel-content rounded-window-bottom -->
        </div> <!-- panel -->
        <div panel-name="reporter-Suite" class="panel">
          <div class="main-panel-header rounded-window-top">
            <span class="header-content">Reporter output for Suite</span>
          </div> <!-- main-panel-header rounded-window-top -->
          <div class="main-panel-content rounded-window-bottom">
          </div> <!-- main-panel-content rounded-window-bottom -->
        </div> <!-- panel -->
        <div panel-name="ignored-methods-Suite" class="panel">
          <div class="main-panel-header rounded-window-top">
            <span class="header-content">34 ignored methods</span>
          </div> <!-- main-panel-header rounded-window-top -->
          <div class="main-panel-content rounded-window-bottom">
            <div class="ignored-class-div">
              <span class="ignored-class-name">com.qa.testcases.ts002.TS002_TC002</span>
              <div class="ignored-methods-div">
                <span class="ignored-method-name">Suite_StartUp</span>
                <br/>
                <span class="ignored-method-name">Suite_TearDown</span>
                <br/>
              </div> <!-- ignored-methods-div -->
            </div> <!-- ignored-class-div -->
            <div class="ignored-class-div">
              <span class="ignored-class-name">com.qa.testcases.ts002.TS002_TC003</span>
              <div class="ignored-methods-div">
                <span class="ignored-method-name">Suite_StartUp</span>
                <br/>
                <span class="ignored-method-name">Suite_TearDown</span>
                <br/>
              </div> <!-- ignored-methods-div -->
            </div> <!-- ignored-class-div -->
            <div class="ignored-class-div">
              <span class="ignored-class-name">com.qa.testcases.ts005.TS005_TC003</span>
              <div class="ignored-methods-div">
                <span class="ignored-method-name">Suite_StartUp</span>
                <br/>
                <span class="ignored-method-name">Suite_TearDown</span>
                <br/>
              </div> <!-- ignored-methods-div -->
            </div> <!-- ignored-class-div -->
            <div class="ignored-class-div">
              <span class="ignored-class-name">com.qa.testcases.ts003.TS003_TC002</span>
              <div class="ignored-methods-div">
                <span class="ignored-method-name">Suite_StartUp</span>
                <br/>
                <span class="ignored-method-name">Suite_TearDown</span>
                <br/>
              </div> <!-- ignored-methods-div -->
            </div> <!-- ignored-class-div -->
            <div class="ignored-class-div">
              <span class="ignored-class-name">com.qa.testcases.ts001.TS001_TC003</span>
              <div class="ignored-methods-div">
                <span class="ignored-method-name">Suite_StartUp</span>
                <br/>
                <span class="ignored-method-name">Suite_TearDown</span>
                <br/>
              </div> <!-- ignored-methods-div -->
            </div> <!-- ignored-class-div -->
            <div class="ignored-class-div">
              <span class="ignored-class-name">com.qa.testcases.ts005.TS005_TC002</span>
              <div class="ignored-methods-div">
                <span class="ignored-method-name">Suite_TearDown</span>
                <br/>
                <span class="ignored-method-name">Suite_StartUp</span>
                <br/>
              </div> <!-- ignored-methods-div -->
            </div> <!-- ignored-class-div -->
            <div class="ignored-class-div">
              <span class="ignored-class-name">com.qa.testcases.ts004.TS004_TC005</span>
              <div class="ignored-methods-div">
                <span class="ignored-method-name">Suite_TearDown</span>
                <br/>
                <span class="ignored-method-name">Suite_StartUp</span>
                <br/>
              </div> <!-- ignored-methods-div -->
            </div> <!-- ignored-class-div -->
            <div class="ignored-class-div">
              <span class="ignored-class-name">com.qa.testcases.ts001.TS001_TC005</span>
              <div class="ignored-methods-div">
                <span class="ignored-method-name">Suite_TearDown</span>
                <br/>
                <span class="ignored-method-name">Suite_StartUp</span>
                <br/>
              </div> <!-- ignored-methods-div -->
            </div> <!-- ignored-class-div -->
            <div class="ignored-class-div">
              <span class="ignored-class-name">com.qa.testcases.ts005.TS005_TC005</span>
              <div class="ignored-methods-div">
                <span class="ignored-method-name">Suite_StartUp</span>
                <br/>
                <span class="ignored-method-name">Suite_TearDown</span>
                <br/>
              </div> <!-- ignored-methods-div -->
            </div> <!-- ignored-class-div -->
            <div class="ignored-class-div">
              <span class="ignored-class-name">com.qa.testcases.ts001.TS001_TC002</span>
              <div class="ignored-methods-div">
                <span class="ignored-method-name">Suite_TearDown</span>
                <br/>
                <span class="ignored-method-name">Suite_StartUp</span>
                <br/>
              </div> <!-- ignored-methods-div -->
            </div> <!-- ignored-class-div -->
            <div class="ignored-class-div">
              <span class="ignored-class-name">com.qa.testcases.ts004.TS004_TC004</span>
              <div class="ignored-methods-div">
                <span class="ignored-method-name">Suite_StartUp</span>
                <br/>
                <span class="ignored-method-name">Suite_TearDown</span>
                <br/>
              </div> <!-- ignored-methods-div -->
            </div> <!-- ignored-class-div -->
            <div class="ignored-class-div">
              <span class="ignored-class-name">com.qa.testcases.ts001.TS001_TC004</span>
              <div class="ignored-methods-div">
                <span class="ignored-method-name">Suite_StartUp</span>
                <br/>
                <span class="ignored-method-name">Suite_TearDown</span>
                <br/>
              </div> <!-- ignored-methods-div -->
            </div> <!-- ignored-class-div -->
            <div class="ignored-class-div">
              <span class="ignored-class-name">com.qa.testcases.ts004.TS004_TC003</span>
              <div class="ignored-methods-div">
                <span class="ignored-method-name">Suite_TearDown</span>
                <br/>
                <span class="ignored-method-name">Suite_StartUp</span>
                <br/>
              </div> <!-- ignored-methods-div -->
            </div> <!-- ignored-class-div -->
            <div class="ignored-class-div">
              <span class="ignored-class-name">com.qa.testcases.ts003.TS003_TC003</span>
              <div class="ignored-methods-div">
                <span class="ignored-method-name">Suite_TearDown</span>
                <br/>
                <span class="ignored-method-name">Suite_StartUp</span>
                <br/>
              </div> <!-- ignored-methods-div -->
            </div> <!-- ignored-class-div -->
            <div class="ignored-class-div">
              <span class="ignored-class-name">com.qa.testcases.ts003.TS003_TC004</span>
              <div class="ignored-methods-div">
                <span class="ignored-method-name">Suite_StartUp</span>
                <br/>
                <span class="ignored-method-name">Suite_TearDown</span>
                <br/>
              </div> <!-- ignored-methods-div -->
            </div> <!-- ignored-class-div -->
            <div class="ignored-class-div">
              <span class="ignored-class-name">com.qa.testcases.ts005.TS005_TC004</span>
              <div class="ignored-methods-div">
                <span class="ignored-method-name">Suite_StartUp</span>
                <br/>
                <span class="ignored-method-name">Suite_TearDown</span>
                <br/>
              </div> <!-- ignored-methods-div -->
            </div> <!-- ignored-class-div -->
            <div class="ignored-class-div">
              <span class="ignored-class-name">com.qa.testcases.ts004.TS004_TC002</span>
              <div class="ignored-methods-div">
                <span class="ignored-method-name">Suite_TearDown</span>
                <br/>
                <span class="ignored-method-name">Suite_StartUp</span>
                <br/>
              </div> <!-- ignored-methods-div -->
            </div> <!-- ignored-class-div -->
          </div> <!-- main-panel-content rounded-window-bottom -->
        </div> <!-- panel -->
        <div panel-name="chronological-Suite" class="panel">
          <div class="main-panel-header rounded-window-top">
            <span class="header-content">Methods in chronological order</span>
          </div> <!-- main-panel-header rounded-window-top -->
          <div class="main-panel-content rounded-window-bottom">
            <div class="chronological-class">
              <div class="chronological-class-name">com.qa.testcases.ts005.TS005_TC001</div> <!-- chronological-class-name -->
              <div class="configuration-suite before">
                <span class="method-name">Suite_StartUp</span>
                <span class="method-start">0 ms</span>
              </div> <!-- configuration-suite before -->
            </div> <!-- chronological-class -->
            <div class="chronological-class">
              <div class="chronological-class-name">com.qa.testcases.ts001.TS001_TC001</div> <!-- chronological-class-name -->
              <div class="configuration-class before">
                <img src="failed.png">
                </img>
                <span class="method-name">setup(chrome)</span>
                <span class="method-start">828 ms</span>
              </div> <!-- configuration-class before -->
            </div> <!-- chronological-class -->
            <div class="chronological-class">
              <div class="chronological-class-name">com.qa.testcases.ts001.TS001_TC002</div> <!-- chronological-class-name -->
              <div class="configuration-class before">
                <img src="failed.png">
                </img>
                <span class="method-name">setup(chrome)</span>
                <span class="method-start">96036 ms</span>
              </div> <!-- configuration-class before -->
            </div> <!-- chronological-class -->
            <div class="chronological-class">
              <div class="chronological-class-name">com.qa.testcases.ts001.TS001_TC003</div> <!-- chronological-class-name -->
              <div class="configuration-class before">
                <span class="method-name">setup(chrome)</span>
                <span class="method-start">324846 ms</span>
              </div> <!-- configuration-class before -->
              <div class="configuration-method before">
                <span class="method-name">Method_StartUp(public void com.qa.testcases.ts001.TS001_TC003.TS001_TC003(java.lang.String,java.lang.String,java.la...)</span>
                <span class="method-start">350116 ms</span>
              </div> <!-- configuration-method before -->
              <div class="test-method">
                <span class="method-name">TS001_TC003(This is a required field., This is a required field., This is a required field., This is a required ...)</span>
                <span class="method-start">350878 ms</span>
              </div> <!-- test-method -->
              <div class="configuration-method after">
                <span class="method-name">Method_TearDown([TestResult name=TS001_TC003 status=SUCCESS method=TS001_TC003.TS001_TC003(java.lang.String,java.lan...)</span>
                <span class="method-start">360698 ms</span>
              </div> <!-- configuration-method after -->
              <div class="configuration-class after">
                <span class="method-name">tearDown</span>
                <span class="method-start">360700 ms</span>
              </div> <!-- configuration-class after -->
            </div> <!-- chronological-class -->
            <div class="chronological-class">
              <div class="chronological-class-name">com.qa.testcases.ts001.TS001_TC004</div> <!-- chronological-class-name -->
              <div class="configuration-class before">
                <span class="method-name">setup(chrome)</span>
                <span class="method-start">363348 ms</span>
              </div> <!-- configuration-class before -->
              <div class="configuration-method before">
                <span class="method-name">Method_StartUp(public void com.qa.testcases.ts001.TS001_TC004.TS001_TC004(java.lang.String,java.lang.String,java.la...)</span>
                <span class="method-start">392234 ms</span>
              </div> <!-- configuration-method before -->
              <div class="test-method">
                <span class="method-name">TS001_TC004( ,  ,  ,  ,  , This is a required field., This is a required field., This is a required field., This...)</span>
                <span class="method-start">392242 ms</span>
              </div> <!-- test-method -->
              <div class="configuration-method after">
                <span class="method-name">Method_TearDown([TestResult name=TS001_TC004 status=SUCCESS method=TS001_TC004.TS001_TC004(java.lang.String,java.lan...)</span>
                <span class="method-start">427142 ms</span>
              </div> <!-- configuration-method after -->
              <div class="configuration-method before">
                <span class="method-name">Method_StartUp(public void com.qa.testcases.ts001.TS001_TC004.TS001_TC004(java.lang.String,java.lang.String,java.la...)</span>
                <span class="method-start">427143 ms</span>
              </div> <!-- configuration-method before -->
              <div class="test-method">
                <img src="failed.png">
                </img>
                <span class="method-name">TS001_TC004(Demo ,  ,  ,  ,  , This is a required field., This is a required field., This is a required field., ...)</span>
                <span class="method-start">427144 ms</span>
              </div> <!-- test-method -->
              <div class="configuration-method after">
                <span class="method-name">Method_TearDown([TestResult name=TS001_TC004 status=FAILURE method=TS001_TC004.TS001_TC004(java.lang.String,java.lan...)</span>
                <span class="method-start">454636 ms</span>
              </div> <!-- configuration-method after -->
              <div class="configuration-method before">
                <span class="method-name">Method_StartUp(public void com.qa.testcases.ts001.TS001_TC004.TS001_TC004(java.lang.String,java.lang.String,java.la...)</span>
                <span class="method-start">454858 ms</span>
              </div> <!-- configuration-method before -->
              <div class="test-method">
                <img src="failed.png">
                </img>
                <span class="method-name">TS001_TC004(Demo , Demo ,  ,  ,  , This is a required field., This is a required field., This is a required fiel...)</span>
                <span class="method-start">454859 ms</span>
              </div> <!-- test-method -->
              <div class="configuration-method after">
                <span class="method-name">Method_TearDown([TestResult name=TS001_TC004 status=FAILURE method=TS001_TC004.TS001_TC004(java.lang.String,java.lan...)</span>
                <span class="method-start">481495 ms</span>
              </div> <!-- configuration-method after -->
              <div class="configuration-method before">
                <span class="method-name">Method_StartUp(public void com.qa.testcases.ts001.TS001_TC004.TS001_TC004(java.lang.String,java.lang.String,java.la...)</span>
                <span class="method-start">481735 ms</span>
              </div> <!-- configuration-method before -->
              <div class="test-method">
                <img src="failed.png">
                </img>
                <span class="method-name">TS001_TC004(Demo , Demo , Demo ,  ,  , This is a required field., This is a required field., This is a required ...)</span>
                <span class="method-start">481737 ms</span>
              </div> <!-- test-method -->
              <div class="configuration-method after">
                <span class="method-name">Method_TearDown([TestResult name=TS001_TC004 status=FAILURE method=TS001_TC004.TS001_TC004(java.lang.String,java.lan...)</span>
                <span class="method-start">509466 ms</span>
              </div> <!-- configuration-method after -->
              <div class="configuration-method before">
                <span class="method-name">Method_StartUp(public void com.qa.testcases.ts001.TS001_TC004.TS001_TC004(java.lang.String,java.lang.String,java.la...)</span>
                <span class="method-start">509629 ms</span>
              </div> <!-- configuration-method before -->
              <div class="test-method">
                <img src="failed.png">
                </img>
                <span class="method-name">TS001_TC004(Demo , Demo , Demo , Demo ,  , This is a required field., This is a required field., This is a requi...)</span>
                <span class="method-start">509629 ms</span>
              </div> <!-- test-method -->
              <div class="configuration-method after">
                <span class="method-name">Method_TearDown([TestResult name=TS001_TC004 status=FAILURE method=TS001_TC004.TS001_TC004(java.lang.String,java.lan...)</span>
                <span class="method-start">536386 ms</span>
              </div> <!-- configuration-method after -->
              <div class="configuration-method before">
                <span class="method-name">Method_StartUp(public void com.qa.testcases.ts001.TS001_TC004.TS001_TC004(java.lang.String,java.lang.String,java.la...)</span>
                <span class="method-start">536585 ms</span>
              </div> <!-- configuration-method before -->
              <div class="test-method">
                <img src="failed.png">
                </img>
                <span class="method-name">TS001_TC004(Demo , Demo , Demo , Demo , Demo , This is a required field., This is a required field., This is a r...)</span>
                <span class="method-start">536586 ms</span>
              </div> <!-- test-method -->
              <div class="configuration-method after">
                <span class="method-name">Method_TearDown([TestResult name=TS001_TC004 status=FAILURE method=TS001_TC004.TS001_TC004(java.lang.String,java.lan...)</span>
                <span class="method-start">564184 ms</span>
              </div> <!-- configuration-method after -->
              <div class="configuration-class after">
                <span class="method-name">tearDown</span>
                <span class="method-start">564402 ms</span>
              </div> <!-- configuration-class after -->
            </div> <!-- chronological-class -->
            <div class="chronological-class">
              <div class="chronological-class-name">com.qa.testcases.ts001.TS001_TC005</div> <!-- chronological-class-name -->
              <div class="configuration-class before">
                <span class="method-name">setup(chrome)</span>
                <span class="method-start">565152 ms</span>
              </div> <!-- configuration-class before -->
              <div class="configuration-method before">
                <span class="method-name">Method_StartUp(public void com.qa.testcases.ts001.TS001_TC005.TS001_TC005(java.lang.String) throws java.lang.Except...)</span>
                <span class="method-start">589619 ms</span>
              </div> <!-- configuration-method before -->
              <div class="test-method">
                <span class="method-name">TS001_TC005(demo)</span>
                <span class="method-start">589621 ms</span>
              </div> <!-- test-method -->
              <div class="configuration-method after">
                <span class="method-name">Method_TearDown([TestResult name=TS001_TC005 status=SUCCESS method=TS001_TC005.TS001_TC005(java.lang.String)[pri:0, ...)</span>
                <span class="method-start">606342 ms</span>
              </div> <!-- configuration-method after -->
              <div class="configuration-method before">
                <span class="method-name">Method_StartUp(public void com.qa.testcases.ts001.TS001_TC005.TS001_TC005(java.lang.String) throws java.lang.Except...)</span>
                <span class="method-start">606343 ms</span>
              </div> <!-- configuration-method before -->
              <div class="test-method">
                <img src="failed.png">
                </img>
                <span class="method-name">TS001_TC005(11234)</span>
                <span class="method-start">606345 ms</span>
              </div> <!-- test-method -->
              <div class="configuration-method after">
                <span class="method-name">Method_TearDown([TestResult name=TS001_TC005 status=FAILURE method=TS001_TC005.TS001_TC005(java.lang.String)[pri:0, ...)</span>
                <span class="method-start">606839 ms</span>
              </div> <!-- configuration-method after -->
              <div class="configuration-method before">
                <span class="method-name">Method_StartUp(public void com.qa.testcases.ts001.TS001_TC005.TS001_TC005(java.lang.String) throws java.lang.Except...)</span>
                <span class="method-start">606964 ms</span>
              </div> <!-- configuration-method before -->
              <div class="test-method">
                <span class="method-name">TS001_TC005(@33435##$2)</span>
                <span class="method-start">606964 ms</span>
              </div> <!-- test-method -->
              <div class="configuration-method after">
                <span class="method-name">Method_TearDown([TestResult name=TS001_TC005 status=SUCCESS method=TS001_TC005.TS001_TC005(java.lang.String)[pri:0, ...)</span>
                <span class="method-start">617968 ms</span>
              </div> <!-- configuration-method after -->
              <div class="configuration-method before">
                <span class="method-name">Method_StartUp(public void com.qa.testcases.ts001.TS001_TC005.TS001_TC005(java.lang.String) throws java.lang.Except...)</span>
                <span class="method-start">617972 ms</span>
              </div> <!-- configuration-method before -->
              <div class="test-method">
                <img src="failed.png">
                </img>
                <span class="method-name">TS001_TC005(demo23234)</span>
                <span class="method-start">617973 ms</span>
              </div> <!-- test-method -->
              <div class="configuration-method after">
                <span class="method-name">Method_TearDown([TestResult name=TS001_TC005 status=FAILURE method=TS001_TC005.TS001_TC005(java.lang.String)[pri:0, ...)</span>
                <span class="method-start">618439 ms</span>
              </div> <!-- configuration-method after -->
              <div class="configuration-class after">
                <span class="method-name">tearDown</span>
                <span class="method-start">618629 ms</span>
              </div> <!-- configuration-class after -->
            </div> <!-- chronological-class -->
            <div class="chronological-class">
              <div class="chronological-class-name">com.qa.testcases.ts002.TS002_TC001</div> <!-- chronological-class-name -->
              <div class="configuration-class before">
                <span class="method-name">setup(chrome)</span>
                <span class="method-start">619993 ms</span>
              </div> <!-- configuration-class before -->
              <div class="configuration-method before">
                <span class="method-name">Method_StartUp(public void com.qa.testcases.ts002.TS002_TC001.TS002_TC001(java.lang.String,java.lang.String) throws...)</span>
                <span class="method-start">645356 ms</span>
              </div> <!-- configuration-method before -->
              <div class="test-method">
                <span class="method-name">TS002_TC001(Email, Password)</span>
                <span class="method-start">645357 ms</span>
              </div> <!-- test-method -->
              <div class="configuration-method after">
                <span class="method-name">Method_TearDown([TestResult name=TS002_TC001 status=SUCCESS method=TS002_TC001.TS002_TC001(java.lang.String,java.lan...)</span>
                <span class="method-start">655345 ms</span>
              </div> <!-- configuration-method after -->
              <div class="configuration-method before">
                <span class="method-name">Method_StartUp(public void com.qa.testcases.ts002.TS002_TC001.TS002_TC001(java.lang.String,java.lang.String) throws...)</span>
                <span class="method-start">655346 ms</span>
              </div> <!-- configuration-method before -->
              <div class="test-method">
                <img src="failed.png">
                </img>
                <span class="method-name">TS002_TC001(Email, Password2)</span>
                <span class="method-start">655347 ms</span>
              </div> <!-- test-method -->
              <div class="configuration-method after">
                <span class="method-name">Method_TearDown([TestResult name=TS002_TC001 status=FAILURE method=TS002_TC001.TS002_TC001(java.lang.String,java.lan...)</span>
                <span class="method-start">659816 ms</span>
              </div> <!-- configuration-method after -->
              <div class="configuration-method before">
                <span class="method-name">Method_StartUp(public void com.qa.testcases.ts002.TS002_TC001.TS002_TC001(java.lang.String,java.lang.String) throws...)</span>
                <span class="method-start">660006 ms</span>
              </div> <!-- configuration-method before -->
              <div class="test-method">
                <img src="failed.png">
                </img>
                <span class="method-name">TS002_TC001(Email2, Password)</span>
                <span class="method-start">660006 ms</span>
              </div> <!-- test-method -->
              <div class="configuration-method after">
                <span class="method-name">Method_TearDown([TestResult name=TS002_TC001 status=FAILURE method=TS002_TC001.TS002_TC001(java.lang.String,java.lan...)</span>
                <span class="method-start">664295 ms</span>
              </div> <!-- configuration-method after -->
              <div class="test-method">
                <img src="failed.png">
                </img>
                <span class="method-name">TS002_TC001(Email3, Password3)</span>
                <span class="method-start">664452 ms</span>
              </div> <!-- test-method -->
              <div class="configuration-method before">
                <span class="method-name">Method_StartUp(public void com.qa.testcases.ts002.TS002_TC001.TS002_TC001(java.lang.String,java.lang.String) throws...)</span>
                <span class="method-start">664452 ms</span>
              </div> <!-- configuration-method before -->
              <div class="configuration-method after">
                <span class="method-name">Method_TearDown([TestResult name=TS002_TC001 status=FAILURE method=TS002_TC001.TS002_TC001(java.lang.String,java.lan...)</span>
                <span class="method-start">669904 ms</span>
              </div> <!-- configuration-method after -->
              <div class="configuration-class after">
                <span class="method-name">tearDown</span>
                <span class="method-start">670090 ms</span>
              </div> <!-- configuration-class after -->
            </div> <!-- chronological-class -->
            <div class="chronological-class">
              <div class="chronological-class-name">com.qa.testcases.ts002.TS002_TC002</div> <!-- chronological-class-name -->
              <div class="configuration-class before">
                <span class="method-name">setup(chrome)</span>
                <span class="method-start">671251 ms</span>
              </div> <!-- configuration-class before -->
              <div class="configuration-method before">
                <span class="method-name">Method_StartUp(public void com.qa.testcases.ts002.TS002_TC002.TS002_TC002(java.lang.String,java.lang.String,java.la...)</span>
                <span class="method-start">695977 ms</span>
              </div> <!-- configuration-method before -->
              <div class="test-method">
                <span class="method-name">TS002_TC002(, Chericof1#, This is a required field., NA)</span>
                <span class="method-start">695978 ms</span>
              </div> <!-- test-method -->
              <div class="configuration-method before">
                <span class="method-name">Method_StartUp(public void com.qa.testcases.ts002.TS002_TC002.TS002_TC002(java.lang.String,java.lang.String,java.la...)</span>
                <span class="method-start">718711 ms</span>
              </div> <!-- configuration-method before -->
              <div class="configuration-method after">
                <span class="method-name">Method_TearDown([TestResult name=TS002_TC002 status=SUCCESS method=TS002_TC002.TS002_TC002(java.lang.String,java.lan...)</span>
                <span class="method-start">718711 ms</span>
              </div> <!-- configuration-method after -->
              <div class="test-method">
                <span class="method-name">TS002_TC002(razdanamit51@gmail.com, , NA, This is a required field.)</span>
                <span class="method-start">718711 ms</span>
              </div> <!-- test-method -->
              <div class="configuration-method after">
                <span class="method-name">Method_TearDown([TestResult name=TS002_TC002 status=SUCCESS method=TS002_TC002.TS002_TC002(java.lang.String,java.lan...)</span>
                <span class="method-start">735317 ms</span>
              </div> <!-- configuration-method after -->
              <div class="configuration-method before">
                <span class="method-name">Method_StartUp(public void com.qa.testcases.ts002.TS002_TC002.TS002_TC002(java.lang.String,java.lang.String,java.la...)</span>
                <span class="method-start">735317 ms</span>
              </div> <!-- configuration-method before -->
              <div class="test-method">
                <span class="method-name">TS002_TC002(, , This is a required field., This is a required field.)</span>
                <span class="method-start">735317 ms</span>
              </div> <!-- test-method -->
              <div class="configuration-method after">
                <span class="method-name">Method_TearDown([TestResult name=TS002_TC002 status=SUCCESS method=TS002_TC002.TS002_TC002(java.lang.String,java.lan...)</span>
                <span class="method-start">754759 ms</span>
              </div> <!-- configuration-method after -->
              <div class="configuration-class after">
                <span class="method-name">tearDown</span>
                <span class="method-start">754759 ms</span>
              </div> <!-- configuration-class after -->
            </div> <!-- chronological-class -->
            <div class="chronological-class">
              <div class="chronological-class-name">com.qa.testcases.ts002.TS002_TC003</div> <!-- chronological-class-name -->
              <div class="configuration-class before">
                <span class="method-name">setup(chrome)</span>
                <span class="method-start">755960 ms</span>
              </div> <!-- configuration-class before -->
              <div class="configuration-method before">
                <span class="method-name">Method_StartUp(public void com.qa.testcases.ts002.TS002_TC003.TS002_TC003(java.lang.String,java.lang.String) throws...)</span>
                <span class="method-start">787156 ms</span>
              </div> <!-- configuration-method before -->
              <div class="test-method">
                <img src="failed.png">
                </img>
                <span class="method-name">TS002_TC003(, Chericof1#)</span>
                <span class="method-start">787156 ms</span>
              </div> <!-- test-method -->
              <div class="configuration-method after">
                <span class="method-name">Method_TearDown([TestResult name=TS002_TC003 status=FAILURE method=TS002_TC003.TS002_TC003(java.lang.String,java.lan...)</span>
                <span class="method-start">805215 ms</span>
              </div> <!-- configuration-method after -->
              <div class="configuration-method before">
                <span class="method-name">Method_StartUp(public void com.qa.testcases.ts002.TS002_TC003.TS002_TC003(java.lang.String,java.lang.String) throws...)</span>
                <span class="method-start">805446 ms</span>
              </div> <!-- configuration-method before -->
              <div class="test-method">
                <img src="failed.png">
                </img>
                <span class="method-name">TS002_TC003(razdanamit51@gmail.com, )</span>
                <span class="method-start">805446 ms</span>
              </div> <!-- test-method -->
              <div class="configuration-method after">
                <span class="method-name">Method_TearDown([TestResult name=TS002_TC003 status=FAILURE method=TS002_TC003.TS002_TC003(java.lang.String,java.lan...)</span>
                <span class="method-start">816820 ms</span>
              </div> <!-- configuration-method after -->
              <div class="configuration-method before">
                <span class="method-name">Method_StartUp(public void com.qa.testcases.ts002.TS002_TC003.TS002_TC003(java.lang.String,java.lang.String) throws...)</span>
                <span class="method-start">816989 ms</span>
              </div> <!-- configuration-method before -->
              <div class="test-method">
                <span class="method-name">TS002_TC003(razdanamit51@gmail.com, Chericof1#)</span>
                <span class="method-start">816989 ms</span>
              </div> <!-- test-method -->
              <div class="configuration-method after">
                <span class="method-name">Method_TearDown([TestResult name=TS002_TC003 status=SUCCESS method=TS002_TC003.TS002_TC003(java.lang.String,java.lan...)</span>
                <span class="method-start">833385 ms</span>
              </div> <!-- configuration-method after -->
              <div class="configuration-class after">
                <span class="method-name">tearDown</span>
                <span class="method-start">833386 ms</span>
              </div> <!-- configuration-class after -->
            </div> <!-- chronological-class -->
            <div class="chronological-class">
              <div class="chronological-class-name">com.qa.testcases.ts003.TS003_TC001</div> <!-- chronological-class-name -->
              <div class="configuration-class before">
                <span class="method-name">setup(chrome)</span>
                <span class="method-start">834542 ms</span>
              </div> <!-- configuration-class before -->
              <div class="configuration-method before">
                <span class="method-name">Method_StartUp(public void com.qa.testcases.ts003.TS003_TC001.TS003_TC001(java.lang.String,java.lang.String,java.la...)</span>
                <span class="method-start">869126 ms</span>
              </div> <!-- configuration-method before -->
              <div class="test-method">
                <span class="method-name">TS003_TC001(Forgot Your Password?, Please enter your email address below to receive a password reset link., Emai...)</span>
                <span class="method-start">869130 ms</span>
              </div> <!-- test-method -->
              <div class="configuration-method after">
                <span class="method-name">Method_TearDown([TestResult name=TS003_TC001 status=SUCCESS method=TS003_TC001.TS003_TC001(java.lang.String,java.lan...)</span>
                <span class="method-start">887662 ms</span>
              </div> <!-- configuration-method after -->
              <div class="configuration-class after">
                <span class="method-name">tearDown</span>
                <span class="method-start">887662 ms</span>
              </div> <!-- configuration-class after -->
            </div> <!-- chronological-class -->
            <div class="chronological-class">
              <div class="chronological-class-name">com.qa.testcases.ts003.TS003_TC002</div> <!-- chronological-class-name -->
              <div class="configuration-class before">
                <span class="method-name">setup(chrome)</span>
                <span class="method-start">889016 ms</span>
              </div> <!-- configuration-class before -->
              <div class="configuration-method before">
                <span class="method-name">Method_StartUp(public void com.qa.testcases.ts003.TS003_TC002.TS003_TC002(java.lang.String,java.lang.String) throws...)</span>
                <span class="method-start">909718 ms</span>
              </div> <!-- configuration-method before -->
              <div class="test-method">
                <span class="method-name">TS003_TC002(, This is a required field.)</span>
                <span class="method-start">909719 ms</span>
              </div> <!-- test-method -->
              <div class="configuration-method after">
                <span class="method-name">Method_TearDown([TestResult name=TS003_TC002 status=SUCCESS method=TS003_TC002.TS003_TC002(java.lang.String,java.lan...)</span>
                <span class="method-start">928328 ms</span>
              </div> <!-- configuration-method after -->
              <div class="test-method">
                <img src="failed.png">
                </img>
                <span class="method-name">TS003_TC002(razdanamit51@gmail.com, )</span>
                <span class="method-start">928328 ms</span>
              </div> <!-- test-method -->
              <div class="configuration-method before">
                <span class="method-name">Method_StartUp(public void com.qa.testcases.ts003.TS003_TC002.TS003_TC002(java.lang.String,java.lang.String) throws...)</span>
                <span class="method-start">928328 ms</span>
              </div> <!-- configuration-method before -->
              <div class="configuration-method after">
                <span class="method-name">Method_TearDown([TestResult name=TS003_TC002 status=FAILURE method=TS003_TC002.TS003_TC002(java.lang.String,java.lan...)</span>
                <span class="method-start">949895 ms</span>
              </div> <!-- configuration-method after -->
              <div class="configuration-class after">
                <span class="method-name">tearDown</span>
                <span class="method-start">950105 ms</span>
              </div> <!-- configuration-class after -->
            </div> <!-- chronological-class -->
            <div class="chronological-class">
              <div class="chronological-class-name">com.qa.testcases.ts003.TS003_TC003</div> <!-- chronological-class-name -->
              <div class="configuration-class before">
                <span class="method-name">setup(chrome)</span>
                <span class="method-start">951088 ms</span>
              </div> <!-- configuration-class before -->
              <div class="configuration-method before">
                <span class="method-name">Method_StartUp(public void com.qa.testcases.ts003.TS003_TC003.TS003_TC003(java.lang.String,java.lang.String) throws...)</span>
                <span class="method-start">975014 ms</span>
              </div> <!-- configuration-method before -->
              <div class="test-method">
                <span class="method-name">TS003_TC003(12345, Please enter a valid email address (Ex: johndoe@domain.com).)</span>
                <span class="method-start">975015 ms</span>
              </div> <!-- test-method -->
              <div class="configuration-method after">
                <span class="method-name">Method_TearDown([TestResult name=TS003_TC003 status=SUCCESS method=TS003_TC003.TS003_TC003(java.lang.String,java.lan...)</span>
                <span class="method-start">991230 ms</span>
              </div> <!-- configuration-method after -->
              <div class="configuration-method before">
                <span class="method-name">Method_StartUp(public void com.qa.testcases.ts003.TS003_TC003.TS003_TC003(java.lang.String,java.lang.String) throws...)</span>
                <span class="method-start">991232 ms</span>
              </div> <!-- configuration-method before -->
              <div class="test-method">
                <span class="method-name">TS003_TC003(@3234534##$2, Please enter a valid email address (Ex: johndoe@domain.com).)</span>
                <span class="method-start">991233 ms</span>
              </div> <!-- test-method -->
              <div class="configuration-method before">
                <span class="method-name">Method_StartUp(public void com.qa.testcases.ts003.TS003_TC003.TS003_TC003(java.lang.String,java.lang.String) throws...)</span>
                <span class="method-start">1002157 ms</span>
              </div> <!-- configuration-method before -->
              <div class="configuration-method after">
                <span class="method-name">Method_TearDown([TestResult name=TS003_TC003 status=SUCCESS method=TS003_TC003.TS003_TC003(java.lang.String,java.lan...)</span>
                <span class="method-start">1002157 ms</span>
              </div> <!-- configuration-method after -->
              <div class="test-method">
                <span class="method-name">TS003_TC003(razdanamit, Please enter a valid email address (Ex: johndoe@domain.com).)</span>
                <span class="method-start">1002158 ms</span>
              </div> <!-- test-method -->
              <div class="configuration-method after">
                <span class="method-name">Method_TearDown([TestResult name=TS003_TC003 status=SUCCESS method=TS003_TC003.TS003_TC003(java.lang.String,java.lan...)</span>
                <span class="method-start">1012873 ms</span>
              </div> <!-- configuration-method after -->
              <div class="configuration-method before">
                <span class="method-name">Method_StartUp(public void com.qa.testcases.ts003.TS003_TC003.TS003_TC003(java.lang.String,java.lang.String) throws...)</span>
                <span class="method-start">1012876 ms</span>
              </div> <!-- configuration-method before -->
              <div class="test-method">
                <span class="method-name">TS003_TC003(yash@gsjh, Please enter a valid email address (Ex: johndoe@domain.com).)</span>
                <span class="method-start">1012878 ms</span>
              </div> <!-- test-method -->
              <div class="configuration-method after">
                <span class="method-name">Method_TearDown([TestResult name=TS003_TC003 status=SUCCESS method=TS003_TC003.TS003_TC003(java.lang.String,java.lan...)</span>
                <span class="method-start">1023591 ms</span>
              </div> <!-- configuration-method after -->
              <div class="configuration-class after">
                <span class="method-name">tearDown</span>
                <span class="method-start">1023593 ms</span>
              </div> <!-- configuration-class after -->
            </div> <!-- chronological-class -->
            <div class="chronological-class">
              <div class="chronological-class-name">com.qa.testcases.ts003.TS003_TC004</div> <!-- chronological-class-name -->
              <div class="configuration-class before">
                <span class="method-name">setup(chrome)</span>
                <span class="method-start">1024565 ms</span>
              </div> <!-- configuration-class before -->
              <div class="configuration-method before">
                <span class="method-name">Method_StartUp(public void com.qa.testcases.ts003.TS003_TC004.TS003_TC004(java.lang.String,java.lang.String) throws...)</span>
                <span class="method-start">1054574 ms</span>
              </div> <!-- configuration-method before -->
              <div class="test-method">
                <span class="method-name">TS003_TC004(razdanamit51@gmail.com, If there is an account associated with test2@gmail.com you will receive an e...)</span>
                <span class="method-start">1054575 ms</span>
              </div> <!-- test-method -->
              <div class="configuration-method after">
                <span class="method-name">Method_TearDown([TestResult name=TS003_TC004 status=SUCCESS method=TS003_TC004.TS003_TC004(java.lang.String,java.lan...)</span>
                <span class="method-start">1086750 ms</span>
              </div> <!-- configuration-method after -->
              <div class="configuration-method before">
                <span class="method-name">Method_StartUp(public void com.qa.testcases.ts003.TS003_TC004.TS003_TC004(java.lang.String,java.lang.String) throws...)</span>
                <span class="method-start">1086751 ms</span>
              </div> <!-- configuration-method before -->
              <div class="test-method">
                <span class="method-name">TS003_TC004(test2@gmail.com, If there is an account associated with test2@gmail.com you will receive an email wi...)</span>
                <span class="method-start">1086751 ms</span>
              </div> <!-- test-method -->
              <div class="configuration-method after">
                <span class="method-name">Method_TearDown([TestResult name=TS003_TC004 status=SUCCESS method=TS003_TC004.TS003_TC004(java.lang.String,java.lan...)</span>
                <span class="method-start">1107212 ms</span>
              </div> <!-- configuration-method after -->
              <div class="configuration-class after">
                <span class="method-name">tearDown</span>
                <span class="method-start">1107213 ms</span>
              </div> <!-- configuration-class after -->
            </div> <!-- chronological-class -->
            <div class="chronological-class">
              <div class="chronological-class-name">com.qa.testcases.ts004.TS004_TC001</div> <!-- chronological-class-name -->
              <div class="configuration-class before">
                <span class="method-name">setup(chrome)</span>
                <span class="method-start">1108107 ms</span>
              </div> <!-- configuration-class before -->
              <div class="configuration-method before">
                <span class="method-name">Method_StartUp(public void com.qa.testcases.ts004.TS004_TC001.TS004_TC001(java.lang.String,java.lang.String) throws...)</span>
                <span class="method-start">1130869 ms</span>
              </div> <!-- configuration-method before -->
              <div class="test-method">
                <span class="method-name">TS004_TC001(razdanamit51@gmail.com, Chericof1#)</span>
                <span class="method-start">1130871 ms</span>
              </div> <!-- test-method -->
              <div class="configuration-method after">
                <span class="method-name">Method_TearDown([TestResult name=TS004_TC001 status=SUCCESS method=TS004_TC001.TS004_TC001(java.lang.String,java.lan...)</span>
                <span class="method-start">1254915 ms</span>
              </div> <!-- configuration-method after -->
              <div class="configuration-method before">
                <span class="method-name">Method_StartUp(public void com.qa.testcases.ts004.TS004_TC001.TS004_TC001(java.lang.String,java.lang.String) throws...)</span>
                <span class="method-start">1254916 ms</span>
              </div> <!-- configuration-method before -->
              <div class="test-method">
                <span class="method-name">TS004_TC001(razdanamit51@gmail.com, Chericof1#)</span>
                <span class="method-start">1254917 ms</span>
              </div> <!-- test-method -->
              <div class="configuration-method after">
                <span class="method-name">Method_TearDown([TestResult name=TS004_TC001 status=SUCCESS method=TS004_TC001.TS004_TC001(java.lang.String,java.lan...)</span>
                <span class="method-start">1391716 ms</span>
              </div> <!-- configuration-method after -->
              <div class="configuration-class after">
                <span class="method-name">tearDown</span>
                <span class="method-start">1391717 ms</span>
              </div> <!-- configuration-class after -->
            </div> <!-- chronological-class -->
            <div class="chronological-class">
              <div class="chronological-class-name">com.qa.testcases.ts004.TS004_TC002</div> <!-- chronological-class-name -->
              <div class="configuration-class before">
                <span class="method-name">setup(chrome)</span>
                <span class="method-start">1393605 ms</span>
              </div> <!-- configuration-class before -->
              <div class="test-method">
                <span class="method-name">TS004_TC002(razdanamit51@gmail.com, Chericof1#)</span>
                <span class="method-start">1417166 ms</span>
              </div> <!-- test-method -->
              <div class="configuration-method before">
                <span class="method-name">Method_StartUp(public void com.qa.testcases.ts004.TS004_TC002.TS004_TC002(java.lang.String,java.lang.String) throws...)</span>
                <span class="method-start">1417166 ms</span>
              </div> <!-- configuration-method before -->
              <div class="configuration-method after">
                <span class="method-name">Method_TearDown([TestResult name=TS004_TC002 status=SUCCESS method=TS004_TC002.TS004_TC002(java.lang.String,java.lan...)</span>
                <span class="method-start">1630155 ms</span>
              </div> <!-- configuration-method after -->
              <div class="configuration-method before">
                <span class="method-name">Method_StartUp(public void com.qa.testcases.ts004.TS004_TC002.TS004_TC002(java.lang.String,java.lang.String) throws...)</span>
                <span class="method-start">1630158 ms</span>
              </div> <!-- configuration-method before -->
              <div class="test-method">
                <span class="method-name">TS004_TC002(razdanamit51@gmail.com, Chericof1#)</span>
                <span class="method-start">1630159 ms</span>
              </div> <!-- test-method -->
              <div class="configuration-method after">
                <span class="method-name">Method_TearDown([TestResult name=TS004_TC002 status=SUCCESS method=TS004_TC002.TS004_TC002(java.lang.String,java.lan...)</span>
                <span class="method-start">1829614 ms</span>
              </div> <!-- configuration-method after -->
              <div class="configuration-class after">
                <span class="method-name">tearDown</span>
                <span class="method-start">1829617 ms</span>
              </div> <!-- configuration-class after -->
            </div> <!-- chronological-class -->
            <div class="chronological-class">
              <div class="chronological-class-name">com.qa.testcases.ts004.TS004_TC003</div> <!-- chronological-class-name -->
              <div class="configuration-class before">
                <span class="method-name">setup(chrome)</span>
                <span class="method-start">1830995 ms</span>
              </div> <!-- configuration-class before -->
              <div class="configuration-method before">
                <span class="method-name">Method_StartUp(public void com.qa.testcases.ts004.TS004_TC003.TS004_TC003(java.lang.String,java.lang.String,java.la...)</span>
                <span class="method-start">1853880 ms</span>
              </div> <!-- configuration-method before -->
              <div class="test-method">
                <span class="method-name">TS004_TC003(razdanamit51@gmail.com, Chericof1#, demo)</span>
                <span class="method-start">1853882 ms</span>
              </div> <!-- test-method -->
              <div class="configuration-method before">
                <span class="method-name">Method_StartUp(public void com.qa.testcases.ts004.TS004_TC003.TS004_TC003(java.lang.String,java.lang.String,java.la...)</span>
                <span class="method-start">1935889 ms</span>
              </div> <!-- configuration-method before -->
              <div class="configuration-method after">
                <span class="method-name">Method_TearDown([TestResult name=TS004_TC003 status=SUCCESS method=TS004_TC003.TS004_TC003(java.lang.String,java.lan...)</span>
                <span class="method-start">1935889 ms</span>
              </div> <!-- configuration-method after -->
              <div class="test-method">
                <span class="method-name">TS004_TC003(razdanamit51@gmail.com, Chericof1#, demo)</span>
                <span class="method-start">1935898 ms</span>
              </div> <!-- test-method -->
              <div class="configuration-method after">
                <span class="method-name">Method_TearDown([TestResult name=TS004_TC003 status=SUCCESS method=TS004_TC003.TS004_TC003(java.lang.String,java.lan...)</span>
                <span class="method-start">2028898 ms</span>
              </div> <!-- configuration-method after -->
              <div class="configuration-class after">
                <span class="method-name">tearDown</span>
                <span class="method-start">2028900 ms</span>
              </div> <!-- configuration-class after -->
            </div> <!-- chronological-class -->
            <div class="chronological-class">
              <div class="chronological-class-name">com.qa.testcases.ts004.TS004_TC004</div> <!-- chronological-class-name -->
              <div class="configuration-class before">
                <span class="method-name">setup(chrome)</span>
                <span class="method-start">2030501 ms</span>
              </div> <!-- configuration-class before -->
              <div class="test-method">
                <img src="failed.png">
                </img>
                <span class="method-name">TS004_TC004(razdanamit51@gmail.com, Chericof1#, Jacket, 11)</span>
                <span class="method-start">2052927 ms</span>
              </div> <!-- test-method -->
              <div class="configuration-method before">
                <span class="method-name">Method_StartUp(public void com.qa.testcases.ts004.TS004_TC004.TS004_TC004(java.lang.String,java.lang.String,java.la...)</span>
                <span class="method-start">2052927 ms</span>
              </div> <!-- configuration-method before -->
              <div class="configuration-method after">
                <span class="method-name">Method_TearDown([TestResult name=TS004_TC004 status=FAILURE method=TS004_TC004.TS004_TC004(java.lang.String,java.lan...)</span>
                <span class="method-start">2182529 ms</span>
              </div> <!-- configuration-method after -->
              <div class="configuration-method before">
                <span class="method-name">Method_StartUp(public void com.qa.testcases.ts004.TS004_TC004.TS004_TC004(java.lang.String,java.lang.String,java.la...)</span>
                <span class="method-start">2182736 ms</span>
              </div> <!-- configuration-method before -->
              <div class="test-method">
                <span class="method-name">TS004_TC004(razdanamit51@gmail.com, Chericof1#, Jacket, 12)</span>
                <span class="method-start">2182736 ms</span>
              </div> <!-- test-method -->
              <div class="configuration-method after">
                <span class="method-name">Method_TearDown([TestResult name=TS004_TC004 status=SUCCESS method=TS004_TC004.TS004_TC004(java.lang.String,java.lan...)</span>
                <span class="method-start">2311495 ms</span>
              </div> <!-- configuration-method after -->
              <div class="configuration-class after">
                <span class="method-name">tearDown</span>
                <span class="method-start">2311497 ms</span>
              </div> <!-- configuration-class after -->
            </div> <!-- chronological-class -->
            <div class="chronological-class">
              <div class="chronological-class-name">com.qa.testcases.ts004.TS004_TC005</div> <!-- chronological-class-name -->
              <div class="configuration-class before">
                <span class="method-name">setup(chrome)</span>
                <span class="method-start">2314057 ms</span>
              </div> <!-- configuration-class before -->
              <div class="configuration-method before">
                <span class="method-name">Method_StartUp(public void com.qa.testcases.ts004.TS004_TC005.TS004_TC005(java.lang.String,java.lang.String,java.la...)</span>
                <span class="method-start">2335347 ms</span>
              </div> <!-- configuration-method before -->
              <div class="test-method">
                <img src="failed.png">
                </img>
                <span class="method-name">TS004_TC005(razdanamit51@gmail.com, Chericof1#, @3244, Your search returned no results.)</span>
                <span class="method-start">2335350 ms</span>
              </div> <!-- test-method -->
              <div class="configuration-method after">
                <span class="method-name">Method_TearDown([TestResult name=TS004_TC005 status=FAILURE method=TS004_TC005.TS004_TC005(java.lang.String,java.lan...)</span>
                <span class="method-start">2354367 ms</span>
              </div> <!-- configuration-method after -->
              <div class="configuration-method before">
                <span class="method-name">Method_StartUp(public void com.qa.testcases.ts004.TS004_TC005.TS004_TC005(java.lang.String,java.lang.String,java.la...)</span>
                <span class="method-start">2354556 ms</span>
              </div> <!-- configuration-method before -->
              <div class="test-method">
                <span class="method-name">TS004_TC005(razdanamit51@gmail.com, Chericof1#, @3244, Your search returned no results.)</span>
                <span class="method-start">2354557 ms</span>
              </div> <!-- test-method -->
              <div class="configuration-class after">
                <span class="method-name">tearDown</span>
                <span class="method-start">2375919 ms</span>
              </div> <!-- configuration-class after -->
              <div class="configuration-method after">
                <span class="method-name">Method_TearDown([TestResult name=TS004_TC005 status=SUCCESS method=TS004_TC005.TS004_TC005(java.lang.String,java.lan...)</span>
                <span class="method-start">2375919 ms</span>
              </div> <!-- configuration-method after -->
            </div> <!-- chronological-class -->
            <div class="chronological-class">
              <div class="chronological-class-name">com.qa.testcases.ts005.TS005_TC001</div> <!-- chronological-class-name -->
              <div class="configuration-class before">
                <span class="method-name">setup(chrome)</span>
                <span class="method-start">2376917 ms</span>
              </div> <!-- configuration-class before -->
              <div class="configuration-method before">
                <span class="method-name">Method_StartUp(public void com.qa.testcases.ts005.TS005_TC001.TS005_TC001(java.lang.String) throws java.lang.Except...)</span>
                <span class="method-start">2400135 ms</span>
              </div> <!-- configuration-method before -->
              <div class="test-method">
                <span class="method-name">TS005_TC001(1)</span>
                <span class="method-start">2400137 ms</span>
              </div> <!-- test-method -->
              <div class="configuration-method after">
                <span class="method-name">Method_TearDown([TestResult name=TS005_TC001 status=SUCCESS method=TS005_TC001.TS005_TC001(java.lang.String)[pri:0, ...)</span>
                <span class="method-start">2475958 ms</span>
              </div> <!-- configuration-method after -->
              <div class="configuration-class after">
                <span class="method-name">tearDown</span>
                <span class="method-start">2475960 ms</span>
              </div> <!-- configuration-class after -->
            </div> <!-- chronological-class -->
            <div class="chronological-class">
              <div class="chronological-class-name">com.qa.testcases.ts005.TS005_TC002</div> <!-- chronological-class-name -->
              <div class="configuration-class before">
                <span class="method-name">setup(chrome)</span>
                <span class="method-start">2476978 ms</span>
              </div> <!-- configuration-class before -->
              <div class="configuration-method before">
                <span class="method-name">Method_StartUp(public void com.qa.testcases.ts005.TS005_TC002.TS005_TC002(java.lang.String) throws java.lang.Except...)</span>
                <span class="method-start">2501280 ms</span>
              </div> <!-- configuration-method before -->
              <div class="test-method">
                <img src="failed.png">
                </img>
                <span class="method-name">TS005_TC002(demo1)</span>
                <span class="method-start">2501280 ms</span>
              </div> <!-- test-method -->
              <div class="configuration-method after">
                <span class="method-name">Method_TearDown([TestResult name=TS005_TC002 status=FAILURE method=TS005_TC002.TS005_TC002(java.lang.String)[pri:0, ...)</span>
                <span class="method-start">2657216 ms</span>
              </div> <!-- configuration-method after -->
              <div class="configuration-method before">
                <span class="method-name">Method_StartUp(public void com.qa.testcases.ts005.TS005_TC002.TS005_TC002(java.lang.String) throws java.lang.Except...)</span>
                <span class="method-start">2657743 ms</span>
              </div> <!-- configuration-method before -->
              <div class="test-method">
                <span class="method-name">TS005_TC002(demo2)</span>
                <span class="method-start">2657744 ms</span>
              </div> <!-- test-method -->
              <div class="configuration-method after">
                <span class="method-name">Method_TearDown([TestResult name=TS005_TC002 status=SUCCESS method=TS005_TC002.TS005_TC002(java.lang.String)[pri:0, ...)</span>
                <span class="method-start">2830916 ms</span>
              </div> <!-- configuration-method after -->
              <div class="configuration-class after">
                <span class="method-name">tearDown</span>
                <span class="method-start">2830918 ms</span>
              </div> <!-- configuration-class after -->
            </div> <!-- chronological-class -->
            <div class="chronological-class">
              <div class="chronological-class-name">com.qa.testcases.ts005.TS005_TC003</div> <!-- chronological-class-name -->
              <div class="configuration-class before">
                <span class="method-name">setup(chrome)</span>
                <span class="method-start">2834193 ms</span>
              </div> <!-- configuration-class before -->
              <div class="configuration-method before">
                <span class="method-name">Method_StartUp(public void com.qa.testcases.ts005.TS005_TC003.TS005_TC003(java.lang.String) throws java.lang.Except...)</span>
                <span class="method-start">2861337 ms</span>
              </div> <!-- configuration-method before -->
              <div class="test-method">
                <span class="method-name">TS005_TC003(demo1)</span>
                <span class="method-start">2861337 ms</span>
              </div> <!-- test-method -->
              <div class="configuration-method after">
                <span class="method-name">Method_TearDown([TestResult name=TS005_TC003 status=SUCCESS method=TS005_TC003.TS005_TC003(java.lang.String)[pri:0, ...)</span>
                <span class="method-start">2934749 ms</span>
              </div> <!-- configuration-method after -->
              <div class="configuration-method before">
                <span class="method-name">Method_StartUp(public void com.qa.testcases.ts005.TS005_TC003.TS005_TC003(java.lang.String) throws java.lang.Except...)</span>
                <span class="method-start">2934750 ms</span>
              </div> <!-- configuration-method before -->
              <div class="test-method">
                <span class="method-name">TS005_TC003(demo2)</span>
                <span class="method-start">2934750 ms</span>
              </div> <!-- test-method -->
              <div class="configuration-method after">
                <span class="method-name">Method_TearDown([TestResult name=TS005_TC003 status=SUCCESS method=TS005_TC003.TS005_TC003(java.lang.String)[pri:0, ...)</span>
                <span class="method-start">2991849 ms</span>
              </div> <!-- configuration-method after -->
              <div class="configuration-class after">
                <span class="method-name">tearDown</span>
                <span class="method-start">2991849 ms</span>
              </div> <!-- configuration-class after -->
            </div> <!-- chronological-class -->
            <div class="chronological-class">
              <div class="chronological-class-name">com.qa.testcases.ts005.TS005_TC004</div> <!-- chronological-class-name -->
              <div class="configuration-class before">
                <span class="method-name">setup(chrome)</span>
                <span class="method-start">2994155 ms</span>
              </div> <!-- configuration-class before -->
              <div class="configuration-method before">
                <span class="method-name">Method_StartUp(public void com.qa.testcases.ts005.TS005_TC004.TS005_TC004(java.lang.String,java.lang.String) throws...)</span>
                <span class="method-start">3017112 ms</span>
              </div> <!-- configuration-method before -->
              <div class="test-method">
                <img src="failed.png">
                </img>
                <span class="method-name">TS005_TC004(Jacket, 11)</span>
                <span class="method-start">3017112 ms</span>
              </div> <!-- test-method -->
              <div class="configuration-method after">
                <span class="method-name">Method_TearDown([TestResult name=TS005_TC004 status=FAILURE method=TS005_TC004.TS005_TC004(java.lang.String,java.lan...)</span>
                <span class="method-start">3123001 ms</span>
              </div> <!-- configuration-method after -->
              <div class="configuration-method before">
                <span class="method-name">Method_StartUp(public void com.qa.testcases.ts005.TS005_TC004.TS005_TC004(java.lang.String,java.lang.String) throws...)</span>
                <span class="method-start">3123241 ms</span>
              </div> <!-- configuration-method before -->
              <div class="test-method">
                <span class="method-name">TS005_TC004(Jacket, 12)</span>
                <span class="method-start">3123241 ms</span>
              </div> <!-- test-method -->
              <div class="configuration-method after">
                <span class="method-name">Method_TearDown([TestResult name=TS005_TC004 status=SUCCESS method=TS005_TC004.TS005_TC004(java.lang.String,java.lan...)</span>
                <span class="method-start">3243464 ms</span>
              </div> <!-- configuration-method after -->
              <div class="configuration-class after">
                <span class="method-name">tearDown</span>
                <span class="method-start">3243466 ms</span>
              </div> <!-- configuration-class after -->
            </div> <!-- chronological-class -->
            <div class="chronological-class">
              <div class="chronological-class-name">com.qa.testcases.ts005.TS005_TC005</div> <!-- chronological-class-name -->
              <div class="configuration-class before">
                <span class="method-name">setup(chrome)</span>
                <span class="method-start">3245103 ms</span>
              </div> <!-- configuration-class before -->
              <div class="configuration-method before">
                <span class="method-name">Method_StartUp(public void com.qa.testcases.ts005.TS005_TC005.TS005_TC005(java.lang.String,java.lang.String) throws...)</span>
                <span class="method-start">3268853 ms</span>
              </div> <!-- configuration-method before -->
              <div class="test-method">
                <span class="method-name">TS005_TC005(@3244, Your search returned no results.)</span>
                <span class="method-start">3268854 ms</span>
              </div> <!-- test-method -->
              <div class="configuration-method after">
                <span class="method-name">Method_TearDown([TestResult name=TS005_TC005 status=SUCCESS method=TS005_TC005.TS005_TC005(java.lang.String,java.lan...)</span>
                <span class="method-start">3348398 ms</span>
              </div> <!-- configuration-method after -->
              <div class="test-method">
                <span class="method-name">TS005_TC005(@3244, Your search returned no results.)</span>
                <span class="method-start">3348399 ms</span>
              </div> <!-- test-method -->
              <div class="configuration-method before">
                <span class="method-name">Method_StartUp(public void com.qa.testcases.ts005.TS005_TC005.TS005_TC005(java.lang.String,java.lang.String) throws...)</span>
                <span class="method-start">3348399 ms</span>
              </div> <!-- configuration-method before -->
              <div class="configuration-method after">
                <span class="method-name">Method_TearDown([TestResult name=TS005_TC005 status=SUCCESS method=TS005_TC005.TS005_TC005(java.lang.String,java.lan...)</span>
                <span class="method-start">3422173 ms</span>
              </div> <!-- configuration-method after -->
              <div class="configuration-class after">
                <span class="method-name">tearDown</span>
                <span class="method-start">3422174 ms</span>
              </div> <!-- configuration-class after -->
            </div> <!-- chronological-class -->
            <div class="chronological-class">
              <div class="chronological-class-name">com.qa.testcases.ts005.TS005_TC001</div> <!-- chronological-class-name -->
              <div class="configuration-suite after">
                <span class="method-name">Suite_TearDown</span>
                <span class="method-start">3424780 ms</span>
              </div> <!-- configuration-suite after -->
          </div> <!-- main-panel-content rounded-window-bottom -->
        </div> <!-- panel -->
      </div> <!-- main-panel-root -->
    </div> <!-- wrapper -->
  </body>
<script type="text/javascript" src="testng-reports2.js"></script>
</html>
