<?xml version="1.0" encoding="UTF-8"?>
<testsuite xmlns:xsi="http://www.w3.org/2001/XMLSchema-instance" xsi:noNamespaceSchemaLocation="https://maven.apache.org/surefire/maven-surefire-plugin/xsd/surefire-test-report.xsd" name="TestSuite" time="3,440.244" tests="83" errors="0" skipped="32" failures="19">
  <properties>
    <property name="java.specification.version" value="21"/>
    <property name="sun.cpu.isalist" value="amd64"/>
    <property name="sun.jnu.encoding" value="Cp1252"/>
    <property name="java.class.path" value="C:\Users\razda\eclipse-workspace\Projects\Project3_DataDriven\target\test-classes;C:\Users\razda\eclipse-workspace\Projects\Project3_DataDriven\target\classes;C:\Users\razda\.m2\repository\org\seleniumhq\selenium\selenium-java\4.20.0\selenium-java-4.20.0.jar;C:\Users\razda\.m2\repository\org\seleniumhq\selenium\selenium-api\4.20.0\selenium-api-4.20.0.jar;C:\Users\razda\.m2\repository\org\seleniumhq\selenium\selenium-chrome-driver\4.20.0\selenium-chrome-driver-4.20.0.jar;C:\Users\razda\.m2\repository\com\google\auto\service\auto-service-annotations\1.1.1\auto-service-annotations-1.1.1.jar;C:\Users\razda\.m2\repository\org\seleniumhq\selenium\selenium-chromium-driver\4.20.0\selenium-chromium-driver-4.20.0.jar;C:\Users\razda\.m2\repository\org\seleniumhq\selenium\selenium-json\4.20.0\selenium-json-4.20.0.jar;C:\Users\razda\.m2\repository\org\seleniumhq\selenium\selenium-manager\4.20.0\selenium-manager-4.20.0.jar;C:\Users\razda\.m2\repository\org\seleniumhq\selenium\selenium-devtools-v122\4.20.0\selenium-devtools-v122-4.20.0.jar;C:\Users\razda\.m2\repository\org\seleniumhq\selenium\selenium-devtools-v123\4.20.0\selenium-devtools-v123-4.20.0.jar;C:\Users\razda\.m2\repository\org\seleniumhq\selenium\selenium-devtools-v124\4.20.0\selenium-devtools-v124-4.20.0.jar;C:\Users\razda\.m2\repository\org\seleniumhq\selenium\selenium-devtools-v85\4.20.0\selenium-devtools-v85-4.20.0.jar;C:\Users\razda\.m2\repository\org\seleniumhq\selenium\selenium-edge-driver\4.20.0\selenium-edge-driver-4.20.0.jar;C:\Users\razda\.m2\repository\org\seleniumhq\selenium\selenium-firefox-driver\4.20.0\selenium-firefox-driver-4.20.0.jar;C:\Users\razda\.m2\repository\org\seleniumhq\selenium\selenium-http\4.20.0\selenium-http-4.20.0.jar;C:\Users\razda\.m2\repository\dev\failsafe\failsafe\3.3.2\failsafe-3.3.2.jar;C:\Users\razda\.m2\repository\org\seleniumhq\selenium\selenium-ie-driver\4.20.0\selenium-ie-driver-4.20.0.jar;C:\Users\razda\.m2\repository\org\seleniumhq\selenium\selenium-remote-driver\4.20.0\selenium-remote-driver-4.20.0.jar;C:\Users\razda\.m2\repository\com\google\guava\guava\33.1.0-jre\guava-33.1.0-jre.jar;C:\Users\razda\.m2\repository\com\google\guava\failureaccess\1.0.2\failureaccess-1.0.2.jar;C:\Users\razda\.m2\repository\com\google\guava\listenablefuture\9999.0-empty-to-avoid-conflict-with-guava\listenablefuture-9999.0-empty-to-avoid-conflict-with-guava.jar;C:\Users\razda\.m2\repository\com\google\code\findbugs\jsr305\3.0.2\jsr305-3.0.2.jar;C:\Users\razda\.m2\repository\org\checkerframework\checker-qual\3.42.0\checker-qual-3.42.0.jar;C:\Users\razda\.m2\repository\com\google\errorprone\error_prone_annotations\2.26.1\error_prone_annotations-2.26.1.jar;C:\Users\razda\.m2\repository\com\google\j2objc\j2objc-annotations\3.0.0\j2objc-annotations-3.0.0.jar;C:\Users\razda\.m2\repository\io\opentelemetry\semconv\opentelemetry-semconv\1.25.0-alpha\opentelemetry-semconv-1.25.0-alpha.jar;C:\Users\razda\.m2\repository\io\opentelemetry\opentelemetry-api\1.37.0\opentelemetry-api-1.37.0.jar;C:\Users\razda\.m2\repository\io\opentelemetry\opentelemetry-context\1.37.0\opentelemetry-context-1.37.0.jar;C:\Users\razda\.m2\repository\io\opentelemetry\opentelemetry-exporter-logging\1.37.0\opentelemetry-exporter-logging-1.37.0.jar;C:\Users\razda\.m2\repository\io\opentelemetry\opentelemetry-sdk-common\1.37.0\opentelemetry-sdk-common-1.37.0.jar;C:\Users\razda\.m2\repository\io\opentelemetry\opentelemetry-sdk-extension-autoconfigure-spi\1.37.0\opentelemetry-sdk-extension-autoconfigure-spi-1.37.0.jar;C:\Users\razda\.m2\repository\io\opentelemetry\opentelemetry-sdk-extension-autoconfigure\1.37.0\opentelemetry-sdk-extension-autoconfigure-1.37.0.jar;C:\Users\razda\.m2\repository\io\opentelemetry\opentelemetry-api-incubator\1.37.0-alpha\opentelemetry-api-incubator-1.37.0-alpha.jar;C:\Users\razda\.m2\repository\io\opentelemetry\opentelemetry-sdk-trace\1.37.0\opentelemetry-sdk-trace-1.37.0.jar;C:\Users\razda\.m2\repository\io\opentelemetry\opentelemetry-sdk\1.37.0\opentelemetry-sdk-1.37.0.jar;C:\Users\razda\.m2\repository\io\opentelemetry\opentelemetry-sdk-metrics\1.37.0\opentelemetry-sdk-metrics-1.37.0.jar;C:\Users\razda\.m2\repository\io\opentelemetry\opentelemetry-sdk-logs\1.37.0\opentelemetry-sdk-logs-1.37.0.jar;C:\Users\razda\.m2\repository\net\bytebuddy\byte-buddy\1.14.14\byte-buddy-1.14.14.jar;C:\Users\razda\.m2\repository\org\seleniumhq\selenium\selenium-os\4.20.0\selenium-os-4.20.0.jar;C:\Users\razda\.m2\repository\org\apache\commons\commons-exec\1.4.0\commons-exec-1.4.0.jar;C:\Users\razda\.m2\repository\org\seleniumhq\selenium\selenium-safari-driver\4.20.0\selenium-safari-driver-4.20.0.jar;C:\Users\razda\.m2\repository\org\seleniumhq\selenium\selenium-support\4.20.0\selenium-support-4.20.0.jar;C:\Users\razda\.m2\repository\io\github\bonigarcia\webdrivermanager\5.7.0\webdrivermanager-5.7.0.jar;C:\Users\razda\.m2\repository\org\slf4j\slf4j-api\2.0.12\slf4j-api-2.0.12.jar;C:\Users\razda\.m2\repository\com\google\code\gson\gson\2.10.1\gson-2.10.1.jar;C:\Users\razda\.m2\repository\com\github\docker-java\docker-java\3.3.5\docker-java-3.3.5.jar;C:\Users\razda\.m2\repository\com\github\docker-java\docker-java-core\3.3.5\docker-java-core-3.3.5.jar;C:\Users\razda\.m2\repository\com\github\docker-java\docker-java-api\3.3.5\docker-java-api-3.3.5.jar;C:\Users\razda\.m2\repository\com\fasterxml\jackson\core\jackson-annotations\2.10.3\jackson-annotations-2.10.3.jar;C:\Users\razda\.m2\repository\com\fasterxml\jackson\core\jackson-databind\2.10.3\jackson-databind-2.10.3.jar;C:\Users\razda\.m2\repository\com\fasterxml\jackson\core\jackson-core\2.10.3\jackson-core-2.10.3.jar;C:\Users\razda\.m2\repository\org\bouncycastle\bcpkix-jdk18on\1.76\bcpkix-jdk18on-1.76.jar;C:\Users\razda\.m2\repository\org\bouncycastle\bcprov-jdk18on\1.76\bcprov-jdk18on-1.76.jar;C:\Users\razda\.m2\repository\org\bouncycastle\bcutil-jdk18on\1.76\bcutil-jdk18on-1.76.jar;C:\Users\razda\.m2\repository\org\slf4j\jcl-over-slf4j\1.7.30\jcl-over-slf4j-1.7.30.jar;C:\Users\razda\.m2\repository\com\github\docker-java\docker-java-transport-httpclient5\3.3.5\docker-java-transport-httpclient5-3.3.5.jar;C:\Users\razda\.m2\repository\com\github\docker-java\docker-java-transport\3.3.5\docker-java-transport-3.3.5.jar;C:\Users\razda\.m2\repository\net\java\dev\jna\jna\5.13.0\jna-5.13.0.jar;C:\Users\razda\.m2\repository\org\brotli\dec\0.1.2\dec-0.1.2.jar;C:\Users\razda\.m2\repository\org\apache\commons\commons-lang3\3.14.0\commons-lang3-3.14.0.jar;C:\Users\razda\.m2\repository\org\apache\commons\commons-compress\1.26.0\commons-compress-1.26.0.jar;C:\Users\razda\.m2\repository\commons-io\commons-io\2.15.1\commons-io-2.15.1.jar;C:\Users\razda\.m2\repository\org\apache\httpcomponents\client5\httpclient5\5.2.1\httpclient5-5.2.1.jar;C:\Users\razda\.m2\repository\org\apache\httpcomponents\core5\httpcore5\5.2\httpcore5-5.2.jar;C:\Users\razda\.m2\repository\org\apache\httpcomponents\core5\httpcore5-h2\5.2\httpcore5-h2-5.2.jar;C:\Users\razda\.m2\repository\org\testng\testng\7.9.0\testng-7.9.0.jar;C:\Users\razda\.m2\repository\com\beust\jcommander\1.82\jcommander-1.82.jar;C:\Users\razda\.m2\repository\org\webjars\jquery\3.7.1\jquery-3.7.1.jar;C:\Users\razda\.m2\repository\org\apache\poi\poi\3.16\poi-3.16.jar;C:\Users\razda\.m2\repository\commons-codec\commons-codec\1.10\commons-codec-1.10.jar;C:\Users\razda\.m2\repository\org\apache\commons\commons-collections4\4.1\commons-collections4-4.1.jar;C:\Users\razda\.m2\repository\org\apache\poi\poi-ooxml\3.16\poi-ooxml-3.16.jar;C:\Users\razda\.m2\repository\org\apache\poi\poi-ooxml-schemas\3.16\poi-ooxml-schemas-3.16.jar;C:\Users\razda\.m2\repository\org\apache\xmlbeans\xmlbeans\2.6.0\xmlbeans-2.6.0.jar;C:\Users\razda\.m2\repository\stax\stax-api\1.0.1\stax-api-1.0.1.jar;C:\Users\razda\.m2\repository\com\github\virtuald\curvesapi\1.04\curvesapi-1.04.jar;C:\Users\razda\.m2\repository\log4j\log4j\1.2.17\log4j-1.2.17.jar;C:\Users\razda\.m2\repository\com\h2database\h2\2.0.202\h2-2.0.202.jar;C:\Users\razda\.m2\repository\mysql\mysql-connector-java\5.1.36\mysql-connector-java-5.1.36.jar;C:\Users\razda\.m2\repository\org\apache\commons\commons-dbcp2\2.9.0\commons-dbcp2-2.9.0.jar;C:\Users\razda\.m2\repository\org\apache\commons\commons-pool2\2.10.0\commons-pool2-2.10.0.jar;C:\Users\razda\.m2\repository\commons-logging\commons-logging\1.2\commons-logging-1.2.jar;C:\Users\razda\.m2\repository\com\aventstack\extentreports\5.1.1\extentreports-5.1.1.jar;C:\Users\razda\.m2\repository\io\reactivex\rxjava3\rxjava\3.1.6\rxjava-3.1.6.jar;C:\Users\razda\.m2\repository\org\reactivestreams\reactive-streams\1.0.4\reactive-streams-1.0.4.jar;C:\Users\razda\.m2\repository\org\freemarker\freemarker\2.3.32\freemarker-2.3.32.jar;C:\Users\razda\.m2\repository\org\projectlombok\lombok\1.18.26\lombok-1.18.26.jar;"/>
    <property name="java.vm.vendor" value="Oracle Corporation"/>
    <property name="sun.arch.data.model" value="64"/>
    <property name="user.variant" value=""/>
    <property name="java.vendor.url" value="https://java.oracle.com/"/>
    <property name="user.timezone" value="Asia/Calcutta"/>
    <property name="os.name" value="Windows 10"/>
    <property name="java.vm.specification.version" value="21"/>
    <property name="sun.java.launcher" value="SUN_STANDARD"/>
    <property name="user.country" value="IN"/>
    <property name="sun.boot.library.path" value="C:\Program Files\Java\jdk-21\bin"/>
    <property name="sun.java.command" value="C:\Users\razda\AppData\Local\Temp\surefire4278544853633382492\surefirebooter7242919885693322494.jar C:\Users\razda\AppData\Local\Temp\surefire4278544853633382492 2024-06-16T13-26-06_879-jvmRun1 surefire16581934412056388593tmp surefire_012575118587506975779tmp"/>
    <property name="jdk.debug" value="release"/>
    <property name="surefire.test.class.path" value="C:\Users\razda\eclipse-workspace\Projects\Project3_DataDriven\target\test-classes;C:\Users\razda\eclipse-workspace\Projects\Project3_DataDriven\target\classes;C:\Users\razda\.m2\repository\org\seleniumhq\selenium\selenium-java\4.20.0\selenium-java-4.20.0.jar;C:\Users\razda\.m2\repository\org\seleniumhq\selenium\selenium-api\4.20.0\selenium-api-4.20.0.jar;C:\Users\razda\.m2\repository\org\seleniumhq\selenium\selenium-chrome-driver\4.20.0\selenium-chrome-driver-4.20.0.jar;C:\Users\razda\.m2\repository\com\google\auto\service\auto-service-annotations\1.1.1\auto-service-annotations-1.1.1.jar;C:\Users\razda\.m2\repository\org\seleniumhq\selenium\selenium-chromium-driver\4.20.0\selenium-chromium-driver-4.20.0.jar;C:\Users\razda\.m2\repository\org\seleniumhq\selenium\selenium-json\4.20.0\selenium-json-4.20.0.jar;C:\Users\razda\.m2\repository\org\seleniumhq\selenium\selenium-manager\4.20.0\selenium-manager-4.20.0.jar;C:\Users\razda\.m2\repository\org\seleniumhq\selenium\selenium-devtools-v122\4.20.0\selenium-devtools-v122-4.20.0.jar;C:\Users\razda\.m2\repository\org\seleniumhq\selenium\selenium-devtools-v123\4.20.0\selenium-devtools-v123-4.20.0.jar;C:\Users\razda\.m2\repository\org\seleniumhq\selenium\selenium-devtools-v124\4.20.0\selenium-devtools-v124-4.20.0.jar;C:\Users\razda\.m2\repository\org\seleniumhq\selenium\selenium-devtools-v85\4.20.0\selenium-devtools-v85-4.20.0.jar;C:\Users\razda\.m2\repository\org\seleniumhq\selenium\selenium-edge-driver\4.20.0\selenium-edge-driver-4.20.0.jar;C:\Users\razda\.m2\repository\org\seleniumhq\selenium\selenium-firefox-driver\4.20.0\selenium-firefox-driver-4.20.0.jar;C:\Users\razda\.m2\repository\org\seleniumhq\selenium\selenium-http\4.20.0\selenium-http-4.20.0.jar;C:\Users\razda\.m2\repository\dev\failsafe\failsafe\3.3.2\failsafe-3.3.2.jar;C:\Users\razda\.m2\repository\org\seleniumhq\selenium\selenium-ie-driver\4.20.0\selenium-ie-driver-4.20.0.jar;C:\Users\razda\.m2\repository\org\seleniumhq\selenium\selenium-remote-driver\4.20.0\selenium-remote-driver-4.20.0.jar;C:\Users\razda\.m2\repository\com\google\guava\guava\33.1.0-jre\guava-33.1.0-jre.jar;C:\Users\razda\.m2\repository\com\google\guava\failureaccess\1.0.2\failureaccess-1.0.2.jar;C:\Users\razda\.m2\repository\com\google\guava\listenablefuture\9999.0-empty-to-avoid-conflict-with-guava\listenablefuture-9999.0-empty-to-avoid-conflict-with-guava.jar;C:\Users\razda\.m2\repository\com\google\code\findbugs\jsr305\3.0.2\jsr305-3.0.2.jar;C:\Users\razda\.m2\repository\org\checkerframework\checker-qual\3.42.0\checker-qual-3.42.0.jar;C:\Users\razda\.m2\repository\com\google\errorprone\error_prone_annotations\2.26.1\error_prone_annotations-2.26.1.jar;C:\Users\razda\.m2\repository\com\google\j2objc\j2objc-annotations\3.0.0\j2objc-annotations-3.0.0.jar;C:\Users\razda\.m2\repository\io\opentelemetry\semconv\opentelemetry-semconv\1.25.0-alpha\opentelemetry-semconv-1.25.0-alpha.jar;C:\Users\razda\.m2\repository\io\opentelemetry\opentelemetry-api\1.37.0\opentelemetry-api-1.37.0.jar;C:\Users\razda\.m2\repository\io\opentelemetry\opentelemetry-context\1.37.0\opentelemetry-context-1.37.0.jar;C:\Users\razda\.m2\repository\io\opentelemetry\opentelemetry-exporter-logging\1.37.0\opentelemetry-exporter-logging-1.37.0.jar;C:\Users\razda\.m2\repository\io\opentelemetry\opentelemetry-sdk-common\1.37.0\opentelemetry-sdk-common-1.37.0.jar;C:\Users\razda\.m2\repository\io\opentelemetry\opentelemetry-sdk-extension-autoconfigure-spi\1.37.0\opentelemetry-sdk-extension-autoconfigure-spi-1.37.0.jar;C:\Users\razda\.m2\repository\io\opentelemetry\opentelemetry-sdk-extension-autoconfigure\1.37.0\opentelemetry-sdk-extension-autoconfigure-1.37.0.jar;C:\Users\razda\.m2\repository\io\opentelemetry\opentelemetry-api-incubator\1.37.0-alpha\opentelemetry-api-incubator-1.37.0-alpha.jar;C:\Users\razda\.m2\repository\io\opentelemetry\opentelemetry-sdk-trace\1.37.0\opentelemetry-sdk-trace-1.37.0.jar;C:\Users\razda\.m2\repository\io\opentelemetry\opentelemetry-sdk\1.37.0\opentelemetry-sdk-1.37.0.jar;C:\Users\razda\.m2\repository\io\opentelemetry\opentelemetry-sdk-metrics\1.37.0\opentelemetry-sdk-metrics-1.37.0.jar;C:\Users\razda\.m2\repository\io\opentelemetry\opentelemetry-sdk-logs\1.37.0\opentelemetry-sdk-logs-1.37.0.jar;C:\Users\razda\.m2\repository\net\bytebuddy\byte-buddy\1.14.14\byte-buddy-1.14.14.jar;C:\Users\razda\.m2\repository\org\seleniumhq\selenium\selenium-os\4.20.0\selenium-os-4.20.0.jar;C:\Users\razda\.m2\repository\org\apache\commons\commons-exec\1.4.0\commons-exec-1.4.0.jar;C:\Users\razda\.m2\repository\org\seleniumhq\selenium\selenium-safari-driver\4.20.0\selenium-safari-driver-4.20.0.jar;C:\Users\razda\.m2\repository\org\seleniumhq\selenium\selenium-support\4.20.0\selenium-support-4.20.0.jar;C:\Users\razda\.m2\repository\io\github\bonigarcia\webdrivermanager\5.7.0\webdrivermanager-5.7.0.jar;C:\Users\razda\.m2\repository\org\slf4j\slf4j-api\2.0.12\slf4j-api-2.0.12.jar;C:\Users\razda\.m2\repository\com\google\code\gson\gson\2.10.1\gson-2.10.1.jar;C:\Users\razda\.m2\repository\com\github\docker-java\docker-java\3.3.5\docker-java-3.3.5.jar;C:\Users\razda\.m2\repository\com\github\docker-java\docker-java-core\3.3.5\docker-java-core-3.3.5.jar;C:\Users\razda\.m2\repository\com\github\docker-java\docker-java-api\3.3.5\docker-java-api-3.3.5.jar;C:\Users\razda\.m2\repository\com\fasterxml\jackson\core\jackson-annotations\2.10.3\jackson-annotations-2.10.3.jar;C:\Users\razda\.m2\repository\com\fasterxml\jackson\core\jackson-databind\2.10.3\jackson-databind-2.10.3.jar;C:\Users\razda\.m2\repository\com\fasterxml\jackson\core\jackson-core\2.10.3\jackson-core-2.10.3.jar;C:\Users\razda\.m2\repository\org\bouncycastle\bcpkix-jdk18on\1.76\bcpkix-jdk18on-1.76.jar;C:\Users\razda\.m2\repository\org\bouncycastle\bcprov-jdk18on\1.76\bcprov-jdk18on-1.76.jar;C:\Users\razda\.m2\repository\org\bouncycastle\bcutil-jdk18on\1.76\bcutil-jdk18on-1.76.jar;C:\Users\razda\.m2\repository\org\slf4j\jcl-over-slf4j\1.7.30\jcl-over-slf4j-1.7.30.jar;C:\Users\razda\.m2\repository\com\github\docker-java\docker-java-transport-httpclient5\3.3.5\docker-java-transport-httpclient5-3.3.5.jar;C:\Users\razda\.m2\repository\com\github\docker-java\docker-java-transport\3.3.5\docker-java-transport-3.3.5.jar;C:\Users\razda\.m2\repository\net\java\dev\jna\jna\5.13.0\jna-5.13.0.jar;C:\Users\razda\.m2\repository\org\brotli\dec\0.1.2\dec-0.1.2.jar;C:\Users\razda\.m2\repository\org\apache\commons\commons-lang3\3.14.0\commons-lang3-3.14.0.jar;C:\Users\razda\.m2\repository\org\apache\commons\commons-compress\1.26.0\commons-compress-1.26.0.jar;C:\Users\razda\.m2\repository\commons-io\commons-io\2.15.1\commons-io-2.15.1.jar;C:\Users\razda\.m2\repository\org\apache\httpcomponents\client5\httpclient5\5.2.1\httpclient5-5.2.1.jar;C:\Users\razda\.m2\repository\org\apache\httpcomponents\core5\httpcore5\5.2\httpcore5-5.2.jar;C:\Users\razda\.m2\repository\org\apache\httpcomponents\core5\httpcore5-h2\5.2\httpcore5-h2-5.2.jar;C:\Users\razda\.m2\repository\org\testng\testng\7.9.0\testng-7.9.0.jar;C:\Users\razda\.m2\repository\com\beust\jcommander\1.82\jcommander-1.82.jar;C:\Users\razda\.m2\repository\org\webjars\jquery\3.7.1\jquery-3.7.1.jar;C:\Users\razda\.m2\repository\org\apache\poi\poi\3.16\poi-3.16.jar;C:\Users\razda\.m2\repository\commons-codec\commons-codec\1.10\commons-codec-1.10.jar;C:\Users\razda\.m2\repository\org\apache\commons\commons-collections4\4.1\commons-collections4-4.1.jar;C:\Users\razda\.m2\repository\org\apache\poi\poi-ooxml\3.16\poi-ooxml-3.16.jar;C:\Users\razda\.m2\repository\org\apache\poi\poi-ooxml-schemas\3.16\poi-ooxml-schemas-3.16.jar;C:\Users\razda\.m2\repository\org\apache\xmlbeans\xmlbeans\2.6.0\xmlbeans-2.6.0.jar;C:\Users\razda\.m2\repository\stax\stax-api\1.0.1\stax-api-1.0.1.jar;C:\Users\razda\.m2\repository\com\github\virtuald\curvesapi\1.04\curvesapi-1.04.jar;C:\Users\razda\.m2\repository\log4j\log4j\1.2.17\log4j-1.2.17.jar;C:\Users\razda\.m2\repository\com\h2database\h2\2.0.202\h2-2.0.202.jar;C:\Users\razda\.m2\repository\mysql\mysql-connector-java\5.1.36\mysql-connector-java-5.1.36.jar;C:\Users\razda\.m2\repository\org\apache\commons\commons-dbcp2\2.9.0\commons-dbcp2-2.9.0.jar;C:\Users\razda\.m2\repository\org\apache\commons\commons-pool2\2.10.0\commons-pool2-2.10.0.jar;C:\Users\razda\.m2\repository\commons-logging\commons-logging\1.2\commons-logging-1.2.jar;C:\Users\razda\.m2\repository\com\aventstack\extentreports\5.1.1\extentreports-5.1.1.jar;C:\Users\razda\.m2\repository\io\reactivex\rxjava3\rxjava\3.1.6\rxjava-3.1.6.jar;C:\Users\razda\.m2\repository\org\reactivestreams\reactive-streams\1.0.4\reactive-streams-1.0.4.jar;C:\Users\razda\.m2\repository\org\freemarker\freemarker\2.3.32\freemarker-2.3.32.jar;C:\Users\razda\.m2\repository\org\projectlombok\lombok\1.18.26\lombok-1.18.26.jar;"/>
    <property name="sun.cpu.endian" value="little"/>
    <property name="user.home" value="C:\Users\razda"/>
    <property name="user.language" value="en"/>
    <property name="java.specification.vendor" value="Oracle Corporation"/>
    <property name="java.version.date" value="2023-10-17"/>
    <property name="java.home" value="C:\Program Files\Java\jdk-21"/>
    <property name="file.separator" value="\"/>
    <property name="basedir" value="C:\Users\razda\eclipse-workspace\Projects\Project3_DataDriven"/>
    <property name="java.vm.compressedOopsMode" value="32-bit"/>
    <property name="line.separator" value="&#10;"/>
    <property name="java.vm.specification.vendor" value="Oracle Corporation"/>
    <property name="java.specification.name" value="Java Platform API Specification"/>
    <property name="surefire.real.class.path" value="C:\Users\razda\AppData\Local\Temp\surefire4278544853633382492\surefirebooter7242919885693322494.jar"/>
    <property name="user.script" value=""/>
    <property name="sun.management.compiler" value="HotSpot 64-Bit Tiered Compilers"/>
    <property name="java.runtime.version" value="21.0.1+12-LTS-29"/>
    <property name="user.name" value="razda"/>
    <property name="stdout.encoding" value="Cp1252"/>
    <property name="path.separator" value=";"/>
    <property name="os.version" value="10.0"/>
    <property name="java.runtime.name" value="Java(TM) SE Runtime Environment"/>
    <property name="file.encoding" value="UTF-8"/>
    <property name="java.vm.name" value="Java HotSpot(TM) 64-Bit Server VM"/>
    <property name="localRepository" value="C:\Users\razda\.m2\repository"/>
    <property name="java.vendor.url.bug" value="https://bugreport.java.com/bugreport/"/>
    <property name="java.io.tmpdir" value="C:\Users\razda\AppData\Local\Temp\"/>
    <property name="java.version" value="21.0.1"/>
    <property name="user.dir" value="C:\Users\razda\eclipse-workspace\Projects\Project3_DataDriven"/>
    <property name="os.arch" value="amd64"/>
    <property name="java.vm.specification.name" value="Java Virtual Machine Specification"/>
    <property name="sun.os.patch.level" value=""/>
    <property name="native.encoding" value="Cp1252"/>
    <property name="java.library.path" value="C:\Program Files\Java\jdk-21\bin;C:\WINDOWS\Sun\Java\bin;C:\WINDOWS\system32;C:\WINDOWS;C:\Program Files\Java\jdk-21\/bin;C:\Program Files\Java\jdk-21\/bin;C:\Program Files\Common Files\Oracle\Java\javapath;C:\Program Files (x86)\TRICENTIS\Tosca Testsuite\ToscaCommander;;C:\WINDOWS\system32;C:\WINDOWS;C:\WINDOWS\System32\Wbem;C:\WINDOWS\System32\WindowsPowerShell\v1.0\;C:\WINDOWS\System32\OpenSSH\;C:\Program Files\nodejs\;C:\Program Files\Java\jdk-21;C:\Users\razda\AppData\Roaming\npm\node_modules\newman\bin\newman.js;C:\Program Files\newman;C:\Users\razda\AppData\Roaming\npm\node_modules\npm\bin;C:\Users\razda\AppData\Roaming\npm\node_modules\newman-reporter-htmlextra\node_modules\.bin;C:\Program Files\PuTTY\;C:\Program Files\dotnet\;C:\Program Files\apache-maven-3.9.6\bin;C:\Program Files\allure-2.10.0\bin;C:\Program Files\apache-log4j-1.2.17;C:\Program Files\Java\jdk-21\bin;."/>
    <property name="java.vm.info" value="mixed mode, sharing"/>
    <property name="stderr.encoding" value="Cp1252"/>
    <property name="java.vendor" value="Oracle Corporation"/>
    <property name="java.vm.version" value="21.0.1+12-LTS-29"/>
    <property name="sun.io.unicode.encoding" value="UnicodeLittle"/>
    <property name="java.class.version" value="65.0"/>
  </properties>
  <testcase name="setup" classname="com.qa.testcases.ts001.TS001_TC001" time="86.381">
    <failure message="Could not start a new session. Response code 500. Message: chrome not reachable &#10;Host info: host: &apos;DESKTOP-HU52OQ2&apos;, ip: &apos;192.168.56.1&apos;&#10;Build info: version: &apos;4.20.0&apos;, revision: &apos;866c76ca80&apos;&#10;System info: os.name: &apos;Windows 10&apos;, os.arch: &apos;amd64&apos;, os.version: &apos;10.0&apos;, java.version: &apos;21.0.1&apos;&#10;Driver info: org.openqa.selenium.chrome.ChromeDriver&#10;Command: [null, newSession {capabilities=[Capabilities {browserName: chrome, goog:chromeOptions: {args: [], binary: C:\Program Files\Google\Chr..., extensions: []}}]}]" type="org.openqa.selenium.SessionNotCreatedException">org.openqa.selenium.SessionNotCreatedException: 
Could not start a new session. Response code 500. Message: chrome not reachable 
Host info: host: 'DESKTOP-HU52OQ2', ip: '192.168.56.1'
Build info: version: '4.20.0', revision: '866c76ca80'
System info: os.name: 'Windows 10', os.arch: 'amd64', os.version: '10.0', java.version: '21.0.1'
Driver info: org.openqa.selenium.chrome.ChromeDriver
Command: [null, newSession {capabilities=[Capabilities {browserName: chrome, goog:chromeOptions: {args: [], binary: C:\Program Files\Google\Chr..., extensions: []}}]}]
</failure>
    <system-out><![CDATA[before suite started.....
Befoe Suite done
Before class startted.....
]]></system-out>
    <system-err><![CDATA[SLF4J(W): No SLF4J providers were found.
SLF4J(W): Defaulting to no-operation (NOP) logger implementation
SLF4J(W): See https://www.slf4j.org/codes.html#noProviders for further details.
log4j:WARN No such property [maxBackupIndex] in org.apache.log4j.FileAppender.
log4j:WARN No such property [maxFileSize] in org.apache.log4j.FileAppender.
]]></system-err>
  </testcase>
  <testcase name="Method_StartUp" classname="com.qa.testcases.ts001.TS001_TC001" time="0">
    <skipped/>
    <system-out><![CDATA[Method name :TS001_TC001
1
2
3
4
5
6
7
8
9
10
11
12
Cell type :STRING
13
10
11
12
Cell type :STRING
13
9
10
11
12
Cell type :STRING
13
10
11
12
Cell type :STRING
13
9
10
11
12
Cell type :STRING
13
10
11
12
Cell type :STRING
13
9
10
11
12
Cell type :STRING
13
10
11
12
Cell type :STRING
13
9
10
11
12
Cell type :BLANK
13
10
11
12
Cell type :BLANK
13
9
10
11
12
Cell type :BLANK
13
10
11
12
Cell type :BLANK
13
]]></system-out>
  </testcase>
  <testcase name="Method_StartUp" classname="com.qa.testcases.ts001.TS001_TC001" time="0">
    <skipped/>
  </testcase>
  <testcase name="Method_StartUp" classname="com.qa.testcases.ts001.TS001_TC001" time="0">
    <skipped/>
  </testcase>
  <testcase name="Method_StartUp" classname="com.qa.testcases.ts001.TS001_TC001" time="0">
    <skipped/>
  </testcase>
  <testcase name="Method_StartUp" classname="com.qa.testcases.ts001.TS001_TC001" time="0">
    <skipped/>
  </testcase>
  <testcase name="Method_StartUp" classname="com.qa.testcases.ts001.TS001_TC001" time="0">
    <skipped/>
  </testcase>
  <testcase name="TS001_TC001" classname="com.qa.testcases.ts001.TS001_TC001" time="0">
    <skipped message="Could not start a new session. Response code 500. Message: chrome not reachable &#10;Host info: host: &apos;DESKTOP-HU52OQ2&apos;, ip: &apos;192.168.56.1&apos;&#10;Build info: version: &apos;4.20.0&apos;, revision: &apos;866c76ca80&apos;&#10;System info: os.name: &apos;Windows 10&apos;, os.arch: &apos;amd64&apos;, os.version: &apos;10.0&apos;, java.version: &apos;21.0.1&apos;&#10;Driver info: org.openqa.selenium.chrome.ChromeDriver&#10;Command: [null, newSession {capabilities=[Capabilities {browserName: chrome, goog:chromeOptions: {args: [], binary: C:\Program Files\Google\Chr..., extensions: []}}]}]"/>
  </testcase>
  <testcase name="TS001_TC001" classname="com.qa.testcases.ts001.TS001_TC001" time="0">
    <skipped message="Could not start a new session. Response code 500. Message: chrome not reachable &#10;Host info: host: &apos;DESKTOP-HU52OQ2&apos;, ip: &apos;192.168.56.1&apos;&#10;Build info: version: &apos;4.20.0&apos;, revision: &apos;866c76ca80&apos;&#10;System info: os.name: &apos;Windows 10&apos;, os.arch: &apos;amd64&apos;, os.version: &apos;10.0&apos;, java.version: &apos;21.0.1&apos;&#10;Driver info: org.openqa.selenium.chrome.ChromeDriver&#10;Command: [null, newSession {capabilities=[Capabilities {browserName: chrome, goog:chromeOptions: {args: [], binary: C:\Program Files\Google\Chr..., extensions: []}}]}]"/>
  </testcase>
  <testcase name="TS001_TC001" classname="com.qa.testcases.ts001.TS001_TC001" time="0">
    <skipped message="Could not start a new session. Response code 500. Message: chrome not reachable &#10;Host info: host: &apos;DESKTOP-HU52OQ2&apos;, ip: &apos;192.168.56.1&apos;&#10;Build info: version: &apos;4.20.0&apos;, revision: &apos;866c76ca80&apos;&#10;System info: os.name: &apos;Windows 10&apos;, os.arch: &apos;amd64&apos;, os.version: &apos;10.0&apos;, java.version: &apos;21.0.1&apos;&#10;Driver info: org.openqa.selenium.chrome.ChromeDriver&#10;Command: [null, newSession {capabilities=[Capabilities {browserName: chrome, goog:chromeOptions: {args: [], binary: C:\Program Files\Google\Chr..., extensions: []}}]}]"/>
  </testcase>
  <testcase name="TS001_TC001" classname="com.qa.testcases.ts001.TS001_TC001" time="0">
    <skipped message="Could not start a new session. Response code 500. Message: chrome not reachable &#10;Host info: host: &apos;DESKTOP-HU52OQ2&apos;, ip: &apos;192.168.56.1&apos;&#10;Build info: version: &apos;4.20.0&apos;, revision: &apos;866c76ca80&apos;&#10;System info: os.name: &apos;Windows 10&apos;, os.arch: &apos;amd64&apos;, os.version: &apos;10.0&apos;, java.version: &apos;21.0.1&apos;&#10;Driver info: org.openqa.selenium.chrome.ChromeDriver&#10;Command: [null, newSession {capabilities=[Capabilities {browserName: chrome, goog:chromeOptions: {args: [], binary: C:\Program Files\Google\Chr..., extensions: []}}]}]"/>
  </testcase>
  <testcase name="TS001_TC001" classname="com.qa.testcases.ts001.TS001_TC001" time="0">
    <skipped message="Could not start a new session. Response code 500. Message: chrome not reachable &#10;Host info: host: &apos;DESKTOP-HU52OQ2&apos;, ip: &apos;192.168.56.1&apos;&#10;Build info: version: &apos;4.20.0&apos;, revision: &apos;866c76ca80&apos;&#10;System info: os.name: &apos;Windows 10&apos;, os.arch: &apos;amd64&apos;, os.version: &apos;10.0&apos;, java.version: &apos;21.0.1&apos;&#10;Driver info: org.openqa.selenium.chrome.ChromeDriver&#10;Command: [null, newSession {capabilities=[Capabilities {browserName: chrome, goog:chromeOptions: {args: [], binary: C:\Program Files\Google\Chr..., extensions: []}}]}]"/>
  </testcase>
  <testcase name="TS001_TC001" classname="com.qa.testcases.ts001.TS001_TC001" time="0">
    <skipped message="Could not start a new session. Response code 500. Message: chrome not reachable &#10;Host info: host: &apos;DESKTOP-HU52OQ2&apos;, ip: &apos;192.168.56.1&apos;&#10;Build info: version: &apos;4.20.0&apos;, revision: &apos;866c76ca80&apos;&#10;System info: os.name: &apos;Windows 10&apos;, os.arch: &apos;amd64&apos;, os.version: &apos;10.0&apos;, java.version: &apos;21.0.1&apos;&#10;Driver info: org.openqa.selenium.chrome.ChromeDriver&#10;Command: [null, newSession {capabilities=[Capabilities {browserName: chrome, goog:chromeOptions: {args: [], binary: C:\Program Files\Google\Chr..., extensions: []}}]}]"/>
  </testcase>
  <testcase name="Method_TearDown" classname="com.qa.testcases.ts001.TS001_TC001" time="0">
    <skipped/>
  </testcase>
  <testcase name="Method_TearDown" classname="com.qa.testcases.ts001.TS001_TC001" time="0">
    <skipped/>
  </testcase>
  <testcase name="Method_TearDown" classname="com.qa.testcases.ts001.TS001_TC001" time="0">
    <skipped/>
  </testcase>
  <testcase name="Method_TearDown" classname="com.qa.testcases.ts001.TS001_TC001" time="0">
    <skipped/>
  </testcase>
  <testcase name="Method_TearDown" classname="com.qa.testcases.ts001.TS001_TC001" time="0">
    <skipped/>
  </testcase>
  <testcase name="Method_TearDown" classname="com.qa.testcases.ts001.TS001_TC001" time="0">
    <skipped/>
  </testcase>
  <testcase name="tearDown" classname="com.qa.testcases.ts001.TS001_TC001" time="0">
    <skipped/>
  </testcase>
  <testcase name="setup" classname="com.qa.testcases.ts001.TS001_TC002" time="228.411">
    <failure message="java.util.concurrent.TimeoutException&#10;Build info: version: &apos;4.20.0&apos;, revision: &apos;866c76ca80&apos;&#10;System info: os.name: &apos;Windows 10&apos;, os.arch: &apos;amd64&apos;, os.version: &apos;10.0&apos;, java.version: &apos;21.0.1&apos;&#10;Driver info: org.openqa.selenium.chrome.ChromeDriver&#10;Command: [2f86b7c93009cca5fc37a9997fc9c183, get {url=https://magento.softwaretestingboard.com/}]&#10;Capabilities {acceptInsecureCerts: false, browserName: chrome, browserVersion: 125.0.6422.142, chrome: {chromedriverVersion: 125.0.6422.141 (4b1e8393712..., userDataDir: C:\Users\razda\AppData\Loca...}, fedcm:accounts: true, goog:chromeOptions: {debuggerAddress: localhost:53097}, networkConnectionEnabled: false, pageLoadStrategy: normal, platformName: windows, proxy: Proxy(), se:cdp: ws://localhost:53097/devtoo..., se:cdpVersion: 125.0.6422.142, setWindowRect: true, strictFileInteractability: false, timeouts: {implicit: 0, pageLoad: 300000, script: 30000}, unhandledPromptBehavior: dismiss and notify, webauthn:extension:credBlob: true, webauthn:extension:largeBlob: true, webauthn:extension:minPinLength: true, webauthn:extension:prf: true, webauthn:virtualAuthenticators: true}&#10;Session ID: 2f86b7c93009cca5fc37a9997fc9c183" type="org.openqa.selenium.TimeoutException">org.openqa.selenium.TimeoutException: 
java.util.concurrent.TimeoutException
Build info: version: '4.20.0', revision: '866c76ca80'
System info: os.name: 'Windows 10', os.arch: 'amd64', os.version: '10.0', java.version: '21.0.1'
Driver info: org.openqa.selenium.chrome.ChromeDriver
Command: [2f86b7c93009cca5fc37a9997fc9c183, get {url=https://magento.softwaretestingboard.com/}]
Capabilities {acceptInsecureCerts: false, browserName: chrome, browserVersion: 125.0.6422.142, chrome: {chromedriverVersion: 125.0.6422.141 (4b1e8393712..., userDataDir: C:\Users\razda\AppData\Loca...}, fedcm:accounts: true, goog:chromeOptions: {debuggerAddress: localhost:53097}, networkConnectionEnabled: false, pageLoadStrategy: normal, platformName: windows, proxy: Proxy(), se:cdp: ws://localhost:53097/devtoo..., se:cdpVersion: 125.0.6422.142, setWindowRect: true, strictFileInteractability: false, timeouts: {implicit: 0, pageLoad: 300000, script: 30000}, unhandledPromptBehavior: dismiss and notify, webauthn:extension:credBlob: true, webauthn:extension:largeBlob: true, webauthn:extension:minPinLength: true, webauthn:extension:prf: true, webauthn:virtualAuthenticators: true}
Session ID: 2f86b7c93009cca5fc37a9997fc9c183
Caused by: java.util.concurrent.TimeoutException
</failure>
    <system-out><![CDATA[Before class startted.....
]]></system-out>
    <system-err><![CDATA[Jun 16, 2024 1:28:42 PM org.openqa.selenium.devtools.CdpVersionFinder findNearestMatch
WARNING: Unable to find an exact match for CDP version 125, returning the closest version; found: 124; Please update to a Selenium version that supports CDP version 125
]]></system-err>
  </testcase>
  <testcase name="Method_StartUp" classname="com.qa.testcases.ts001.TS001_TC002" time="0">
    <skipped/>
    <system-out><![CDATA[Method name :TS001_TC002
1
2
3
4
5
6
7
8
9
10
11
12
Cell type :STRING
13
10
11
12
Cell type :STRING
13
9
10
11
12
Cell type :STRING
13
10
11
12
Cell type :STRING
13
9
10
11
12
Cell type :NUMERIC
13
10
11
12
Cell type :STRING
13
9
10
11
12
Cell type :STRING
13
10
11
12
Cell type :STRING
13
]]></system-out>
  </testcase>
  <testcase name="Method_StartUp" classname="com.qa.testcases.ts001.TS001_TC002" time="0">
    <skipped/>
  </testcase>
  <testcase name="Method_StartUp" classname="com.qa.testcases.ts001.TS001_TC002" time="0">
    <skipped/>
  </testcase>
  <testcase name="Method_StartUp" classname="com.qa.testcases.ts001.TS001_TC002" time="0">
    <skipped/>
  </testcase>
  <testcase name="TS001_TC002" classname="com.qa.testcases.ts001.TS001_TC002" time="0">
    <skipped message="java.util.concurrent.TimeoutException&#10;Build info: version: &apos;4.20.0&apos;, revision: &apos;866c76ca80&apos;&#10;System info: os.name: &apos;Windows 10&apos;, os.arch: &apos;amd64&apos;, os.version: &apos;10.0&apos;, java.version: &apos;21.0.1&apos;&#10;Driver info: org.openqa.selenium.chrome.ChromeDriver&#10;Command: [2f86b7c93009cca5fc37a9997fc9c183, get {url=https://magento.softwaretestingboard.com/}]&#10;Capabilities {acceptInsecureCerts: false, browserName: chrome, browserVersion: 125.0.6422.142, chrome: {chromedriverVersion: 125.0.6422.141 (4b1e8393712..., userDataDir: C:\Users\razda\AppData\Loca...}, fedcm:accounts: true, goog:chromeOptions: {debuggerAddress: localhost:53097}, networkConnectionEnabled: false, pageLoadStrategy: normal, platformName: windows, proxy: Proxy(), se:cdp: ws://localhost:53097/devtoo..., se:cdpVersion: 125.0.6422.142, setWindowRect: true, strictFileInteractability: false, timeouts: {implicit: 0, pageLoad: 300000, script: 30000}, unhandledPromptBehavior: dismiss and notify, webauthn:extension:credBlob: true, webauthn:extension:largeBlob: true, webauthn:extension:minPinLength: true, webauthn:extension:prf: true, webauthn:virtualAuthenticators: true}&#10;Session ID: 2f86b7c93009cca5fc37a9997fc9c183"/>
  </testcase>
  <testcase name="TS001_TC002" classname="com.qa.testcases.ts001.TS001_TC002" time="0">
    <skipped message="java.util.concurrent.TimeoutException&#10;Build info: version: &apos;4.20.0&apos;, revision: &apos;866c76ca80&apos;&#10;System info: os.name: &apos;Windows 10&apos;, os.arch: &apos;amd64&apos;, os.version: &apos;10.0&apos;, java.version: &apos;21.0.1&apos;&#10;Driver info: org.openqa.selenium.chrome.ChromeDriver&#10;Command: [2f86b7c93009cca5fc37a9997fc9c183, get {url=https://magento.softwaretestingboard.com/}]&#10;Capabilities {acceptInsecureCerts: false, browserName: chrome, browserVersion: 125.0.6422.142, chrome: {chromedriverVersion: 125.0.6422.141 (4b1e8393712..., userDataDir: C:\Users\razda\AppData\Loca...}, fedcm:accounts: true, goog:chromeOptions: {debuggerAddress: localhost:53097}, networkConnectionEnabled: false, pageLoadStrategy: normal, platformName: windows, proxy: Proxy(), se:cdp: ws://localhost:53097/devtoo..., se:cdpVersion: 125.0.6422.142, setWindowRect: true, strictFileInteractability: false, timeouts: {implicit: 0, pageLoad: 300000, script: 30000}, unhandledPromptBehavior: dismiss and notify, webauthn:extension:credBlob: true, webauthn:extension:largeBlob: true, webauthn:extension:minPinLength: true, webauthn:extension:prf: true, webauthn:virtualAuthenticators: true}&#10;Session ID: 2f86b7c93009cca5fc37a9997fc9c183"/>
  </testcase>
  <testcase name="TS001_TC002" classname="com.qa.testcases.ts001.TS001_TC002" time="0">
    <skipped message="java.util.concurrent.TimeoutException&#10;Build info: version: &apos;4.20.0&apos;, revision: &apos;866c76ca80&apos;&#10;System info: os.name: &apos;Windows 10&apos;, os.arch: &apos;amd64&apos;, os.version: &apos;10.0&apos;, java.version: &apos;21.0.1&apos;&#10;Driver info: org.openqa.selenium.chrome.ChromeDriver&#10;Command: [2f86b7c93009cca5fc37a9997fc9c183, get {url=https://magento.softwaretestingboard.com/}]&#10;Capabilities {acceptInsecureCerts: false, browserName: chrome, browserVersion: 125.0.6422.142, chrome: {chromedriverVersion: 125.0.6422.141 (4b1e8393712..., userDataDir: C:\Users\razda\AppData\Loca...}, fedcm:accounts: true, goog:chromeOptions: {debuggerAddress: localhost:53097}, networkConnectionEnabled: false, pageLoadStrategy: normal, platformName: windows, proxy: Proxy(), se:cdp: ws://localhost:53097/devtoo..., se:cdpVersion: 125.0.6422.142, setWindowRect: true, strictFileInteractability: false, timeouts: {implicit: 0, pageLoad: 300000, script: 30000}, unhandledPromptBehavior: dismiss and notify, webauthn:extension:credBlob: true, webauthn:extension:largeBlob: true, webauthn:extension:minPinLength: true, webauthn:extension:prf: true, webauthn:virtualAuthenticators: true}&#10;Session ID: 2f86b7c93009cca5fc37a9997fc9c183"/>
  </testcase>
  <testcase name="TS001_TC002" classname="com.qa.testcases.ts001.TS001_TC002" time="0">
    <skipped message="java.util.concurrent.TimeoutException&#10;Build info: version: &apos;4.20.0&apos;, revision: &apos;866c76ca80&apos;&#10;System info: os.name: &apos;Windows 10&apos;, os.arch: &apos;amd64&apos;, os.version: &apos;10.0&apos;, java.version: &apos;21.0.1&apos;&#10;Driver info: org.openqa.selenium.chrome.ChromeDriver&#10;Command: [2f86b7c93009cca5fc37a9997fc9c183, get {url=https://magento.softwaretestingboard.com/}]&#10;Capabilities {acceptInsecureCerts: false, browserName: chrome, browserVersion: 125.0.6422.142, chrome: {chromedriverVersion: 125.0.6422.141 (4b1e8393712..., userDataDir: C:\Users\razda\AppData\Loca...}, fedcm:accounts: true, goog:chromeOptions: {debuggerAddress: localhost:53097}, networkConnectionEnabled: false, pageLoadStrategy: normal, platformName: windows, proxy: Proxy(), se:cdp: ws://localhost:53097/devtoo..., se:cdpVersion: 125.0.6422.142, setWindowRect: true, strictFileInteractability: false, timeouts: {implicit: 0, pageLoad: 300000, script: 30000}, unhandledPromptBehavior: dismiss and notify, webauthn:extension:credBlob: true, webauthn:extension:largeBlob: true, webauthn:extension:minPinLength: true, webauthn:extension:prf: true, webauthn:virtualAuthenticators: true}&#10;Session ID: 2f86b7c93009cca5fc37a9997fc9c183"/>
  </testcase>
  <testcase name="Method_TearDown" classname="com.qa.testcases.ts001.TS001_TC002" time="0">
    <skipped/>
  </testcase>
  <testcase name="Method_TearDown" classname="com.qa.testcases.ts001.TS001_TC002" time="0">
    <skipped/>
  </testcase>
  <testcase name="Method_TearDown" classname="com.qa.testcases.ts001.TS001_TC002" time="0">
    <skipped/>
  </testcase>
  <testcase name="Method_TearDown" classname="com.qa.testcases.ts001.TS001_TC002" time="0">
    <skipped/>
  </testcase>
  <testcase name="tearDown" classname="com.qa.testcases.ts001.TS001_TC002" time="0">
    <skipped/>
  </testcase>
  <testcase name="TS001_TC003" classname="com.qa.testcases.ts001.TS001_TC003" time="9.819"/>
  <testcase name="TS001_TC004" classname="com.qa.testcases.ts001.TS001_TC004" time="34.866"/>
  <testcase name="TS001_TC004" classname="com.qa.testcases.ts001.TS001_TC004" time="27.493">
    <failure message="The following asserts failed:&#10;	expected [true] but found [false],&#10;	expected [true] but found [false]" type="java.lang.AssertionError">java.lang.AssertionError: 
The following asserts failed:
	expected [true] but found [false],
	expected [true] but found [false]
	at com.qa.testcases.ts001.TS001_TC004.TS001_TC004(TS001_TC004.java:154)
</failure>
    <system-out><![CDATA[after method started.....
After method done
before method started.....
Method name :TS001_TC004
Befoe Method done
]]></system-out>
  </testcase>
  <testcase name="TS001_TC004" classname="com.qa.testcases.ts001.TS001_TC004" time="26.636">
    <failure message="The following asserts failed:&#10;	expected [true] but found [false],&#10;	expected [true] but found [false]" type="java.lang.AssertionError">java.lang.AssertionError: 
The following asserts failed:
	expected [true] but found [false],
	expected [true] but found [false]
	at com.qa.testcases.ts001.TS001_TC004.TS001_TC004(TS001_TC004.java:154)
</failure>
    <system-out><![CDATA[after method started.....
SS Saved successfully
After method done
before method started.....
Method name :TS001_TC004
Befoe Method done
]]></system-out>
  </testcase>
  <testcase name="TS001_TC004" classname="com.qa.testcases.ts001.TS001_TC004" time="27.73">
    <failure message="no such element: Unable to locate element: {&quot;method&quot;:&quot;xpath&quot;,&quot;selector&quot;:&quot;//*[@id=&quot;firstname-error&quot;]&quot;}&#10;  (Session info: chrome=125.0.6422.142)&#10;For documentation on this error, please visit: https://www.selenium.dev/documentation/webdriver/troubleshooting/errors#no-such-element-exception&#10;Build info: version: &apos;4.20.0&apos;, revision: &apos;866c76ca80&apos;&#10;System info: os.name: &apos;Windows 10&apos;, os.arch: &apos;amd64&apos;, os.version: &apos;10.0&apos;, java.version: &apos;21.0.1&apos;&#10;Driver info: org.openqa.selenium.chrome.ChromeDriver&#10;Command: [f26b0f7c3ec9f73cef7ca1664229b1f4, findElement {value=//*[@id=&quot;firstname-error&quot;], using=xpath}]&#10;Capabilities {acceptInsecureCerts: false, browserName: chrome, browserVersion: 125.0.6422.142, chrome: {chromedriverVersion: 125.0.6422.141 (4b1e8393712..., userDataDir: C:\Users\razda\AppData\Loca...}, fedcm:accounts: true, goog:chromeOptions: {debuggerAddress: localhost:53304}, networkConnectionEnabled: false, pageLoadStrategy: normal, platformName: windows, proxy: Proxy(), se:cdp: ws://localhost:53304/devtoo..., se:cdpVersion: 125.0.6422.142, setWindowRect: true, strictFileInteractability: false, timeouts: {implicit: 0, pageLoad: 300000, script: 30000}, unhandledPromptBehavior: dismiss and notify, webauthn:extension:credBlob: true, webauthn:extension:largeBlob: true, webauthn:extension:minPinLength: true, webauthn:extension:prf: true, webauthn:virtualAuthenticators: true}&#10;Session ID: f26b0f7c3ec9f73cef7ca1664229b1f4" type="org.openqa.selenium.NoSuchElementException">org.openqa.selenium.NoSuchElementException: 
no such element: Unable to locate element: {"method":"xpath","selector":"//*[@id="firstname-error"]"}
  (Session info: chrome=125.0.6422.142)
For documentation on this error, please visit: https://www.selenium.dev/documentation/webdriver/troubleshooting/errors#no-such-element-exception
Build info: version: '4.20.0', revision: '866c76ca80'
System info: os.name: 'Windows 10', os.arch: 'amd64', os.version: '10.0', java.version: '21.0.1'
Driver info: org.openqa.selenium.chrome.ChromeDriver
Command: [f26b0f7c3ec9f73cef7ca1664229b1f4, findElement {value=//*[@id="firstname-error"], using=xpath}]
Capabilities {acceptInsecureCerts: false, browserName: chrome, browserVersion: 125.0.6422.142, chrome: {chromedriverVersion: 125.0.6422.141 (4b1e8393712..., userDataDir: C:\Users\razda\AppData\Loca...}, fedcm:accounts: true, goog:chromeOptions: {debuggerAddress: localhost:53304}, networkConnectionEnabled: false, pageLoadStrategy: normal, platformName: windows, proxy: Proxy(), se:cdp: ws://localhost:53304/devtoo..., se:cdpVersion: 125.0.6422.142, setWindowRect: true, strictFileInteractability: false, timeouts: {implicit: 0, pageLoad: 300000, script: 30000}, unhandledPromptBehavior: dismiss and notify, webauthn:extension:credBlob: true, webauthn:extension:largeBlob: true, webauthn:extension:minPinLength: true, webauthn:extension:prf: true, webauthn:virtualAuthenticators: true}
Session ID: f26b0f7c3ec9f73cef7ca1664229b1f4
	at com.qa.testcases.ts001.TS001_TC004.TS001_TC004(TS001_TC004.java:118)
</failure>
    <system-out><![CDATA[after method started.....
SS Saved successfully
After method done
before method started.....
Method name :TS001_TC004
Befoe Method done
]]></system-out>
  </testcase>
  <testcase name="TS001_TC004" classname="com.qa.testcases.ts001.TS001_TC004" time="26.757">
    <failure message="no such element: Unable to locate element: {&quot;method&quot;:&quot;xpath&quot;,&quot;selector&quot;:&quot;//*[@id=&quot;firstname-error&quot;]&quot;}&#10;  (Session info: chrome=125.0.6422.142)&#10;For documentation on this error, please visit: https://www.selenium.dev/documentation/webdriver/troubleshooting/errors#no-such-element-exception&#10;Build info: version: &apos;4.20.0&apos;, revision: &apos;866c76ca80&apos;&#10;System info: os.name: &apos;Windows 10&apos;, os.arch: &apos;amd64&apos;, os.version: &apos;10.0&apos;, java.version: &apos;21.0.1&apos;&#10;Driver info: org.openqa.selenium.chrome.ChromeDriver&#10;Command: [f26b0f7c3ec9f73cef7ca1664229b1f4, findElement {value=//*[@id=&quot;firstname-error&quot;], using=xpath}]&#10;Capabilities {acceptInsecureCerts: false, browserName: chrome, browserVersion: 125.0.6422.142, chrome: {chromedriverVersion: 125.0.6422.141 (4b1e8393712..., userDataDir: C:\Users\razda\AppData\Loca...}, fedcm:accounts: true, goog:chromeOptions: {debuggerAddress: localhost:53304}, networkConnectionEnabled: false, pageLoadStrategy: normal, platformName: windows, proxy: Proxy(), se:cdp: ws://localhost:53304/devtoo..., se:cdpVersion: 125.0.6422.142, setWindowRect: true, strictFileInteractability: false, timeouts: {implicit: 0, pageLoad: 300000, script: 30000}, unhandledPromptBehavior: dismiss and notify, webauthn:extension:credBlob: true, webauthn:extension:largeBlob: true, webauthn:extension:minPinLength: true, webauthn:extension:prf: true, webauthn:virtualAuthenticators: true}&#10;Session ID: f26b0f7c3ec9f73cef7ca1664229b1f4" type="org.openqa.selenium.NoSuchElementException">org.openqa.selenium.NoSuchElementException: 
no such element: Unable to locate element: {"method":"xpath","selector":"//*[@id="firstname-error"]"}
  (Session info: chrome=125.0.6422.142)
For documentation on this error, please visit: https://www.selenium.dev/documentation/webdriver/troubleshooting/errors#no-such-element-exception
Build info: version: '4.20.0', revision: '866c76ca80'
System info: os.name: 'Windows 10', os.arch: 'amd64', os.version: '10.0', java.version: '21.0.1'
Driver info: org.openqa.selenium.chrome.ChromeDriver
Command: [f26b0f7c3ec9f73cef7ca1664229b1f4, findElement {value=//*[@id="firstname-error"], using=xpath}]
Capabilities {acceptInsecureCerts: false, browserName: chrome, browserVersion: 125.0.6422.142, chrome: {chromedriverVersion: 125.0.6422.141 (4b1e8393712..., userDataDir: C:\Users\razda\AppData\Loca...}, fedcm:accounts: true, goog:chromeOptions: {debuggerAddress: localhost:53304}, networkConnectionEnabled: false, pageLoadStrategy: normal, platformName: windows, proxy: Proxy(), se:cdp: ws://localhost:53304/devtoo..., se:cdpVersion: 125.0.6422.142, setWindowRect: true, strictFileInteractability: false, timeouts: {implicit: 0, pageLoad: 300000, script: 30000}, unhandledPromptBehavior: dismiss and notify, webauthn:extension:credBlob: true, webauthn:extension:largeBlob: true, webauthn:extension:minPinLength: true, webauthn:extension:prf: true, webauthn:virtualAuthenticators: true}
Session ID: f26b0f7c3ec9f73cef7ca1664229b1f4
	at com.qa.testcases.ts001.TS001_TC004.TS001_TC004(TS001_TC004.java:118)
</failure>
    <system-out><![CDATA[after method started.....
SS Saved successfully
After method done
before method started.....
Method name :TS001_TC004
Befoe Method done
]]></system-out>
  </testcase>
  <testcase name="TS001_TC004" classname="com.qa.testcases.ts001.TS001_TC004" time="27.598">
    <failure message="no such element: Unable to locate element: {&quot;method&quot;:&quot;xpath&quot;,&quot;selector&quot;:&quot;//*[@id=&quot;firstname-error&quot;]&quot;}&#10;  (Session info: chrome=125.0.6422.142)&#10;For documentation on this error, please visit: https://www.selenium.dev/documentation/webdriver/troubleshooting/errors#no-such-element-exception&#10;Build info: version: &apos;4.20.0&apos;, revision: &apos;866c76ca80&apos;&#10;System info: os.name: &apos;Windows 10&apos;, os.arch: &apos;amd64&apos;, os.version: &apos;10.0&apos;, java.version: &apos;21.0.1&apos;&#10;Driver info: org.openqa.selenium.chrome.ChromeDriver&#10;Command: [f26b0f7c3ec9f73cef7ca1664229b1f4, findElement {value=//*[@id=&quot;firstname-error&quot;], using=xpath}]&#10;Capabilities {acceptInsecureCerts: false, browserName: chrome, browserVersion: 125.0.6422.142, chrome: {chromedriverVersion: 125.0.6422.141 (4b1e8393712..., userDataDir: C:\Users\razda\AppData\Loca...}, fedcm:accounts: true, goog:chromeOptions: {debuggerAddress: localhost:53304}, networkConnectionEnabled: false, pageLoadStrategy: normal, platformName: windows, proxy: Proxy(), se:cdp: ws://localhost:53304/devtoo..., se:cdpVersion: 125.0.6422.142, setWindowRect: true, strictFileInteractability: false, timeouts: {implicit: 0, pageLoad: 300000, script: 30000}, unhandledPromptBehavior: dismiss and notify, webauthn:extension:credBlob: true, webauthn:extension:largeBlob: true, webauthn:extension:minPinLength: true, webauthn:extension:prf: true, webauthn:virtualAuthenticators: true}&#10;Session ID: f26b0f7c3ec9f73cef7ca1664229b1f4" type="org.openqa.selenium.NoSuchElementException">org.openqa.selenium.NoSuchElementException: 
no such element: Unable to locate element: {"method":"xpath","selector":"//*[@id="firstname-error"]"}
  (Session info: chrome=125.0.6422.142)
For documentation on this error, please visit: https://www.selenium.dev/documentation/webdriver/troubleshooting/errors#no-such-element-exception
Build info: version: '4.20.0', revision: '866c76ca80'
System info: os.name: 'Windows 10', os.arch: 'amd64', os.version: '10.0', java.version: '21.0.1'
Driver info: org.openqa.selenium.chrome.ChromeDriver
Command: [f26b0f7c3ec9f73cef7ca1664229b1f4, findElement {value=//*[@id="firstname-error"], using=xpath}]
Capabilities {acceptInsecureCerts: false, browserName: chrome, browserVersion: 125.0.6422.142, chrome: {chromedriverVersion: 125.0.6422.141 (4b1e8393712..., userDataDir: C:\Users\razda\AppData\Loca...}, fedcm:accounts: true, goog:chromeOptions: {debuggerAddress: localhost:53304}, networkConnectionEnabled: false, pageLoadStrategy: normal, platformName: windows, proxy: Proxy(), se:cdp: ws://localhost:53304/devtoo..., se:cdpVersion: 125.0.6422.142, setWindowRect: true, strictFileInteractability: false, timeouts: {implicit: 0, pageLoad: 300000, script: 30000}, unhandledPromptBehavior: dismiss and notify, webauthn:extension:credBlob: true, webauthn:extension:largeBlob: true, webauthn:extension:minPinLength: true, webauthn:extension:prf: true, webauthn:virtualAuthenticators: true}
Session ID: f26b0f7c3ec9f73cef7ca1664229b1f4
	at com.qa.testcases.ts001.TS001_TC004.TS001_TC004(TS001_TC004.java:118)
</failure>
    <system-out><![CDATA[after method started.....
SS Saved successfully
After method done
before method started.....
Method name :TS001_TC004
Befoe Method done
]]></system-out>
  </testcase>
  <testcase name="TS001_TC005" classname="com.qa.testcases.ts001.TS001_TC005" time="16.721"/>
  <testcase name="TS001_TC005" classname="com.qa.testcases.ts001.TS001_TC005" time="0.493">
    <failure message="unknown error: failed to change window state to &apos;normal&apos;, current state is &apos;maximized&apos;&#10;  (Session info: chrome=125.0.6422.142)&#10;Build info: version: &apos;4.20.0&apos;, revision: &apos;866c76ca80&apos;&#10;System info: os.name: &apos;Windows 10&apos;, os.arch: &apos;amd64&apos;, os.version: &apos;10.0&apos;, java.version: &apos;21.0.1&apos;&#10;Driver info: org.openqa.selenium.chrome.ChromeDriver&#10;Command: [0edbb10ba8fe10a82b464c9480201327, maximizeCurrentWindow {}]&#10;Capabilities {acceptInsecureCerts: false, browserName: chrome, browserVersion: 125.0.6422.142, chrome: {chromedriverVersion: 125.0.6422.141 (4b1e8393712..., userDataDir: C:\Users\razda\AppData\Loca...}, fedcm:accounts: true, goog:chromeOptions: {debuggerAddress: localhost:53417}, networkConnectionEnabled: false, pageLoadStrategy: normal, platformName: windows, proxy: Proxy(), se:cdp: ws://localhost:53417/devtoo..., se:cdpVersion: 125.0.6422.142, setWindowRect: true, strictFileInteractability: false, timeouts: {implicit: 0, pageLoad: 300000, script: 30000}, unhandledPromptBehavior: dismiss and notify, webauthn:extension:credBlob: true, webauthn:extension:largeBlob: true, webauthn:extension:minPinLength: true, webauthn:extension:prf: true, webauthn:virtualAuthenticators: true}&#10;Session ID: 0edbb10ba8fe10a82b464c9480201327" type="org.openqa.selenium.WebDriverException">org.openqa.selenium.WebDriverException: 
unknown error: failed to change window state to 'normal', current state is 'maximized'
  (Session info: chrome=125.0.6422.142)
Build info: version: '4.20.0', revision: '866c76ca80'
System info: os.name: 'Windows 10', os.arch: 'amd64', os.version: '10.0', java.version: '21.0.1'
Driver info: org.openqa.selenium.chrome.ChromeDriver
Command: [0edbb10ba8fe10a82b464c9480201327, maximizeCurrentWindow {}]
Capabilities {acceptInsecureCerts: false, browserName: chrome, browserVersion: 125.0.6422.142, chrome: {chromedriverVersion: 125.0.6422.141 (4b1e8393712..., userDataDir: C:\Users\razda\AppData\Loca...}, fedcm:accounts: true, goog:chromeOptions: {debuggerAddress: localhost:53417}, networkConnectionEnabled: false, pageLoadStrategy: normal, platformName: windows, proxy: Proxy(), se:cdp: ws://localhost:53417/devtoo..., se:cdpVersion: 125.0.6422.142, setWindowRect: true, strictFileInteractability: false, timeouts: {implicit: 0, pageLoad: 300000, script: 30000}, unhandledPromptBehavior: dismiss and notify, webauthn:extension:credBlob: true, webauthn:extension:largeBlob: true, webauthn:extension:minPinLength: true, webauthn:extension:prf: true, webauthn:virtualAuthenticators: true}
Session ID: 0edbb10ba8fe10a82b464c9480201327
	at com.qa.testcases.ts001.TS001_TC005.TS001_TC005(TS001_TC005.java:26)
</failure>
    <system-out><![CDATA[after method started.....
After method done
before method started.....
Method name :TS001_TC005
Befoe Method done
]]></system-out>
  </testcase>
  <testcase name="TS001_TC005" classname="com.qa.testcases.ts001.TS001_TC005" time="11.007"/>
  <testcase name="TS001_TC005" classname="com.qa.testcases.ts001.TS001_TC005" time="0.465">
    <failure message="unknown error: failed to change window state to &apos;normal&apos;, current state is &apos;maximized&apos;&#10;  (Session info: chrome=125.0.6422.142)&#10;Build info: version: &apos;4.20.0&apos;, revision: &apos;866c76ca80&apos;&#10;System info: os.name: &apos;Windows 10&apos;, os.arch: &apos;amd64&apos;, os.version: &apos;10.0&apos;, java.version: &apos;21.0.1&apos;&#10;Driver info: org.openqa.selenium.chrome.ChromeDriver&#10;Command: [0edbb10ba8fe10a82b464c9480201327, maximizeCurrentWindow {}]&#10;Capabilities {acceptInsecureCerts: false, browserName: chrome, browserVersion: 125.0.6422.142, chrome: {chromedriverVersion: 125.0.6422.141 (4b1e8393712..., userDataDir: C:\Users\razda\AppData\Loca...}, fedcm:accounts: true, goog:chromeOptions: {debuggerAddress: localhost:53417}, networkConnectionEnabled: false, pageLoadStrategy: normal, platformName: windows, proxy: Proxy(), se:cdp: ws://localhost:53417/devtoo..., se:cdpVersion: 125.0.6422.142, setWindowRect: true, strictFileInteractability: false, timeouts: {implicit: 0, pageLoad: 300000, script: 30000}, unhandledPromptBehavior: dismiss and notify, webauthn:extension:credBlob: true, webauthn:extension:largeBlob: true, webauthn:extension:minPinLength: true, webauthn:extension:prf: true, webauthn:virtualAuthenticators: true}&#10;Session ID: 0edbb10ba8fe10a82b464c9480201327" type="org.openqa.selenium.WebDriverException">org.openqa.selenium.WebDriverException: 
unknown error: failed to change window state to 'normal', current state is 'maximized'
  (Session info: chrome=125.0.6422.142)
Build info: version: '4.20.0', revision: '866c76ca80'
System info: os.name: 'Windows 10', os.arch: 'amd64', os.version: '10.0', java.version: '21.0.1'
Driver info: org.openqa.selenium.chrome.ChromeDriver
Command: [0edbb10ba8fe10a82b464c9480201327, maximizeCurrentWindow {}]
Capabilities {acceptInsecureCerts: false, browserName: chrome, browserVersion: 125.0.6422.142, chrome: {chromedriverVersion: 125.0.6422.141 (4b1e8393712..., userDataDir: C:\Users\razda\AppData\Loca...}, fedcm:accounts: true, goog:chromeOptions: {debuggerAddress: localhost:53417}, networkConnectionEnabled: false, pageLoadStrategy: normal, platformName: windows, proxy: Proxy(), se:cdp: ws://localhost:53417/devtoo..., se:cdpVersion: 125.0.6422.142, setWindowRect: true, strictFileInteractability: false, timeouts: {implicit: 0, pageLoad: 300000, script: 30000}, unhandledPromptBehavior: dismiss and notify, webauthn:extension:credBlob: true, webauthn:extension:largeBlob: true, webauthn:extension:minPinLength: true, webauthn:extension:prf: true, webauthn:virtualAuthenticators: true}
Session ID: 0edbb10ba8fe10a82b464c9480201327
	at com.qa.testcases.ts001.TS001_TC005.TS001_TC005(TS001_TC005.java:26)
</failure>
    <system-out><![CDATA[after method started.....
After method done
before method started.....
Method name :TS001_TC005
Befoe Method done
]]></system-out>
  </testcase>
  <testcase name="TS002_TC001" classname="com.qa.testcases.ts002.TS002_TC001" time="9.988"/>
  <testcase name="TS002_TC001" classname="com.qa.testcases.ts002.TS002_TC001" time="4.468">
    <failure message="The following asserts failed:&#10;	expected [true] but found [false]" type="java.lang.AssertionError">java.lang.AssertionError: 
The following asserts failed:
	expected [true] but found [false]
	at com.qa.testcases.ts002.TS002_TC001.TS002_TC001(TS002_TC001.java:121)
</failure>
    <system-out><![CDATA[after method started.....
After method done
before method started.....
Method name :TS002_TC001
Befoe Method done
]]></system-out>
  </testcase>
  <testcase name="TS002_TC001" classname="com.qa.testcases.ts002.TS002_TC001" time="4.289">
    <failure message="The following asserts failed:&#10;	expected [true] but found [false]" type="java.lang.AssertionError">java.lang.AssertionError: 
The following asserts failed:
	expected [true] but found [false]
	at com.qa.testcases.ts002.TS002_TC001.TS002_TC001(TS002_TC001.java:121)
</failure>
    <system-out><![CDATA[after method started.....
SS Saved successfully
After method done
before method started.....
Method name :TS002_TC001
Befoe Method done
]]></system-out>
  </testcase>
  <testcase name="TS002_TC001" classname="com.qa.testcases.ts002.TS002_TC001" time="5.452">
    <failure message="The following asserts failed:&#10;	expected [true] but found [false],&#10;	expected [true] but found [false]" type="java.lang.AssertionError">java.lang.AssertionError: 
The following asserts failed:
	expected [true] but found [false],
	expected [true] but found [false]
	at com.qa.testcases.ts002.TS002_TC001.TS002_TC001(TS002_TC001.java:121)
</failure>
    <system-out><![CDATA[after method started.....
SS Saved successfully
After method done
before method started.....
Method name :TS002_TC001
Befoe Method done
]]></system-out>
  </testcase>
  <testcase name="TS002_TC002" classname="com.qa.testcases.ts002.TS002_TC002" time="22.733"/>
  <testcase name="TS002_TC002" classname="com.qa.testcases.ts002.TS002_TC002" time="16.599"/>
  <testcase name="TS002_TC002" classname="com.qa.testcases.ts002.TS002_TC002" time="19.442"/>
  <testcase name="TS002_TC003" classname="com.qa.testcases.ts002.TS002_TC003" time="18.059">
    <failure message="The following asserts failed:&#10;	expected [true] but found [false]" type="java.lang.AssertionError">java.lang.AssertionError: 
The following asserts failed:
	expected [true] but found [false]
	at com.qa.testcases.ts002.TS002_TC003.TS002_TC003(TS002_TC003.java:74)
</failure>
    <system-out><![CDATA[after method started.....
After method done
after class startted.....
Before class startted.....
Method name :TS002_TC003
1
2
3
4
5
6
7
8
9
10
11
12
Cell type :BLANK
13
10
11
12
Cell type :STRING
13
9
10
11
12
Cell type :STRING
13
10
11
12
Cell type :BLANK
13
9
10
11
12
Cell type :STRING
13
10
11
12
Cell type :STRING
13
before method started.....
Method name :TS002_TC003
Befoe Method done
]]></system-out>
    <system-err><![CDATA[Jun 16, 2024 1:38:58 PM org.openqa.selenium.devtools.CdpVersionFinder findNearestMatch
WARNING: Unable to find an exact match for CDP version 125, returning the closest version; found: 124; Please update to a Selenium version that supports CDP version 125
]]></system-err>
  </testcase>
  <testcase name="TS002_TC003" classname="com.qa.testcases.ts002.TS002_TC003" time="11.374">
    <failure message="The following asserts failed:&#10;	expected [true] but found [false]" type="java.lang.AssertionError">java.lang.AssertionError: 
The following asserts failed:
	expected [true] but found [false]
	at com.qa.testcases.ts002.TS002_TC003.TS002_TC003(TS002_TC003.java:74)
</failure>
    <system-out><![CDATA[after method started.....
SS Saved successfully
After method done
before method started.....
Method name :TS002_TC003
Befoe Method done
]]></system-out>
  </testcase>
  <testcase name="TS002_TC003" classname="com.qa.testcases.ts002.TS002_TC003" time="16.396"/>
  <testcase name="TS003_TC001" classname="com.qa.testcases.ts003.TS003_TC001" time="18.532"/>
  <testcase name="TS003_TC002" classname="com.qa.testcases.ts003.TS003_TC002" time="18.609"/>
  <testcase name="TS003_TC002" classname="com.qa.testcases.ts003.TS003_TC002" time="21.567">
    <failure message="The following asserts failed:&#10;	expected [true] but found [false]" type="java.lang.AssertionError">java.lang.AssertionError: 
The following asserts failed:
	expected [true] but found [false]
	at com.qa.testcases.ts003.TS003_TC002.TS003_TC002(TS003_TC002.java:78)
</failure>
    <system-out><![CDATA[after method started.....
After method done
before method started.....
Method name :TS003_TC002
Befoe Method done
Email value :razdanamit51@gmail.com, Email mandatory error value :
Returns NA
Mandatory error actual :NA
Returns NA
]]></system-out>
  </testcase>
  <testcase name="TS003_TC003" classname="com.qa.testcases.ts003.TS003_TC003" time="16.215"/>
  <testcase name="TS003_TC003" classname="com.qa.testcases.ts003.TS003_TC003" time="10.924"/>
  <testcase name="TS003_TC003" classname="com.qa.testcases.ts003.TS003_TC003" time="10.716"/>
  <testcase name="TS003_TC003" classname="com.qa.testcases.ts003.TS003_TC003" time="10.714"/>
  <testcase name="TS003_TC004" classname="com.qa.testcases.ts003.TS003_TC004" time="32.175"/>
  <testcase name="TS003_TC004" classname="com.qa.testcases.ts003.TS003_TC004" time="20.46"/>
  <testcase name="TS004_TC001" classname="com.qa.testcases.ts004.TS004_TC001" time="124.043"/>
  <testcase name="TS004_TC001" classname="com.qa.testcases.ts004.TS004_TC001" time="136.798"/>
  <testcase name="TS004_TC002" classname="com.qa.testcases.ts004.TS004_TC002" time="212.988"/>
  <testcase name="TS004_TC002" classname="com.qa.testcases.ts004.TS004_TC002" time="199.454"/>
  <testcase name="TS004_TC003" classname="com.qa.testcases.ts004.TS004_TC003" time="82.006"/>
  <testcase name="TS004_TC003" classname="com.qa.testcases.ts004.TS004_TC003" time="92.999"/>
  <testcase name="TS004_TC004" classname="com.qa.testcases.ts004.TS004_TC004" time="129.601">
    <failure message="The following asserts failed:&#10;	expected [true] but found [false],&#10;	expected [true] but found [false],&#10;	expected [true] but found [false],&#10;	expected [true] but found [false],&#10;	expected [true] but found [false],&#10;	expected [true] but found [false],&#10;	expected [true] but found [false],&#10;	expected [true] but found [false],&#10;	expected [true] but found [false]" type="java.lang.AssertionError">java.lang.AssertionError: 
The following asserts failed:
	expected [true] but found [false],
	expected [true] but found [false],
	expected [true] but found [false],
	expected [true] but found [false],
	expected [true] but found [false],
	expected [true] but found [false],
	expected [true] but found [false],
	expected [true] but found [false],
	expected [true] but found [false]
	at com.qa.testcases.ts004.TS004_TC004.TS004_TC004(TS004_TC004.java:696)
</failure>
    <system-out><![CDATA[after method started.....
After method done
after class startted.....
Before class startted.....
Method name :TS004_TC004
1
2
3
4
5
6
7
8
9
10
11
12
Cell type :STRING
13
10
11
12
Cell type :STRING
13
10
11
12
Cell type :STRING
13
10
11
12
Cell type :NUMERIC
13
9
10
11
12
Cell type :STRING
13
10
11
12
Cell type :STRING
13
10
11
12
Cell type :STRING
13
10
11
12
Cell type :NUMERIC
13
before method started.....
Method name :TS004_TC004
Befoe Method done
Email val :razdanamit51@gmail.com, Password val :Chericof1#, Search val :Jacket, Search count :11
Search result label :Search results for: 'Jacket'
Link text :Skip to Content
Link text :
Link text :
Link text :
Link text :
Link text :
Link text :My Cart
26
26
Link text :
Link text :
Link text :
Link text :
Link text :
Link text :
Link text :
Link text :
Link text :
Link text :
Link text :
Link text :
Link text :What's New
Link text :Women
Link text :
Link text :
Link text :
Link text :
Link text :
Link text :
Link text :
Link text :
Link text :Men
Link text :
Link text :
Link text :
Link text :
Link text :
Link text :
Link text :
Link text :
Link text :Gear
Link text :
Link text :
Link text :
Link text :Training
Link text :
Link text :Sale
Link text :
Link text :
Link text :
Link text :
Link text :
Link text :Home
Link text :
Link text :List
Link text :
Link text :
Link text :Set Ascending Direction
Link text :Jacket, T-shirt, pants
Link text :Jacket, t-shirt, jeans for men, jeans for women,pants
Link text :jacket de co
Link text :Jackets for w
Link text :Jacket, t-shirt, jeans for men, jeans pant shirt tie shocks belt hat umbrejeans pant shirt tie shocks belt jeans for women,pants
Link text :
Link text :Adrienne Trek Jacket
Link text :2 Reviews
Link text :
Link text :
Link text :
Link text :Inez Full Zip Jacket
Link text :3 Reviews
Link text :
Link text :
Link text :
Link text :Riona Full Zip Jacket
Link text :3 Reviews
Link text :
Link text :
Link text :
Link text :Josie Yoga Jacket
Link text :4 Reviews
Link text :
Link text :
Link text :
Link text :Typhon Performance Fleece-lined Jacket
Link text :
Link text :
Link text :
Link text :Lando Gym Jacket
Link text :3 Reviews
Link text :
Link text :
Link text :
Link text :Orion Two-Tone Fitted Jacket
Link text :2 Reviews
Link text :
Link text :
Link text :
Link text :Olivia 1/4 Zip Light Jacket
Link text :
Link text :
Link text :
Link text :Juno Jacket
Link text :3 Reviews
Link text :
Link text :
Link text :
Link text :Neve Studio Dance Jacket
Link text :3 Reviews
Link text :
Link text :
Link text :
Link text :Jade Yoga Jacket
Link text :3 Reviews
Link text :
Link text :
Link text :
Link text :Ingrid Running Jacket
Link text :2 Reviews
Link text :
Link text :
Link text :
Link text :Page
2
Link text :Page
Next
Link text :
Link text :
Link text :
Link text :Notes 
Link text :Practice API Testing using Magento 2
Link text :Write for us
Link text :Subscribe
Link text :Search Terms
Link text :Privacy and Cookie Policy
Link text :Advanced Search
Link text :
Link text :Software Testing and Automation Specialization Learn Web and Mobile Testing with Selenium Enroll Now
Link text :Ads by EthicalAds
Link text :
Link text :
Search result label :Search results for: 'Jacket'
Link text :Skip to Content
Link text :
Link text :
Link text :
Link text :
Link text :
Link text :My Cart
26
26
Link text :
Link text :
Link text :
Link text :
Link text :
Link text :
Link text :
Link text :
Link text :
Link text :
Link text :
Link text :
Link text :What's New
Link text :Women
Link text :
Link text :
Link text :
Link text :
Link text :
Link text :
Link text :
Link text :
Link text :Men
Link text :
Link text :
Link text :
Link text :
Link text :
Link text :
Link text :
Link text :
Link text :Gear
Link text :
Link text :
Link text :
Link text :Training
Link text :
Link text :Sale
Link text :
Link text :
Link text :
Link text :
Link text :
Link text :Home
Link text :
Link text :List
Link text :
Link text :
Link text :Set Ascending Direction
Link text :Jacket, T-shirt, pants
Link text :Jacket, t-shirt, jeans for men, jeans for women,pants
Link text :jacket de co
Link text :Jackets for w
Link text :Jacket, t-shirt, jeans for men, jeans pant shirt tie shocks belt hat umbrejeans pant shirt tie shocks belt jeans for women,pants
Link text :
Link text :Adrienne Trek Jacket
Link text :2 Reviews
Link text :
Link text :
Link text :
Link text :Inez Full Zip Jacket
Link text :3 Reviews
Link text :
Link text :
Link text :
Link text :Riona Full Zip Jacket
Link text :3 Reviews
Link text :
Link text :
Link text :
Link text :Josie Yoga Jacket
Link text :4 Reviews
Link text :
Link text :
Link text :
Link text :Typhon Performance Fleece-lined Jacket
Link text :
Link text :
Link text :
Link text :Lando Gym Jacket
Link text :3 Reviews
Link text :
Link text :
Link text :
Link text :Orion Two-Tone Fitted Jacket
Link text :2 Reviews
Link text :
Link text :
Link text :
Link text :Olivia 1/4 Zip Light Jacket
Link text :
Link text :
Link text :
Link text :Juno Jacket
Link text :3 Reviews
Link text :
Link text :
Link text :
Link text :Neve Studio Dance Jacket
Link text :3 Reviews
Link text :
Link text :
Link text :
Link text :Jade Yoga Jacket
Link text :3 Reviews
Link text :
Link text :
Link text :
Link text :Ingrid Running Jacket
Link text :2 Reviews
Link text :
Link text :
Link text :
Link text :Page
2
Link text :Page
Next
Link text :
Link text :
Link text :
Link text :Notes 
Link text :Practice API Testing using Magento 2
Link text :Write for us
Link text :Subscribe
Link text :Search Terms
Link text :Privacy and Cookie Policy
Link text :Advanced Search
Link text :
Link text :Software Testing and Automation Specialization Learn Web and Mobile Testing with Selenium Enroll Now
Link text :Ads by EthicalAds
Link text :
Link text :
Search result label :Search results for: 'Jacket'
Link text :Skip to Content
Link text :
Link text :
Link text :
Link text :
Link text :
Link text :My Cart
26
26
Link text :
Link text :
Link text :
Link text :
Link text :
Link text :
Link text :
Link text :
Link text :
Link text :
Link text :
Link text :
Link text :What's New
Link text :Women
Link text :
Link text :
Link text :
Link text :
Link text :
Link text :
Link text :
Link text :
Link text :Men
Link text :
Link text :
Link text :
Link text :
Link text :
Link text :
Link text :
Link text :
Link text :Gear
Link text :
Link text :
Link text :
Link text :Training
Link text :
Link text :Sale
Link text :
Link text :
Link text :
Link text :
Link text :
Link text :Home
Link text :
Link text :List
Link text :
Link text :
Link text :Set Ascending Direction
Link text :Jacket, T-shirt, pants
Link text :Jacket, t-shirt, jeans for men, jeans for women,pants
Link text :jacket de co
Link text :Jackets for w
Link text :Jacket, t-shirt, jeans for men, jeans pant shirt tie shocks belt hat umbrejeans pant shirt tie shocks belt jeans for women,pants
Link text :
Link text :Adrienne Trek Jacket
Link text :2 Reviews
Link text :
Link text :
Link text :
Link text :Inez Full Zip Jacket
Link text :3 Reviews
Link text :
Link text :
Link text :
Link text :Riona Full Zip Jacket
Link text :3 Reviews
Link text :
Link text :
Link text :
Link text :Josie Yoga Jacket
Link text :4 Reviews
Link text :
Link text :
Link text :
Link text :Typhon Performance Fleece-lined Jacket
Link text :
Link text :
Link text :
Link text :Lando Gym Jacket
Link text :3 Reviews
Link text :
Link text :
Link text :
Link text :Orion Two-Tone Fitted Jacket
Link text :2 Reviews
Link text :
Link text :
Link text :
Link text :Olivia 1/4 Zip Light Jacket
Link text :
Link text :
Link text :
Link text :Juno Jacket
Link text :3 Reviews
Link text :
Link text :
Link text :
Link text :Neve Studio Dance Jacket
Link text :3 Reviews
Link text :
Link text :
Link text :
Link text :Jade Yoga Jacket
Link text :3 Reviews
Link text :
Link text :
Link text :
Link text :Ingrid Running Jacket
Link text :2 Reviews
Link text :
Link text :
Link text :
Link text :Page
2
Link text :Page
Next
Link text :
Link text :
Link text :
Link text :Notes 
Link text :Practice API Testing using Magento 2
Link text :Write for us
Link text :Subscribe
Link text :Search Terms
Link text :Privacy and Cookie Policy
Link text :Advanced Search
Link text :
Link text :Software Testing and Automation Specialization Learn Web and Mobile Testing with Selenium Enroll Now
Link text :Ads by EthicalAds
Link text :
Link text :
Search result label :Search results for: 'Jacket'
Link text :Skip to Content
Link text :
Link text :
Link text :
Link text :
Link text :
Link text :My Cart
26
26
Link text :
Link text :
Link text :
Link text :
Link text :
Link text :
Link text :
Link text :
Link text :
Link text :
Link text :
Link text :
Link text :What's New
Link text :Women
Link text :
Link text :
Link text :
Link text :
Link text :
Link text :
Link text :
Link text :
Link text :Men
Link text :
Link text :
Link text :
Link text :
Link text :
Link text :
Link text :
Link text :
Link text :Gear
Link text :
Link text :
Link text :
Link text :Training
Link text :
Link text :Sale
Link text :
Link text :
Link text :
Link text :
Link text :
Link text :Home
Link text :
Link text :List
Link text :
Link text :
Link text :Set Ascending Direction
Link text :Jacket, T-shirt, pants
Link text :Jacket, t-shirt, jeans for men, jeans for women,pants
Link text :jacket de co
Link text :Jackets for w
Link text :Jacket, t-shirt, jeans for men, jeans pant shirt tie shocks belt hat umbrejeans pant shirt tie shocks belt jeans for women,pants
Link text :
Link text :Adrienne Trek Jacket
Link text :2 Reviews
Link text :
Link text :
Link text :
Link text :Inez Full Zip Jacket
Link text :3 Reviews
Link text :
Link text :
Link text :
Link text :Riona Full Zip Jacket
Link text :3 Reviews
Link text :
Link text :
Link text :
Link text :Josie Yoga Jacket
Link text :4 Reviews
Link text :
Link text :
Link text :
Link text :Typhon Performance Fleece-lined Jacket
Link text :
Link text :
Link text :
Link text :Lando Gym Jacket
Link text :3 Reviews
Link text :
Link text :
Link text :
Link text :Orion Two-Tone Fitted Jacket
Link text :2 Reviews
Link text :
Link text :
Link text :
Link text :Olivia 1/4 Zip Light Jacket
Link text :
Link text :
Link text :
Link text :Juno Jacket
Link text :3 Reviews
Link text :
Link text :
Link text :
Link text :Neve Studio Dance Jacket
Link text :3 Reviews
Link text :
Link text :
Link text :
Link text :Jade Yoga Jacket
Link text :3 Reviews
Link text :
Link text :
Link text :
Link text :Ingrid Running Jacket
Link text :2 Reviews
Link text :
Link text :
Link text :
Link text :Page
2
Link text :Page
Next
Link text :
Link text :
Link text :
Link text :Notes 
Link text :Practice API Testing using Magento 2
Link text :Write for us
Link text :Subscribe
Link text :Search Terms
Link text :Privacy and Cookie Policy
Link text :Advanced Search
Link text :
Link text :Software Testing and Automation Specialization Learn Web and Mobile Testing with Selenium Enroll Now
Link text :Ads by EthicalAds
Link text :
Link text :
Search result label :Search results for: 'Jacket'
Link text :Skip to Content
Link text :
Link text :
Link text :
Link text :
Link text :
Link text :My Cart
26
26
Link text :
Link text :
Link text :
Link text :
Link text :
Link text :
Link text :
Link text :
Link text :
Link text :
Link text :
Link text :
Link text :What's New
Link text :Women
Link text :
Link text :
Link text :
Link text :
Link text :
Link text :
Link text :
Link text :
Link text :Men
Link text :
Link text :
Link text :
Link text :
Link text :
Link text :
Link text :
Link text :
Link text :Gear
Link text :
Link text :
Link text :
Link text :Training
Link text :
Link text :Sale
Link text :
Link text :
Link text :
Link text :
Link text :
Link text :Home
Link text :
Link text :List
Link text :
Link text :
Link text :Set Ascending Direction
Link text :Jacket, T-shirt, pants
Link text :Jacket, t-shirt, jeans for men, jeans for women,pants
Link text :jacket de co
Link text :Jackets for w
Link text :Jacket, t-shirt, jeans for men, jeans pant shirt tie shocks belt hat umbrejeans pant shirt tie shocks belt jeans for women,pants
Link text :
Link text :Adrienne Trek Jacket
Link text :2 Reviews
Link text :
Link text :
Link text :
Link text :Inez Full Zip Jacket
Link text :3 Reviews
Link text :
Link text :
Link text :
Link text :Riona Full Zip Jacket
Link text :3 Reviews
Link text :
Link text :
Link text :
Link text :Josie Yoga Jacket
Link text :4 Reviews
Link text :
Link text :
Link text :
Link text :Typhon Performance Fleece-lined Jacket
Link text :
Link text :
Link text :
Link text :Lando Gym Jacket
Link text :3 Reviews
Link text :
Link text :
Link text :
Link text :Orion Two-Tone Fitted Jacket
Link text :2 Reviews
Link text :
Link text :
Link text :
Link text :Olivia 1/4 Zip Light Jacket
Link text :
Link text :
Link text :
Link text :Juno Jacket
Link text :3 Reviews
Link text :
Link text :
Link text :
Link text :Neve Studio Dance Jacket
Link text :3 Reviews
Link text :
Link text :
Link text :
Link text :Jade Yoga Jacket
Link text :3 Reviews
Link text :
Link text :
Link text :
Link text :Ingrid Running Jacket
Link text :2 Reviews
Link text :
Link text :
Link text :
Link text :Page
2
Link text :Page
Next
Link text :
Link text :
Link text :
Link text :Notes 
Link text :Practice API Testing using Magento 2
Link text :Write for us
Link text :Subscribe
Link text :Search Terms
Link text :Privacy and Cookie Policy
Link text :Advanced Search
Link text :
Link text :Software Testing and Automation Specialization Learn Web and Mobile Testing with Selenium Enroll Now
Link text :Ads by EthicalAds
Link text :
Link text :
Search result label :Search results for: 'Jacket'
Link text :Skip to Content
Link text :
Link text :
Link text :
Link text :
Link text :
Link text :My Cart
26
26
Link text :
Link text :
Link text :
Link text :
Link text :
Link text :
Link text :
Link text :
Link text :
Link text :
Link text :
Link text :
Link text :What's New
Link text :Women
Link text :
Link text :
Link text :
Link text :
Link text :
Link text :
Link text :
Link text :
Link text :Men
Link text :
Link text :
Link text :
Link text :
Link text :
Link text :
Link text :
Link text :
Link text :Gear
Link text :
Link text :
Link text :
Link text :Training
Link text :
Link text :Sale
Link text :
Link text :
Link text :
Link text :
Link text :
Link text :Home
Link text :
Link text :List
Link text :
Link text :
Link text :Set Ascending Direction
Link text :Jacket, T-shirt, pants
Link text :Jacket, t-shirt, jeans for men, jeans for women,pants
Link text :jacket de co
Link text :Jackets for w
Link text :Jacket, t-shirt, jeans for men, jeans pant shirt tie shocks belt hat umbrejeans pant shirt tie shocks belt jeans for women,pants
Link text :
Link text :Adrienne Trek Jacket
Link text :2 Reviews
Link text :
Link text :
Link text :
Link text :Inez Full Zip Jacket
Link text :3 Reviews
Link text :
Link text :
Link text :
Link text :Riona Full Zip Jacket
Link text :3 Reviews
Link text :
Link text :
Link text :
Link text :Josie Yoga Jacket
Link text :4 Reviews
Link text :
Link text :
Link text :
Link text :Typhon Performance Fleece-lined Jacket
Link text :
Link text :
Link text :
Link text :Lando Gym Jacket
Link text :3 Reviews
Link text :
Link text :
Link text :
Link text :Orion Two-Tone Fitted Jacket
Link text :2 Reviews
Link text :
Link text :
Link text :
Link text :Olivia 1/4 Zip Light Jacket
Link text :
Link text :
Link text :
Link text :Juno Jacket
Link text :3 Reviews
Link text :
Link text :
Link text :
Link text :Neve Studio Dance Jacket
Link text :3 Reviews
Link text :
Link text :
Link text :
Link text :Jade Yoga Jacket
Link text :3 Reviews
Link text :
Link text :
Link text :
Link text :Ingrid Running Jacket
Link text :2 Reviews
Link text :
Link text :
Link text :
Link text :Page
2
Link text :Page
Next
Link text :
Link text :
Link text :
Link text :Notes 
Link text :Practice API Testing using Magento 2
Link text :Write for us
Link text :Subscribe
Link text :Search Terms
Link text :Privacy and Cookie Policy
Link text :Advanced Search
Link text :
Link text :Software Testing and Automation Specialization Learn Web and Mobile Testing with Selenium Enroll Now
Link text :Ads by EthicalAds
Link text :
Link text :
Search result label :Search results for: 'Jacket'
Link text :Skip to Content
Link text :
Link text :
Link text :
Link text :
Link text :
Link text :My Cart
26
26
Link text :
Link text :
Link text :
Link text :
Link text :
Link text :
Link text :
Link text :
Link text :
Link text :
Link text :
Link text :
Link text :What's New
Link text :Women
Link text :
Link text :
Link text :
Link text :
Link text :
Link text :
Link text :
Link text :
Link text :Men
Link text :
Link text :
Link text :
Link text :
Link text :
Link text :
Link text :
Link text :
Link text :Gear
Link text :
Link text :
Link text :
Link text :Training
Link text :
Link text :Sale
Link text :
Link text :
Link text :
Link text :
Link text :
Link text :Home
Link text :
Link text :List
Link text :
Link text :
Link text :Set Ascending Direction
Link text :Jacket, T-shirt, pants
Link text :Jacket, t-shirt, jeans for men, jeans for women,pants
Link text :jacket de co
Link text :Jackets for w
Link text :Jacket, t-shirt, jeans for men, jeans pant shirt tie shocks belt hat umbrejeans pant shirt tie shocks belt jeans for women,pants
Link text :
Link text :Adrienne Trek Jacket
Link text :2 Reviews
Link text :
Link text :
Link text :
Link text :Inez Full Zip Jacket
Link text :3 Reviews
Link text :
Link text :
Link text :
Link text :Riona Full Zip Jacket
Link text :3 Reviews
Link text :
Link text :
Link text :
Link text :Josie Yoga Jacket
Link text :4 Reviews
Link text :
Link text :
Link text :
Link text :Typhon Performance Fleece-lined Jacket
Link text :
Link text :
Link text :
Link text :Lando Gym Jacket
Link text :3 Reviews
Link text :
Link text :
Link text :
Link text :Orion Two-Tone Fitted Jacket
Link text :2 Reviews
Link text :
Link text :
Link text :
Link text :Olivia 1/4 Zip Light Jacket
Link text :
Link text :
Link text :
Link text :Juno Jacket
Link text :3 Reviews
Link text :
Link text :
Link text :
Link text :Neve Studio Dance Jacket
Link text :3 Reviews
Link text :
Link text :
Link text :
Link text :Jade Yoga Jacket
Link text :3 Reviews
Link text :
Link text :
Link text :
Link text :Ingrid Running Jacket
Link text :2 Reviews
Link text :
Link text :
Link text :
Link text :Page
2
Link text :Page
Next
Link text :
Link text :
Link text :
Link text :Notes 
Link text :Practice API Testing using Magento 2
Link text :Write for us
Link text :Subscribe
Link text :Search Terms
Link text :Privacy and Cookie Policy
Link text :Advanced Search
Link text :
Link text :Software Testing and Automation Specialization Learn Web and Mobile Testing with Selenium Enroll Now
Link text :Ads by EthicalAds
Link text :
Link text :
Search result label :Search results for: 'Jacket'
Link text :Skip to Content
Link text :
Link text :
Link text :
Link text :
Link text :
Link text :My Cart
26
26
Link text :
Link text :
Link text :
Link text :
Link text :
Link text :
Link text :
Link text :
Link text :
Link text :
Link text :
Link text :
Link text :What's New
Link text :Women
Link text :
Link text :
Link text :
Link text :
Link text :
Link text :
Link text :
Link text :
Link text :Men
Link text :
Link text :
Link text :
Link text :
Link text :
Link text :
Link text :
Link text :
Link text :Gear
Link text :
Link text :
Link text :
Link text :Training
Link text :
Link text :Sale
Link text :
Link text :
Link text :
Link text :
Link text :
Link text :Home
Link text :
Link text :List
Link text :
Link text :
Link text :Set Ascending Direction
Link text :Jacket, T-shirt, pants
Link text :Jacket, t-shirt, jeans for men, jeans for women,pants
Link text :jacket de co
Link text :Jackets for w
Link text :Jacket, t-shirt, jeans for men, jeans pant shirt tie shocks belt hat umbrejeans pant shirt tie shocks belt jeans for women,pants
Link text :
Link text :Adrienne Trek Jacket
Link text :2 Reviews
Link text :
Link text :
Link text :
Link text :Inez Full Zip Jacket
Link text :3 Reviews
Link text :
Link text :
Link text :
Link text :Riona Full Zip Jacket
Link text :3 Reviews
Link text :
Link text :
Link text :
Link text :Josie Yoga Jacket
Link text :4 Reviews
Link text :
Link text :
Link text :
Link text :Typhon Performance Fleece-lined Jacket
Link text :
Link text :
Link text :
Link text :Lando Gym Jacket
Link text :3 Reviews
Link text :
Link text :
Link text :
Link text :Orion Two-Tone Fitted Jacket
Link text :2 Reviews
Link text :
Link text :
Link text :
Link text :Olivia 1/4 Zip Light Jacket
Link text :
Link text :
Link text :
Link text :Juno Jacket
Link text :3 Reviews
Link text :
Link text :
Link text :
Link text :Neve Studio Dance Jacket
Link text :3 Reviews
Link text :
Link text :
Link text :
Link text :Jade Yoga Jacket
Link text :3 Reviews
Link text :
Link text :
Link text :
Link text :Ingrid Running Jacket
Link text :2 Reviews
Link text :
Link text :
Link text :
Link text :Page
2
Link text :Page
Next
Link text :
Link text :
Link text :
Link text :Notes 
Link text :Practice API Testing using Magento 2
Link text :Write for us
Link text :Subscribe
Link text :Search Terms
Link text :Privacy and Cookie Policy
Link text :Advanced Search
Link text :
Link text :Software Testing and Automation Specialization Learn Web and Mobile Testing with Selenium Enroll Now
Link text :Ads by EthicalAds
Link text :
Link text :
Search result label :Search results for: 'Jacket'
Link text :Skip to Content
Link text :
Link text :
Link text :
Link text :
Link text :
Link text :My Cart
26
26
Link text :
Link text :
Link text :
Link text :
Link text :
Link text :
Link text :
Link text :
Link text :
Link text :
Link text :
Link text :
Link text :What's New
Link text :Women
Link text :
Link text :
Link text :
Link text :
Link text :
Link text :
Link text :
Link text :
Link text :Men
Link text :
Link text :
Link text :
Link text :
Link text :
Link text :
Link text :
Link text :
Link text :Gear
Link text :
Link text :
Link text :
Link text :Training
Link text :
Link text :Sale
Link text :
Link text :
Link text :
Link text :
Link text :
Link text :Home
Link text :
Link text :List
Link text :
Link text :
Link text :Set Ascending Direction
Link text :Jacket, T-shirt, pants
Link text :Jacket, t-shirt, jeans for men, jeans for women,pants
Link text :jacket de co
Link text :Jackets for w
Link text :Jacket, t-shirt, jeans for men, jeans pant shirt tie shocks belt hat umbrejeans pant shirt tie shocks belt jeans for women,pants
Link text :
Link text :Adrienne Trek Jacket
Link text :2 Reviews
Link text :
Link text :
Link text :
Link text :Inez Full Zip Jacket
Link text :3 Reviews
Link text :
Link text :
Link text :
Link text :Riona Full Zip Jacket
Link text :3 Reviews
Link text :
Link text :
Link text :
Link text :Josie Yoga Jacket
Link text :4 Reviews
Link text :
Link text :
Link text :
Link text :Typhon Performance Fleece-lined Jacket
Link text :
Link text :
Link text :
Link text :Lando Gym Jacket
Link text :3 Reviews
Link text :
Link text :
Link text :
Link text :Orion Two-Tone Fitted Jacket
Link text :2 Reviews
Link text :
Link text :
Link text :
Link text :Olivia 1/4 Zip Light Jacket
Link text :
Link text :
Link text :
Link text :Juno Jacket
Link text :3 Reviews
Link text :
Link text :
Link text :
Link text :Neve Studio Dance Jacket
Link text :3 Reviews
Link text :
Link text :
Link text :
Link text :Jade Yoga Jacket
Link text :3 Reviews
Link text :
Link text :
Link text :
Link text :Ingrid Running Jacket
Link text :2 Reviews
Link text :
Link text :
Link text :
Link text :Page
2
Link text :Page
Next
Link text :
Link text :
Link text :
Link text :Notes 
Link text :Practice API Testing using Magento 2
Link text :Write for us
Link text :Subscribe
Link text :Search Terms
Link text :Privacy and Cookie Policy
Link text :Advanced Search
Link text :
Link text :Software Testing and Automation Specialization Learn Web and Mobile Testing with Selenium Enroll Now
Link text :Ads by EthicalAds
Link text :
Link text :
]]></system-out>
    <system-err><![CDATA[Jun 16, 2024 2:00:12 PM org.openqa.selenium.devtools.CdpVersionFinder findNearestMatch
WARNING: Unable to find an exact match for CDP version 125, returning the closest version; found: 124; Please update to a Selenium version that supports CDP version 125
]]></system-err>
  </testcase>
  <testcase name="TS004_TC004" classname="com.qa.testcases.ts004.TS004_TC004" time="128.758"/>
  <testcase name="TS004_TC005" classname="com.qa.testcases.ts004.TS004_TC005" time="19.017">
    <failure message="The following asserts failed:&#10;	expected [true] but found [false]" type="java.lang.AssertionError">java.lang.AssertionError: 
The following asserts failed:
	expected [true] but found [false]
	at com.qa.testcases.ts004.TS004_TC005.TS004_TC005(TS004_TC005.java:152)
</failure>
    <system-out><![CDATA[after method started.....
After method done
after class startted.....
Before class startted.....
Method name :TS004_TC005
1
2
3
4
5
6
7
8
9
10
11
12
Cell type :STRING
13
10
11
12
Cell type :STRING
13
10
11
12
Cell type :STRING
13
10
11
12
Cell type :STRING
13
9
10
11
12
Cell type :STRING
13
10
11
12
Cell type :STRING
13
10
11
12
Cell type :STRING
13
10
11
12
Cell type :STRING
13
before method started.....
Method name :TS004_TC005
Befoe Method done
Email val :razdanamit51@gmail.com, Password val :Chericof1#, Search val :@3244
Search result label :New Luma Yoga Collection
Get fit and look fab in new seasonal styles
Shop New Yoga
20% OFF
Luma pants when you shop today*
Shop Pants
Even more ways to mix and match
Buy 3 Luma tees get a 4th free
Shop Tees
Take it from Erin
Luma founder Erin Renny shares her favorites!
Shop Erin Recommends
Science meets performance
Wicking to raingear, Luma covers you
Shop Performance
Twice around, twice as nice
Find conscientious, comfy clothing in our eco-friendly collection
Shop Eco-Friendly
]]></system-out>
    <system-err><![CDATA[Jun 16, 2024 2:04:56 PM org.openqa.selenium.devtools.CdpVersionFinder findNearestMatch
WARNING: Unable to find an exact match for CDP version 125, returning the closest version; found: 124; Please update to a Selenium version that supports CDP version 125
]]></system-err>
  </testcase>
  <testcase name="TS004_TC005" classname="com.qa.testcases.ts004.TS004_TC005" time="21.362"/>
  <testcase name="TS005_TC001" classname="com.qa.testcases.ts005.TS005_TC001" time="75.821"/>
  <testcase name="TS005_TC002" classname="com.qa.testcases.ts005.TS005_TC002" time="155.937">
    <failure message="element click intercepted: Element &lt;button type=&quot;submit&quot; title=&quot;Add to Cart&quot; class=&quot;action tocart primary&quot;&gt;...&lt;/button&gt; is not clickable at point (139, 669). Other element would receive the click: &lt;div class=&quot;columns&quot;&gt;...&lt;/div&gt;&#10;  (Session info: chrome=125.0.6422.142)&#10;Build info: version: &apos;4.20.0&apos;, revision: &apos;866c76ca80&apos;&#10;System info: os.name: &apos;Windows 10&apos;, os.arch: &apos;amd64&apos;, os.version: &apos;10.0&apos;, java.version: &apos;21.0.1&apos;&#10;Driver info: org.openqa.selenium.chrome.ChromeDriver&#10;Command: [4296599977e075c8c82c36df4dae8664, clickElement {id=f.DDF9525A911FD78949F10DCA0983C5CE.d.8ABE174DE7951E7F4682BD77F1D1E7BD.e.365}]&#10;Capabilities {acceptInsecureCerts: false, browserName: chrome, browserVersion: 125.0.6422.142, chrome: {chromedriverVersion: 125.0.6422.141 (4b1e8393712..., userDataDir: C:\Users\razda\AppData\Loca...}, fedcm:accounts: true, goog:chromeOptions: {debuggerAddress: localhost:54188}, networkConnectionEnabled: false, pageLoadStrategy: normal, platformName: windows, proxy: Proxy(), se:cdp: ws://localhost:54188/devtoo..., se:cdpVersion: 125.0.6422.142, setWindowRect: true, strictFileInteractability: false, timeouts: {implicit: 0, pageLoad: 300000, script: 30000}, unhandledPromptBehavior: dismiss and notify, webauthn:extension:credBlob: true, webauthn:extension:largeBlob: true, webauthn:extension:minPinLength: true, webauthn:extension:prf: true, webauthn:virtualAuthenticators: true}&#10;Element: [[ChromeDriver: chrome on windows (4296599977e075c8c82c36df4dae8664)] -&gt; xpath: //*[@id=&quot;maincontent&quot;]/div[4]/div[1]/div[1]/div[3]/div/div/ol/li[1]/div/div/div[3]/div/div[1]/form/button]&#10;Session ID: 4296599977e075c8c82c36df4dae8664" type="org.openqa.selenium.ElementClickInterceptedException"><![CDATA[org.openqa.selenium.ElementClickInterceptedException: 
element click intercepted: Element <button type="submit" title="Add to Cart" class="action tocart primary">...</button> is not clickable at point (139, 669). Other element would receive the click: <div class="columns">...</div>
  (Session info: chrome=125.0.6422.142)
Build info: version: '4.20.0', revision: '866c76ca80'
System info: os.name: 'Windows 10', os.arch: 'amd64', os.version: '10.0', java.version: '21.0.1'
Driver info: org.openqa.selenium.chrome.ChromeDriver
Command: [4296599977e075c8c82c36df4dae8664, clickElement {id=f.DDF9525A911FD78949F10DCA0983C5CE.d.8ABE174DE7951E7F4682BD77F1D1E7BD.e.365}]
Capabilities {acceptInsecureCerts: false, browserName: chrome, browserVersion: 125.0.6422.142, chrome: {chromedriverVersion: 125.0.6422.141 (4b1e8393712..., userDataDir: C:\Users\razda\AppData\Loca...}, fedcm:accounts: true, goog:chromeOptions: {debuggerAddress: localhost:54188}, networkConnectionEnabled: false, pageLoadStrategy: normal, platformName: windows, proxy: Proxy(), se:cdp: ws://localhost:54188/devtoo..., se:cdpVersion: 125.0.6422.142, setWindowRect: true, strictFileInteractability: false, timeouts: {implicit: 0, pageLoad: 300000, script: 30000}, unhandledPromptBehavior: dismiss and notify, webauthn:extension:credBlob: true, webauthn:extension:largeBlob: true, webauthn:extension:minPinLength: true, webauthn:extension:prf: true, webauthn:virtualAuthenticators: true}
Element: [[ChromeDriver: chrome on windows (4296599977e075c8c82c36df4dae8664)] -> xpath: //*[@id="maincontent"]/div[4]/div[1]/div[1]/div[3]/div/div/ol/li[1]/div/div/div[3]/div/div[1]/form/button]
Session ID: 4296599977e075c8c82c36df4dae8664
	at com.qa.testcases.ts005.TS005_TC002.TS005_TC002(TS005_TC002.java:518)
]]></failure>
    <system-out><![CDATA[after method started.....
After method done
after class startted.....
Before class startted.....
Method name :TS005_TC002
1
2
3
4
5
6
7
8
9
10
11
12
Cell type :STRING
13
9
10
11
12
Cell type :STRING
13
before method started.....
Method name :TS005_TC002
Befoe Method done
Default state of Search textbox :false
]]></system-out>
    <system-err><![CDATA[Jun 16, 2024 2:07:39 PM org.openqa.selenium.devtools.CdpVersionFinder findNearestMatch
WARNING: Unable to find an exact match for CDP version 125, returning the closest version; found: 124; Please update to a Selenium version that supports CDP version 125
]]></system-err>
  </testcase>
  <testcase name="TS005_TC002" classname="com.qa.testcases.ts005.TS005_TC002" time="173.172"/>
  <testcase name="TS005_TC003" classname="com.qa.testcases.ts005.TS005_TC003" time="73.412"/>
  <testcase name="TS005_TC003" classname="com.qa.testcases.ts005.TS005_TC003" time="57.099"/>
  <testcase name="TS005_TC004" classname="com.qa.testcases.ts005.TS005_TC004" time="105.889">
    <failure message="The following asserts failed:&#10;	expected [true] but found [false],&#10;	expected [true] but found [false],&#10;	expected [true] but found [false],&#10;	expected [true] but found [false],&#10;	expected [true] but found [false],&#10;	expected [true] but found [false],&#10;	expected [true] but found [false],&#10;	expected [true] but found [false],&#10;	expected [true] but found [false]" type="java.lang.AssertionError">java.lang.AssertionError: 
The following asserts failed:
	expected [true] but found [false],
	expected [true] but found [false],
	expected [true] but found [false],
	expected [true] but found [false],
	expected [true] but found [false],
	expected [true] but found [false],
	expected [true] but found [false],
	expected [true] but found [false],
	expected [true] but found [false]
	at com.qa.testcases.ts005.TS005_TC004.TS005_TC004(TS005_TC004.java:657)
</failure>
    <system-out><![CDATA[after method started.....
After method done
after class startted.....
Before class startted.....
Method name :TS005_TC004
1
2
3
4
5
6
7
8
9
10
11
12
Cell type :STRING
13
10
11
12
Cell type :NUMERIC
13
9
10
11
12
Cell type :STRING
13
10
11
12
Cell type :NUMERIC
13
before method started.....
Method name :TS005_TC004
Befoe Method done
Search val :Jacket, Search count :11
Search result label :Search results for: 'Jacket'
Link text :Skip to Content
Link text :Support This Project
Link text :Sign In
Link text :Create an Account
Link text :
Link text :My Cart
Link text :
Link text :
Link text :
Link text :What's New
Link text :Women
Link text :
Link text :
Link text :
Link text :
Link text :
Link text :
Link text :
Link text :
Link text :Men
Link text :
Link text :
Link text :
Link text :
Link text :
Link text :
Link text :
Link text :
Link text :Gear
Link text :
Link text :
Link text :
Link text :Training
Link text :
Link text :Sale
Link text :
Link text :
Link text :
Link text :
Link text :Home
Link text :
Link text :List
Link text :
Link text :
Link text :Set Ascending Direction
Link text :Jacket, T-shirt, pants
Link text :Jacket, t-shirt, jeans for men, jeans for women,pants
Link text :jacket de co
Link text :Jackets for w
Link text :Jacket, t-shirt, jeans for men, jeans pant shirt tie shocks belt hat umbrejeans pant shirt tie shocks belt jeans for women,pants
Link text :
Link text :Adrienne Trek Jacket
Link text :2 Reviews
Link text :
Link text :
Link text :
Link text :Inez Full Zip Jacket
Link text :3 Reviews
Link text :
Link text :
Link text :
Link text :Riona Full Zip Jacket
Link text :3 Reviews
Link text :
Link text :
Link text :
Link text :Josie Yoga Jacket
Link text :4 Reviews
Link text :
Link text :
Link text :
Link text :Typhon Performance Fleece-lined Jacket
Link text :
Link text :
Link text :
Link text :Lando Gym Jacket
Link text :3 Reviews
Link text :
Link text :
Link text :
Link text :Orion Two-Tone Fitted Jacket
Link text :2 Reviews
Link text :
Link text :
Link text :
Link text :Olivia 1/4 Zip Light Jacket
Link text :
Link text :
Link text :
Link text :Juno Jacket
Link text :3 Reviews
Link text :
Link text :
Link text :
Link text :Neve Studio Dance Jacket
Link text :3 Reviews
Link text :
Link text :
Link text :
Link text :Jade Yoga Jacket
Link text :3 Reviews
Link text :
Link text :
Link text :
Link text :Ingrid Running Jacket
Link text :2 Reviews
Link text :
Link text :
Link text :
Link text :Page
2
Link text :Page
Next
Link text :
Link text :
Link text :Notes 
Link text :Practice API Testing using Magento 2
Link text :Write for us
Link text :Subscribe
Link text :Search Terms
Link text :Privacy and Cookie Policy
Link text :Advanced Search
Link text :Orders and Returns
Link text :
Link text :Software Testing and Automation Specialization Learn Web and Mobile Testing with Selenium Enroll Now
Link text :Ads by EthicalAds
Link text :
Link text :
Search result label :Search results for: 'Jacket'
Link text :Skip to Content
Link text :Support This Project
Link text :Sign In
Link text :Create an Account
Link text :
Link text :My Cart
Link text :
Link text :
Link text :
Link text :What's New
Link text :Women
Link text :
Link text :
Link text :
Link text :
Link text :
Link text :
Link text :
Link text :
Link text :Men
Link text :
Link text :
Link text :
Link text :
Link text :
Link text :
Link text :
Link text :
Link text :Gear
Link text :
Link text :
Link text :
Link text :Training
Link text :
Link text :Sale
Link text :
Link text :
Link text :
Link text :
Link text :Home
Link text :
Link text :List
Link text :
Link text :
Link text :Set Ascending Direction
Link text :Jacket, T-shirt, pants
Link text :Jacket, t-shirt, jeans for men, jeans for women,pants
Link text :jacket de co
Link text :Jackets for w
Link text :Jacket, t-shirt, jeans for men, jeans pant shirt tie shocks belt hat umbrejeans pant shirt tie shocks belt jeans for women,pants
Link text :
Link text :Adrienne Trek Jacket
Link text :2 Reviews
Link text :
Link text :
Link text :
Link text :Inez Full Zip Jacket
Link text :3 Reviews
Link text :
Link text :
Link text :
Link text :Riona Full Zip Jacket
Link text :3 Reviews
Link text :
Link text :
Link text :
Link text :Josie Yoga Jacket
Link text :4 Reviews
Link text :
Link text :
Link text :
Link text :Typhon Performance Fleece-lined Jacket
Link text :
Link text :
Link text :
Link text :Lando Gym Jacket
Link text :3 Reviews
Link text :
Link text :
Link text :
Link text :Orion Two-Tone Fitted Jacket
Link text :2 Reviews
Link text :
Link text :
Link text :
Link text :Olivia 1/4 Zip Light Jacket
Link text :
Link text :
Link text :
Link text :Juno Jacket
Link text :3 Reviews
Link text :
Link text :
Link text :
Link text :Neve Studio Dance Jacket
Link text :3 Reviews
Link text :
Link text :
Link text :
Link text :Jade Yoga Jacket
Link text :3 Reviews
Link text :
Link text :
Link text :
Link text :Ingrid Running Jacket
Link text :2 Reviews
Link text :
Link text :
Link text :
Link text :Page
2
Link text :Page
Next
Link text :
Link text :
Link text :Notes 
Link text :Practice API Testing using Magento 2
Link text :Write for us
Link text :Subscribe
Link text :Search Terms
Link text :Privacy and Cookie Policy
Link text :Advanced Search
Link text :Orders and Returns
Link text :
Link text :Software Testing and Automation Specialization Learn Web and Mobile Testing with Selenium Enroll Now
Link text :Ads by EthicalAds
Link text :
Link text :
Search result label :Search results for: 'Jacket'
Link text :Skip to Content
Link text :Support This Project
Link text :Sign In
Link text :Create an Account
Link text :
Link text :My Cart
Link text :
Link text :
Link text :
Link text :What's New
Link text :Women
Link text :
Link text :
Link text :
Link text :
Link text :
Link text :
Link text :
Link text :
Link text :Men
Link text :
Link text :
Link text :
Link text :
Link text :
Link text :
Link text :
Link text :
Link text :Gear
Link text :
Link text :
Link text :
Link text :Training
Link text :
Link text :Sale
Link text :
Link text :
Link text :
Link text :
Link text :Home
Link text :
Link text :List
Link text :
Link text :
Link text :Set Ascending Direction
Link text :Jacket, T-shirt, pants
Link text :Jacket, t-shirt, jeans for men, jeans for women,pants
Link text :jacket de co
Link text :Jackets for w
Link text :Jacket, t-shirt, jeans for men, jeans pant shirt tie shocks belt hat umbrejeans pant shirt tie shocks belt jeans for women,pants
Link text :
Link text :Adrienne Trek Jacket
Link text :2 Reviews
Link text :
Link text :
Link text :
Link text :Inez Full Zip Jacket
Link text :3 Reviews
Link text :
Link text :
Link text :
Link text :Riona Full Zip Jacket
Link text :3 Reviews
Link text :
Link text :
Link text :
Link text :Josie Yoga Jacket
Link text :4 Reviews
Link text :
Link text :
Link text :
Link text :Typhon Performance Fleece-lined Jacket
Link text :
Link text :
Link text :
Link text :Lando Gym Jacket
Link text :3 Reviews
Link text :
Link text :
Link text :
Link text :Orion Two-Tone Fitted Jacket
Link text :2 Reviews
Link text :
Link text :
Link text :
Link text :Olivia 1/4 Zip Light Jacket
Link text :
Link text :
Link text :
Link text :Juno Jacket
Link text :3 Reviews
Link text :
Link text :
Link text :
Link text :Neve Studio Dance Jacket
Link text :3 Reviews
Link text :
Link text :
Link text :
Link text :Jade Yoga Jacket
Link text :3 Reviews
Link text :
Link text :
Link text :
Link text :Ingrid Running Jacket
Link text :2 Reviews
Link text :
Link text :
Link text :
Link text :Page
2
Link text :Page
Next
Link text :
Link text :
Link text :Notes 
Link text :Practice API Testing using Magento 2
Link text :Write for us
Link text :Subscribe
Link text :Search Terms
Link text :Privacy and Cookie Policy
Link text :Advanced Search
Link text :Orders and Returns
Link text :
Link text :Software Testing and Automation Specialization Learn Web and Mobile Testing with Selenium Enroll Now
Link text :Ads by EthicalAds
Link text :
Link text :
Search result label :Search results for: 'Jacket'
Link text :Skip to Content
Link text :Support This Project
Link text :Sign In
Link text :Create an Account
Link text :
Link text :My Cart
Link text :
Link text :
Link text :
Link text :What's New
Link text :Women
Link text :
Link text :
Link text :
Link text :
Link text :
Link text :
Link text :
Link text :
Link text :Men
Link text :
Link text :
Link text :
Link text :
Link text :
Link text :
Link text :
Link text :
Link text :Gear
Link text :
Link text :
Link text :
Link text :Training
Link text :
Link text :Sale
Link text :
Link text :
Link text :
Link text :
Link text :Home
Link text :
Link text :List
Link text :
Link text :
Link text :Set Ascending Direction
Link text :Jacket, T-shirt, pants
Link text :Jacket, t-shirt, jeans for men, jeans for women,pants
Link text :jacket de co
Link text :Jackets for w
Link text :Jacket, t-shirt, jeans for men, jeans pant shirt tie shocks belt hat umbrejeans pant shirt tie shocks belt jeans for women,pants
Link text :
Link text :Adrienne Trek Jacket
Link text :2 Reviews
Link text :
Link text :
Link text :
Link text :Inez Full Zip Jacket
Link text :3 Reviews
Link text :
Link text :
Link text :
Link text :Riona Full Zip Jacket
Link text :3 Reviews
Link text :
Link text :
Link text :
Link text :Josie Yoga Jacket
Link text :4 Reviews
Link text :
Link text :
Link text :
Link text :Typhon Performance Fleece-lined Jacket
Link text :
Link text :
Link text :
Link text :Lando Gym Jacket
Link text :3 Reviews
Link text :
Link text :
Link text :
Link text :Orion Two-Tone Fitted Jacket
Link text :2 Reviews
Link text :
Link text :
Link text :
Link text :Olivia 1/4 Zip Light Jacket
Link text :
Link text :
Link text :
Link text :Juno Jacket
Link text :3 Reviews
Link text :
Link text :
Link text :
Link text :Neve Studio Dance Jacket
Link text :3 Reviews
Link text :
Link text :
Link text :
Link text :Jade Yoga Jacket
Link text :3 Reviews
Link text :
Link text :
Link text :
Link text :Ingrid Running Jacket
Link text :2 Reviews
Link text :
Link text :
Link text :
Link text :Page
2
Link text :Page
Next
Link text :
Link text :
Link text :Notes 
Link text :Practice API Testing using Magento 2
Link text :Write for us
Link text :Subscribe
Link text :Search Terms
Link text :Privacy and Cookie Policy
Link text :Advanced Search
Link text :Orders and Returns
Link text :
Link text :Software Testing and Automation Specialization Learn Web and Mobile Testing with Selenium Enroll Now
Link text :Ads by EthicalAds
Link text :
Link text :
Search result label :Search results for: 'Jacket'
Link text :Skip to Content
Link text :Support This Project
Link text :Sign In
Link text :Create an Account
Link text :
Link text :My Cart
Link text :
Link text :
Link text :
Link text :What's New
Link text :Women
Link text :
Link text :
Link text :
Link text :
Link text :
Link text :
Link text :
Link text :
Link text :Men
Link text :
Link text :
Link text :
Link text :
Link text :
Link text :
Link text :
Link text :
Link text :Gear
Link text :
Link text :
Link text :
Link text :Training
Link text :
Link text :Sale
Link text :
Link text :
Link text :
Link text :
Link text :Home
Link text :
Link text :List
Link text :
Link text :
Link text :Set Ascending Direction
Link text :Jacket, T-shirt, pants
Link text :Jacket, t-shirt, jeans for men, jeans for women,pants
Link text :jacket de co
Link text :Jackets for w
Link text :Jacket, t-shirt, jeans for men, jeans pant shirt tie shocks belt hat umbrejeans pant shirt tie shocks belt jeans for women,pants
Link text :
Link text :Adrienne Trek Jacket
Link text :2 Reviews
Link text :
Link text :
Link text :
Link text :Inez Full Zip Jacket
Link text :3 Reviews
Link text :
Link text :
Link text :
Link text :Riona Full Zip Jacket
Link text :3 Reviews
Link text :
Link text :
Link text :
Link text :Josie Yoga Jacket
Link text :4 Reviews
Link text :
Link text :
Link text :
Link text :Typhon Performance Fleece-lined Jacket
Link text :
Link text :
Link text :
Link text :Lando Gym Jacket
Link text :3 Reviews
Link text :
Link text :
Link text :
Link text :Orion Two-Tone Fitted Jacket
Link text :2 Reviews
Link text :
Link text :
Link text :
Link text :Olivia 1/4 Zip Light Jacket
Link text :
Link text :
Link text :
Link text :Juno Jacket
Link text :3 Reviews
Link text :
Link text :
Link text :
Link text :Neve Studio Dance Jacket
Link text :3 Reviews
Link text :
Link text :
Link text :
Link text :Jade Yoga Jacket
Link text :3 Reviews
Link text :
Link text :
Link text :
Link text :Ingrid Running Jacket
Link text :2 Reviews
Link text :
Link text :
Link text :
Link text :Page
2
Link text :Page
Next
Link text :
Link text :
Link text :Notes 
Link text :Practice API Testing using Magento 2
Link text :Write for us
Link text :Subscribe
Link text :Search Terms
Link text :Privacy and Cookie Policy
Link text :Advanced Search
Link text :Orders and Returns
Link text :
Link text :Software Testing and Automation Specialization Learn Web and Mobile Testing with Selenium Enroll Now
Link text :Ads by EthicalAds
Link text :
Link text :
Search result label :Search results for: 'Jacket'
Link text :Skip to Content
Link text :Support This Project
Link text :Sign In
Link text :Create an Account
Link text :
Link text :My Cart
Link text :
Link text :
Link text :
Link text :What's New
Link text :Women
Link text :
Link text :
Link text :
Link text :
Link text :
Link text :
Link text :
Link text :
Link text :Men
Link text :
Link text :
Link text :
Link text :
Link text :
Link text :
Link text :
Link text :
Link text :Gear
Link text :
Link text :
Link text :
Link text :Training
Link text :
Link text :Sale
Link text :
Link text :
Link text :
Link text :
Link text :Home
Link text :
Link text :List
Link text :
Link text :
Link text :Set Ascending Direction
Link text :Jacket, T-shirt, pants
Link text :Jacket, t-shirt, jeans for men, jeans for women,pants
Link text :jacket de co
Link text :Jackets for w
Link text :Jacket, t-shirt, jeans for men, jeans pant shirt tie shocks belt hat umbrejeans pant shirt tie shocks belt jeans for women,pants
Link text :
Link text :Adrienne Trek Jacket
Link text :2 Reviews
Link text :
Link text :
Link text :
Link text :Inez Full Zip Jacket
Link text :3 Reviews
Link text :
Link text :
Link text :
Link text :Riona Full Zip Jacket
Link text :3 Reviews
Link text :
Link text :
Link text :
Link text :Josie Yoga Jacket
Link text :4 Reviews
Link text :
Link text :
Link text :
Link text :Typhon Performance Fleece-lined Jacket
Link text :
Link text :
Link text :
Link text :Lando Gym Jacket
Link text :3 Reviews
Link text :
Link text :
Link text :
Link text :Orion Two-Tone Fitted Jacket
Link text :2 Reviews
Link text :
Link text :
Link text :
Link text :Olivia 1/4 Zip Light Jacket
Link text :
Link text :
Link text :
Link text :Juno Jacket
Link text :3 Reviews
Link text :
Link text :
Link text :
Link text :Neve Studio Dance Jacket
Link text :3 Reviews
Link text :
Link text :
Link text :
Link text :Jade Yoga Jacket
Link text :3 Reviews
Link text :
Link text :
Link text :
Link text :Ingrid Running Jacket
Link text :2 Reviews
Link text :
Link text :
Link text :
Link text :Page
2
Link text :Page
Next
Link text :
Link text :
Link text :Notes 
Link text :Practice API Testing using Magento 2
Link text :Write for us
Link text :Subscribe
Link text :Search Terms
Link text :Privacy and Cookie Policy
Link text :Advanced Search
Link text :Orders and Returns
Link text :
Link text :Software Testing and Automation Specialization Learn Web and Mobile Testing with Selenium Enroll Now
Link text :Ads by EthicalAds
Link text :
Link text :
Search result label :Search results for: 'Jacket'
Link text :Skip to Content
Link text :Support This Project
Link text :Sign In
Link text :Create an Account
Link text :
Link text :My Cart
Link text :
Link text :
Link text :
Link text :What's New
Link text :Women
Link text :
Link text :
Link text :
Link text :
Link text :
Link text :
Link text :
Link text :
Link text :Men
Link text :
Link text :
Link text :
Link text :
Link text :
Link text :
Link text :
Link text :
Link text :Gear
Link text :
Link text :
Link text :
Link text :Training
Link text :
Link text :Sale
Link text :
Link text :
Link text :
Link text :
Link text :Home
Link text :
Link text :List
Link text :
Link text :
Link text :Set Ascending Direction
Link text :Jacket, T-shirt, pants
Link text :Jacket, t-shirt, jeans for men, jeans for women,pants
Link text :jacket de co
Link text :Jackets for w
Link text :Jacket, t-shirt, jeans for men, jeans pant shirt tie shocks belt hat umbrejeans pant shirt tie shocks belt jeans for women,pants
Link text :
Link text :Adrienne Trek Jacket
Link text :2 Reviews
Link text :
Link text :
Link text :
Link text :Inez Full Zip Jacket
Link text :3 Reviews
Link text :
Link text :
Link text :
Link text :Riona Full Zip Jacket
Link text :3 Reviews
Link text :
Link text :
Link text :
Link text :Josie Yoga Jacket
Link text :4 Reviews
Link text :
Link text :
Link text :
Link text :Typhon Performance Fleece-lined Jacket
Link text :
Link text :
Link text :
Link text :Lando Gym Jacket
Link text :3 Reviews
Link text :
Link text :
Link text :
Link text :Orion Two-Tone Fitted Jacket
Link text :2 Reviews
Link text :
Link text :
Link text :
Link text :Olivia 1/4 Zip Light Jacket
Link text :
Link text :
Link text :
Link text :Juno Jacket
Link text :3 Reviews
Link text :
Link text :
Link text :
Link text :Neve Studio Dance Jacket
Link text :3 Reviews
Link text :
Link text :
Link text :
Link text :Jade Yoga Jacket
Link text :3 Reviews
Link text :
Link text :
Link text :
Link text :Ingrid Running Jacket
Link text :2 Reviews
Link text :
Link text :
Link text :
Link text :Page
2
Link text :Page
Next
Link text :
Link text :
Link text :Notes 
Link text :Practice API Testing using Magento 2
Link text :Write for us
Link text :Subscribe
Link text :Search Terms
Link text :Privacy and Cookie Policy
Link text :Advanced Search
Link text :Orders and Returns
Link text :
Link text :Software Testing and Automation Specialization Learn Web and Mobile Testing with Selenium Enroll Now
Link text :Ads by EthicalAds
Link text :
Link text :
Search result label :Search results for: 'Jacket'
Link text :Skip to Content
Link text :Support This Project
Link text :Sign In
Link text :Create an Account
Link text :
Link text :My Cart
Link text :
Link text :
Link text :
Link text :What's New
Link text :Women
Link text :
Link text :
Link text :
Link text :
Link text :
Link text :
Link text :
Link text :
Link text :Men
Link text :
Link text :
Link text :
Link text :
Link text :
Link text :
Link text :
Link text :
Link text :Gear
Link text :
Link text :
Link text :
Link text :Training
Link text :
Link text :Sale
Link text :
Link text :
Link text :
Link text :
Link text :Home
Link text :
Link text :List
Link text :
Link text :
Link text :Set Ascending Direction
Link text :Jacket, T-shirt, pants
Link text :Jacket, t-shirt, jeans for men, jeans for women,pants
Link text :jacket de co
Link text :Jackets for w
Link text :Jacket, t-shirt, jeans for men, jeans pant shirt tie shocks belt hat umbrejeans pant shirt tie shocks belt jeans for women,pants
Link text :
Link text :Adrienne Trek Jacket
Link text :2 Reviews
Link text :
Link text :
Link text :
Link text :Inez Full Zip Jacket
Link text :3 Reviews
Link text :
Link text :
Link text :
Link text :Riona Full Zip Jacket
Link text :3 Reviews
Link text :
Link text :
Link text :
Link text :Josie Yoga Jacket
Link text :4 Reviews
Link text :
Link text :
Link text :
Link text :Typhon Performance Fleece-lined Jacket
Link text :
Link text :
Link text :
Link text :Lando Gym Jacket
Link text :3 Reviews
Link text :
Link text :
Link text :
Link text :Orion Two-Tone Fitted Jacket
Link text :2 Reviews
Link text :
Link text :
Link text :
Link text :Olivia 1/4 Zip Light Jacket
Link text :
Link text :
Link text :
Link text :Juno Jacket
Link text :3 Reviews
Link text :
Link text :
Link text :
Link text :Neve Studio Dance Jacket
Link text :3 Reviews
Link text :
Link text :
Link text :
Link text :Jade Yoga Jacket
Link text :3 Reviews
Link text :
Link text :
Link text :
Link text :Ingrid Running Jacket
Link text :2 Reviews
Link text :
Link text :
Link text :
Link text :Page
2
Link text :Page
Next
Link text :
Link text :
Link text :Notes 
Link text :Practice API Testing using Magento 2
Link text :Write for us
Link text :Subscribe
Link text :Search Terms
Link text :Privacy and Cookie Policy
Link text :Advanced Search
Link text :Orders and Returns
Link text :
Link text :Software Testing and Automation Specialization Learn Web and Mobile Testing with Selenium Enroll Now
Link text :Ads by EthicalAds
Link text :
Link text :
Search result label :Search results for: 'Jacket'
Link text :Skip to Content
Link text :Support This Project
Link text :Sign In
Link text :Create an Account
Link text :
Link text :My Cart
Link text :
Link text :
Link text :
Link text :What's New
Link text :Women
Link text :
Link text :
Link text :
Link text :
Link text :
Link text :
Link text :
Link text :
Link text :Men
Link text :
Link text :
Link text :
Link text :
Link text :
Link text :
Link text :
Link text :
Link text :Gear
Link text :
Link text :
Link text :
Link text :Training
Link text :
Link text :Sale
Link text :
Link text :
Link text :
Link text :
Link text :Home
Link text :
Link text :List
Link text :
Link text :
Link text :Set Ascending Direction
Link text :Jacket, T-shirt, pants
Link text :Jacket, t-shirt, jeans for men, jeans for women,pants
Link text :jacket de co
Link text :Jackets for w
Link text :Jacket, t-shirt, jeans for men, jeans pant shirt tie shocks belt hat umbrejeans pant shirt tie shocks belt jeans for women,pants
Link text :
Link text :Adrienne Trek Jacket
Link text :2 Reviews
Link text :
Link text :
Link text :
Link text :Inez Full Zip Jacket
Link text :3 Reviews
Link text :
Link text :
Link text :
Link text :Riona Full Zip Jacket
Link text :3 Reviews
Link text :
Link text :
Link text :
Link text :Josie Yoga Jacket
Link text :4 Reviews
Link text :
Link text :
Link text :
Link text :Typhon Performance Fleece-lined Jacket
Link text :
Link text :
Link text :
Link text :Lando Gym Jacket
Link text :3 Reviews
Link text :
Link text :
Link text :
Link text :Orion Two-Tone Fitted Jacket
Link text :2 Reviews
Link text :
Link text :
Link text :
Link text :Olivia 1/4 Zip Light Jacket
Link text :
Link text :
Link text :
Link text :Juno Jacket
Link text :3 Reviews
Link text :
Link text :
Link text :
Link text :Neve Studio Dance Jacket
Link text :3 Reviews
Link text :
Link text :
Link text :
Link text :Jade Yoga Jacket
Link text :3 Reviews
Link text :
Link text :
Link text :
Link text :Ingrid Running Jacket
Link text :2 Reviews
Link text :
Link text :
Link text :
Link text :Page
2
Link text :Page
Next
Link text :
Link text :
Link text :Notes 
Link text :Practice API Testing using Magento 2
Link text :Write for us
Link text :Subscribe
Link text :Search Terms
Link text :Privacy and Cookie Policy
Link text :Advanced Search
Link text :Orders and Returns
Link text :
Link text :Software Testing and Automation Specialization Learn Web and Mobile Testing with Selenium Enroll Now
Link text :Ads by EthicalAds
Link text :
Link text :
]]></system-out>
    <system-err><![CDATA[Jun 16, 2024 2:16:15 PM org.openqa.selenium.devtools.CdpVersionFinder findNearestMatch
WARNING: Unable to find an exact match for CDP version 125, returning the closest version; found: 124; Please update to a Selenium version that supports CDP version 125
]]></system-err>
  </testcase>
  <testcase name="TS005_TC004" classname="com.qa.testcases.ts005.TS005_TC004" time="120.222"/>
  <testcase name="TS005_TC005" classname="com.qa.testcases.ts005.TS005_TC005" time="79.543"/>
  <testcase name="TS005_TC005" classname="com.qa.testcases.ts005.TS005_TC005" time="73.774"/>
</testsuite>