<!DOCTYPE html PUBLIC "-//W3C//DTD XHTML 1.1//EN" "https://www.w3.org/TR/xhtml11/DTD/xhtml11.dtd">
<html xmlns="https://www.w3.org/1999/xhtml">
<head>
<meta http-equiv="content-type" content="text/html; charset=UTF-8"/>
<title>TestNG Report</title>
<style type="text/css">table {margin-bottom:10px;border-collapse:collapse;empty-cells:show}th,td {border:1px solid #009;padding:.25em .5em}th {vertical-align:bottom}td {vertical-align:top}table a {font-weight:bold}.stripe td {background-color: #E6EBF9}.num {text-align:right}.passedodd td {background-color: #3F3}.passedeven td {background-color: #0A0}.skippedodd td {background-color: #DDD}.skippedeven td {background-color: #CCC}.failedodd td,.attn {background-color: #F33}.failedeven td,.stripe .attn {background-color: #D00}.stacktrace {white-space:pre;font-family:monospace}.totop {font-size:85%;text-align:center;border-bottom:2px solid #000}.invisible {display:none}</style>
</head>
<body>
<table>
<tr><th>Test</th><th># Passed</th><th># Skipped</th><th># Retried</th><th># Failed</th><th>Time (ms)</th><th>Included Groups</th><th>Excluded Groups</th></tr>
<tr><th colspan="8">Suite</th></tr>
<tr><td><a href="#t0">Test1</a></td><td class="num">10</td><td class="num">0</td><td class="num">0</td><td class="num attn">11</td><td class="num">420,544</td><td></td><td></td></tr>
<tr class="stripe"><td><a href="#t1">Test2</a></td><td class="num">5</td><td class="num">0</td><td class="num">0</td><td class="num attn">5</td><td class="num">249,552</td><td></td><td></td></tr>
<tr><td><a href="#t2">Test3</a></td><td class="num">8</td><td class="num">0</td><td class="num">0</td><td class="num attn">1</td><td class="num">233,706</td><td></td><td></td></tr>
<tr class="stripe"><td><a href="#t3">Test4</a></td><td class="num">8</td><td class="num">0</td><td class="num">0</td><td class="num attn">2</td><td class="num">932,949</td><td></td><td></td></tr>
<tr><td><a href="#t4">Test5</a></td><td class="num">6</td><td class="num">0</td><td class="num">0</td><td class="num attn">3</td><td class="num">748,913</td><td></td><td></td></tr>
<tr><th>Total</th><th class="num">37</th><th class="num">0</th><th class="num">0</th><th class="num attn">22</th><th class="num">2,585,664</th><th colspan="2"></th></tr>
</table>
<table id='summary'><thead><tr><th>Class</th><th>Method</th><th>Start</th><th>Time (ms)</th></tr></thead><tbody><tr><th colspan="4">Suite</th></tr></tbody><tbody id="t0"><tr><th colspan="4">Test1 &#8212; failed</th></tr><tr class="failedeven"><td rowspan="5">com.qa.testcases.ts001.TS001_TC001</td><td><a href="#m0">TS001_TC001</a></td><td rowspan="5">1718514960373</td><td rowspan="5">7261</td></tr><tr class="failedeven"><td><a href="#m1">TS001_TC001</a></td></tr><tr class="failedeven"><td><a href="#m2">TS001_TC001</a></td></tr><tr class="failedeven"><td><a href="#m3">TS001_TC001</a></td></tr><tr class="failedeven"><td><a href="#m4">TS001_TC001</a></td></tr><tr class="failedodd"><td rowspan="1">com.qa.testcases.ts001.TS001_TC002</td><td><a href="#m5">TS001_TC002</a></td><td rowspan="1">1718514999316</td><td rowspan="1">1715</td></tr><tr class="failedeven"><td rowspan="5">com.qa.testcases.ts001.TS001_TC004</td><td><a href="#m6">TS001_TC004</a></td><td rowspan="5">1718515159146</td><td rowspan="5">27443</td></tr><tr class="failedeven"><td><a href="#m7">TS001_TC004</a></td></tr><tr class="failedeven"><td><a href="#m8">TS001_TC004</a></td></tr><tr class="failedeven"><td><a href="#m9">TS001_TC004</a></td></tr><tr class="failedeven"><td><a href="#m10">TS001_TC004</a></td></tr><tr><th colspan="4">Test1 &#8212; passed</th></tr><tr class="passedeven"><td rowspan="1">com.qa.testcases.ts001.TS001_TC001</td><td><a href="#m11">TS001_TC001</a></td><td rowspan="1">1718514933434</td><td rowspan="1">7467</td></tr><tr class="passedodd"><td rowspan="3">com.qa.testcases.ts001.TS001_TC002</td><td><a href="#m12">TS001_TC002</a></td><td rowspan="3">1718514987219</td><td rowspan="3">6199</td></tr><tr class="passedodd"><td><a href="#m13">TS001_TC002</a></td></tr><tr class="passedodd"><td><a href="#m14">TS001_TC002</a></td></tr><tr class="passedeven"><td rowspan="1">com.qa.testcases.ts001.TS001_TC003</td><td><a href="#m15">TS001_TC003</a></td><td rowspan="1">1718515025801</td><td rowspan="1">13241</td></tr><tr class="passedodd"><td rowspan="1">com.qa.testcases.ts001.TS001_TC004</td><td><a href="#m16">TS001_TC004</a></td><td rowspan="1">1718515067164</td><td rowspan="1">32428</td></tr><tr class="passedeven"><td rowspan="4">com.qa.testcases.ts001.TS001_TC005</td><td><a href="#m17">TS001_TC005</a></td><td rowspan="4">1718515301270</td><td rowspan="4">9662</td></tr><tr class="passedeven"><td><a href="#m18">TS001_TC005</a></td></tr><tr class="passedeven"><td><a href="#m19">TS001_TC005</a></td></tr><tr class="passedeven"><td><a href="#m20">TS001_TC005</a></td></tr></tbody>
<tbody id="t1"><tr><th colspan="4">Test2 &#8212; failed</th></tr><tr class="failedeven"><td rowspan="3">com.qa.testcases.ts002.TS002_TC001</td><td><a href="#m21">TS002_TC001</a></td><td rowspan="3">1718515369943</td><td rowspan="3">4368</td></tr><tr class="failedeven"><td><a href="#m22">TS002_TC001</a></td></tr><tr class="failedeven"><td><a href="#m23">TS002_TC001</a></td></tr><tr class="failedodd"><td rowspan="2">com.qa.testcases.ts002.TS002_TC003</td><td><a href="#m24">TS002_TC003</a></td><td rowspan="2">1718515477873</td><td rowspan="2">19641</td></tr><tr class="failedodd"><td><a href="#m25">TS002_TC003</a></td></tr><tr><th colspan="4">Test2 &#8212; passed</th></tr><tr class="passedeven"><td rowspan="1">com.qa.testcases.ts002.TS002_TC001</td><td><a href="#m26">TS002_TC001</a></td><td rowspan="1">1718515350267</td><td rowspan="1">10584</td></tr><tr class="passedodd"><td rowspan="3">com.qa.testcases.ts002.TS002_TC002</td><td><a href="#m27">TS002_TC002</a></td><td rowspan="3">1718515423129</td><td rowspan="3">16004</td></tr><tr class="passedodd"><td><a href="#m28">TS002_TC002</a></td></tr><tr class="passedodd"><td><a href="#m29">TS002_TC002</a></td></tr><tr class="passedeven"><td rowspan="1">com.qa.testcases.ts002.TS002_TC003</td><td><a href="#m30">TS002_TC003</a></td><td rowspan="1">1718515520231</td><td rowspan="1">37257</td></tr></tbody>
<tbody id="t2"><tr><th colspan="4">Test3 &#8212; failed</th></tr><tr class="failedeven"><td rowspan="1">com.qa.testcases.ts003.TS003_TC002</td><td><a href="#m31">TS003_TC002</a></td><td rowspan="1">1718515653933</td><td rowspan="1">17542</td></tr><tr><th colspan="4">Test3 &#8212; passed</th></tr><tr class="passedeven"><td rowspan="1">com.qa.testcases.ts003.TS003_TC001</td><td><a href="#m32">TS003_TC001</a></td><td rowspan="1">1718515582187</td><td rowspan="1">23630</td></tr><tr class="passedodd"><td rowspan="1">com.qa.testcases.ts003.TS003_TC002</td><td><a href="#m33">TS003_TC002</a></td><td rowspan="1">1718515637681</td><td rowspan="1">16248</td></tr><tr class="passedeven"><td rowspan="4">com.qa.testcases.ts003.TS003_TC003</td><td><a href="#m34">TS003_TC003</a></td><td rowspan="4">1718515727451</td><td rowspan="4">10502</td></tr><tr class="passedeven"><td><a href="#m35">TS003_TC003</a></td></tr><tr class="passedeven"><td><a href="#m36">TS003_TC003</a></td></tr><tr class="passedeven"><td><a href="#m37">TS003_TC003</a></td></tr><tr class="passedodd"><td rowspan="2">com.qa.testcases.ts003.TS003_TC004</td><td><a href="#m38">TS003_TC004</a></td><td rowspan="2">1718515755302</td><td rowspan="2">24557</td></tr><tr class="passedodd"><td><a href="#m39">TS003_TC004</a></td></tr></tbody>
<tbody id="t3"><tr><th colspan="4">Test4 &#8212; failed</th></tr><tr class="failedeven"><td rowspan="2">com.qa.testcases.ts004.TS004_TC004</td><td><a href="#m40">TS004_TC004</a></td><td rowspan="2">1718516660076</td><td rowspan="2">22387</td></tr><tr class="failedeven"><td><a href="#m41">TS004_TC004</a></td></tr><tr><th colspan="4">Test4 &#8212; passed</th></tr><tr class="passedeven"><td rowspan="2">com.qa.testcases.ts004.TS004_TC001</td><td><a href="#m42">TS004_TC001</a></td><td rowspan="2">1718515923239</td><td rowspan="2">99512</td></tr><tr class="passedeven"><td><a href="#m43">TS004_TC001</a></td></tr><tr class="passedodd"><td rowspan="2">com.qa.testcases.ts004.TS004_TC002</td><td><a href="#m44">TS004_TC002</a></td><td rowspan="2">1718516225516</td><td rowspan="2">179382</td></tr><tr class="passedodd"><td><a href="#m45">TS004_TC002</a></td></tr><tr class="passedeven"><td rowspan="2">com.qa.testcases.ts004.TS004_TC003</td><td><a href="#m46">TS004_TC003</a></td><td rowspan="2">1718516491566</td><td rowspan="2">50178</td></tr><tr class="passedeven"><td><a href="#m47">TS004_TC003</a></td></tr><tr class="passedodd"><td rowspan="2">com.qa.testcases.ts004.TS004_TC005</td><td><a href="#m48">TS004_TC005</a></td><td rowspan="2">1718516717647</td><td rowspan="2">11462</td></tr><tr class="passedodd"><td><a href="#m49">TS004_TC005</a></td></tr></tbody>
<tbody id="t4"><tr><th colspan="4">Test5 &#8212; failed</th></tr><tr class="failedeven"><td rowspan="1">com.qa.testcases.ts005.TS005_TC003</td><td><a href="#m50">TS005_TC003</a></td><td rowspan="1">1718517194741</td><td rowspan="1">46331</td></tr><tr class="failedodd"><td rowspan="2">com.qa.testcases.ts005.TS005_TC004</td><td><a href="#m51">TS005_TC004</a></td><td rowspan="2">1718517330612</td><td rowspan="2">43365</td></tr><tr class="failedodd"><td><a href="#m52">TS005_TC004</a></td></tr><tr><th colspan="4">Test5 &#8212; passed</th></tr><tr class="passedeven"><td rowspan="1">com.qa.testcases.ts005.TS005_TC001</td><td><a href="#m53">TS005_TC001</a></td><td rowspan="1">1718516752664</td><td rowspan="1">34748</td></tr><tr class="passedodd"><td rowspan="2">com.qa.testcases.ts005.TS005_TC002</td><td><a href="#m54">TS005_TC002</a></td><td rowspan="2">1718516962737</td><td rowspan="2">157188</td></tr><tr class="passedodd"><td><a href="#m55">TS005_TC002</a></td></tr><tr class="passedeven"><td rowspan="1">com.qa.testcases.ts005.TS005_TC003</td><td><a href="#m56">TS005_TC003</a></td><td rowspan="1">1718517140592</td><td rowspan="1">54146</td></tr><tr class="passedodd"><td rowspan="2">com.qa.testcases.ts005.TS005_TC005</td><td><a href="#m57">TS005_TC005</a></td><td rowspan="2">1718517437812</td><td rowspan="2">40961</td></tr><tr class="passedodd"><td><a href="#m58">TS005_TC005</a></td></tr></tbody>
</table>
<h2>Test1</h2><h3 id="m0">com.qa.testcases.ts001.TS001_TC001#TS001_TC001</h3><table class="result"><tr class="param"><th>Parameter #1</th><th>Parameter #2</th></tr><tr class="param stripe"><td></td><td></td></tr><tr><th colspan="2">Exception</th></tr><tr><td colspan="2"><div class="stacktrace">java.lang.AssertionError: The following asserts failed:
	expected [true] but found [false],
	expected [true] but found [false]
	at com.qa.testcases.ts001.TS001_TC001.TS001_TC001(TS001_TC001.java:116)
	at java.base/java.util.ArrayList.forEach(ArrayList.java:1596)
... Removed 27 stack frames</div></td></tr></table><p class="totop"><a href="#summary">back to summary</a></p>
<h3 id="m1">com.qa.testcases.ts001.TS001_TC001#TS001_TC001</h3><table class="result"><tr class="param"><th>Parameter #1</th><th>Parameter #2</th></tr><tr class="param stripe"><td>Email2</td><td>Password</td></tr><tr><th colspan="2">Exception</th></tr><tr><td colspan="2"><div class="stacktrace">java.lang.AssertionError: The following asserts failed:
	expected [true] but found [false]
	at com.qa.testcases.ts001.TS001_TC001.TS001_TC001(TS001_TC001.java:116)
	at java.base/java.util.ArrayList.forEach(ArrayList.java:1596)
... Removed 27 stack frames</div></td></tr></table><p class="totop"><a href="#summary">back to summary</a></p>
<h3 id="m2">com.qa.testcases.ts001.TS001_TC001#TS001_TC001</h3><table class="result"><tr class="param"><th>Parameter #1</th><th>Parameter #2</th></tr><tr class="param stripe"><td>Email</td><td>Password2</td></tr><tr><th colspan="2">Exception</th></tr><tr><td colspan="2"><div class="stacktrace">java.lang.AssertionError: The following asserts failed:
	expected [true] but found [false]
	at com.qa.testcases.ts001.TS001_TC001.TS001_TC001(TS001_TC001.java:116)
	at java.base/java.util.ArrayList.forEach(ArrayList.java:1596)
... Removed 27 stack frames</div></td></tr></table><p class="totop"><a href="#summary">back to summary</a></p>
<h3 id="m3">com.qa.testcases.ts001.TS001_TC001#TS001_TC001</h3><table class="result"><tr class="param"><th>Parameter #1</th><th>Parameter #2</th></tr><tr class="param stripe"><td>Email3</td><td>Password3</td></tr><tr><th colspan="2">Exception</th></tr><tr><td colspan="2"><div class="stacktrace">java.lang.AssertionError: The following asserts failed:
	expected [true] but found [false],
	expected [true] but found [false]
	at com.qa.testcases.ts001.TS001_TC001.TS001_TC001(TS001_TC001.java:116)
	at java.base/java.util.ArrayList.forEach(ArrayList.java:1596)
... Removed 27 stack frames</div></td></tr></table><p class="totop"><a href="#summary">back to summary</a></p>
<h3 id="m4">com.qa.testcases.ts001.TS001_TC001#TS001_TC001</h3><table class="result"><tr class="param"><th>Parameter #1</th><th>Parameter #2</th></tr><tr class="param stripe"><td></td><td></td></tr><tr><th colspan="2">Exception</th></tr><tr><td colspan="2"><div class="stacktrace">java.lang.AssertionError: The following asserts failed:
	expected [true] but found [false],
	expected [true] but found [false]
	at com.qa.testcases.ts001.TS001_TC001.TS001_TC001(TS001_TC001.java:116)
	at java.base/java.util.ArrayList.forEach(ArrayList.java:1596)
... Removed 27 stack frames</div></td></tr></table><p class="totop"><a href="#summary">back to summary</a></p>
<h3 id="m5">com.qa.testcases.ts001.TS001_TC002#TS001_TC002</h3><table class="result"><tr class="param"><th>Parameter #1</th><th>Parameter #2</th></tr><tr class="param stripe"><td>@233434#</td><td>Minimum length of this field must be equal or greater than 8 symbols. Leading and trailing spaces will be ignored.</td></tr><tr><th colspan="2">Exception</th></tr><tr><td colspan="2"><div class="stacktrace">java.lang.AssertionError: The following asserts failed:
	expected [true] but found [false]
	at com.qa.testcases.ts001.TS001_TC002.TS001_TC002(TS001_TC002.java:75)
	at java.base/java.util.ArrayList.forEach(ArrayList.java:1596)
... Removed 27 stack frames</div></td></tr></table><p class="totop"><a href="#summary">back to summary</a></p>
<h3 id="m6">com.qa.testcases.ts001.TS001_TC004#TS001_TC004</h3><table class="result"><tr class="param"><th>Parameter #1</th><th>Parameter #2</th><th>Parameter #3</th><th>Parameter #4</th><th>Parameter #5</th><th>Parameter #6</th><th>Parameter #7</th><th>Parameter #8</th><th>Parameter #9</th><th>Parameter #10</th></tr><tr class="param stripe"><td>Demo </td><td>Demo </td><td>Demo </td><td> </td><td> </td><td>This is a required field.</td><td>This is a required field.</td><td>This is a required field.</td><td>This is a required field.</td><td>This is a required field.</td></tr><tr><th colspan="10">Exception</th></tr><tr><td colspan="10"><div class="stacktrace">org.openqa.selenium.NoSuchElementException: no such element: Unable to locate element: {&quot;method&quot;:&quot;xpath&quot;,&quot;selector&quot;:&quot;//*[@id=&quot;firstname-error&quot;]&quot;}
  (Session info: chrome=125.0.6422.142)
For documentation on this error, please visit: https://www.selenium.dev/documentation/webdriver/troubleshooting/errors#no-such-element-exception
Build info: version: &apos;4.20.0&apos;, revision: &apos;866c76ca80&apos;
System info: os.name: &apos;Windows 10&apos;, os.arch: &apos;amd64&apos;, os.version: &apos;10.0&apos;, java.version: &apos;21.0.1&apos;
Driver info: org.openqa.selenium.chrome.ChromeDriver
Command: [56deb7f858866b399c5d0dd4468982c2, findElement {using=xpath, value=//*[@id=&quot;firstname-error&quot;]}]
Capabilities {acceptInsecureCerts: false, browserName: chrome, browserVersion: 125.0.6422.142, chrome: {chromedriverVersion: 125.0.6422.141 (4b1e8393712..., userDataDir: C:\Users\razda\AppData\Loca...}, fedcm:accounts: true, goog:chromeOptions: {debuggerAddress: localhost:65203}, networkConnectionEnabled: false, pageLoadStrategy: normal, platformName: windows, proxy: Proxy(), se:cdp: ws://localhost:65203/devtoo..., se:cdpVersion: 125.0.6422.142, setWindowRect: true, strictFileInteractability: false, timeouts: {implicit: 0, pageLoad: 300000, script: 30000}, unhandledPromptBehavior: dismiss and notify, webauthn:extension:credBlob: true, webauthn:extension:largeBlob: true, webauthn:extension:minPinLength: true, webauthn:extension:prf: true, webauthn:virtualAuthenticators: true}
Session ID: 56deb7f858866b399c5d0dd4468982c2
	at org.openqa.selenium.remote.ErrorCodec.decode(ErrorCodec.java:167)
	at org.openqa.selenium.remote.codec.w3c.W3CHttpResponseCodec.decode(W3CHttpResponseCodec.java:138)
	at org.openqa.selenium.remote.codec.w3c.W3CHttpResponseCodec.decode(W3CHttpResponseCodec.java:50)
	at org.openqa.selenium.remote.HttpCommandExecutor.execute(HttpCommandExecutor.java:190)
	at org.openqa.selenium.remote.service.DriverCommandExecutor.invokeExecute(DriverCommandExecutor.java:216)
	at org.openqa.selenium.remote.service.DriverCommandExecutor.execute(DriverCommandExecutor.java:174)
	at org.openqa.selenium.remote.RemoteWebDriver.execute(RemoteWebDriver.java:518)
	at org.openqa.selenium.remote.ElementLocation$ElementFinder$2.findElement(ElementLocation.java:165)
	at org.openqa.selenium.remote.ElementLocation.findElement(ElementLocation.java:59)
	at org.openqa.selenium.remote.RemoteWebDriver.findElement(RemoteWebDriver.java:355)
	at org.openqa.selenium.remote.RemoteWebDriver.findElement(RemoteWebDriver.java:349)
	at org.openqa.selenium.support.pagefactory.DefaultElementLocator.findElement(DefaultElementLocator.java:68)
	at org.openqa.selenium.support.pagefactory.internal.LocatingElementHandler.invoke(LocatingElementHandler.java:38)
	at jdk.proxy2/jdk.proxy2.$Proxy20.getText(Unknown Source)
	at com.qa.pages.CreateAnAccountPage.GetMandatoryErrorFirstName(CreateAnAccountPage.java:197)
	at com.qa.testcases.ts001.TS001_TC004.TS001_TC004(TS001_TC004.java:118)
	at java.base/java.util.ArrayList.forEach(ArrayList.java:1596)
... Removed 28 stack frames</div></td></tr></table><p class="totop"><a href="#summary">back to summary</a></p>
<h3 id="m7">com.qa.testcases.ts001.TS001_TC004#TS001_TC004</h3><table class="result"><tr class="param"><th>Parameter #1</th><th>Parameter #2</th><th>Parameter #3</th><th>Parameter #4</th><th>Parameter #5</th><th>Parameter #6</th><th>Parameter #7</th><th>Parameter #8</th><th>Parameter #9</th><th>Parameter #10</th></tr><tr class="param stripe"><td>Demo </td><td>Demo </td><td> </td><td> </td><td> </td><td>This is a required field.</td><td>This is a required field.</td><td>This is a required field.</td><td>This is a required field.</td><td>This is a required field.</td></tr><tr><th colspan="10">Exception</th></tr><tr><td colspan="10"><div class="stacktrace">java.lang.AssertionError: The following asserts failed:
	expected [true] but found [false],
	expected [true] but found [false]
	at com.qa.testcases.ts001.TS001_TC004.TS001_TC004(TS001_TC004.java:154)
	at java.base/java.util.ArrayList.forEach(ArrayList.java:1596)
... Removed 27 stack frames</div></td></tr></table><p class="totop"><a href="#summary">back to summary</a></p>
<h3 id="m8">com.qa.testcases.ts001.TS001_TC004#TS001_TC004</h3><table class="result"><tr class="param"><th>Parameter #1</th><th>Parameter #2</th><th>Parameter #3</th><th>Parameter #4</th><th>Parameter #5</th><th>Parameter #6</th><th>Parameter #7</th><th>Parameter #8</th><th>Parameter #9</th><th>Parameter #10</th></tr><tr class="param stripe"><td>Demo </td><td>Demo </td><td>Demo </td><td>Demo </td><td> </td><td>This is a required field.</td><td>This is a required field.</td><td>This is a required field.</td><td>This is a required field.</td><td>This is a required field.</td></tr><tr><th colspan="10">Exception</th></tr><tr><td colspan="10"><div class="stacktrace">org.openqa.selenium.NoSuchElementException: no such element: Unable to locate element: {&quot;method&quot;:&quot;xpath&quot;,&quot;selector&quot;:&quot;//*[@id=&quot;firstname-error&quot;]&quot;}
  (Session info: chrome=125.0.6422.142)
For documentation on this error, please visit: https://www.selenium.dev/documentation/webdriver/troubleshooting/errors#no-such-element-exception
Build info: version: &apos;4.20.0&apos;, revision: &apos;866c76ca80&apos;
System info: os.name: &apos;Windows 10&apos;, os.arch: &apos;amd64&apos;, os.version: &apos;10.0&apos;, java.version: &apos;21.0.1&apos;
Driver info: org.openqa.selenium.chrome.ChromeDriver
Command: [56deb7f858866b399c5d0dd4468982c2, findElement {using=xpath, value=//*[@id=&quot;firstname-error&quot;]}]
Capabilities {acceptInsecureCerts: false, browserName: chrome, browserVersion: 125.0.6422.142, chrome: {chromedriverVersion: 125.0.6422.141 (4b1e8393712..., userDataDir: C:\Users\razda\AppData\Loca...}, fedcm:accounts: true, goog:chromeOptions: {debuggerAddress: localhost:65203}, networkConnectionEnabled: false, pageLoadStrategy: normal, platformName: windows, proxy: Proxy(), se:cdp: ws://localhost:65203/devtoo..., se:cdpVersion: 125.0.6422.142, setWindowRect: true, strictFileInteractability: false, timeouts: {implicit: 0, pageLoad: 300000, script: 30000}, unhandledPromptBehavior: dismiss and notify, webauthn:extension:credBlob: true, webauthn:extension:largeBlob: true, webauthn:extension:minPinLength: true, webauthn:extension:prf: true, webauthn:virtualAuthenticators: true}
Session ID: 56deb7f858866b399c5d0dd4468982c2
	at org.openqa.selenium.remote.ErrorCodec.decode(ErrorCodec.java:167)
	at org.openqa.selenium.remote.codec.w3c.W3CHttpResponseCodec.decode(W3CHttpResponseCodec.java:138)
	at org.openqa.selenium.remote.codec.w3c.W3CHttpResponseCodec.decode(W3CHttpResponseCodec.java:50)
	at org.openqa.selenium.remote.HttpCommandExecutor.execute(HttpCommandExecutor.java:190)
	at org.openqa.selenium.remote.service.DriverCommandExecutor.invokeExecute(DriverCommandExecutor.java:216)
	at org.openqa.selenium.remote.service.DriverCommandExecutor.execute(DriverCommandExecutor.java:174)
	at org.openqa.selenium.remote.RemoteWebDriver.execute(RemoteWebDriver.java:518)
	at org.openqa.selenium.remote.ElementLocation$ElementFinder$2.findElement(ElementLocation.java:165)
	at org.openqa.selenium.remote.ElementLocation.findElement(ElementLocation.java:59)
	at org.openqa.selenium.remote.RemoteWebDriver.findElement(RemoteWebDriver.java:355)
	at org.openqa.selenium.remote.RemoteWebDriver.findElement(RemoteWebDriver.java:349)
	at org.openqa.selenium.support.pagefactory.DefaultElementLocator.findElement(DefaultElementLocator.java:68)
	at org.openqa.selenium.support.pagefactory.internal.LocatingElementHandler.invoke(LocatingElementHandler.java:38)
	at jdk.proxy2/jdk.proxy2.$Proxy20.getText(Unknown Source)
	at com.qa.pages.CreateAnAccountPage.GetMandatoryErrorFirstName(CreateAnAccountPage.java:197)
	at com.qa.testcases.ts001.TS001_TC004.TS001_TC004(TS001_TC004.java:118)
	at java.base/java.util.ArrayList.forEach(ArrayList.java:1596)
... Removed 28 stack frames</div></td></tr></table><p class="totop"><a href="#summary">back to summary</a></p>
<h3 id="m9">com.qa.testcases.ts001.TS001_TC004#TS001_TC004</h3><table class="result"><tr class="param"><th>Parameter #1</th><th>Parameter #2</th><th>Parameter #3</th><th>Parameter #4</th><th>Parameter #5</th><th>Parameter #6</th><th>Parameter #7</th><th>Parameter #8</th><th>Parameter #9</th><th>Parameter #10</th></tr><tr class="param stripe"><td>Demo </td><td> </td><td> </td><td> </td><td> </td><td>This is a required field.</td><td>This is a required field.</td><td>This is a required field.</td><td>This is a required field.</td><td>This is a required field.</td></tr><tr><th colspan="10">Exception</th></tr><tr><td colspan="10"><div class="stacktrace">java.lang.AssertionError: The following asserts failed:
	expected [true] but found [false],
	expected [true] but found [false]
	at com.qa.testcases.ts001.TS001_TC004.TS001_TC004(TS001_TC004.java:154)
	at java.base/java.util.ArrayList.forEach(ArrayList.java:1596)
... Removed 27 stack frames</div></td></tr></table><p class="totop"><a href="#summary">back to summary</a></p>
<h3 id="m10">com.qa.testcases.ts001.TS001_TC004#TS001_TC004</h3><table class="result"><tr class="param"><th>Parameter #1</th><th>Parameter #2</th><th>Parameter #3</th><th>Parameter #4</th><th>Parameter #5</th><th>Parameter #6</th><th>Parameter #7</th><th>Parameter #8</th><th>Parameter #9</th><th>Parameter #10</th></tr><tr class="param stripe"><td>Demo </td><td>Demo </td><td>Demo </td><td>Demo </td><td>Demo </td><td>This is a required field.</td><td>This is a required field.</td><td>This is a required field.</td><td>This is a required field.</td><td>This is a required field.</td></tr><tr><th colspan="10">Exception</th></tr><tr><td colspan="10"><div class="stacktrace">org.openqa.selenium.NoSuchElementException: no such element: Unable to locate element: {&quot;method&quot;:&quot;xpath&quot;,&quot;selector&quot;:&quot;//*[@id=&quot;firstname-error&quot;]&quot;}
  (Session info: chrome=125.0.6422.142)
For documentation on this error, please visit: https://www.selenium.dev/documentation/webdriver/troubleshooting/errors#no-such-element-exception
Build info: version: &apos;4.20.0&apos;, revision: &apos;866c76ca80&apos;
System info: os.name: &apos;Windows 10&apos;, os.arch: &apos;amd64&apos;, os.version: &apos;10.0&apos;, java.version: &apos;21.0.1&apos;
Driver info: org.openqa.selenium.chrome.ChromeDriver
Command: [56deb7f858866b399c5d0dd4468982c2, findElement {using=xpath, value=//*[@id=&quot;firstname-error&quot;]}]
Capabilities {acceptInsecureCerts: false, browserName: chrome, browserVersion: 125.0.6422.142, chrome: {chromedriverVersion: 125.0.6422.141 (4b1e8393712..., userDataDir: C:\Users\razda\AppData\Loca...}, fedcm:accounts: true, goog:chromeOptions: {debuggerAddress: localhost:65203}, networkConnectionEnabled: false, pageLoadStrategy: normal, platformName: windows, proxy: Proxy(), se:cdp: ws://localhost:65203/devtoo..., se:cdpVersion: 125.0.6422.142, setWindowRect: true, strictFileInteractability: false, timeouts: {implicit: 0, pageLoad: 300000, script: 30000}, unhandledPromptBehavior: dismiss and notify, webauthn:extension:credBlob: true, webauthn:extension:largeBlob: true, webauthn:extension:minPinLength: true, webauthn:extension:prf: true, webauthn:virtualAuthenticators: true}
Session ID: 56deb7f858866b399c5d0dd4468982c2
	at org.openqa.selenium.remote.ErrorCodec.decode(ErrorCodec.java:167)
	at org.openqa.selenium.remote.codec.w3c.W3CHttpResponseCodec.decode(W3CHttpResponseCodec.java:138)
	at org.openqa.selenium.remote.codec.w3c.W3CHttpResponseCodec.decode(W3CHttpResponseCodec.java:50)
	at org.openqa.selenium.remote.HttpCommandExecutor.execute(HttpCommandExecutor.java:190)
	at org.openqa.selenium.remote.service.DriverCommandExecutor.invokeExecute(DriverCommandExecutor.java:216)
	at org.openqa.selenium.remote.service.DriverCommandExecutor.execute(DriverCommandExecutor.java:174)
	at org.openqa.selenium.remote.RemoteWebDriver.execute(RemoteWebDriver.java:518)
	at org.openqa.selenium.remote.ElementLocation$ElementFinder$2.findElement(ElementLocation.java:165)
	at org.openqa.selenium.remote.ElementLocation.findElement(ElementLocation.java:59)
	at org.openqa.selenium.remote.RemoteWebDriver.findElement(RemoteWebDriver.java:355)
	at org.openqa.selenium.remote.RemoteWebDriver.findElement(RemoteWebDriver.java:349)
	at org.openqa.selenium.support.pagefactory.DefaultElementLocator.findElement(DefaultElementLocator.java:68)
	at org.openqa.selenium.support.pagefactory.internal.LocatingElementHandler.invoke(LocatingElementHandler.java:38)
	at jdk.proxy2/jdk.proxy2.$Proxy20.getText(Unknown Source)
	at com.qa.pages.CreateAnAccountPage.GetMandatoryErrorFirstName(CreateAnAccountPage.java:197)
	at com.qa.testcases.ts001.TS001_TC004.TS001_TC004(TS001_TC004.java:118)
	at java.base/java.util.ArrayList.forEach(ArrayList.java:1596)
... Removed 28 stack frames</div></td></tr></table><p class="totop"><a href="#summary">back to summary</a></p>
<h3 id="m11">com.qa.testcases.ts001.TS001_TC001#TS001_TC001</h3><table class="result"><tr class="param"><th>Parameter #1</th><th>Parameter #2</th></tr><tr class="param stripe"><td>Email</td><td>Password</td></tr></table><p class="totop"><a href="#summary">back to summary</a></p>
<h3 id="m12">com.qa.testcases.ts001.TS001_TC002#TS001_TC002</h3><table class="result"><tr class="param"><th>Parameter #1</th><th>Parameter #2</th></tr><tr class="param stripe"><td>Demo</td><td>Minimum length of this field must be equal or greater than 8 symbols. Leading and trailing spaces will be ignored.</td></tr></table><p class="totop"><a href="#summary">back to summary</a></p>
<h3 id="m13">com.qa.testcases.ts001.TS001_TC002#TS001_TC002</h3><table class="result"><tr class="param"><th>Parameter #1</th><th>Parameter #2</th></tr><tr class="param stripe"><td>Demo1</td><td>Minimum length of this field must be equal or greater than 8 symbols. Leading and trailing spaces will be ignored.</td></tr></table><p class="totop"><a href="#summary">back to summary</a></p>
<h3 id="m14">com.qa.testcases.ts001.TS001_TC002#TS001_TC002</h3><table class="result"><tr class="param"><th>Parameter #1</th><th>Parameter #2</th></tr><tr class="param stripe"><td>122344</td><td>Minimum length of this field must be equal or greater than 8 symbols. Leading and trailing spaces will be ignored.</td></tr></table><p class="totop"><a href="#summary">back to summary</a></p>
<h3 id="m15">com.qa.testcases.ts001.TS001_TC003#TS001_TC003</h3><table class="result"><tr class="param"><th>Parameter #1</th><th>Parameter #2</th><th>Parameter #3</th><th>Parameter #4</th><th>Parameter #5</th></tr><tr class="param stripe"><td>This is a required field.</td><td>This is a required field.</td><td>This is a required field.</td><td>This is a required field.</td><td>This is a required field.</td></tr></table><p class="totop"><a href="#summary">back to summary</a></p>
<h3 id="m16">com.qa.testcases.ts001.TS001_TC004#TS001_TC004</h3><table class="result"><tr class="param"><th>Parameter #1</th><th>Parameter #2</th><th>Parameter #3</th><th>Parameter #4</th><th>Parameter #5</th><th>Parameter #6</th><th>Parameter #7</th><th>Parameter #8</th><th>Parameter #9</th><th>Parameter #10</th></tr><tr class="param stripe"><td> </td><td> </td><td> </td><td> </td><td> </td><td>This is a required field.</td><td>This is a required field.</td><td>This is a required field.</td><td>This is a required field.</td><td>This is a required field.</td></tr></table><p class="totop"><a href="#summary">back to summary</a></p>
<h3 id="m17">com.qa.testcases.ts001.TS001_TC005#TS001_TC005</h3><table class="result"><tr class="param"><th>Parameter #1</th></tr><tr class="param stripe"><td>demo23234</td></tr></table><p class="totop"><a href="#summary">back to summary</a></p>
<h3 id="m18">com.qa.testcases.ts001.TS001_TC005#TS001_TC005</h3><table class="result"><tr class="param"><th>Parameter #1</th></tr><tr class="param stripe"><td>demo</td></tr></table><p class="totop"><a href="#summary">back to summary</a></p>
<h3 id="m19">com.qa.testcases.ts001.TS001_TC005#TS001_TC005</h3><table class="result"><tr class="param"><th>Parameter #1</th></tr><tr class="param stripe"><td>11234</td></tr></table><p class="totop"><a href="#summary">back to summary</a></p>
<h3 id="m20">com.qa.testcases.ts001.TS001_TC005#TS001_TC005</h3><table class="result"><tr class="param"><th>Parameter #1</th></tr><tr class="param stripe"><td>@33435##$2</td></tr></table><p class="totop"><a href="#summary">back to summary</a></p>
<h2>Test2</h2><h3 id="m21">com.qa.testcases.ts002.TS002_TC001#TS002_TC001</h3><table class="result"><tr class="param"><th>Parameter #1</th><th>Parameter #2</th></tr><tr class="param stripe"><td>Email3</td><td>Password3</td></tr><tr><th colspan="2">Exception</th></tr><tr><td colspan="2"><div class="stacktrace">java.lang.AssertionError: The following asserts failed:
	expected [true] but found [false],
	expected [true] but found [false]
	at com.qa.testcases.ts002.TS002_TC001.TS002_TC001(TS002_TC001.java:121)
	at java.base/java.util.ArrayList.forEach(ArrayList.java:1596)
... Removed 27 stack frames</div></td></tr></table><p class="totop"><a href="#summary">back to summary</a></p>
<h3 id="m22">com.qa.testcases.ts002.TS002_TC001#TS002_TC001</h3><table class="result"><tr class="param"><th>Parameter #1</th><th>Parameter #2</th></tr><tr class="param stripe"><td>Email</td><td>Password2</td></tr><tr><th colspan="2">Exception</th></tr><tr><td colspan="2"><div class="stacktrace">java.lang.AssertionError: The following asserts failed:
	expected [true] but found [false]
	at com.qa.testcases.ts002.TS002_TC001.TS002_TC001(TS002_TC001.java:121)
	at java.base/java.util.ArrayList.forEach(ArrayList.java:1596)
... Removed 27 stack frames</div></td></tr></table><p class="totop"><a href="#summary">back to summary</a></p>
<h3 id="m23">com.qa.testcases.ts002.TS002_TC001#TS002_TC001</h3><table class="result"><tr class="param"><th>Parameter #1</th><th>Parameter #2</th></tr><tr class="param stripe"><td>Email2</td><td>Password</td></tr><tr><th colspan="2">Exception</th></tr><tr><td colspan="2"><div class="stacktrace">java.lang.AssertionError: The following asserts failed:
	expected [true] but found [false]
	at com.qa.testcases.ts002.TS002_TC001.TS002_TC001(TS002_TC001.java:121)
	at java.base/java.util.ArrayList.forEach(ArrayList.java:1596)
... Removed 27 stack frames</div></td></tr></table><p class="totop"><a href="#summary">back to summary</a></p>
<h3 id="m24">com.qa.testcases.ts002.TS002_TC003#TS002_TC003</h3><table class="result"><tr class="param"><th>Parameter #1</th><th>Parameter #2</th></tr><tr class="param stripe"><td></td><td>Chericof1#</td></tr><tr><th colspan="2">Exception</th></tr><tr><td colspan="2"><div class="stacktrace">java.lang.AssertionError: The following asserts failed:
	expected [true] but found [false]
	at com.qa.testcases.ts002.TS002_TC003.TS002_TC003(TS002_TC003.java:74)
	at java.base/java.util.ArrayList.forEach(ArrayList.java:1596)
... Removed 27 stack frames</div></td></tr></table><p class="totop"><a href="#summary">back to summary</a></p>
<h3 id="m25">com.qa.testcases.ts002.TS002_TC003#TS002_TC003</h3><table class="result"><tr class="param"><th>Parameter #1</th><th>Parameter #2</th></tr><tr class="param stripe"><td>razdanamit51@gmail.com</td><td></td></tr><tr><th colspan="2">Exception</th></tr><tr><td colspan="2"><div class="stacktrace">java.lang.AssertionError: The following asserts failed:
	expected [true] but found [false]
	at com.qa.testcases.ts002.TS002_TC003.TS002_TC003(TS002_TC003.java:74)
	at java.base/java.util.ArrayList.forEach(ArrayList.java:1596)
... Removed 27 stack frames</div></td></tr></table><p class="totop"><a href="#summary">back to summary</a></p>
<h3 id="m26">com.qa.testcases.ts002.TS002_TC001#TS002_TC001</h3><table class="result"><tr class="param"><th>Parameter #1</th><th>Parameter #2</th></tr><tr class="param stripe"><td>Email</td><td>Password</td></tr></table><p class="totop"><a href="#summary">back to summary</a></p>
<h3 id="m27">com.qa.testcases.ts002.TS002_TC002#TS002_TC002</h3><table class="result"><tr class="param"><th>Parameter #1</th><th>Parameter #2</th><th>Parameter #3</th><th>Parameter #4</th></tr><tr class="param stripe"><td>razdanamit51@gmail.com</td><td></td><td>NA</td><td>This is a required field.</td></tr></table><p class="totop"><a href="#summary">back to summary</a></p>
<h3 id="m28">com.qa.testcases.ts002.TS002_TC002#TS002_TC002</h3><table class="result"><tr class="param"><th>Parameter #1</th><th>Parameter #2</th><th>Parameter #3</th><th>Parameter #4</th></tr><tr class="param stripe"><td></td><td></td><td>This is a required field.</td><td>This is a required field.</td></tr></table><p class="totop"><a href="#summary">back to summary</a></p>
<h3 id="m29">com.qa.testcases.ts002.TS002_TC002#TS002_TC002</h3><table class="result"><tr class="param"><th>Parameter #1</th><th>Parameter #2</th><th>Parameter #3</th><th>Parameter #4</th></tr><tr class="param stripe"><td></td><td>Chericof1#</td><td>This is a required field.</td><td>NA</td></tr></table><p class="totop"><a href="#summary">back to summary</a></p>
<h3 id="m30">com.qa.testcases.ts002.TS002_TC003#TS002_TC003</h3><table class="result"><tr class="param"><th>Parameter #1</th><th>Parameter #2</th></tr><tr class="param stripe"><td>razdanamit51@gmail.com</td><td>Chericof1#</td></tr></table><p class="totop"><a href="#summary">back to summary</a></p>
<h2>Test3</h2><h3 id="m31">com.qa.testcases.ts003.TS003_TC002#TS003_TC002</h3><table class="result"><tr class="param"><th>Parameter #1</th><th>Parameter #2</th></tr><tr class="param stripe"><td>razdanamit51@gmail.com</td><td></td></tr><tr><th colspan="2">Exception</th></tr><tr><td colspan="2"><div class="stacktrace">java.lang.AssertionError: The following asserts failed:
	expected [true] but found [false]
	at com.qa.testcases.ts003.TS003_TC002.TS003_TC002(TS003_TC002.java:78)
	at java.base/java.util.ArrayList.forEach(ArrayList.java:1596)
... Removed 27 stack frames</div></td></tr></table><p class="totop"><a href="#summary">back to summary</a></p>
<h3 id="m32">com.qa.testcases.ts003.TS003_TC001#TS003_TC001</h3><table class="result"><tr class="param"><th>Parameter #1</th><th>Parameter #2</th><th>Parameter #3</th></tr><tr class="param stripe"><td>Forgot Your Password?</td><td>Please enter your email address below to receive a password reset link.</td><td>Email</td></tr></table><p class="totop"><a href="#summary">back to summary</a></p>
<h3 id="m33">com.qa.testcases.ts003.TS003_TC002#TS003_TC002</h3><table class="result"><tr class="param"><th>Parameter #1</th><th>Parameter #2</th></tr><tr class="param stripe"><td></td><td>This is a required field.</td></tr></table><p class="totop"><a href="#summary">back to summary</a></p>
<h3 id="m34">com.qa.testcases.ts003.TS003_TC003#TS003_TC003</h3><table class="result"><tr class="param"><th>Parameter #1</th><th>Parameter #2</th></tr><tr class="param stripe"><td>yash@gsjh</td><td>Please enter a valid email address (Ex: johndoe@domain.com).</td></tr></table><p class="totop"><a href="#summary">back to summary</a></p>
<h3 id="m35">com.qa.testcases.ts003.TS003_TC003#TS003_TC003</h3><table class="result"><tr class="param"><th>Parameter #1</th><th>Parameter #2</th></tr><tr class="param stripe"><td>12345</td><td>Please enter a valid email address (Ex: johndoe@domain.com).</td></tr></table><p class="totop"><a href="#summary">back to summary</a></p>
<h3 id="m36">com.qa.testcases.ts003.TS003_TC003#TS003_TC003</h3><table class="result"><tr class="param"><th>Parameter #1</th><th>Parameter #2</th></tr><tr class="param stripe"><td>razdanamit</td><td>Please enter a valid email address (Ex: johndoe@domain.com).</td></tr></table><p class="totop"><a href="#summary">back to summary</a></p>
<h3 id="m37">com.qa.testcases.ts003.TS003_TC003#TS003_TC003</h3><table class="result"><tr class="param"><th>Parameter #1</th><th>Parameter #2</th></tr><tr class="param stripe"><td>@3234534##$2</td><td>Please enter a valid email address (Ex: johndoe@domain.com).</td></tr></table><p class="totop"><a href="#summary">back to summary</a></p>
<h3 id="m38">com.qa.testcases.ts003.TS003_TC004#TS003_TC004</h3><table class="result"><tr class="param"><th>Parameter #1</th><th>Parameter #2</th></tr><tr class="param stripe"><td>razdanamit51@gmail.com</td><td>If there is an account associated with test2@gmail.com you will receive an email with a link to reset your password.</td></tr></table><p class="totop"><a href="#summary">back to summary</a></p>
<h3 id="m39">com.qa.testcases.ts003.TS003_TC004#TS003_TC004</h3><table class="result"><tr class="param"><th>Parameter #1</th><th>Parameter #2</th></tr><tr class="param stripe"><td>test2@gmail.com</td><td>If there is an account associated with test2@gmail.com you will receive an email with a link to reset your password.</td></tr></table><p class="totop"><a href="#summary">back to summary</a></p>
<h2>Test4</h2><h3 id="m40">com.qa.testcases.ts004.TS004_TC004#TS004_TC004</h3><table class="result"><tr class="param"><th>Parameter #1</th><th>Parameter #2</th><th>Parameter #3</th><th>Parameter #4</th></tr><tr class="param stripe"><td>razdanamit51@gmail.com</td><td>Chericof1#</td><td>Jacket</td><td>12</td></tr><tr><th colspan="4">Exception</th></tr><tr><td colspan="4"><div class="stacktrace">org.openqa.selenium.NoSuchElementException: no such element: Unable to locate element: {&quot;method&quot;:&quot;xpath&quot;,&quot;selector&quot;:&quot;//*[@id=&quot;email&quot;]&quot;}
  (Session info: chrome=125.0.6422.142)
For documentation on this error, please visit: https://www.selenium.dev/documentation/webdriver/troubleshooting/errors#no-such-element-exception
Build info: version: &apos;4.20.0&apos;, revision: &apos;866c76ca80&apos;
System info: os.name: &apos;Windows 10&apos;, os.arch: &apos;amd64&apos;, os.version: &apos;10.0&apos;, java.version: &apos;21.0.1&apos;
Driver info: org.openqa.selenium.chrome.ChromeDriver
Command: [d347f0e137bc8e32fa63c71b0f1029ba, findElement {using=xpath, value=//*[@id=&quot;email&quot;]}]
Capabilities {acceptInsecureCerts: false, browserName: chrome, browserVersion: 125.0.6422.142, chrome: {chromedriverVersion: 125.0.6422.141 (4b1e8393712..., userDataDir: C:\Users\razda\AppData\Loca...}, fedcm:accounts: true, goog:chromeOptions: {debuggerAddress: localhost:49684}, networkConnectionEnabled: false, pageLoadStrategy: normal, platformName: windows, proxy: Proxy(), se:cdp: ws://localhost:49684/devtoo..., se:cdpVersion: 125.0.6422.142, setWindowRect: true, strictFileInteractability: false, timeouts: {implicit: 0, pageLoad: 300000, script: 30000}, unhandledPromptBehavior: dismiss and notify, webauthn:extension:credBlob: true, webauthn:extension:largeBlob: true, webauthn:extension:minPinLength: true, webauthn:extension:prf: true, webauthn:virtualAuthenticators: true}
Session ID: d347f0e137bc8e32fa63c71b0f1029ba
	at org.openqa.selenium.remote.ErrorCodec.decode(ErrorCodec.java:167)
	at org.openqa.selenium.remote.codec.w3c.W3CHttpResponseCodec.decode(W3CHttpResponseCodec.java:138)
	at org.openqa.selenium.remote.codec.w3c.W3CHttpResponseCodec.decode(W3CHttpResponseCodec.java:50)
	at org.openqa.selenium.remote.HttpCommandExecutor.execute(HttpCommandExecutor.java:190)
	at org.openqa.selenium.remote.service.DriverCommandExecutor.invokeExecute(DriverCommandExecutor.java:216)
	at org.openqa.selenium.remote.service.DriverCommandExecutor.execute(DriverCommandExecutor.java:174)
	at org.openqa.selenium.remote.RemoteWebDriver.execute(RemoteWebDriver.java:518)
	at org.openqa.selenium.remote.ElementLocation$ElementFinder$2.findElement(ElementLocation.java:165)
	at org.openqa.selenium.remote.ElementLocation.findElement(ElementLocation.java:59)
	at org.openqa.selenium.remote.RemoteWebDriver.findElement(RemoteWebDriver.java:355)
	at org.openqa.selenium.remote.RemoteWebDriver.findElement(RemoteWebDriver.java:349)
	at org.openqa.selenium.support.pagefactory.DefaultElementLocator.findElement(DefaultElementLocator.java:68)
	at org.openqa.selenium.support.pagefactory.internal.LocatingElementHandler.invoke(LocatingElementHandler.java:38)
	at jdk.proxy2/jdk.proxy2.$Proxy20.sendKeys(Unknown Source)
	at com.qa.pages.SignInPage.SetEmail(SignInPage.java:82)
	at com.qa.testcases.ts004.TS004_TC004.TS004_TC004(TS004_TC004.java:77)
	at java.base/java.util.ArrayList.forEach(ArrayList.java:1596)
... Removed 28 stack frames</div></td></tr></table><p class="totop"><a href="#summary">back to summary</a></p>
<h3 id="m41">com.qa.testcases.ts004.TS004_TC004#TS004_TC004</h3><table class="result"><tr class="param"><th>Parameter #1</th><th>Parameter #2</th><th>Parameter #3</th><th>Parameter #4</th></tr><tr class="param stripe"><td>razdanamit51@gmail.com</td><td>Chericof1#</td><td>Jacket</td><td>11</td></tr><tr><th colspan="4">Exception</th></tr><tr><td colspan="4"><div class="stacktrace">org.openqa.selenium.ElementNotInteractableException: element not interactable
  (Session info: chrome=125.0.6422.142)
Build info: version: &apos;4.20.0&apos;, revision: &apos;866c76ca80&apos;
System info: os.name: &apos;Windows 10&apos;, os.arch: &apos;amd64&apos;, os.version: &apos;10.0&apos;, java.version: &apos;21.0.1&apos;
Driver info: org.openqa.selenium.chrome.ChromeDriver
Command: [d347f0e137bc8e32fa63c71b0f1029ba, clickElement {id=f.EBB4C748F22DC0CFB157EA180FCE52EE.d.01E0FE4811EA498C8F2CF28AF9E51131.e.1454}]
Capabilities {acceptInsecureCerts: false, browserName: chrome, browserVersion: 125.0.6422.142, chrome: {chromedriverVersion: 125.0.6422.141 (4b1e8393712..., userDataDir: C:\Users\razda\AppData\Loca...}, fedcm:accounts: true, goog:chromeOptions: {debuggerAddress: localhost:49684}, networkConnectionEnabled: false, pageLoadStrategy: normal, platformName: windows, proxy: Proxy(), se:cdp: ws://localhost:49684/devtoo..., se:cdpVersion: 125.0.6422.142, setWindowRect: true, strictFileInteractability: false, timeouts: {implicit: 0, pageLoad: 300000, script: 30000}, unhandledPromptBehavior: dismiss and notify, webauthn:extension:credBlob: true, webauthn:extension:largeBlob: true, webauthn:extension:minPinLength: true, webauthn:extension:prf: true, webauthn:virtualAuthenticators: true}
Element: [[ChromeDriver: chrome on windows (d347f0e137bc8e32fa63c71b0f1029ba)] -&gt; xpath: /html/body/div[2]/header/div[1]/div/ul/li[2]/div/ul/li[3]/a]
Session ID: d347f0e137bc8e32fa63c71b0f1029ba
	at org.openqa.selenium.remote.ErrorCodec.decode(ErrorCodec.java:167)
	at org.openqa.selenium.remote.codec.w3c.W3CHttpResponseCodec.decode(W3CHttpResponseCodec.java:138)
	at org.openqa.selenium.remote.codec.w3c.W3CHttpResponseCodec.decode(W3CHttpResponseCodec.java:50)
	at org.openqa.selenium.remote.HttpCommandExecutor.execute(HttpCommandExecutor.java:190)
	at org.openqa.selenium.remote.service.DriverCommandExecutor.invokeExecute(DriverCommandExecutor.java:216)
	at org.openqa.selenium.remote.service.DriverCommandExecutor.execute(DriverCommandExecutor.java:174)
	at org.openqa.selenium.remote.RemoteWebDriver.execute(RemoteWebDriver.java:518)
	at org.openqa.selenium.remote.RemoteWebElement.execute(RemoteWebElement.java:223)
	at org.openqa.selenium.remote.RemoteWebElement.click(RemoteWebElement.java:76)
	at org.openqa.selenium.support.pagefactory.internal.LocatingElementHandler.invoke(LocatingElementHandler.java:51)
	at jdk.proxy2/jdk.proxy2.$Proxy20.click(Unknown Source)
	at com.qa.pages.HomePage.ClickSignoutButton(HomePage.java:147)
	at com.qa.testcases.ts004.TS004_TC004.TS004_TC004(TS004_TC004.java:692)
	at java.base/java.util.ArrayList.forEach(ArrayList.java:1596)
... Removed 30 stack frames</div></td></tr></table><p class="totop"><a href="#summary">back to summary</a></p>
<h3 id="m42">com.qa.testcases.ts004.TS004_TC001#TS004_TC001</h3><table class="result"><tr class="param"><th>Parameter #1</th><th>Parameter #2</th></tr><tr class="param stripe"><td>razdanamit51@gmail.com</td><td>Chericof1#</td></tr></table><p class="totop"><a href="#summary">back to summary</a></p>
<h3 id="m43">com.qa.testcases.ts004.TS004_TC001#TS004_TC001</h3><table class="result"><tr class="param"><th>Parameter #1</th><th>Parameter #2</th></tr><tr class="param stripe"><td>razdanamit51@gmail.com</td><td>Chericof1#</td></tr></table><p class="totop"><a href="#summary">back to summary</a></p>
<h3 id="m44">com.qa.testcases.ts004.TS004_TC002#TS004_TC002</h3><table class="result"><tr class="param"><th>Parameter #1</th><th>Parameter #2</th></tr><tr class="param stripe"><td>razdanamit51@gmail.com</td><td>Chericof1#</td></tr></table><p class="totop"><a href="#summary">back to summary</a></p>
<h3 id="m45">com.qa.testcases.ts004.TS004_TC002#TS004_TC002</h3><table class="result"><tr class="param"><th>Parameter #1</th><th>Parameter #2</th></tr><tr class="param stripe"><td>razdanamit51@gmail.com</td><td>Chericof1#</td></tr></table><p class="totop"><a href="#summary">back to summary</a></p>
<h3 id="m46">com.qa.testcases.ts004.TS004_TC003#TS004_TC003</h3><table class="result"><tr class="param"><th>Parameter #1</th><th>Parameter #2</th><th>Parameter #3</th></tr><tr class="param stripe"><td>razdanamit51@gmail.com</td><td>Chericof1#</td><td>demo</td></tr></table><p class="totop"><a href="#summary">back to summary</a></p>
<h3 id="m47">com.qa.testcases.ts004.TS004_TC003#TS004_TC003</h3><table class="result"><tr class="param"><th>Parameter #1</th><th>Parameter #2</th><th>Parameter #3</th></tr><tr class="param stripe"><td>razdanamit51@gmail.com</td><td>Chericof1#</td><td>demo</td></tr></table><p class="totop"><a href="#summary">back to summary</a></p>
<h3 id="m48">com.qa.testcases.ts004.TS004_TC005#TS004_TC005</h3><table class="result"><tr class="param"><th>Parameter #1</th><th>Parameter #2</th><th>Parameter #3</th><th>Parameter #4</th></tr><tr class="param stripe"><td>razdanamit51@gmail.com</td><td>Chericof1#</td><td>@3244</td><td>Your search returned no results.</td></tr></table><p class="totop"><a href="#summary">back to summary</a></p>
<h3 id="m49">com.qa.testcases.ts004.TS004_TC005#TS004_TC005</h3><table class="result"><tr class="param"><th>Parameter #1</th><th>Parameter #2</th><th>Parameter #3</th><th>Parameter #4</th></tr><tr class="param stripe"><td>razdanamit51@gmail.com</td><td>Chericof1#</td><td>@3244</td><td>Your search returned no results.</td></tr></table><p class="totop"><a href="#summary">back to summary</a></p>
<h2>Test5</h2><h3 id="m50">com.qa.testcases.ts005.TS005_TC003#TS005_TC003</h3><table class="result"><tr class="param"><th>Parameter #1</th></tr><tr class="param stripe"><td>demo2</td></tr><tr><th>Exception</th></tr><tr><td><div class="stacktrace">org.openqa.selenium.NoSuchElementException: no such element: Unable to locate element: {&quot;method&quot;:&quot;xpath&quot;,&quot;selector&quot;:&quot;//*[@id=&quot;search&quot;]&quot;}
  (Session info: chrome=125.0.6422.142)
For documentation on this error, please visit: https://www.selenium.dev/documentation/webdriver/troubleshooting/errors#no-such-element-exception
Build info: version: &apos;4.20.0&apos;, revision: &apos;866c76ca80&apos;
System info: os.name: &apos;Windows 10&apos;, os.arch: &apos;amd64&apos;, os.version: &apos;10.0&apos;, java.version: &apos;21.0.1&apos;
Driver info: org.openqa.selenium.chrome.ChromeDriver
Command: [e8ddb94dcf3a96dc32dc813e55a75ee5, findElement {using=xpath, value=//*[@id=&quot;search&quot;]}]
Capabilities {acceptInsecureCerts: false, browserName: chrome, browserVersion: 125.0.6422.142, chrome: {chromedriverVersion: 125.0.6422.141 (4b1e8393712..., userDataDir: C:\Users\razda\AppData\Loca...}, fedcm:accounts: true, goog:chromeOptions: {debuggerAddress: localhost:49889}, networkConnectionEnabled: false, pageLoadStrategy: normal, platformName: windows, proxy: Proxy(), se:cdp: ws://localhost:49889/devtoo..., se:cdpVersion: 125.0.6422.142, setWindowRect: true, strictFileInteractability: false, timeouts: {implicit: 0, pageLoad: 300000, script: 30000}, unhandledPromptBehavior: dismiss and notify, webauthn:extension:credBlob: true, webauthn:extension:largeBlob: true, webauthn:extension:minPinLength: true, webauthn:extension:prf: true, webauthn:virtualAuthenticators: true}
Session ID: e8ddb94dcf3a96dc32dc813e55a75ee5
	at org.openqa.selenium.remote.ErrorCodec.decode(ErrorCodec.java:167)
	at org.openqa.selenium.remote.codec.w3c.W3CHttpResponseCodec.decode(W3CHttpResponseCodec.java:138)
	at org.openqa.selenium.remote.codec.w3c.W3CHttpResponseCodec.decode(W3CHttpResponseCodec.java:50)
	at org.openqa.selenium.remote.HttpCommandExecutor.execute(HttpCommandExecutor.java:190)
	at org.openqa.selenium.remote.service.DriverCommandExecutor.invokeExecute(DriverCommandExecutor.java:216)
	at org.openqa.selenium.remote.service.DriverCommandExecutor.execute(DriverCommandExecutor.java:174)
	at org.openqa.selenium.remote.RemoteWebDriver.execute(RemoteWebDriver.java:518)
	at org.openqa.selenium.remote.ElementLocation$ElementFinder$2.findElement(ElementLocation.java:165)
	at org.openqa.selenium.remote.ElementLocation.findElement(ElementLocation.java:59)
	at org.openqa.selenium.remote.RemoteWebDriver.findElement(RemoteWebDriver.java:355)
	at org.openqa.selenium.remote.RemoteWebDriver.findElement(RemoteWebDriver.java:349)
	at org.openqa.selenium.support.pagefactory.DefaultElementLocator.findElement(DefaultElementLocator.java:68)
	at org.openqa.selenium.support.pagefactory.internal.LocatingElementHandler.invoke(LocatingElementHandler.java:38)
	at jdk.proxy2/jdk.proxy2.$Proxy20.isDisplayed(Unknown Source)
	at com.qa.pages.SalePage.CheckPresenceSearchTextbox(SalePage.java:37)
	at com.qa.testcases.ts005.TS005_TC003.TS005_TC003(TS005_TC003.java:615)
	at java.base/java.util.ArrayList.forEach(ArrayList.java:1596)
... Removed 28 stack frames</div></td></tr></table><p class="totop"><a href="#summary">back to summary</a></p>
<h3 id="m51">com.qa.testcases.ts005.TS005_TC004#TS005_TC004</h3><table class="result"><tr class="param"><th>Parameter #1</th><th>Parameter #2</th></tr><tr class="param stripe"><td>Jacket</td><td>12</td></tr><tr><th colspan="2">Exception</th></tr><tr><td colspan="2"><div class="stacktrace">org.openqa.selenium.NoSuchElementException: no such element: Unable to locate element: {&quot;method&quot;:&quot;xpath&quot;,&quot;selector&quot;:&quot;//*[@id=&quot;maincontent&quot;]/div[1]/h1/span&quot;}
  (Session info: chrome=125.0.6422.142)
For documentation on this error, please visit: https://www.selenium.dev/documentation/webdriver/troubleshooting/errors#no-such-element-exception
Build info: version: &apos;4.20.0&apos;, revision: &apos;866c76ca80&apos;
System info: os.name: &apos;Windows 10&apos;, os.arch: &apos;amd64&apos;, os.version: &apos;10.0&apos;, java.version: &apos;21.0.1&apos;
Driver info: org.openqa.selenium.chrome.ChromeDriver
Command: [8ead9eac9e0495efb89daa3ac36a039d, findElement {using=xpath, value=//*[@id=&quot;maincontent&quot;]/div[1]/h1/span}]
Capabilities {acceptInsecureCerts: false, browserName: chrome, browserVersion: 125.0.6422.142, chrome: {chromedriverVersion: 125.0.6422.141 (4b1e8393712..., userDataDir: C:\Users\razda\AppData\Loca...}, fedcm:accounts: true, goog:chromeOptions: {debuggerAddress: localhost:49921}, networkConnectionEnabled: false, pageLoadStrategy: normal, platformName: windows, proxy: Proxy(), se:cdp: ws://localhost:49921/devtoo..., se:cdpVersion: 125.0.6422.142, setWindowRect: true, strictFileInteractability: false, timeouts: {implicit: 0, pageLoad: 300000, script: 30000}, unhandledPromptBehavior: dismiss and notify, webauthn:extension:credBlob: true, webauthn:extension:largeBlob: true, webauthn:extension:minPinLength: true, webauthn:extension:prf: true, webauthn:virtualAuthenticators: true}
Session ID: 8ead9eac9e0495efb89daa3ac36a039d
	at org.openqa.selenium.remote.ErrorCodec.decode(ErrorCodec.java:167)
	at org.openqa.selenium.remote.codec.w3c.W3CHttpResponseCodec.decode(W3CHttpResponseCodec.java:138)
	at org.openqa.selenium.remote.codec.w3c.W3CHttpResponseCodec.decode(W3CHttpResponseCodec.java:50)
	at org.openqa.selenium.remote.HttpCommandExecutor.execute(HttpCommandExecutor.java:190)
	at org.openqa.selenium.remote.service.DriverCommandExecutor.invokeExecute(DriverCommandExecutor.java:216)
	at org.openqa.selenium.remote.service.DriverCommandExecutor.execute(DriverCommandExecutor.java:174)
	at org.openqa.selenium.remote.RemoteWebDriver.execute(RemoteWebDriver.java:518)
	at org.openqa.selenium.remote.ElementLocation$ElementFinder$2.findElement(ElementLocation.java:165)
	at org.openqa.selenium.remote.ElementLocation.findElement(ElementLocation.java:59)
	at org.openqa.selenium.remote.RemoteWebDriver.findElement(RemoteWebDriver.java:355)
	at org.openqa.selenium.remote.RemoteWebDriver.findElement(RemoteWebDriver.java:349)
	at org.openqa.selenium.support.pagefactory.DefaultElementLocator.findElement(DefaultElementLocator.java:68)
	at org.openqa.selenium.support.pagefactory.internal.LocatingElementHandler.invoke(LocatingElementHandler.java:38)
	at jdk.proxy2/jdk.proxy2.$Proxy20.getText(Unknown Source)
	at com.qa.pages.MyWishlistPage.GetSearchResultsLabel(MyWishlistPage.java:57)
	at com.qa.testcases.ts005.TS005_TC004.TS005_TC004(TS005_TC004.java:235)
	at java.base/java.util.ArrayList.forEach(ArrayList.java:1596)
... Removed 28 stack frames</div></td></tr></table><p class="totop"><a href="#summary">back to summary</a></p>
<h3 id="m52">com.qa.testcases.ts005.TS005_TC004#TS005_TC004</h3><table class="result"><tr class="param"><th>Parameter #1</th><th>Parameter #2</th></tr><tr class="param stripe"><td>Jacket</td><td>11</td></tr><tr><th colspan="2">Exception</th></tr><tr><td colspan="2"><div class="stacktrace">java.lang.AssertionError: The following asserts failed:
	expected [true] but found [false],
	expected [true] but found [false],
	expected [true] but found [false],
	expected [true] but found [false],
	expected [true] but found [false],
	expected [true] but found [false],
	expected [true] but found [false],
	expected [true] but found [false],
	expected [true] but found [false]
	at com.qa.testcases.ts005.TS005_TC004.TS005_TC004(TS005_TC004.java:657)
	at java.base/java.util.ArrayList.forEach(ArrayList.java:1596)
... Removed 27 stack frames</div></td></tr></table><p class="totop"><a href="#summary">back to summary</a></p>
<h3 id="m53">com.qa.testcases.ts005.TS005_TC001#TS005_TC001</h3><table class="result"><tr class="param"><th>Parameter #1</th></tr><tr class="param stripe"><td>1</td></tr></table><p class="totop"><a href="#summary">back to summary</a></p>
<h3 id="m54">com.qa.testcases.ts005.TS005_TC002#TS005_TC002</h3><table class="result"><tr class="param"><th>Parameter #1</th></tr><tr class="param stripe"><td>demo2</td></tr></table><p class="totop"><a href="#summary">back to summary</a></p>
<h3 id="m55">com.qa.testcases.ts005.TS005_TC002#TS005_TC002</h3><table class="result"><tr class="param"><th>Parameter #1</th></tr><tr class="param stripe"><td>demo1</td></tr></table><p class="totop"><a href="#summary">back to summary</a></p>
<h3 id="m56">com.qa.testcases.ts005.TS005_TC003#TS005_TC003</h3><table class="result"><tr class="param"><th>Parameter #1</th></tr><tr class="param stripe"><td>demo1</td></tr></table><p class="totop"><a href="#summary">back to summary</a></p>
<h3 id="m57">com.qa.testcases.ts005.TS005_TC005#TS005_TC005</h3><table class="result"><tr class="param"><th>Parameter #1</th><th>Parameter #2</th></tr><tr class="param stripe"><td>@3244</td><td>Your search returned no results.</td></tr></table><p class="totop"><a href="#summary">back to summary</a></p>
<h3 id="m58">com.qa.testcases.ts005.TS005_TC005#TS005_TC005</h3><table class="result"><tr class="param"><th>Parameter #1</th><th>Parameter #2</th></tr><tr class="param stripe"><td>@3244</td><td>Your search returned no results.</td></tr></table><p class="totop"><a href="#summary">back to summary</a></p>
</body>
</html>
